ARM GAS  /tmp/ccNKgckq.s 			page 1


   1              		.syntax unified
   2              		.cpu cortex-m4
   3              		.fpu softvfp
   4              		.eabi_attribute 20, 1
   5              		.eabi_attribute 21, 1
   6              		.eabi_attribute 23, 3
   7              		.eabi_attribute 24, 1
   8              		.eabi_attribute 25, 1
   9              		.eabi_attribute 26, 1
  10              		.eabi_attribute 30, 2
  11              		.eabi_attribute 34, 1
  12              		.eabi_attribute 18, 4
  13              		.thumb
  14              		.file	"chcore_v7m.c"
  15              		.text
  16              	.Ltext0:
  17              		.section	.gnu.lto_.profile.901a730a02946371,"",%progbits
  18 0000 789C6366 		.ascii	"x\234cf```a\200\000F\006C\031\000\000\362\000V"
  18      60606061 
  18      80004606 
  18      43190000 
  18      F20056
  19              		.text
  20              		.section	.gnu.lto_.jmpfuncs.901a730a02946371,"",%progbits
  21 0000 789C6366 		.ascii	"x\234cf\300\016x\24143\214`\001b\000\002\024\000\033"
  21      C00E78A1 
  21      34338C60 
  21      01620002 
  21      14001B
  22              		.text
  23              		.section	.gnu.lto_.inline.901a730a02946371,"",%progbits
  24 0000 789C6366 		.ascii	"x\234cf\300\016\334\24043\003\003\277\030#\003\223\310"
  24      C00EDCA0 
  24      34330303 
  24      BF182303 
  24      93C8
  25 0012 851E4606 		.ascii	"\205\036F\006\266\005\362L A&n\260\014\0277P\202gN$"
  25      B605F24C 
  25      2041266E 
  25      B00C1737 
  25      5082674E 
  26 0027 5C9C910B 		.ascii	"\\\234\221\013H\2600pr\200\304\037\304\302\305\031\000"
  26      48B03070 
  26      7280C41F 
  26      C4C2C519 
  26      00
  27 0038 005306D0 		.ascii	"\000S\006\320"
  28              		.text
  29              		.section	.gnu.lto_.pureconst.901a730a02946371,"",%progbits
  30 0000 789C6366 		.ascii	"x\234cf```g\200\000f\006+f+\026+\000\002\350\000\303"
  30      60606067 
  30      80006606 
  30      2B662B16 
  30      2B0002E8 
  31              		.text
  32              		.section	.gnu.lto__port_irq_epilogue.part.0.901a730a02946371,"",%progbits
  33 0000 789C9D54 		.ascii	"x\234\235T\337oSU\034?\337s\356mK\333m\306\007\203\370"
ARM GAS  /tmp/ccNKgckq.s 			page 2


  33      DF6F5355 
  33      1C3FDF73 
  33      EE6D4BDB 
  33      6DC60783 
  34 0015 D0250B59 		.ascii	"\320%\013YL`W\361\301\027\2151\213\017>4\220\365\017"
  34      4C6057F1 
  34      C1178D31 
  34      8B0F3E34 
  34      90F50F
  35 0028 2072ADAE 		.ascii	" r\255\256\221\322\246-f/\204\323\256\270at\002\223"
  35      91D2A62D 
  35      662F84D3 
  35      AEB86174 
  35      0293
  36 003a 3163A620 		.ascii	"1c\246 \022\334\252[\207?\007\350\252l2\207T\011\331"
  36      12DCAA5B 
  36      873F07E8 
  36      AA6C3287 
  36      5409D9
  37 004d 186C6E65 		.ascii	"\030lne\331\024\023\214\203*\354JF\375~O\013s\330\007"
  37      D914138C 
  37      832AEC4A 
  37      46FD7E4F 
  37      0B73D807 
  38 0061 63939E73 		.ascii	"c\223\236s\317\367|?\347\3739\237\317\367^\301\376\375"
  38      CFF77C3F 
  38      E7FB399F 
  38      CFF75EC1 
  38      FEFD
  39 0073 7B06FF8F 		.ascii	"{\006\377\217\352\214\035\305\031\354\014l{\262\370"
  39      EA8C1DC5 
  39      19EC0C6C 
  39      7BB2F8
  40 0082 6003AE66 		.ascii	"`\003\256f\316Ek-\223N\215F\267\000\235\242q\207v\347"
  40      CE456B2D 
  40      934E8D46 
  40      B7009DA2 
  40      718776E7 
  41 0096 4107A007 		.ascii	"A\007\240\007\006l\247\215\013M\207\235\360+\277\306"
  41      066CA78D 
  41      0B4D879D 
  41      F02BBFC6 
  42 00a6 614F26D5 		.ascii	"aO&\325\351\252=\"\245\\xop\365\256\325\026g,\317\213"
  42      E9AA3D22 
  42      A55C786F 
  42      70F5AED5 
  42      16672CCF 
  43 00bb 15E128D4 		.ascii	"\025\341(\3242\314\271\226\\\272\340\262%1\347\276\342"
  43      32CCB996 
  43      5CBAE0B2 
  43      2531E7BE 
  43      E2
  44 00cc 1E7C8075 		.ascii	"\036|\200u\031\023\270\327=\365g\246Rl\000\312\033\350"
  44      1913B8D7 
  44      3DF567A6 
  44      526C00CA 
  44      1BE8
ARM GAS  /tmp/ccNKgckq.s 			page 3


  45 00de FDE3ACEB 		.ascii	"\375\343\254\353\012\2678T\323\362\370\276\221N\033"
  45      0AB73854 
  45      D3F2F8BE 
  45      914E1B
  46 00ed 2DB946CB 		.ascii	"-\271F\313\313\327\177\377\015j\016I\231X\260\246F\037"
  46      CBD77FFF 
  46      0D6A0E49 
  46      9958B0A6 
  46      461F
  47 00ff 784B1E4C 		.ascii	"xK\036L\354\225\205\302S`q\001\335 \360d\350\2015\220"
  47      EC9585C2 
  47      53607101 
  47      DD20F064 
  47      E8813590 
  48 0113 8235A51B 		.ascii	"\2025\245\033\303\207P\203\300\237So\266\350\004|\025"
  48      C3875083 
  48      C09F536F 
  48      B6E8047C 
  48      15
  49 0124 294EB877 		.ascii	")N\270w\215\310d\256P\360 \214\225\301|\2440\035cg\035"
  49      8DC864AE 
  49      50F0208C 
  49      95C17CA4 
  49      301D6367 
  50 0139 22A858BD 		.ascii	"\"\250X\275~a6W\245\352\346n\037\316\272\345]\270\006"
  50      7E613657 
  50      A5EAE66E 
  50      1FCEBAE5 
  50      5DB806
  51 014c BD65ABF6 		.ascii	"\275e\253\366AM\337\375\022\251\375\222]\353\006\305"
  51      414DDFFD 
  51      12A9FD92 
  51      5DEB06C5 
  52 015c 82ABA850 		.ascii	"\202\253\250P\243\306,\256\3538\330\030\233C5H\3269"
  52      A3C62CAE 
  52      EB38D818 
  52      9B433548 
  52      D639
  53 016e 5CE02CE6 		.ascii	"\\\340,\3469W\363$\304g\363\227\367\213\225\342\021"
  53      3957F324 
  53      C467F397 
  53      F78B95E2 
  53      11
  54 017f 5A69C756 		.ascii	"Zi\307V\252\232\033>|Nc\220\006[\236\303=\202Su\006"
  54      AA9A1B3E 
  54      7C4E6390 
  54      065B9EC3 
  54      3D825375 
  55 0194 FD848163 		.ascii	"\375\204\201c8\242\354\021\314h?\371\306`\225GB\227"
  55      38A2EC11 
  55      CC683FF9 
  55      C6609547 
  55      4297
  56 01a6 ECACB6B8 		.ascii	"\354\254\266\270\235@W\027\317\017\3315$\004\037\203"
  56      9D405717 
  56      CF0FD935 
  56      24041F83 
ARM GAS  /tmp/ccNKgckq.s 			page 4


  57 01b6 47557837 		.ascii	"GUx7--\027F\340\023\320n\342\311\014>\005\215\215C\""
  57      2D2D1746 
  57      E013D06E 
  57      E2C90C3E 
  57      058D8D43 
  58 01cb 47DCE838 		.ascii	"G\334\3508:\235v.Ab\242\345@\333\260\215H\334\344\234"
  58      3A9D762E 
  58      4162A2E5 
  58      40DBB08D 
  58      48DCE49C 
  59 01df 62E3C069 		.ascii	"b\343\300iE\2441\202)\315\235\257\214wo(f\010\014a\205"
  59      45A43182 
  59      29CD9DAF 
  59      8C776F28 
  59      66080C61 
  60 01f4 2BBB4716 		.ascii	"+\273G\026W)\213Q\322B\025\203\317P\306\025@Ag/,d\023"
  60      57298B51 
  60      D2421583 
  60      CF50C615 
  60      4041672F 
  61 020b 3AC51072 		.ascii	":\305\020rib`\311N\020\255\010\241\036\352\333\233\026"
  61      696260C9 
  61      4E10AD08 
  61      A11EEADB 
  61      9B16
  62 021d 5DF0765C 		.ascii	"]\360v\\J\207\305\035x4|Nv\320\025\306:\226*\326\247"
  62      4A87C51D 
  62      78347C4E 
  62      76D015C6 
  62      3A962AD6 
  63 0232 5089CC83 		.ascii	"P\211\314\203\026_\005_@\027\\W\355\011\003\260\036"
  63      165F055F 
  63      40175C57 
  63      ED0903B0 
  63      1E
  64 0243 13F60D5C 		.ascii	"\023\366\015\\|\315I\30791\307\301\3408\002\261\342"
  64      7CCD49C7 
  64      3931C7C1 
  64      E03802B1 
  64      E2
  65 0254 74CB748F 		.ascii	"t\313t\217\263HU#\022%N\010h;\035\037\325D\022\224\320"
  65      B3485523 
  65      12254E08 
  65      683B1D1F 
  65      D5441294 
  66 0269 3F7D9F0C 		.ascii	"?}\237\014\024[\343\257S\376L\362\240\274](\250~<Q\266"
  66      145BE3AF 
  66      53FE4CF2 
  66      A0BC5D28 
  66      A87E3C51 
  67 027e 334ED28D 		.ascii	"3N\322\21546\011\211\331|\177\307Jws\363=\017SB\311"
  67      34360989 
  67      D97C7FC7 
  67      4A7773F3 
  67      3D0F5342 
  68 0293 477EEF8B 		.ascii	"G~\357\213\003_*\017\277\2427\007X;\340\366\314\325"
  68      035F2A0F 
ARM GAS  /tmp/ccNKgckq.s 			page 5


  68      BFA23707 
  68      583BE0F6 
  68      CCD5
  69 02a5 C576E139 		.ascii	"\305v\3419T2\321E\210\375\223\267\342Ne\342\340\035"
  69      5432D145 
  69      88FD93B7 
  69      E24E65E2 
  69      E01D
  70 02b7 137F4CEF 		.ascii	"\023\177L\357\326\311\304\014\231\250\341\316\327\240"
  70      D6C9C40C 
  70      99A8E1CE 
  70      D7A0
  71 02c5 613CDB3F 		.ascii	"a<\333?t\314\356y\377\237\035\220K\037\031\006\005\376"
  71      74CCEE79 
  71      FF9F1D90 
  71      4B1F1906 
  71      05FE
  72 02d7 86C0700A 		.ascii	"\206\300p\012\335\236\202\346\314\314\250\273(\205\216"
  72      DD9E82E6 
  72      CCCCA8BB 
  72      28858E
  73 02e6 49EF9C6F 		.ascii	"I\357\234o\353\345;n\311V\322\332\235Gm\030\014\301"
  73      EBE53B6E 
  73      C956D2DA 
  73      9D476D18 
  73      0CC1
  74 02f8 0EECE70A 		.ascii	"\016\354\347\0126\006\311\213\315[\226sg\346~8\347 "
  74      3606C98B 
  74      CD5B9673 
  74      67E67E38 
  74      E720
  75 030a 7189F970 		.ascii	"q\211\371pI\207y\204\264\326\012\024\371FK6\265\251"
  75      49877984 
  75      B4D60A14 
  75      F9464B36 
  75      B5A9
  76 031c 24EB7FF3 		.ascii	"$\353\177\363\360!\362\360[\345!\220\240\247\225\207"
  76      F021F2F0 
  76      5BE52190 
  76      A0A79587 
  77 032c CB94324F 		.ascii	"\313\2242OX\2742\257n9\202\234\250\230v\267\330\215"
  77      58BC32AF 
  77      6E39829C 
  77      A89876B7 
  77      D88D
  78 033e FF53ECBB 		.ascii	"\377S\354\273\345b\243\345\213\341'\025\316\224\212"
  78      E562A3E5 
  78      8BE12715 
  78      CE948A
  79 034d E9EAED9D 		.ascii	"\351\352\355\235\206x\346\300\031\3250t\3419\204c\030"
  79      8678E6C0 
  79      19D53074 
  79      E1398463 
  79      18
  80 035e 7535EAEA 		.ascii	"u5\352\352\214\372\306\300\226\300F\237\021\212\032"
  80      8CFAC6C0 
  80      96C0469F 
ARM GAS  /tmp/ccNKgckq.s 			page 6


  80      118A1A
  81 036d 6628180C 		.ascii	"f(\030\014m3\302\241H,j<\335\340\255\3676\031f\243\031"
  81      6D33C2A1 
  81      482C6A3C 
  81      DDE0ADF7 
  81      361966A3 
  82 0382 8AF837BF 		.ascii	"\212\3707\277\374x\260\316d\266\210?\272}k\354\261\262"
  82      FC78B0CE 
  82      64B6883F 
  82      BA7D6BEC 
  82      B1B2
  83 0394 307F53CC 		.ascii	"0\177S\314\250\367\372\236\365\031\201m\346\326\355"
  83      A8F7FA9E 
  83      F519816D 
  83      E6D6ED
  84 03a3 CFFB0D33 		.ascii	"\317\373\0153\030\015D7\277h\232u\215L3cM\341\012o\203"
  84      180D4437 
  84      BF689A75 
  84      8D4C3363 
  84      4DE10A6F 
  85 03b8 AF7AED23 		.ascii	"\257z\355#\353\252\303\321\260\223\211'#\2542\026\012"
  85      EBAAC3D1 
  85      B0938927 
  85      23AC3216 
  85      0A
  86 03c9 6F7C6153 		.ascii	"o|aS$d\372b\317\231/Ux}\015\264\271\016\263\234\214"
  86      2464FA62 
  86      CF992F55 
  86      787D0DB4 
  86      B90EB39C 
  87 03de 47988886 		.ascii	"G\230\210\206\331\337\311\031\011C"
  87      D9DFC919 
  87      0943
  88              		.text
  89              		.section	.gnu.lto__port_irq_epilogue.901a730a02946371,"",%progbits
  90 0000 789C9553 		.ascii	"x\234\225S\357OSW\030>\317\271\267\245\224\3065~0\206"
  90      EF4F5357 
  90      183ECFB9 
  90      B7A594C6 
  90      357E3086 
  91 0014 2F342146 		.ascii	"/4!FM\224\27383\276\230,\013\237\374@L\344\017pz\327"
  91      4D94BB38 
  91      33BE982C 
  91      0B9FFC40 
  91      4CE40F70 
  92 002a 49134A49 		.ascii	"I\023JI\013\204}0\234\322:\366a\020\243n\3426\206Nt"
  92      0B847D30 
  92      9CD23AF6 
  92      6110A36E 
  92      E236864E 
  93 003f 3A140594 		.ascii	":\024\005\224I\305\301\230\"!\376\330\262:\243.R\030"
  93      49C5C198 
  93      2221FED8 
  93      B23AA32E 
  93      5218
  94 0051 6C123141 		.ascii	"l\0221A\253\033\215\331\352\373\336v\006\020\023\327"
  94      AB1B8DD9 
ARM GAS  /tmp/ccNKgckq.s 			page 7


  94      EAFBDE76 
  94      061013D7 
  95 0061 A4F79C7B 		.ascii	"\244\367\234{\236\367}\237\367<\357s5\361\362o\023\375"
  95      9EF77D9F 
  95      F73CEF73 
  95      35F1F26F 
  95      13FD
  96 0073 D7E842F4 		.ascii	"\327\350B\364\323\012\273\200\334s]\210\260CJ-\276B"
  96      D30ABB80 
  96      DC735D88 
  96      B0434A2D 
  96      BE42
  97 0085 28A7DE5F 		.ascii	"(\247\336_,\224K\203\215\217\241g\326\260\303\006\360"
  97      2C944B83 
  97      8D8FA167 
  97      D6B0C306 
  97      F0
  98 0096 4640D44B 		.ascii	"F@\324KM\267\241\036\323\362\221\304\236\301\216\226"
  98      4DB7A11E 
  98      D3F291C4 
  98      9EC18E96 
  99 00a6 BCD54795 		.ascii	"\274\325G\225R\263_\017\254\334\2752%\205H\312\014\021"
  99      52B35F0F 
  99      ACDCBD32 
  99      258548CA 
  99      0C11
 100 00b8 BEC16A41 		.ascii	"\276\301jA1\217\242\377\334\312\263G)\306\235\301p\034"
 100      318FA2FF 
 100      DCCAB347 
 100      29C69DC1 
 100      701C
 101 00ca 76D07A7A 		.ascii	"v\320zz\371\240J\247\177o\233\271\255;4\221\222\320"
 101      F9A04AA7 
 101      7F6F9BB9 
 101      AD3B3491 
 101      92D0
 102 00dc F921C424 		.ascii	"\371!\304$\0051\331\224\224\274j\277\242\301\315\205"
 102      0531D994 
 102      94BC6ABF 
 102      A2C1CD85 
 103 00ec 921D6ABF 		.ascii	"\222\035j\277\246m\000\357\373:\237\\\313\273/SRz\370"
 103      A66D00EF 
 103      FB3A9F5C 
 103      CBBB2F53 
 103      527AF8
 104 00ff 35B677A4 		.ascii	"5\266w\244\305\316\257\232\316\257\017\342\207\217:"
 104      C5CEAF9A 
 104      CEAF0FE2 
 104      878F3A
 105 010e 0B0F2BD5 		.ascii	"\013\017+\3250;\027\377\343\275\275\021\325N\333\364"
 105      303B17FF 
 105      E3BDBD11 
 105      D54EDBF4 
 106 011e 3B0529A9 		.ascii	";\005)\251\343\0044j\003\337\"\037\035\310\317\252\202"
 106      E304346A 
 106      03DF221F 
 106      1DC8CFAA 
ARM GAS  /tmp/ccNKgckq.s 			page 8


 106      82
 107 012f 9328A4C4 		.ascii	"\223(\244\304\361\246\247=\340:\272G\340\024\241w\321"
 107      F1A6A73D 
 107      E03ABA47 
 107      E014A177 
 107      D1
 108 0140 30D1D578 		.ascii	"0\321\325xu\343\202{$\242\365\326%\222\022\013/\230"
 108      75E3827B 
 108      24A2F5D6 
 108      2592120B 
 108      2F98
 109 0152 987D7803 		.ascii	"\230}x\003\002\235\014\311\205\320\340\223\017\230C"
 109      029D0CC9 
 109      85D0E093 
 109      0F9843
 110 0161 E03483DA 		.ascii	"\3404\203\332bap\206f!\320\305\312@|\011\202\307f\346"
 110      62617086 
 110      6621D0C5 
 110      CA407C09 
 110      82C766E6 
 111 0175 F66905A7 		.ascii	"\366i\005\247\320\252Z<)i\343\214O\357>\013;u\222\007"
 111      D0AA5A3C 
 111      2969E38C 
 111      4FEF3E0B 
 111      3B759207 
 112 0189 DD28107C 		.ascii	"\335(\020|\362\371\356\003\007]t\202\036\232\0257,p"
 112      F2F9EE03 
 112      075D7482 
 112      1E9A1537 
 112      2C70
 113 019b 163A01A3 		.ascii	"\026:\001\243\215\207\376\322\013\316d\263\355\034\373"
 113      8D87FED2 
 113      0BCE64B3 
 113      ED1CFB
 114 01aa D3CC702C 		.ascii	"\323\314p,\327\312>\307\331\350%\301\357`\250\267o\272"
 114      D7CA3EC7 
 114      D9E825C1 
 114      EF60A8B7 
 114      6FBA
 115 01bc ED6DBECE 		.ascii	"\355m\276\316\337Rc\355\0367\2179Y\202\034u'\242\226"
 115      DF5263ED 
 115      1E378F39 
 115      59821C75 
 115      27A296
 116 01cf 71E2D8E4 		.ascii	"q\342\330\344\215\237\035\326\221\305\3315\232\036u"
 116      8D9F1DD6 
 116      91C5D935 
 116      9A1E75
 117 01de B5E20BA4 		.ascii	"\265\342\013\244\244\003\337\221\214\347\231\227\200"
 117      A403DF91 
 117      8CE79997 
 117      80
 118 01eb E6E4C878 		.ascii	"\346\344\310x\356\372\016\025%$\027}h\305c\313\013\210"
 118      EEFA0E15 
 118      2524177D 
 118      68C563CB 
 118      0B88
ARM GAS  /tmp/ccNKgckq.s 			page 9


 119 01fd 613D3145 		.ascii	"a=1E\346>\212\313\014\221\236\341J\304\256\266Y\205"
 119      E63E8ACB 
 119      0C919EE1 
 119      4AC4AEB6 
 119      5985
 120 020f C1125CA0 		.ascii	"\301\022\\\24027\021\275\035\311\317\006QD\370\330\205"
 120      323711BD 
 120      1DC9CF06 
 120      5144F8D8 
 120      85
 121 0220 4F72AC08 		.ascii	"Or\254\010*\323\237\035\327\024\351\027_\241\375\206"
 121      2AD39F1D 
 121      D714E917 
 121      5FA1FD86 
 122 0230 889B2399 		.ascii	"\210\233#\231\372\253_\232;\345\256g\352c\345HIgR\222"
 122      FAAB5F9A 
 122      3BE5AE67 
 122      EA63E548 
 122      49675292 
 123 0244 C17111BB 		.ascii	"\301q\021\273\310PyV\202.\372\213_\030i\276=\316\376"
 123      C8507956 
 123      822EFA8B 
 123      5F1869BE 
 123      3DCEFE
 124 0257 F95AF6F8 		.ascii	"\371Z\366\370\336\262\307\013!\270\374\300+\355\321"
 124      DEB2C70B 
 124      21B8FCC0 
 124      2BEDD1
 125 0266 DE83AC3F 		.ascii	"\336\203\254?l\213\375\321\027'h\220!\373\"\177\304"
 125      6C8BFDD1 
 125      17276890 
 125      21FB227F 
 125      C4
 126 0277 763289C0 		.ascii	"v2\211\300\017K\373c\310\362\307\217\363\374\321\376"
 126      0F4BFB63 
 126      C8F2C78F 
 126      F3FCD1FE 
 127 0287 3011B3FF 		.ascii	"0\021\263\3777\372\001k\364\227\254\321/\236\363e\232"
 127      37FA016B 
 127      F497ACD1 
 127      2F9EF365 
 127      9A
 128 0298 336B60B3 		.ascii	"3k`\263\276\246{\010'\246\272\327R\334g7\2579\264\363"
 128      BEA67B08 
 128      27A6BAD7 
 128      52DC6737 
 128      AF39B4F3 
 129 02ac B03CDC74 		.ascii	"\260<\334tk\"\361\206%I\342\337#\327]jDE\023\3514\011"
 129      6B22F186 
 129      2549E2DF 
 129      23D75D6A 
 129      444513E9 
 130 02c2 E2C2F052 		.ascii	"\342\302\360R\202,l\017W\270\363\343V\213#\374\344\217"
 130      822C6C0F 
 130      57B8F3E3 
 130      568B23FC 
 130      E48F
ARM GAS  /tmp/ccNKgckq.s 			page 10


 131 02d4 184C475D 		.ascii	"\030LG]\030EEFI\271o\207oK\231\021\010\031f\300\357"
 131      18454546 
 131      49B96F87 
 131      6F4B9911 
 131      081966C0 
 132 02e9 0F541A55 		.ascii	"\017T\032U\201`u\310xwkiIi\235a\226\233\201\240w[m\261"
 132      816075C8 
 132      78776B69 
 132      49699D61 
 132      969B81A0 
 133 0301 BFC814B6 		.ascii	"\277\310\024\266\332\355\0255\336\377\227U.\336Z2\336"
 133      DAED1535 
 133      DEFF9755 
 133      2EDE5A32 
 133      DE
 134 0312 5B576D94 		.ascii	"[Wm\224\224\226m.3|\225fE\315\373^\303\364\207|\241"
 134      94966D2E 
 134      337C9566 
 134      45CDFB5E 
 134      C3F4877C 
 135 0327 6D3B4D93 		.ascii	"m;M\223r\334\245e[=;\266\207\274UA\337:\317\2527\205"
 135      72DCA565 
 135      5B3D3BB6 
 135      87BC5541 
 135      DF3ACFAA 
 136 033d 0C8A1CBF 		.ascii	"\014\212\034\277\327\037\010~(t\263\272\256\3529\314"
 136      D71F087E 
 136      2874B3BA 
 136      AEEA39CC 
 137 034d 1DB68C   		.ascii	"\035\266\214"
 138              		.text
 139              		.section	.gnu.lto_SVC_Handler.901a730a02946371,"",%progbits
 140 0000 789C9593 		.ascii	"x\234\225\223\337O\223W\030\307\237\347\234\303\333"
 140      DF4F9357 
 140      18C79FE7 
 140      9CC3DB
 141 000f 0A8AC40B 		.ascii	"\012\212\304\013/\270i\023\262xcx\215\273\360j1\206"
 141      2FB86913 
 141      B2786378 
 141      8DBBF06A 
 141      3186
 142 0021 2B2F1A0D 		.ascii	"+/\032\015\375\003\014\276vP\245\266y[\014\273\362m"
 142      FD030CBE 
 142      7650A5B6 
 142      795B0CBB 
 142      F26D
 143 0033 ADABC638 		.ascii	"\255\253\3068\335\360GYb\204\0042\025T\300\037\233\025"
 143      DDF04759 
 143      62840432 
 143      1554C01F 
 143      9B15
 144 0045 B5DB4018 		.ascii	"\265\333@\030\363g\374\231\241\370\202h\234\303(cC\033"
 144      F367FC99 
 144      A1F88268 
 144      9CC32863 
 144      431B
 145 0057 03DD794E 		.ascii	"\003\335yN\253\021$1k\322\367}\317\363|\237_\237s\016"
ARM GAS  /tmp/ccNKgckq.s 			page 11


 145      AB112431 
 145      6BD2F77D 
 145      CFF37C9F 
 145      5F9F730E 
 146 006b 878F7FA5 		.ascii	"\207\217\177\245\362\037\021\000\223\362\215\034\220"
 146      F21F1100 
 146      93F28D1C 
 146      90
 147 0078 EDBD0610 		.ascii	"\355\275\006\020u2D\372\000\204\255\014\267\342\237"
 147      753244FA 
 147      0084AD0C 
 147      B7E29F
 148 0087 6C9CE1DE 		.ascii	"l\234\341\336t[\262hI\253eY\257F\256G\327\2461\303\000"
 148      745BB268 
 148      49AB6559 
 148      AF46AE47 
 148      D7A631C3 
 149 009c 26582E0F 		.ascii	"&X.\017\376\200K@\212\016\334\271\352\344\313\221>\317"
 149      FE804B40 
 149      8A0EDCB9 
 149      EAE4CB91 
 149      3ECF
 150 00ae 9DF8E76A 		.ascii	"\235\370\347j\3213\226a\350\246e\352\273\376\244FK&"
 150      D1339661 
 150      E8A665EA 
 150      BBFEA446 
 150      4B26
 151 00c0 68B9FBDE 		.ascii	"h\271\373\336\210\275\260\254\331\262b\366\216\307\277"
 151      88BDB0AC 
 151      D9B262F6 
 151      8EC7BF
 152 00cf CFB7FAAD 		.ascii	"\317\267\372\255\270\235\315\2722\214\343\021\3442-"
 152      B89DCDBA 
 152      328CE311 
 152      E4322D
 153 00de 1EC5523C 		.ascii	"\036\305R<\206\245\371Fe\310x|\352^\221\026\227\015"
 153      86A5F946 
 153      65C8787C 
 153      EA5E9116 
 153      970D
 154 00f0 94601B96 		.ascii	"\224`\033\226\345jc;j\010\300\310\"5G\037\374\233.\346"
 154      E56A633B 
 154      6A08C0C8 
 154      2235471F 
 154      FC9B2EE6 
 155 0104 2B5403C3 		.ascii	"+T\003\303\177\277|\201\252\304\253\351\007\003\213"
 155      7FBF7C81 
 155      AAC4ABE9 
 155      07038B
 156 0113 1BADA6D8 		.ascii	"\033\255\246\330\267V6\273R6.\360\370\\E\360\004\226"
 156      B75636BB 
 156      52362EF0 
 156      F85C45F0 
 156      0496
 157 0125 9D5C9496 		.ascii	"\235\\\224\226\242\363\343\211\204\376=sH\211L\314\325"
 157      A2F3E389 
 157      84FE3D73 
ARM GAS  /tmp/ccNKgckq.s 			page 12


 157      48894CCC 
 157      D5
 158 0136 53408615 		.ascii	"S@\206\025hJ\0040*\213\023\242'\214\321\233\017btdj"
 158      684A0430 
 158      2A8B13A2 
 158      278CD19B 
 158      0F627464 
 159 014b 783F9FD1 		.ascii	"x?\237\321\247\275\375iZ\250\026'\030\316\036\201\322"
 159      A7BDFD69 
 159      5AA81627 
 159      18CE1E81 
 159      D2
 160 015c E049D464 		.ascii	"\340I\324d\331\016\371\224C\230R\321\320\275\347\322"
 160      D90EF994 
 160      439852D1 
 160      D0BDE7D2 
 161 016c 42978587 		.ascii	"B\227\205\207\254\244;\3034\012\032{s\253\307!d=\354"
 161      ACA43BC3 
 161      340A1A7B 
 161      73ABC721 
 161      643DEC
 162 017f 44972271 		.ascii	"D\227\"q\270\303\312\024I\013v\241x\315(\303)\024p\027"
 162      B8C3CA14 
 162      490B76A1 
 162      78CD28C3 
 162      29147017 
 163 0193 6336B540 		.ascii	"c6\265@\351(;y\376\300\330\375\304\301\3446\215\232"
 163      E9283B79 
 163      FEC0D8FD 
 163      C4C1E436 
 163      8D9A
 164 01a5 78CD18D9 		.ascii	"x\315\030\331\356\"S\324\332H\302\244d[\362\353\247"
 164      EE2253D4 
 164      DA48C2A4 
 164      645BF2EB 
 164      A7
 165 01b6 8DC53905 		.ascii	"\215\3059\005\227\246\0177\217\271\001OK@3\2028\345"
 165      97A60F37 
 165      8FB9014F 
 165      4B403382 
 165      38E5
 166 01c8 1D4A4C37 		.ascii	"\035JL7\346\323\0122\345\0252\370\233\276\350\200\340"
 166      E6D30A32 
 166      E51532F8 
 166      9BBEE880 
 166      E0
 167 01d9 7154233F 		.ascii	"qT#?\274\022\367\347\366y\272]{\277\313\002\317\314"
 167      BC12F7E7 
 167      F679BA5D 
 167      7BBFCB02 
 167      CFCC
 168 01eb B9016729 		.ascii	"\271\001g)\275\200A\214\215Lu\036\230Es\264\232\374"
 168      BD80418C 
 168      8D4C751E 
 168      984573B4 
 168      9AFC
 169 01fd 799E6C16 		.ascii	"y\236l\026O\300\037\025\313\237\350< 4\240t?\032{\323"
ARM GAS  /tmp/ccNKgckq.s 			page 13


 169      4FC01F15 
 169      CB9FE83C 
 169      2034A074 
 169      3F1A7BD3 
 170 0211 C05DCD79 		.ascii	"\300]\315y\230\016\212\330?\3706Z\250`\236{\007\363"
 170      980E8AD8 
 170      3FF8365A 
 170      A8609E7B 
 170      07F3
 171 0223 46C7CE02 		.ascii	"F\307\316\002\202\231\"\230\362.\340y\024\322~\255\263"
 171      82992298 
 171      F22EE079 
 171      14D27EAD 
 171      B3
 172 0234 A7CBE16A 		.ascii	"\247\313\341j\371p'\354\216\326^T\301\335\024\214\027"
 172      F97027EC 
 172      8ED65E54 
 172      C1DD148C 
 172      17
 173 0245 72D44BC8 		.ascii	"r\324K\3107\321f\355\343\374Hn\350\277n7\267\026\346"
 173      37D166ED 
 173      E3FC486E 
 173      E8BF6E37 
 173      B716E6
 174 0258 8EDE50EF 		.ascii	"\216\336P\357\344\374\366.+\035o\262\246Wf9\215~q\316"
 174      E4FCF62E 
 174      2B1D6FB2 
 174      A6576639 
 174      8D7E71CE 
 175 026c D12FA903 		.ascii	"\321/\251\003\374h\364\372M'\201\247F\322\322\253P\014"
 175      FC68F4FA 
 175      4D2781A7 
 175      46D2D2AB 
 175      500C
 176 027e B7CC42D1 		.ascii	"\267\314B\321\2631\217\201\317\304`w\357\352+\005\374"
 176      B3318F81 
 176      CFC46077 
 176      EFEA2B05 
 176      FC
 177 028f 995C62A6 		.ascii	"\231\\b\246+\235\252\246\032\200\277\220\263\340#|\277"
 177      2B9DAAA6 
 177      1A80BF90 
 177      B3E0237C 
 177      BF
 178 02a0 2A7C3D39 		.ascii	"*|=9|C\237\304\327\233\307\327\362\302Ni\204\3572\012"
 178      7C439FC4 
 178      D79BC7D7 
 178      F2C24E69 
 178      84EF320A 
 179 02b4 D530609F 		.ascii	"\3250`\237\3427\220h\232\024\256\227\371h'io\214]N\315"
 179      E2379068 
 179      9A14AE97 
 179      F9682769 
 179      6F8C5D4E 
 180 02c9 53D1FD8A 		.ascii	"S\321\375\212\337o\222\337\020F\355'\317\2354\015a\030"
 180      DF6F92DF 
 180      1046ED27 
ARM GAS  /tmp/ccNKgckq.s 			page 14


 180      CF9D340D 
 180      6118
 181 02db 951745DE 		.ascii	"\225\027E\336'\251\321\313\313\365\212\032\377z\377"
 181      27A9D1CB 
 181      CBF58A1A 
 181      FF7AFF
 182 02ea 1AAF1E0C 		.ascii	"\032\257\036\014\353F0\020\010n\326CA3\022\326WUz*<"
 182      EB463010 
 182      086ED643 
 182      413312D6 
 182      57557A2A 
 183 02ff F5BA5163 		.ascii	"\365\272Qc\004M\337\272-+\002\345\006\010#R\037\322"
 183      044DDFBA 
 183      2D2B02E5 
 183      06082352 
 183      1FD2
 184 0311 4C5FB8AE 		.ascii	"L_\270\2566\362\371\234\261\276\372\210^\341\361\256"
 184      36F2F99C 
 184      B1BEFA88 
 184      5EE1F1AE 
 185 0321 F6EAFECD 		.ascii	"\366\352\376\315Fm\335\006\237n\004\302\376\360\272"
 185      466DDD06 
 185      9F6E04C2 
 185      FEF0BA
 186 0330 6AC328AF 		.ascii	"j\303(\257\201\005\236J\257\373\263eK\335\241p\250\020"
 186      81059E4A 
 186      AFFBB365 
 186      4BDDA170 
 186      A810
 187 0342 F8172614 		.ascii	"\370\027&\024G\202\2415_\2565\203\2067RelZ\340\361V"
 187      4782A135 
 187      5FAE3583 
 187      86375265 
 187      6C5AE0F1 
 188 0357 9273A954 		.ascii	"\222s\251T\025\0023\201\207CP\260\245\252\266\316\367"
 188      15023381 
 188      874350B0 
 188      A5AAB6CE 
 188      F7
 189 0368 FF7AAD81 		.ascii	"\377z\255\201\022J\265\276*\354\013\231~J\007\216\200"
 189      124AB5BE 
 189      2AEC0B99 
 189      7E4A078E 
 189      80
 190 0379 2F1034BF 		.ascii	"/\0204\277\202\377\000\347a\324\340"
 190      82FF00E7 
 190      61D4E0
 191              		.text
 192              		.section	.gnu.lto_.symbol_nodes.901a730a02946371,"",%progbits
 193 0000 789C6366 		.ascii	"x\234cf``(a\200\002\246\037\214\365\014\014\023\316"
 193      60602861 
 193      8002A61F 
 193      8CF50C0C 
 193      13CE
 194 0012 3130D4D7 		.ascii	"10\324\3273\316]\304\301\300\370\211\261\236\021\"\300"
 194      33CE5DC4 
 194      C1C0F889 
ARM GAS  /tmp/ccNKgckq.s 			page 15


 194      B19E1122 
 194      C0
 195 0023 D0D001E4 		.ascii	"\320\320\001\344\177f\254gB\3423}`\254g\206j`\230\267"
 195      7F66AC67 
 195      42E2337D 
 195      60AC6786 
 195      6A6098B7 
 196 0037 0028F09E 		.ascii	"\000(\360\236\261\236\005Y\200\361#c=+LG\003\007\003"
 196      B19E0559 
 196      80F12363 
 196      3D2B4C47 
 196      030703
 197 004a 33032BC3 		.ascii	"3\003+\303\223\2667\362\314\314\014\014\207V\2521\000"
 197      93B637F2 
 197      CCCC0C0C 
 197      8756AA31 
 197      00
 198 005b 00C2EC20 		.ascii	"\000\302\354 \370"
 198      F8
 199              		.text
 200              		.section	.gnu.lto_.refs.901a730a02946371,"",%progbits
 201 0000 789C6366 		.ascii	"x\234cf``\340d\200\000&\006&F^&&>\006\000\001~\0001"
 201      6060E064 
 201      80002606 
 201      26465E26 
 201      263E0600 
 202              		.text
 203              		.section	.gnu.lto_.decls.901a730a02946371,"",%progbits
 204 0000 789CBD58 		.ascii	"x\234\275XkPTG\026\236\276=\014\3140@J\023\223P[\265"
 204      6B505447 
 204      169EBE3D 
 204      0CCC3040 
 204      4A139350 
 205 0016 6A6D5126 		.ascii	"jmQ&\033\035c\254\332\354\237\215\210fe\267\\\331!q"
 205      1B1D63AC 
 205      DAEC9F8D 
 205      886665B7 
 205      5CD92171 
 206 002a B776B76A 		.ascii	"\267v\267jB\206\211P\313\313a\334\230?[\027\207(\020"
 206      42868950 
 206      CBCB61DC 
 206      983F5B17 
 206      872810
 207 003d 1F880AF8 		.ascii	"\037\210\012\370@G\301\007 oP\360\001\210/\024T|\"\""
 207      4047C107 
 207      206F50F0 
 207      01882F14 
 207      547C2222 
 208 0051 30A01115 		.ascii	"0\240\021\025\321Q1\202\017fOw\337{\347\3160$\331\332"
 208      D1513182 
 208      0F664F77 
 208      DF7BE7CE 
 208      3024D9DA 
 209 0065 AABD55E7 		.ascii	"\252\275U\347\316=\267\277\376\3169}N\367\355\036\254"
 209      CE3DB7BF 
 209      FECE397D 
 209      4EF7ED1E 
ARM GAS  /tmp/ccNKgckq.s 			page 16


 209      AC
 210 0076 5028D290 		.ascii	"P(\322\220B\341\204\253u\222B\361o\254P(\341]\204\302"
 210      42E184AB 
 210      759242F1 
 210      6FAC5028 
 210      E15D84C2 
 211 008a 75A940F6 		.ascii	"u\251@\366\203\224\201T\200T\201\324\200\034U\214\275"
 211      83948154 
 211      805481D4 
 211      801C558C 
 211      BD
 212 009b 082E48E8 		.ascii	"\010.H\350\037\010\242\0059\001\322\0132\005\244\026"
 212      1F08A205 
 212      3901D20B 
 212      3205A416 
 213 00ab 6400A407 		.ascii	"d\000\244\007\244\005d\021\310C\220G \207A\034 \034"
 213      A4056411 
 213      C8439047 
 213      2087411C 
 213      201C
 214 00bd 48174887 		.ascii	"H\027H\207\314\3663\220\027\202M\321\017\317\213\370"
 214      CCF63390 
 214      17824DD1 
 214      0FCF8BF8 
 215 00cd 1520D89E 		.ascii	"\025 \330\236\342a\237\330p\202\374\005b]\014\342\003"
 215      E2619FD8 
 215      7082FC05 
 215      625D0CE2 
 215      03
 216 00de F2579042 		.ascii	"\362W\220B\3017xT\204\303\315W\340\371\033<\377\003"
 216      C1377854 
 216      84C3CD57 
 216      E0F91B3C 
 216      FF03
 217 00f0 C48098FD 		.ascii	"\304\200\230\375(\3705\242\2616\3118\250=\342\355\025"
 217      28F835A2 
 217      B136C938 
 217      A83DE2ED 
 217      15
 218 0101 6C4E1162 		.ascii	"lN\021b\025m\213cY#\213G\3445x\341~\314\241\272\322"
 218      156D8B63 
 218      59238B47 
 218      E43578E1 
 218      7ECCA1BA 
 219 0116 A173FE77 		.ascii	"\241s\376w9\024\250\231L\324CY\315\271*P\265\032%Q\017"
 219      3914A899 
 219      4CD44359 
 219      CDB92A50 
 219      B51A2551 
 220 012b BFECBBA2 		.ascii	"\277\354\273\242|{\023\017W\246\225\177C\211\"&\241"
 220      7C7B130F 
 220      57A6957F 
 220      43892226 
 220      A1
 221 013c BD2818ED 		.ascii	"\275(\030\355C\301\020Q!z\033\356\177W2\246\312\362"
 221      43C11051 
 221      217A1BEE 
ARM GAS  /tmp/ccNKgckq.s 			page 17


 221      7F5732A6 
 221      CAF2
 222 014e D49B6ACC 		.ascii	"\324\233j\314!\362\234\237\333{E\363A\021tK\343\033"
 222      21F29C9F 
 222      DB7B45F3 
 222      4111744B 
 222      E31B
 223 0160 EDD8656E 		.ascii	"\355\330en\367\256\362\215h\362v\276\261\334\3212\264"
 223      F7AEF28D 
 223      68F276BE 
 223      B1DCD132 
 223      B4
 224 0171 0A6FCEB4 		.ascii	"\012o\316\264\255\340G\235N\304s\204\015\025!\214\212"
 224      ADE0479D 
 224      4EC47384 
 224      0D15218C 
 224      8A
 225 0182 D107044C 		.ascii	"\321\007\004L\236i/\264\037M\376IWJ\334\\\261\225\357"
 225      9E692FB4 
 225      1F4DFE49 
 225      574ADC5C 
 225      B195EF
 226 0195 E9F7C391 		.ascii	"\351\367\303\221\324\225\203\347\253\237\021\213v\336"
 226      D49583E7 
 226      AB9F118B 
 226      76DE
 227 01a3 D191FF3C 		.ascii	"\321\221\377<l\2755\263\200\267;\235\277\244}P\251\314"
 227      6CBD35B3 
 227      80B73B9D 
 227      BFA47D50 
 227      A9CC
 228 01b5 60A968B0 		.ascii	"`\251h\260\214\032l\331\222}\222\303\233\021\013\350"
 228      8C1A6CD9 
 228      927D92C3 
 228      9B110BE8 
 229 01c5 F660B796 		.ascii	"\366`\267\226\262\330\272\313VNn\346\033\235\316O(C"
 229      B2D8BACB 
 229      564E6EE6 
 229      1B9DCE4F 
 229      2843
 230 01d7 B98CA15C 		.ascii	"\271\214\241\\d\250\240\014{\007\016\025\251q\011c\330"
 230      64A8A00C 
 230      7B070E15 
 230      A9710963 
 230      D8
 231 01e8 BA664773 		.ascii	"\272fGs\0000\330\204\310y!r\216\262T\312X*E\226*\312"
 231      0030D884 
 231      C8792172 
 231      8EB254CA 
 231      582A4596 
 232 01fe 9236D079 		.ascii	"\2226\320y_\203\033\031\213\275\254p\223/e\261\215V"
 232      5F831B19 
 232      8BBDAC70 
 232      932F65B1 
 232      8D56
 233 0210 F27352F9 		.ascii	"\362sR\371WN'\246\014\3252\206j\221\241\2062\344d\267"
 233      574E27A6 
ARM GAS  /tmp/ccNKgckq.s 			page 18


 233      0CD53286 
 233      6A91A186 
 233      32E464B7 
 234 0224 6CF3C5AD 		.ascii	"l\363\305\255\224Ay{\244\373\271/\012V\207\004\347\362"
 234      9441797B 
 234      A4FBB92F 
 234      0A568704 
 234      E7F2
 235 0236 7EA816A9 		.ascii	"~\250\026\251\025\253x~\005\357X\221\371\306R\005\372"
 235      15AB787E 
 235      05EF5891 
 235      F9C65205 
 235      FA
 236 0247 2018BD17 		.ascii	" \030\275\027\254@u(\2046)\320A\030\342C0\304\0054\227"
 236      AC407528 
 236      843629D0 
 236      4118E243 
 236      30C40534 
 237 025c 73C85B74 		.ascii	"s\310[t\000\211\031%W.\274gD`\352r\343Z\247\217<K\004"
 237      00891925 
 237      572EBC67 
 237      4460EA72 
 237      E35AA78F 
 238 0273 EF4AD361 		.ascii	"\357J\323a\2674]\250\333\356\360\307\227Xd{\333;\273"
 238      B7345DA8 
 238      DBEEF0C7 
 238      9758647B 
 238      DB3BBB
 239 0286 82589E6E 		.ascii	"\202X\236n\236~\"\317\023tBGd\321\035\021\243;J\243"
 239      9E7E22CF 
 239      13744247 
 239      64D11D11 
 239      A33B4AA3 
 240 029a 6BA81F3E 		.ascii	"k\250\037>\245\301\353X\341\255N\263\237\321\340\\\246"
 240      A5C1EB58 
 240      E1AD4EB3 
 240      9FD1E05C 
 240      A6
 241 02ab A4EC39BC 		.ascii	"\244\3549\274\332\027\212y\212\206\232\353\331:R\240"
 241      DA178A79 
 241      8A869AEB 
 241      D93A52A0 
 242 02bb A62A598B 		.ascii	"\246*Y\213\202\340\025\327|\207\317\017D!\032\022\235"
 242      82E015D7 
 242      7C87CF0F 
 242      44211A12 
 242      9D
 243 02cc A3A5B06F 		.ascii	"\243\245\260o\201\025B<\2164\250A\262G{\223+\215\014"
 243      8115423C 
 243      8E34A841 
 243      B2477B93 
 243      2B8D0C
 244 02df 1304A56E 		.ascii	"\023\004\245n\016TH!\241&\030\251)\032\212E\215\360"
 244      0E544821 
 244      A12618A9 
 244      291A8A45 
 244      8DF0
ARM GAS  /tmp/ccNKgckq.s 			page 19


 245 02f1 F218BC04 		.ascii	"\362\030\274\004\342\223\257\352S}\220&\304{\247\223"
 245      E293AFEA 
 245      537D9026 
 245      C47BA793 
 246 0301 5E3A5117 		.ascii	"^:Q\027\206\213s&\361\274\022\235\000\027\352].\200"
 246      868B7326 
 246      F1BC129D 
 246      0017EA5D 
 246      2E80
 247 0313 47CC07D2 		.ascii	"G\314\007\322@\346Bka\031G'-\317\311'\261\226M\342\354"
 247      40E6426B 
 247      61194727 
 247      2DCFC927 
 247      B1964DE2 
 248 0328 ED2FDA55 		.ascii	"\355/\332U\370(\246\203p\351I\035\357\213\317P\205["
 248      F828A683 
 248      70E9491D 
 248      EF8BCF50 
 248      855B
 249 033a 73B16754 		.ascii	"s\261gT\211B\264\324XQ\331\323\345)\020o\013\322\242"
 249      8942B4D4 
 249      5851D9D3 
 249      E529106F 
 249      0BD2A2
 250 034d 332E638B 		.ascii	"3.c\213\264\314V\206\313u\371\\Cg\301\371EZ\001\015"
 250      B4CC5686 
 250      CB75F95C 
 250      4367C1F9 
 250      455A010D 
 251 0361 06766415 		.ascii	"\006vd\025\224rx\224Ys\324>\356\015\304)J\252tW^<\031"
 251      94727894 
 251      5973D43E 
 251      EE0DC429 
 251      4AAA7457 
 252 0378 84539952 		.ascii	"\204S\231R\260){\277\017\365\321\217\256\026\365\233"
 252      B0297BBF 
 252      0FF5D18F 
 252      AE16F59B 
 253 0388 3BFDF12A 		.ascii	";\375\361*\326\366\372\322\2103\000g0\245\245o\370\251"
 253      D6F6FAD2 
 253      88330067 
 253      30A5A56F 
 253      F8A9
 254 039a 9602DF20 		.ascii	"\226\002\337 j\347\316\241\037\002\361Z\326\266\256"
 254      6AE7CEA1 
 254      1F02F15A 
 254      D6B6AE
 255 03a9 A5A6C90F 		.ascii	"\245\246\311\017ob\312\346\347\255\247\202(\360\035"
 255      6F62CAE6 
 255      E7ADA782 
 255      28F01D
 256 03b8 A2E63E68 		.ascii	"\242\346>h]\203q.m\323\214\346\345\347\370\241\251\354"
 256      5D83712E 
 256      6DD38CE6 
 256      E5E7F8A1 
 256      A9EC
 257 03ca 0A9938D5 		.ascii	"\012\2318\325\006\3018:n5\374!\313\312\027\274CC\276"
ARM GAS  /tmp/ccNKgckq.s 			page 20


 257      06C1383A 
 257      6E35FC21 
 257      CBCA17BC 
 257      4343BE
 258 03dd 0821F7A0 		.ascii	"\010!\367\240\211\256\300.\321\022}\037n\012\002\267"
 258      89AEC02E 
 258      D1127D1F 
 258      6E0A02B7 
 259 03ed BD2A5435 		.ascii	"\275*T5\317\244\320s\236\320i\004\271\027I\320\364b"
 259      CFA4D073 
 259      9ED06904 
 259      B91749D0 
 259      F462
 260 03ff 117AC513 		.ascii	"\021z\305\023z\325\2035M\202^\366\356\200\214\366\265"
 260      7AD58335 
 260      4D825EF6 
 260      EE808CF6 
 260      B5
 261 0410 E4C1794F 		.ascii	"\344\301yO\354\005\017\332\227\022\264\325\253\263."
 261      EC050FDA 
 261      9712B4D5 
 261      ABB32E
 262 041f 6486E4C0 		.ascii	"d\206\344\3005\357\2762\007H\211\330_\244\253xD0\012"
 262      35EFBE32 
 262      074889D8 
 262      5FA4AB78 
 262      44300A
 263 0432 71F6B16B 		.ascii	"q\366\261k=\235\340<?\307\242@\247\240\367i\322\273"
 263      3D9DE03C 
 263      3FC7A240 
 263      A7A0F769 
 263      D2BB
 264 0444 59A00324 		.ascii	"Y\240\003$\352\206\"\271\211\246\242\353 \235 v\220"
 264      EA8622B9 
 264      89A6A2EB 
 264      209D2076 
 264      90
 265 0455 76901B20 		.ascii	"v\220\033 \035 ]h*%\"\036\331G\013\317jy\301\2476\357"
 265      1D205D68 
 265      2A25221E 
 265      D9470BCF 
 265      6A79C1A7 
 266 046b 81329F20 		.ascii	"\2012\237 \313wz\372\263UZym\312\321\012\324\213h\371"
 266      CB777AFA 
 266      B3555A79 
 266      6DCAD10A 
 266      D48B68F9 
 267 047f 925F4037 		.ascii	"\222_@7\027\347}\201\363hI(om+?\020\204B\202\2035\342"
 267      17E77D81 
 267      F3684928 
 267      6F6D2B3F 
 267      10844282 
 268 0496 5A760766 		.ascii	"Zv\007fY\337\230\265l\370\023\322\240 \253#\371\245"
 268      59DF98B5 
 268      6CF813D2 
 268      A020AB23 
 268      F9A5
ARM GAS  /tmp/ccNKgckq.s 			page 21


 269 04a8 33D891C5 		.ascii	"3\330\221\305\343w\244\325\361\026\004G\232\024\350"
 269      E377A4D5 
 269      F1160447 
 269      9A14E8
 270 04b7 7BB07B9B 		.ascii	"{\260{\233\316x\251\032\003Y5\256--x\312\212\023\023"
 270      CE78A91A 
 270      035935AE 
 270      2D2D78CA 
 270      8A1313
 271 04ca 754BFBF7 		.ascii	"uK\373\367C\230\252t\302V^\353\014\322\244\011\253$"
 271      4398AA74 
 271      C2565EEB 
 271      0CD2A409 
 271      AB24
 272 04dc 0942AB91 		.ascii	"\011B\253\221\305p\237rO\013F\367\030u\321\331\215\267"
 272      C5709F72 
 272      4F0B46F7 
 272      1875D1D9 
 272      8DB7
 273 04ee 7C26640A 		.ascii	"|&d\012c>\031Q\307\373\001~\227\302\007\320\004\261"
 273      633E1951 
 273      C7FB017E 
 273      97C207D0 
 273      04B1
 274 0500 13556473 		.ascii	"\023Uds(\220\315\241\214\357*\234\276\343\333\033\024"
 274      2890CDA1 
 274      8CEF2A9C 
 274      BEE3DB1B 
 274      14
 275 0511 EDBD47CD 		.ascii	"\355\275G\315m\277\233\275E-\230\263\211\346\036 \346"
 275      6DBF9BBD 
 275      452D98B3 
 275      89E61E20 
 275      E6
 276 0522 8E023DA4 		.ascii	"\216\002=\244\346\006\231\271\207\324\\\323\206\232"
 276      E60699B9 
 276      87D45CD3 
 276      869A
 277 0530 227FB7A4 		.ascii	"\"\177\267\244\2205\333e\340\221\220\224G4)\335\271"
 277      9035DB65 
 277      E0919094 
 277      473429DD 
 277      B9
 278 0541 8D194A37 		.ascii	"\215\031J7t\211\033\332!\240\035\024=2paP#\377\242\220"
 278      74891BDA 
 278      21A01D14 
 278      3D327061 
 278      5023FFA2 
 279 0556 B5D1057E 		.ascii	"\265\321\005~\354\366E\331\274\366U\253/\336\305\326"
 279      ECF645D9 
 279      BCF655AB 
 279      2FDEC5D6 
 280 0566 879DF73A 		.ascii	"\207\235\367:\326i\360~\246\014\236\036\255\362Qr\012"
 280      D669F07E 
 280      A60C9E1E 
 280      ADF25172 
 280      0A
ARM GAS  /tmp/ccNKgckq.s 			page 22


 281 0577 F494261C 		.ascii	"\364\224&\034\336\034\335\223\177\315\237mE^T\224\277"
 281      DE1CDD93 
 281      7FCD9F6D 
 281      455E5494 
 281      BF
 282 0588 F5BA926F 		.ascii	"\365\272\222o\244\237S\224\222:\205\320\242'\342\232"
 282      A49F5394 
 282      923A85D0 
 282      A227E29A 
 283 0598 88869052 		.ascii	"\210\206\220RAT\266\006?c\237\345\222\362#j \244k2q"
 283      4154B606 
 283      3F639FE5 
 283      92F2236A 
 283      20A46B32 
 284 05ad 80AC5555 		.ascii	"\200\254UU\243\017\203\306\335\243<\247\256\376\200"
 284      A30F83C6 
 284      DDA33CA7 
 284      AEFE80
 285 05bc 045F371C 		.ascii	"\004_7\034\340\367\372\341\207\343\2717\274f\250WK\335"
 285      E0F7FAE1 
 285      87E3B937 
 285      BC66A857 
 285      4BDD
 286 05ce B39FDDDD 		.ascii	"\263\237\335\335\015\363\203l9\032\370)J\302\203\206"
 286      0DF3836C 
 286      391AF829 
 286      4AC28386 
 287 05de 25DF4688 		.ascii	"%\337F\210o\303\242o/\250o)\215%\227}i\372?&T\317\363"
 287      6FC3A26F 
 287      2FA86F29 
 287      8D25977D 
 287      69FA3F26 
 288 05f5 ED038816 		.ascii	"\355\003\210\026\237/Q\263\276\255\255\015\244\252\212"
 288      9F2F51B3 
 288      BEADAD0D 
 288      A4AA8A
 289 0604 2ECC058E 		.ascii	".\314\005\216\354\200\361\213cT,\216\327\254\030\007"
 289      EC80F18B 
 289      63542C8E 
 289      D7AC1807 
 290 0614 AD03252A 		.ascii	"\255\003%*\317b|\011\360W\024\356\244\3251\312\252\303"
 290      CF627C09 
 290      F05714EE 
 290      A4D531CA 
 290      AAC3
 291 0626 49ABE348 		.ascii	"I\253\343Hw\372}5\365\306N\227\376\263\316\015)\354"
 291      77FA7D35 
 291      F5C64E97 
 291      FEB3CE0D 
 291      29EC
 292 0638 4BB09AC6 		.ascii	"K\260\232\306^\331\277fe\020\036f\003\221a=S\244!\336"
 292      5ED9BF66 
 292      65101E66 
 292      0391613D 
 292      53A421DE 
 293 064c 58C19BB4 		.ascii	"X\301\233\264\237\376l\222D^(m\012\302)>l \233\012\226"
 293      9FFE6C92 
ARM GAS  /tmp/ccNKgckq.s 			page 23


 293      445E286D 
 293      0AC2293E 
 293      6C209B0A 
 294 0661 8BDD7FC6 		.ascii	"\213\335\177\306W\227\314\225\241\306r5^\305\272?{\324"
 294      5797CC95 
 294      A1C67235 
 294      5EC5BA3F 
 294      7BD4
 295 0673 D4E58757 		.ascii	"\324\345\207W3\245\272\325Z\257\302\353\005%\275\346"
 295      33A5BAD5 
 295      5AAFC2EB 
 295      0525BDE6 
 296 0683 9C0AE730 		.ascii	"\234\012\3470%#{\343)\204\267\372\270m3&\261m\306\332"
 296      25237BE3 
 296      2984B7FA 
 296      B86D3326 
 296      B16DC6DA 
 297 0697 962DC730 		.ascii	"\226-\3070U\235\2649\347\342\365\203J\274C\350\330Y"
 297      559DB439 
 297      E7E2F583 
 297      4ABC43E8 
 297      D859
 298 06a9 0805BA97 		.ascii	"\010\005\272\227*\\\326\255\241\335H\334$\270/1\231"
 298      2A5CD6AD 
 298      A1DD48DC 
 298      24B82F31 
 298      99
 299 06ba 5C081030 		.ascii	"\\\010\0200_\277\343\202\321jN\330!\264\024\256\373"
 299      5FBFE382 
 299      D16A4ED8 
 299      21B414AE 
 299      FB
 300 06cb 05D921AC 		.ascii	"\005\331!\254\3434h-'}\264'i\304-6go\337\375g\357\244"
 300      E334682D 
 300      277DB427 
 300      69C42D36 
 300      676FDFFD 
 301 06e2 59E3910E 		.ascii	"Y\343\221\016\027\267\274EH\327\003\351\032\027)\330"
 301      17B7BC45 
 301      48D703E9 
 301      1A1729D8 
 302 06f2 9036EED7 		.ascii	"\2206\356\327V\247\344`6\260?M\012\370\362\206\342t"
 302      56A7E460 
 302      36B03F4D 
 302      0AF8F286 
 302      E274
 303 0704 96F42F68 		.ascii	"\226\364/h\011~\353H\327\320\234k\211\332\237\271\257"
 303      097EEB48 
 303      D7D09C6B 
 303      89DA9FB9 
 303      AF
 304 0715 8C7DE3FD 		.ascii	"\214}\343\375\351\251\343\361\366\037+\301\034N(\301"
 304      E9A9E3F1 
 304      F61F2BC1 
 304      1C4E28C1 
 305 0725 6CC69DD7 		.ascii	"l\306\235\327\326\2765@^\202\304\357\215`{\023G\340"
 305      D6BE3540 
ARM GAS  /tmp/ccNKgckq.s 			page 24


 305      5E82C4EF 
 305      8D607B13 
 305      47E0
 306 0737 B9DC04B1 		.ascii	"\271\334\004\261\023A\327\277\354\276\344/Go\3701t\303"
 306      1341D7BF 
 306      ECBEE42F 
 306      476FF831 
 306      74C3
 307 0749 D013A73F 		.ascii	"\320\023\247?\256`\331j;u\0346)5LI\343\255%\032|\230"
 307      AE60D96A 
 307      3B751C36 
 307      29354C49 
 307      E3AD251A 
 308 075f 29FBFACE 		.ascii	")\373\372\316g\005\320\000\246\321m\317\355\201\255"
 308      6705D000 
 308      A6D16DCF 
 308      ED81AD
 309 076e 01B891B5 		.ascii	"\001\270\221\265\335\337\265\357\272\026\237dJ\317\363"
 309      DDDFB5EF 
 309      BA169F64 
 309      4ACFF3
 310 077d 9E265F0A 		.ascii	"\236&_\012\234I\324c+\362\016\370\343\263\254\255\377"
 310      9C49D463 
 310      2BF20EF8 
 310      E3B3ACAD 
 310      FF
 311 078e 41D62325 		.ascii	"A\326#%n\023\252H\230\263Z6gw<\331\265\322\017_em\225"
 311      6E13AA48 
 311      98B35A36 
 311      67773CD9 
 311      B5D20F5F 
 312 07a5 F9BB0FB0 		.ascii	"\371\273\017\260\301\234C\241y\273\355\330\265@[\350"
 312      C19C43A1 
 312      79BBEDD8 
 312      B5405BE8 
 313 07b5 0AB41B22 		.ascii	"\012\264\033\"b\337\312=\234k\201\006\364\231\015y\375"
 313      62DFCA3D 
 313      9C6B8106 
 313      F4990D79 
 313      FD
 314 07c6 2A39DACA 		.ascii	"*9\332\312\375\010\272\256\251}"
 314      FD08BAAE 
 314      A97D
 315 07d0 D41FDF70 		.ascii	"\324\037\337p\267\253ev_Y\371*5\356fmu\025\231#l\025"
 315      B7AB6576 
 315      5F59F92A 
 315      35EE666D 
 315      75159923 
 316 07e6 5940D4A6 		.ascii	"Y@\324\2464~\247\026\367\261\266MG\266e1\177y6Z;o\266"
 316      347EA716 
 316      F7B1B64D 
 316      47B66531 
 316      7F79365A 
 317 07fd E2F1F35B 		.ascii	"\342\361\363[*\346\367.\233\221y\003mEA\256\214\261"
 317      2AE6F72E 
 317      9B917903 
 317      6D4541AE 
ARM GAS  /tmp/ccNKgckq.s 			page 25


 317      8CB1
 318 080f F84AC063 		.ascii	"\370J\300c\266A*\243\036\227\212\031\313\030\251h\300"
 318      B6412AA3 
 318      1E978A19 
 318      CB18A968 
 318      C0
 319 0820 7234896F 		.ascii	"r4\211o\\\364\243\312}[\265\370\216\220\200\372\007"
 319      5CF4A3CA 
 319      7D5BB5F8 
 319      8E9080FA 
 319      07
 320 0831 3C476388 		.ascii	"<Gc\210 \352\211\213\235\305*\352\266\215\205\321R\333"
 320      20EA898B 
 320      9DC52AEA 
 320      B68D85D1 
 320      52DB
 321 0843 C58AF64D 		.ascii	"\305\212\366M\372\031\276]q\327o\374(j\304(\366\261"
 321      FA19BE5D 
 321      71D76FFC 
 321      286AC428 
 321      F6B1
 322 0855 280EEDAA 		.ascii	"(\016\355\252\216\366\014\242\012\334\252\246ew\200"
 322      8EF60CA2 
 322      0ADCAAA6 
 322      657780
 323 0864 BA5523BA 		.ascii	"\272U#\272\365\303\313\342\3761A\214\213~p\355\370w"
 323      F5C3CBE2 
 323      FE31418C 
 323      8B7E70ED 
 323      F877
 324 0876 5A3CC082 		.ascii	"Z<\300\202\020g\232\226\315\264\202\353\353\266a\354"
 324      10679A96 
 324      CDB482EB 
 324      EBB661EC 
 325 0886 606D3BD6 		.ascii	"`m;\326V\216\260\343|\022QW\346\244\236S\342\027\302"
 325      568EB0E3 
 325      7C125157 
 325      E6A49E53 
 325      E217C2
 326 0899 82D650F5 		.ascii	"\202\326P\365\204\315\3014\242\277]\332s\247Z\3322\313"
 326      84CDC134 
 326      A2BF5DDA 
 326      73A75ADA 
 326      32CB
 327 08ab AF89B083 		.ascii	"\257\211\260\203\266\361\251VGZ\235\343wE\3443\211\321"
 327      B6F1A956 
 327      475A9DE3 
 327      7745E433 
 327      89D1
 328 08bd B7E05E06 		.ascii	"\267\340^\006\254\024\027\271q\367\257\251V[g\031\331"
 328      AC1417B9 
 328      71F7AFA9 
 328      565B6719 
 328      D9
 329 08ce 6A126CBA 		.ascii	"j\022l\272w\354\373\022\364\245\004=\342\011=\312\271"
 329      77ECFB12 
 329      F4A5043D 
ARM GAS  /tmp/ccNKgckq.s 			page 26


 329      E2093DCA 
 329      B9
 330 08df 433B24E8 		.ascii	"C;$\350*O\250\333\256xc\212mP\007\310\275\334\004\264"
 330      2A4FA8DB 
 330      AE78638A 
 330      6D5007C8 
 330      BDDC04B4 
 331 08f3 4F408A75 		.ascii	"O@\212u\217\012=H\037H\244\005\236\244\371\234<\254"
 331      8F0A3D48 
 331      1F48A405 
 331      9EA4F99C 
 331      3CAC
 332 0905 8D56DB23 		.ascii	"\215V\333#\212%\031\332\357\211-v\303\246\246\330\272"
 332      8A2519DA 
 332      EF892D76 
 332      C3A6A6D8 
 332      BA
 333 0916 74B933D1 		.ascii	"t\2713\321f\360`\213\000\025W\036\367\203\001\260^\220"
 333      66F0608B 
 333      0015571E 
 333      F78301B0 
 333      5E90
 334 0928 58533D59 		.ascii	"XS=Y\247\271#\037J\310\"\357\366]a\015Ha\355\362\036"
 334      A7B9231F 
 334      4AC822EF 
 334      F65D610D 
 334      4861EDF2 
 335 093d 960B7A5D 		.ascii	"\226\013z]\202\256\364j_\226\327\036\011\272\315\023"
 335      82AEF46A 
 335      5F96D71E 
 335      09BACD13 
 336 094d 9A2767E5 		.ascii	"\232'g\345y\333\013\222\001(_tH@\212E\215\016\273\017"
 336      79DB0B92 
 336      01285F74 
 336      48408A45 
 336      8D0EBB0F 
 337 0961 6B8A6D84 		.ascii	"k\212m\204@\017\002\264\326\023Z\347\341\352\015\311"
 337      400F02B4 
 337      D6135AE7 
 337      E1EA0DC9 
 338 0971 7E9AF70A 		.ascii	"~\232\367\012\220\371zW\302n\367\356\253\014{_\302\356"
 338      90F97A57 
 338      C26EF7EE 
 338      AB0C7B5F 
 338      C2EE
 339 0983 F4C4DA3C 		.ascii	"\364\304\332<\261\367$\354\016\357X\352\256\374\240"
 339      B1F724EC 
 339      0EEF58EA 
 339      AEFCA0
 340 0992 C4433829 		.ascii	"\304C8)\264\211\240\311)\351\012|;OqS\321\031\220c "
 340      B489A0C9 
 340      29E90A7C 
 340      3B4F7153 
 340      D1199063 
 341 09a7 E7401A40 		.ascii	"\347@\032@\352AN\202\\\0069\013r\036\244\015\344\002"
 341      EA414E82 
 341      5C06390B 
ARM GAS  /tmp/ccNKgckq.s 			page 27


 341      721EA40D 
 341      E402
 342 09b9 4833C871 		.ascii	"H3\310q\220&\220\323 '@.\201\264\202\264\2004r\342\311"
 342      902690D3 
 342      2027402E 
 342      81B482B4 
 342      803472E2 
 343 09ce 0A867498 		.ascii	"\012\206t\230\014i9\014i\205\340\243\270.\242J\217!"
 343      0C69390C 
 343      6985E0A3 
 343      B82EA24A 
 343      8F21
 344 09e0 ED96C2D9 		.ascii	"\355\226\302\331\352\031\316i\317S\341\2712r*\004\214"
 344      EA19CE69 
 344      CF53E1B9 
 344      32722A04 
 344      8C
 345 09f1 C7A91036 		.ascii	"\307\251\0206\037\251\035y6\025\012\231Hq\257\022\375"
 345      1FA91D79 
 345      36150A99 
 345      4871AF12 
 345      FD
 346 0a02 D035605A 		.ascii	"\3205`Z\341\332R\220NcN\220\342\300\240\2530\036\377"
 346      E1DA5290 
 346      4E634E90 
 346      E2C0A0AB 
 346      301EFF
 347 0a15 8FB181D5 		.ascii	"\217\261\201\325/}\343\325j\367#\3135N~\216l\347\330"
 347      2F7DE3D5 
 347      6AF723CB 
 347      354E7E8E 
 347      6CE7D8
 348 0a28 21047EBD 		.ascii	"!\004~\275\036Y\012\335\216,\327\005\364u\212\356\275"
 348      1E590ADD 
 348      8E2CD705 
 348      F4758AEE 
 348      BD
 349 0a39 72B54D83 		.ascii	"r\265M\203\253T\354\177\217\242\242.\015;ft\344\217"
 349      AB54EC7F 
 349      8FA2A22E 
 349      0D3B6674 
 349      E48F
 350 0a4b 6AF7CB8E 		.ascii	"j\367\313\216\031\210\036|:8\327_[\360\314\366\3617"
 350      19881E7C 
 350      3A38D75F 
 350      5BF0CCF6 
 350      F137
 351 0a5d 38B28FBF 		.ascii	"8\262\217\277}\3451\257\301\247\030\321\236\301#w\325"
 351      7DE531AF 
 351      C1A718D1 
 351      9EC12377 
 351      D5
 352 0a6e 94C85654 		.ascii	"\224\310VT\025\315H\254i\034\373\037\263SF\322)\222"
 352      15CD48AC 
 352      691CFB1F 
 352      B35346D2 
 352      2992
ARM GAS  /tmp/ccNKgckq.s 			page 28


 353 0a80 DCA424A3 		.ascii	"\334\244$\243\366u\274\032\267\251\3069gX74\016!\361"
 353      F675BC1A 
 353      B7A9C639 
 353      67583734 
 353      0E21F1
 354 0a93 1854FBAB 		.ascii	"\030T\373\253\021\267c\0209jt\211\324\250\233\203\243"
 354      11B76310 
 354      396A7489 
 354      D4A89B83 
 354      A3
 355 0aa4 4697C8DE 		.ascii	"F\227\310\336C\331s.\234\231\200\273\031\271\355\346"
 355      43D9732E 
 355      9C9980BB 
 355      19B9EDE6 
 356 0ab4 A53F0A91 		.ascii	"\245?\012\221Z\363\003\306Fj\2279i\027iz)\315\366\266"
 356      5AF303C6 
 356      466A9739 
 356      6917697A 
 356      29CDF6B6 
 357 0ac8 AE7B4AFC 		.ascii	"\256{J\374\224\361\214Z\333z|X\2447\306D\332'#\351\023"
 357      94F18C5A 
 357      DB7A7C58 
 357      A437C644 
 357      DA2723E9 
 358 0add 496E7193 		.ascii	"Inq\223\025\357\032\222\022\315\026C\254y\251\301\224"
 358      15EF1A92 
 358      12CD1643 
 358      AC79A9C1 
 358      94
 359 0aee 141B97B8 		.ascii	"\024\033\227\270d\231iFR\224\3312c\246\352\367\177\372"
 359      64996946 
 359      5294D932 
 359      63A6EAF7 
 359      7FFA
 360 0b00 7C729842 		.ascii	"|r\230B7c\206.,&\366\313\330E\221\272\304d\23511>>1"
 360      3763862E 
 360      2C26F6CB 
 360      D84591BA 
 360      C4649D31 
 361 0b18 41473A25 		.ascii	"AG:%\353B\365\013\303\026.\327\031c\214\211f\223\341"
 361      EB42F50B 
 361      C3162ED7 
 361      19638C89 
 361      6693E1
 362 0b2b 5FBF899F 		.ascii	"_\277\211\237aT\274\305\010\223\277\216\265\030c\014"
 362      6154BCC5 
 362      0893BF8E 
 362      B518630C 
 363 0b3b 5F9913E3 		.ascii	"_\231\023\343\015\261\311\346\377\216%F1\221\261\230"
 363      0DB1C9E6 
 363      FF8E2546 
 363      3191B198 
 364 0b4b 96C75A24 		.ascii	"\226\307Z$\216\011c]\365\217\\\034fX\020\225\020\035"
 364      8E09635D 
 364      F58F5C1C 
 364      66581095 
 364      101D
ARM GAS  /tmp/ccNKgckq.s 			page 29


 365 0b5d 6732FB18 		.ascii	"g2\373\030\346&&\306\275k\214\2114\306\204'G\230M\246"
 365      E62626C6 
 365      BD6B8C89 
 365      34C68427 
 365      47984DA6 
 366 0b71 F8244B6C 		.ascii	"\370$Klb\202\336\264tY\254\331\024=\325\335\005\263"
 366      6282DEB4 
 366      7459ACD9 
 366      143DD5DD 
 366      05B3
 367 0b83 45179B60 		.ascii	"E\027\233`\214[\026m\002\313\311\306\230h\260\352\267"
 367      8C5B166D 
 367      02CBC9C6 
 367      9868B0EA 
 367      B7
 368 0b94 2C36C1F2 		.ascii	",6\301\362\321,\203Ec0\210\217\237\351\342tQ\346\370"
 368      D12C8345 
 368      6330888F 
 368      9FE9E274 
 368      51E6F8
 369 0ba7 59BA2546 		.ascii	"Y\272%F\343tx\230\236\220\230`\232n\212\3722v\372l\303"
 369      E3747898 
 369      9E909860 
 369      9A6E8AFA 
 369      3276FA6C 
 370 0bbc 6FA7CF9A 		.ascii	"o\247\317\232\371\341\354\245\263un\015\022q|\2241&"
 370      F9E1ECA5 
 370      B3756E0D 
 370      12717C94 
 370      3126
 371 0bce 36C1A433 		.ascii	"6\301\2443D\233\276\212Z\026g1X\276I2%\203\241y\377"
 371      449BBE8A 
 371      5A166731 
 371      58BE4932 
 371      2583A179 
 372 0be3 0369B225 		.ascii	"\003i\262%\032\\\003\022\177a\210,F\313r?\263i\011\300"
 372      1A5C0312 
 372      7F61882C 
 372      46CB723F 
 372      B36909C0 
 373 0bf7 0D965FFF 		.ascii	"\015\226_\377\334\201\006\002\316<\2233\177\310\231"
 373      DC810602 
 373      CE3C9333 
 373      7FC899
 374 0c06 6771E68F 		.ascii	"gq\346\217\260\371\303Y\2528\263\301\022\023\315%\031"
 374      B0F9C359 
 374      AA38B3C1 
 374      1213CD25 
 374      19
 375 0c17 95CB9392 		.ascii	"\225\313\223\222\315JcL\224Ym0,1Y\014\021\221\021\001"
 375      CD4A634C 
 375      94596D30 
 375      2C31590C 
 375      11911101 
 376 0c2b 51715F47 		.ascii	"Qq_G}\223l\210M\210\203\230>\362j\007\234\321\205-\214"
 376      7D936C88 
 376      4D888398 
ARM GAS  /tmp/ccNKgckq.s 			page 30


 376      3EF26A07 
 376      9CD1852D 
 377 0c40 0C8F748D 		.ascii	"\014\217t\215m|rl\262\001\302\004{\300\225\314\270\374"
 377      6D7C726C 
 377      B201C204 
 377      7BC095CC 
 377      B8FC
 378 0c52 22C3E61A 		.ascii	"\"\303\346\032>\203\301\360\011\213\370<|\2362<,R\257"
 378      3E83C1F0 
 378      098BF83C 
 378      7C9E323C 
 378      2C52AF
 379 0c65 5CFCD922 		.ascii	"\\\374\331\"\275Oh\270>L\217#A\302\302\364\276$\011"
 379      BD4F68B8 
 379      3E4C8F23 
 379      41C2C2F4 
 379      BE2409
 380 0c78 1F1B2C6A 		.ascii	"\037\033,j\226\016x\302\221\013\"|\"\027\020x\330\247"
 380      960E78C2 
 380      910B227C 
 380      22171078 
 380      D8A7
 381 0c8a 705B406E 		.ascii	"p[@n\363\340\346\263p\341\247\241z\345\\r\013\005\035"
 381      F3E0E6B3 
 381      70E1A7A1 
 381      7AE55C72 
 381      0B051D
 382 0c9d 477CAAC7 		.ascii	"G|\252\307\363@B\347\351\225\320\246W\206G\206\352\325"
 382      F34042E7 
 382      E995D0A6 
 382      57864786 
 382      EAD5
 383 0caf FAF991F3 		.ascii	"\372\371\221\363\365\213\347\317\233\011\206C\303\364"
 383      F58BE7CF 
 383      9B098643 
 383      C3F4
 384 0cbd B37E6E14 		.ascii	"\263~n\024\2442\215\361\263!\210\011t\324\343\022\215"
 384      A4328DF1 
 384      B3218809 
 384      74D4E312 
 384      8D
 385 0cce FF940A53 		.ascii	"\377\224\012S-\275\012`\021\316\015\215\234\037\241"
 385      2DBD0A60 
 385      11CE0D8D 
 385      9C1FA1
 386 0cdd 0F7F93BE 		.ascii	"\017\177\223\276_\226\340\006\366\227\275\374\017\254"
 386      5F96E006 
 386      F697BDFC 
 386      0FAC
 387 0ceb C1F796   		.ascii	"\301\367\226"
 388              		.text
 389              		.section	.gnu.lto_.symtab.901a730a02946371,"",%progbits
 390 0000 5F706F72 		.ascii	"_port_irq_epilogue\000\000\000\000\000\000\000\000\000"
 390      745F6972 
 390      715F6570 
 390      696C6F67 
 390      75650000 
ARM GAS  /tmp/ccNKgckq.s 			page 31


 391 001b 000000B3 		.ascii	"\000\000\000\263\000\000\000SVC_Handler\000\000\000"
 391      00000053 
 391      56435F48 
 391      616E646C 
 391      65720000 
 392 0030 00000000 		.ascii	"\000\000\000\000\000\000\000\000\000\265\000\000\000"
 392      00000000 
 392      00B50000 
 392      00
 393 003d 5F706F72 		.ascii	"_port_switch_from_isr\000\000\002\000\000\000\000\000"
 393      745F7377 
 393      69746368 
 393      5F66726F 
 393      6D5F6973 
 394 005a 00000000 		.ascii	"\000\000\000\000\257\000\000\000_port_exit_from_isr"
 394      AF000000 
 394      5F706F72 
 394      745F6578 
 394      69745F66 
 395 0075 00000200 		.ascii	"\000\000\002\000\000\000\000\000\000\000\000\000\261"
 395      00000000 
 395      00000000 
 395      B1
 396 0082 00000063 		.ascii	"\000\000\000chSchIsPreemptionRequired\000\000\002\000"
 396      68536368 
 396      49735072 
 396      65656D70 
 396      74696F6E 
 397 00a2 00000000 		.ascii	"\000\000\000\000\000\000\000\000\275\000\000\000"
 397      00000000 
 397      BD000000 
 398              		.text
 399              		.section	.gnu.lto_.opts,"",%progbits
 400 0000 272D666E 		.ascii	"'-fno-trapv' '-mcpu=cortex-m4' '-mno-thumb-interwor"
 400      6F2D7472 
 400      61707627 
 400      20272D6D 
 400      6370753D 
 401 0033 6B272027 		.ascii	"k' '-mthumb' '-ggdb' '-O2' '-fomit-frame-pointer' '"
 401      2D6D7468 
 401      756D6227 
 401      20272D67 
 401      67646227 
 402 0066 2D66616C 		.ascii	"-falign-functions=16' '-ffunction-sections' '-fdata"
 402      69676E2D 
 402      66756E63 
 402      74696F6E 
 402      733D3136 
 403 0099 2D736563 		.ascii	"-sections' '-fno-common' '-flto'\000"
 403      74696F6E 
 403      73272027 
 403      2D666E6F 
 403      2D636F6D 
 404              		.text
 405              		.comm	__gnu_lto_v1,1,1
 406              		.comm	__gnu_lto_slim,1,1
 407              		.ident	"GCC: (GNU Tools for ARM Embedded Processors) 4.9.3 20141119 (release) [ARM/embedded-4_9-br
ARM GAS  /tmp/ccNKgckq.s 			page 32


ARM GAS  /tmp/ccNKgckq.s 			page 33


DEFINED SYMBOLS
                            *ABS*:00000000 chcore_v7m.c
                            *COM*:00000001 __gnu_lto_v1
                            *COM*:00000001 __gnu_lto_slim

NO UNDEFINED SYMBOLS
