ARM GAS  /tmp/ccCCj83d.s 			page 1


   1              		.syntax unified
   2              		.cpu cortex-m4
   3              		.fpu softvfp
   4              		.eabi_attribute 20, 1
   5              		.eabi_attribute 21, 1
   6              		.eabi_attribute 23, 3
   7              		.eabi_attribute 24, 1
   8              		.eabi_attribute 25, 1
   9              		.eabi_attribute 26, 1
  10              		.eabi_attribute 30, 2
  11              		.eabi_attribute 34, 1
  12              		.eabi_attribute 18, 4
  13              		.thumb
  14              		.file	"chmemcore.c"
  15              		.text
  16              	.Ltext0:
  17              		.section	.gnu.lto_.profile.db69fe45ea3376ab,"",%progbits
  18 0000 789C6366 		.ascii	"x\234cf```a\200\000F\006mu\000\000\361\000["
  18      60606061 
  18      80004606 
  18      6D750000 
  18      F1005B
  19              		.text
  20              		.section	.gnu.lto_.jmpfuncs.db69fe45ea3376ab,"",%progbits
  21 0000 789C6366 		.ascii	"x\234cf\300\016\304\2404\013\020\2632122\327\327\263"
  21      C00EC4A0 
  21      340B10B3 
  21      32313232 
  21      D7D7B3
  22 0013 412876A0 		.ascii	"A(v\240\010\000\026\375\002:"
  22      080016FD 
  22      023A
  23              		.text
  24              		.section	.gnu.lto_.inline.db69fe45ea3376ab,"",%progbits
  25 0000 789C6366 		.ascii	"x\234cf\300\016J\2404\013\003\003+\013#\003\023\313"
  25      C00E4AA0 
  25      340B0303 
  25      2B0B2303 
  25      13CB
  26 0012 027906B6 		.ascii	"\002y\006\266\005\362L 1V\006A\001F&FF \023\210YD&\314"
  26      05F24C20 
  26      31560641 
  26      01462646 
  26      46201388 
  27 002a 6484C8B1 		.ascii	"d\204\310\261}\320\343a`\272\300\317\002R\305\306 ,"
  27      7DD0E361 
  27      60BAC0CF 
  27      0252C5C6 
  27      202C
  28 003c C4C80452 		.ascii	"\304\310\004R\001R\311\"\261a\007\232*\016\220*v\006"
  28      0152C922 
  28      B161079A 
  28      2A0E902A 
  28      7606
  29 004e 3656A0F1 		.ascii	"6V\240\361@1\270\361\014\000\330\023\014\362"
  29      4031B8F1 
  29      0C00D813 
ARM GAS  /tmp/ccCCj83d.s 			page 2


  29      0CF2
  30              		.text
  31              		.section	.gnu.lto_.pureconst.db69fe45ea3376ab,"",%progbits
  32 0000 789C6366 		.ascii	"x\234cf``\340d\200\000\026\006\011V\0116+v\026\000\003"
  32      6060E064 
  32      80001606 
  32      09560936 
  32      2B761600 
  33 0015 270091   		.ascii	"'\000\221"
  34              		.text
  35              		.section	.gnu.lto__core_init.db69fe45ea3376ab,"",%progbits
  36 0000 789C6366 		.ascii	"x\234cf\300\004R@\274\223\221\201A\027H32302M8\307\300"
  36      C0045240 
  36      BC939181 
  36      41174833 
  36      32333032 
  37 0018 D0C8C1C4 		.ascii	"\320\310\301\304\310\010b002\32431\3263\276d\372\310"
  37      C8086230 
  37      3032D433 
  37      31D633BE 
  37      64FAC8
  38 002b C438E1C0 		.ascii	"\3048\341\300\352\031\334\352K\033\032\032>|\332,\321"
  38      EA19DCEA 
  38      4B1B1A1A 
  38      3E7CDA2C 
  38      D1
  39 003c 2AF19389 		.ascii	"*\361\223\211\201\3413\023\304\030\306\345\214\352\014"
  39      81E13313 
  39      C418C6E5 
  39      8CEA0C
  40 004b 40351F5B 		.ascii	"@5\037[\376^\347fk\001\252\021\200\3101\256`d\003\032"
  40      FE5EE766 
  40      6B01AA11 
  40      80C831AE 
  40      6064031A 
  41 005f CFB05EE8 		.ascii	"\317\260^\350@\303\377\377\217\247\277\331\316\302\302"
  41      40C3FFFF 
  41      8FA7BFD9 
  41      CEC2C2
  42 006e C0F00428 		.ascii	"\300\360\004(\0052\377)\023\023\210f\276\305\330\364"
  42      0532FF29 
  42      13138866 
  42      BEC5D8F4 
  43 007e ADFDDD2C 		.ascii	"\255\375\335,3\220j\240)\363.\367\255c\252\375\335\320"
  43      33906AA0 
  43      29F32EF7 
  43      AD63AAFD 
  43      DDD0
  44 0090 D1C0F193 		.ascii	"\321\300\361\223\211\361/\310\034\240\350\375'\347/"
  44      89F12FC8 
  44      1CA0E8FD 
  44      27E72F
  45 009f 72BC6002 		.ascii	"r\274`\002\212\200\271+\032[\3460\316e\234\335\330\000"
  45      8A80B92B 
  45      1A5BE630 
  45      CE659CDD 
  45      D800
ARM GAS  /tmp/ccCCj83d.s 			page 3


  46 00b1 52C5C4B8 		.ascii	"R\305\304\270\222\261\226q\025#\320?\214\253\201\302"
  46      92B19671 
  46      1523D03F 
  46      8CAB81C2 
  47 00c1 E8A630FF 		.ascii	"\350\2460\377\205j\203\233\302\214\305\024\026\3065"
  47      856A839B 
  47      C28CC514 
  47      16C635
  48 00d0 4053D682 		.ascii	"@S\326\202L\001\312\335}\362+\034\254\377\200,P9\343"
  48      4C01CADD 
  48      7DF22B1C 
  48      ACFF802C 
  48      5039E3
  49 00e3 3AA03AA0 		.ascii	":\240:\240\351\353\031k\031\300\356\375\206\323\275"
  49      E9EB196B 
  49      19C0EEFD 
  49      86D3BD
  50 00f2 4C581DB8 		.ascii	"LX\035\270\001\356\300\215\330\035\210\335E\233p\273"
  50      01EEC08D 
  50      D81D88DD 
  50      459B70BB 
  51 0102 6833C445 		.ascii	"h3\304E[\200.\272\307\330x\340\257\033\310=\240\350"
  51      5B802EBA 
  51      C7D878E0 
  51      AF1BC83D 
  51      A0E8
  52 0114 7802F42C 		.ascii	"x\002\364,0\\\201\356\320\326\323\323w\316\310L\312"
  52      305C81EE 
  52      D0D6D3D3 
  52      77CEC84C 
  52      CA
  53 0125 F40FD6CF 		.ascii	"\364\017\326\317/\326O\316\317\315\315\317\003\262r"
  53      2FD64FCE 
  53      CFCDCDCF 
  53      03B272
  54 0134 3293F48B 		.ascii	"2\223\364\213\213\222\365\2233rSs\223\363\213R\365\222"
  54      8B92F593 
  54      33725373 
  54      93F38B52 
  54      F592
  55 0146 190025B8 		.ascii	"\031\000%\270\262`"
  55      B260
  56              		.text
  57              		.section	.gnu.lto_chCoreAllocAlignedI.db69fe45ea3376ab,"",%progbits
  58 0000 789C7553 		.ascii	"x\234uS\337K\323Q\024\277\347\336\357\367\273\345\276"
  58      DF4BD351 
  58      14BFE7DE 
  58      EFF7BBE5 
  58      BE
  59 0011 9B53EB65 		.ascii	"\233S\353e/\005\">\024\333C\276\324C\004\275\364\326"
  59      2F05223E 
  59      14DB43BE 
  59      D44304BD 
  59      F4D6
  60 0023 437F410E 		.ascii	"C\177A\016\311\201s\241o\201\370\375\272\265\352\245"
  60      C98173A1 
  60      6F81F8FD 
ARM GAS  /tmp/ccCCj83d.s 			page 4


  60      BAB5EAA5 
  61 0033 62140896 		.ascii	"b\024\010\226\"\025\25525-KC\222\022\265\350\227\250"
  61      2215AD32 
  61      352D4B43 
  61      9212B5E8 
  61      97A8
  62 0045 255666A0 		.ascii	"%Vf\240\241\020\245\244\316\221\272\316\271W\206\231"
  62      A110A5A4 
  62      CE91BACE 
  62      B9578699 
  63 0055 5DD8B9F7 		.ascii	"]\330\271\367|\276\347s\316\371\234{'\330\277\253\004"
  63      7CBEE773 
  63      CEF99C7B 
  63      27D8BFAB 
  63      04
  64 0066 7F4B82B1 		.ascii	"\177K\202\261\203\270\203\316\200_z\303\230\355\344"
  64      83B883CE 
  64      805F7AC3 
  64      98EDE4
  65 0075 5C9B7530 		.ascii	"\\\233u0+G$\007\030\263L\001\232\3025\000:0`\265\\h"
  65      2B472407 
  65      18B34C01 
  65      9AC23500 
  65      3A3060B5 
  66 008b 500B737C 		.ascii	"P\013s|\201Cw\353\342k\327,Os\266\207\241\333\223\030"
  66      814377EB 
  66      E26BD72C 
  66      4F73B687 
  66      A1DB9318 
  67 009f AA37C805 		.ascii	"\2527\310\005\215\334\304@\317\274^|\323\262\352\346"
  67      8DDCC440 
  67      CFBC5E7C 
  67      D3B2EAE6 
  68 00af 9F3DF964 		.ascii	"\237=\371d\2369\232\346\234\375\342\014n\201\017\222"
  68      9E399AE6 
  68      9CFDE20C 
  68      6E810F92 
  69 00bf E0A374B7 		.ascii	"\340\243t\267\241\030#\337\275\260?\346\012?\020k\361"
  69      A11823DF 
  69      BDB03FE6 
  69      0A3F106B 
  69      F1
  70 00d0 E7F371B3 		.ascii	"\347\363q\263\350:\262\372^vX\207\2654\027p\007\304"
  70      E83AB2FA 
  70      5E765887 
  70      B5341770 
  70      07C4
  71 00e2 661E420C 		.ascii	"f\036B\014\356B\021F\017/_Y\007\261_2\347G\333\373A"
  71      EE421146 
  71      0F2F5F59 
  71      07B15F32 
  71      E747DBFB 
  72 00f7 31E71453 		.ascii	"1\347\024S\203\226\255L\215\301=(\242\360\225\344\371"
  72      8396AD4C 
  72      8DC13D28 
  72      A2F095E4 
  72      F9
ARM GAS  /tmp/ccCCj83d.s 			page 5


  73 0108 5E2E0E48 		.ascii	"^.\016H\352\340\352\362\230\247\260\031\251S\237\243"
  73      EAE0EAF2 
  73      98A7B019 
  73      A9539FA3 
  74 0118 83A63564 		.ascii	"\203\2465d\305\2462\231\335i\256C\353\337\031\324B\312"
  74      C5A63299 
  74      DD69AE43 
  74      EBDF19D4 
  74      42CA
  75 012a 426CED83 		.ascii	"Bl\355\203\313\210Y\226\345\2056(\\\343\214\264\241"
  75      CB885996 
  75      E5853628 
  75      5CE38CB4 
  75      A1
  76 013b A4763000 		.ascii	"\244v0\0007\002\333\362\373\254L\246\363\207}1\320\304"
  76      3702DBF2 
  76      FBAC4CA6 
  76      F3877D31 
  76      D0C4
  77 014d 77019647 		.ascii	"w\001\226G1T\037\307\211\375\353\324\217A\306A\306)"
  77      31541FC7 
  77      89FDEBD4 
  77      8F41C641 
  77      C629
  78 015f 45E5E051 		.ascii	"E\345\340Qw\221o\222q\223\361\220\311e\224\322K\237"
  78      77916F92 
  78      7193F190 
  78      C96594D2 
  78      4B9F
  79 0171 F3C8CF27 		.ascii	"\363\310\317'S@.c\323X\231\356g\006'\214\273\230\200"
  79      53402E63 
  79      D35899EE 
  79      6706278C 
  79      BB9880
  80 0184 6822FEBE 		.ascii	"h\"\376\276\261\204\232Iq=\305E\012\225\023j(\210P\024"
  80      B1849A49 
  80      713DC545 
  80      0A95136A 
  80      28885014 
  81 0198 B11E1DE9 		.ascii	"\261\036\035\351\002\2721\221\301\205\025\356\243\304"
  81      02BA3191 
  81      C18515EE 
  81      A3C4
  82 01a6 09A81BDD 		.ascii	"\011\250\033\335\010s \223h+\361~P\210Sr\035\354=p\251"
  82      08732093 
  82      682BF17E 
  82      50885372 
  82      1DEC3D70 
  83 01bb 143B4690 		.ascii	"\024;F\2208\211\205\245f]\005\345`\352\306\221\013\255"
  83      388985A5 
  83      665D05E5 
  83      60EAC691 
  83      0BAD
  84 01cd BCE6B775 		.ascii	"\274\346\267u\316r\246\271\261\306AN\355\313\364\333"
  84      CE72A6B9 
  84      B1C6414E 
  84      EDCBF4DB 
ARM GAS  /tmp/ccCCj83d.s 			page 6


  85 01dd 61271534 		.ascii	"a'\0254\244\233\264cW\341\0324\330\026E\351\320\001"
  85      A49BB463 
  85      57E11A34 
  85      D81645E9 
  85      D001
  86 01ef 35D04953 		.ascii	"5\320IS\206\007\010S\326I\207J\351\302\254\233\005\230"
  86      86070853 
  86      D649874A 
  86      E9C2AC9B 
  86      0598
  87 0201 52936B33 		.ascii	"R\223k3\344F\224J4\244o\354\240\022\332\206\246\207"
  87      E446944A 
  87      34A46FEC 
  87      A012DA86 
  87      A687
  88 0213 52537465 		.ascii	"RSte#\314#e\271)\371\370\331}\012\313E8+\011\247\214"
  88      23CC2365 
  88      B929F9F8 
  88      D97D0ACB 
  88      45382B09 
  89 0229 8892B46C 		.ascii	"\210\222\264l\013\025\341\335F\022\337VCWV\303\243-"
  89      0B15E1DD 
  89      4612DF56 
  89      435756C3 
  89      A32D
  90 023b 1AF2300D 		.ascii	"\032\3620\015ur9\276\312\025\222/A\017\033\203\330\253"
  90      757239BE 
  90      CA15922F 
  90      410F1B83 
  90      D8AB
  91 024d A82F8B39 		.ascii	"\250/\2139\345#\233\301\331\343\337\220.\263>>\320t"
  91      E5239BC1 
  91      D9E3DF90 
  91      2EB33E3E 
  91      D074
  92 025f 487D2E90 		.ascii	"H}.\220\335\252\211\177u\023\366\337ao\355\354q\266"
  92      DDAA897F 
  92      7513F6DF 
  92      616FEDEC 
  92      71B6
  93 0271 B36E8431 		.ascii	"\263n\2041\225,\242\311\0273\011\266\227\245\210\370"
  93      952CA2C9 
  93      173309B6 
  93      97A588F8 
  94 0281 0D008A7D 		.ascii	"\015\000\212}\374{\357N\254$Z\236\232\370\272\200bP"
  94      FC7BEF4E 
  94      AC245A9E 
  94      9AF8BA80 
  94      6250
  95 0293 EE5EBF3F 		.ascii	"\356^\277?p\244<T\032:v<\020\251\016\004#\341p\244\022"
  95      70A43C54 
  95      1A3A763C 
  95      10A90E04 
  95      23E170A4 
  96 02a8 4F15A1D2 		.ascii	"O\025\241\322@uU0\020,\017\227\205\203\221\2522\177"
  96      40755530 
  96      102C0F97 
ARM GAS  /tmp/ccCCj83d.s 			page 7


  96      858391AA 
  96      327F
  97 02ba 9069D5A1 		.ascii	"\220i\325\241\323e\372\211\212\320\311J8\365\007\337"
  97      D365FA89 
  97      8AD0C94A 
  97      38F507DF 
  98 02ca 696AA1   		.ascii	"ij\241"
  99              		.text
 100              		.section	.gnu.lto_chCoreAllocAligned.db69fe45ea3376ab,"",%progbits
 101 0000 789C8D54 		.ascii	"x\234\215T\355OSg\024\177\316soo[(P\221d\221/\260\020"
 101      ED4F5367 
 101      147FCE73 
 101      6F6F5B28 
 101      50916491 
 102 0017 C28719BA 		.ascii	"\302\207\031\272D\223eY\262\227\360e\373@\226\300\037"
 102      44936559 
 102      B297F065 
 102      FB4096C0 
 102      1F
 103 0028 60A06BA4 		.ascii	"`\240k\244\011\245\244E\243K\214\267\264\302\314\342"
 103      09A5A445 
 103      A34B8CB7 
 103      B4C2CCE2 
 104 0038 B214CD10 		.ascii	"\262\024\315\020\347\013\231D\206\014\035nn\202L&\254"
 104      E70B9944 
 104      860C1D6E 
 104      6E824C26 
 104      AC
 105 0049 BC88BC0C 		.ascii	"\274\210\274\014tD\246V\007\013\333\230\203\241@#\322"
 105      7444A656 
 105      070BDB98 
 105      83A14023 
 105      D2
 106 005a 9DF3DC52 		.ascii	"\235\363\334Ri\251\311n\322\333\373\234s~\3479\277\337"
 106      69A9C96E 
 106      D2DBFB9C 
 106      737EE739 
 106      BFDF
 107 006c 739E23B1 		.ascii	"s\236#\261\315\317N\374\025\351\031{\210\377\240c\300"
 107      CDCF4EFC 
 107      15E9197B 
 107      88FFA063 
 107      C0
 108 007d 3F1D66CC 		.ascii	"?\035f\314c\340\\\236\32535Ij\0160\246\232$\2205\273"
 108      63E05C9E 
 108      D5333549 
 108      6A0E30A6 
 108      9A249035 
 109 0092 0C401F0C 		.ascii	"\014@\037\014\330A.\311p\020\376\340\013\034\256\264"
 109      D8412EC9 
 109      7010FEE0 
 109      0B1CAEB4 
 110 00a2 3DBE993C 		.ascii	"=\276\231<\313C\234e3\\v\370\373\353\025Z\202LK\177"
 110      CB439C65 
 110      335C76F8 
 110      FBEB155A 
 110      824C4B7F 
ARM GAS  /tmp/ccCCj83d.s 			page 8


 111 00b6 A0635E97 		.ascii	"\240c^\227\327\244\252\325\363\376\361_M\207\336\015"
 111      D7A4AAD5 
 111      F3FEF15F 
 111      4D87DE0D 
 112 00c6 71CE1639 		.ascii	"q\316\0269\203s\220\011\315\220I\351\276\204<\214\034"
 112      83739009 
 112      CD9049E9 
 112      BE843C8C 
 112      1C
 113 00d7 1DF04CA5 		.ascii	"\035\360L\245I\371@\250\307\377\364L\232r\277@T\367"
 113      49F940A8 
 113      C7FFF44C 
 113      9A72BF40 
 113      54F7
 114 00e9 40BBFAB6 		.ascii	"@\273\372\266\034\342\022\264\200\264\021\207&\006\347"
 114      1CE212B4 
 114      80B41187 
 114      2606E7
 115 00f8 2117A3C7 		.ascii	"!\027\243\307\226\216\255\201\264C \347'.\366\202\206"
 115      968EAD81 
 115      B44320E7 
 115      272EF682 
 115      86
 116 0109 9CD59032 		.ascii	"\234\325\2202\264\306#e\006_A.\205\2574\037\356\342"
 116      B4C62365 
 116      065F412E 
 116      85AF341F 
 116      EEE2
 117 011b D2EB02FA 		.ascii	"\322\353\002\372\333X\335iSN#B\203\015M\001\223\332"
 117      DB58DD69 
 117      534E2342 
 117      830D4D01 
 117      93DA
 118 012d AFFA82E1 		.ascii	"\257\372\202\341p\026\026\014m\261\031\264\007!\013"
 118      7016160C 
 118      6DB119B4 
 118      07210B
 119 013c BE67BF24 		.ascii	"\276g\277$+>UU\315p\001r\210\030\362\271\010\0120F\332"
 119      2B3E5555 
 119      CD700172 
 119      8818F2B9 
 119      080A3046 
 120 0151 4C5F6F7D 		.ascii	"L_o}\224\244\245<>c\353\366\235Q\327\302aH\300F{\340"
 120      94A4A53C 
 120      3E63EBF6 
 120      9D51D7C2 
 120      6148C046 
 121 0167 6BC84154 		.ascii	"k\310AT\337\352\322\255T\015u\327\333\267\241\020]\342"
 121      DFEAD2AD 
 121      540D75D7 
 121      DBB7A110 
 121      5DE2
 122 0179 42A01D72 		.ascii	"B\240\035r.\244w\253\341\360\342\320\277G\362Z\370K"
 122      2EA477AB 
 122      E1F0E2D0 
 122      BF47F25A 
 122      F84B
ARM GAS  /tmp/ccCCj83d.s 			page 9


 123 018b 9C484A40 		.ascii	"\234HJ@\372\340\241!W=\031\014\3642\212]\222\360S\227"
 123      FAE0A121 
 123      573D190C 
 123      F4328A5D 
 123      92F05397 
 124 019f 4C6B13BD 		.ascii	"Lk\023\275R\350\225J\2574\221\315L\356-\264N\247\327"
 124      52E8954A 
 124      AF3491CD 
 124      4CEE2DB4 
 124      4EA7D7
 125 01b2 565A6630 		.ascii	"VZf0::6\215?\352\202\031\\\340\277t\033\252\315$\305"
 125      3A3A368D 
 125      3FEA8219 
 125      5CE0BF74 
 125      1BAACD24 
 126 01c7 E279F5A8 		.ascii	"\342y\365\250$\275!\224\374k\242\261I\243=\177\270\347"
 126      24BD2194 
 126      FC6BA2B1 
 126      49A33D7F 
 126      B8E7
 127 01d9 4F536BBB 		.ascii	"OSk\273*\250\277\025\226B\\\201K\0119|#\250?8\362\344"
 127      2AA8BF15 
 127      96425C81 
 127      4B09397C 
 127      23A83F38 
 128 01ef 1250F728 		.ascii	"\022P\367(\331\014\276E\357\024T?\034\257\035\332\031"
 128      D90CBE45 
 128      EF14543F 
 128      1CAF1DDA 
 128      19
 129 0200 2376D077 		.ascii	"#v\320w\016\204\314\213\034b\217!\330\360\361*6\362"
 129      0E84CC8B 
 129      1C628F21 
 129      D8F0F12A 
 129      36F2
 130 0212 6572F138 		.ascii	"er\3618\227\277\346\3566\332\206\301w\344\226\342\016"
 130      97BFE6EE 
 130      36DA86C1 
 130      77E496E2 
 130      0E
 131 0223 90C1F7A0 		.ascii	"\220\301\367\240`!W\350\364\200\365\001\272\357\317"
 131      602157E8 
 131      F480F501 
 131      BAEFCF
 132 0232 ADD44959 		.ascii	"\255\324IY\223pR\255\317\016q=!\216M=\365$\311(\002"
 132      937052AD 
 132      CF0E713D 
 132      218E4D3D 
 132      F524C928 
 133 0247 74409668 		.ascii	"t@\226h\202\206C\237\0357\241\005:A\02653\270\0122:"
 133      8286439F 
 133      1D37A105 
 133      3A411635 
 133      33B80A32 
 134 025c 066BCF2C 		.ascii	"\006k\317,\311YS\021\264\201bG\347\002\035F\201\356"
 134      C9595311 
 134      B4816247 
ARM GAS  /tmp/ccCCj83d.s 			page 10


 134      E7021D46 
 134      81EE
 135 026e 2234FC80 		.ascii	"\"4\374\200\267D(H\207\262\2145\255\313Y\327\351\271"
 135      B7442848 
 135      87B28C35 
 135      ADCB59D7 
 135      E9B9
 136 0280 AA6812D2 		.ascii	"\252h\022\322\275y\336\003\233\3329\242\3375\302\313"
 136      BD79DE03 
 136      9BDA39A2 
 136      DF35C2CB 
 137 0290 EC0E78FD 		.ascii	"\354\016x\3755\267O\305\352\325\3359\310)\2006\211\350"
 137      35B74FC5 
 137      EAD5DD39 
 137      C8298036 
 137      89E8
 138 02a2 26C7B76F 		.ascii	"&\307\267o;\271\272\205\002?\202\262\3149V\2631\241"
 138      3BB9BA85 
 138      023F82B2 
 138      CC3956B3 
 138      31A1
 139 02b4 66D5A303 		.ascii	"f\325\243\003\201k\336\361\313\342\230\2440>\3303\327"
 139      816BDEF1 
 139      CBE298A4 
 139      303ED833 
 139      D7
 140 02c5 B1903B50 		.ascii	"\261\220;P=\241ha\206\010r\245\246\0274\213Q`\015\310"
 140      3DA16861 
 140      860872A5 
 140      A617348B 
 140      51600DC8 
 141 02d9 8F9341A3 		.ascii	"\217\223A\243k$\214\177\341I\243N\013J\302\324\247\306"
 141      6B248C7F 
 141      E149A34E 
 141      0B4AC2D4 
 141      A7C6
 142 02eb 3F69E307 		.ascii	"?i\343\007\236\252\037\251\206\0207>\343\332E\273?="
 142      9EAA1FA9 
 142      8610373E 
 142      E3DA45BB 
 142      3F3D
 143 02fd 3266A00D 		.ascii	"2f\240\015\215b\331\354\361}\016'\341\204G\245(\035"
 143      8D62D9EC 
 143      F17D0E27 
 143      E18447A5 
 143      281D
 144 030f F4C001E8 		.ascii	"\364\300\001\350\025\312\377\204f\312zO\257\245L\306"
 144      15CAFF84 
 144      66CA7A4F 
 144      AFA54CC6 
 145 031f AC8243A4 		.ascii	"\254\202C\2442\023V\206\326\215\246\024\264\322\026"
 145      32135686 
 145      D68DA614 
 145      B4D216
 146 032e 2742678D 		.ascii	"'Bg\215\264\205\034\341\024\020\234\274+\221\260TA+"
 146      B4851CE1 
 146      14109CBC 
ARM GAS  /tmp/ccCCj83d.s 			page 11


 146      2B91B054 
 146      412B
 147 0340 85924FD6 		.ascii	"\205\222O\326n\327lih\216Rj'Ji\032\245%\217\244E\230"
 147      6ED76C69 
 147      688E526A 
 147      274A691A 
 147      A5258FA4 
 148 0356 13508284 		.ascii	"\023P\202\204\034\372\242\034\372\3438l\3014T\311\321"
 148      1CFAA21C 
 148      FAE3386C 
 148      C13454C9 
 148      D1
 149 0367 9A55AE59 		.ascii	"\232U\256Y\322\2051\225\335\002\337\26073\252p\272h"
 149      D2853195 
 149      DD02DFB0 
 149      3733AA70 
 149      BA68
 150 0379 85196C23 		.ascii	"\205\031l#\234\334\022\"\352k\002\247\337\324\334[E"
 150      9CDC1222 
 150      EA6B02A7 
 150      DFD4DC5B 
 150      45
 151 038a B59AE20F 		.ascii	"\265\232\342\017R\310\366B\261\343+\033\210V6\210fL"
 151      52C8F642 
 151      B1E32B1B 
 151      88563688 
 151      664C
 152 039c 253691D7 		.ascii	"%6\221\327\257\277\350.\232y4\001\243\015\0343\003\226"
 152      AFBFE82E 
 152      9A793401 
 152      A30D1C33 
 152      0396
 153 03ae FEDF0CB8 		.ascii	"\376\337\014\270!f@\364\254\251\027\207^8\003z\2433"
 153      216640F4 
 153      ACA91787 
 153      5E38037A 
 153      A333
 154 03c0 40B7E926 		.ascii	"@\267\351&\337\244>\216\033\0147F\024\006\303\024\257"
 154      DFA43E8E 
 154      1B0C3746 
 154      1406C314 
 154      AF
 155 03d1 C40F86C0 		.ascii	"\304\017\206\300\243m\2647\203\221\304\203aT\\\213\261"
 155      A36DB437 
 155      8391C483 
 155      61545C8B 
 155      B1
 156 03e2 0D83E1EC 		.ascii	"\015\203\341\354\337\301\016e\375\316\017\011m~\026"
 156      DFC10E65 
 156      FDCE0F09 
 156      6D7E16
 157 03f1 773EFE82 		.ascii	"w>\376\202\217\343\005\277\007\236\240\257\005\250\330"
 157      8FE305BF 
 157      079EA0AF 
 157      05A8D8
 158 0400 659EC1D8 		.ascii	"e\236\301\330\357\220\001y\231|\256+\003\317Dj\275f"
 158      EF900179 
ARM GAS  /tmp/ccCCj83d.s 			page 12


 158      997CAE2B 
 158      03CF446A 
 158      BD66
 159 0412 C2A10AA4 		.ascii	"\302\241\012\244&\302^\311\317\267\024\224\331K\355"
 159      26C25EC9 
 159      CFB71494 
 159      D94BED
 160 0421 EF175B9C 		.ascii	"\357\027[\234n\213\325\351p8+\360\253\334^jq\273\254"
 160      6E8BD5E9 
 160      70382BF0 
 160      ABDC5E6A 
 160      71BBAC
 161 0434 166B99C3 		.ascii	"\026k\231\303\346\260:]\266|+\223\335\366\017m\272\222"
 161      E6B03A5D 
 161      B67C2B93 
 161      DDF60F6D 
 161      BA92
 162 0446 72FBEE0A 		.ascii	"r\373\356\012\250\324\355-)\337c\263$\204W:]Un\313;"
 162      A8D4ED2D 
 162      29DF63B3 
 162      2484573A 
 162      5D556ECB 
 163 045b 45850585 		.ascii	"E\205\005\205\3730\003\301w\355}\315\221_\306v$\214"
 163      FB3003C1 
 163      77ED7DCD 
 163      915FC676 
 163      248C
 164 046d B7EDABB2 		.ascii	"\267\355\253\262\024\024\026\277Wl\261WX\313\367|`\263"
 164      141416BF 
 164      576CB157 
 164      58CBF77C 
 164      60B3
 165 047f 581D6EBB 		.ascii	"X\035n\273{\327n\253\0251/\307b\\U\317\243\312\334\373"
 165      7BD76EAB 
 165      15312FC7 
 165      625C55CF 
 165      A3CADCFB 
 166 0493 DD18612E 		.ascii	"\335\030a.,.\312.-q\333*]\366\355\331\271\2572\356b"
 166      2C2ECA2E 
 166      2D71DB2A 
 166      5DF6EDD9 
 166      B9AF32EE 
 167 04a8 7AACDBE9 		.ascii	"z\254\333\351\332\317\376\003N \321p"
 167      DACFFE03 
 167      4E20D170 
 168              		.text
 169              		.section	.gnu.lto_chCoreGetStatusX.db69fe45ea3376ab,"",%progbits
 170 0000 789C6D4F 		.ascii	"x\234mO\273J\003Q\020\235\231}J\032\261\014\026v)\304"
 170      BB4A0351 
 170      109D997D 
 170      4A1AB10C 
 170      167629C4 
 171 0014 EC47F801 		.ascii	"\354G\370\001\026\376\200d\011$\340\272\220\324!71\240"
 171      16FE8064 
 171      0924E0BA 
 171      90D42137 
 171      31A0
ARM GAS  /tmp/ccCCj83d.s 			page 13


 172 0026 95484811 		.ascii	"\225HH\021\361I@\214\257\244\326\312\322FE\004W,ba\004"
 172      F149408C 
 172      AFA4D6CA 
 172      D2464504 
 172      572C6261 
 173 003b ED0C0A12 		.ascii	"\355\014\012\0224\304\0317Xh.\314\23593\3039g4\370\377"
 173      34C41937 
 173      58682ECC 
 173      9D3933C3 
 173      396734F8 
 174 0050 A21C5504 		.ascii	"\242\034U\004\230\342\214\032 \255^\002\024lB\224\002"
 174      98E28C1A 
 174      20AD5E02 
 174      146C4294 
 174      02
 175 0061 10F28479 		.ascii	"\020\362\204y|\241\016\341I\343\375\"\362L]\202\011"
 175      7CA10EE1 
 175      49E3FD22 
 175      F24C5D82 
 175      09
 176 0072 60785A3E 		.ascii	"`xZ>\257\232\002Q\027\030\334V\203\221\330\256R\305"
 176      AF9A0251 
 176      1718DC56 
 176      8391D8AE 
 176      52C5
 177 0084 D75A30B7 		.ascii	"\327Z0\267V\331\341\011\301\033\001\356a\024\353(B\270"
 177      56D9E109 
 177      C11B01EE 
 177      6114EB28 
 177      42B8
 178 0096 8F31D9ED 		.ascii	"\2171\331\355\224zA\304,)\245Fe\203\007\007h\262\011"
 178      947A41C4 
 178      2C29A546 
 178      65830707 
 178      68B209
 179 00a9 688E9DA9 		.ascii	"h\216\235\251~\377q\373+\320m\202.i\032\177\272.\225"
 179      7EFF71FB 
 179      2BD06D82 
 179      2E691A7F 
 179      BA2E95
 180 00bc 2195299F 		.ascii	"!\225)\237\005\302\014m\016\361\370\304\200\263v\217"
 180      05C20C6D 
 180      0EF1F8C4 
 180      80B3768F 
 181 00cc C572A755 		.ascii	"\305r\247U\263\204\353\203\304\360\326\315J\203r\237"
 181      B384EB83 
 181      C4F0D6CD 
 181      4A83729F 
 182 00dc 6A59D95D 		.ascii	"jY\331]2z\"\304\335\207\366\325\265-\276\215\037X/\224"
 182      327A22C4 
 182      DD87F6D5 
 182      B52DBE8D 
 182      1F582F94 
 183 00f0 367013D7 		.ascii	"6p\023\327\013J\2664<\304\034\036\211[<\34660\353\335"
 183      0B4AB634 
 183      3CC41C1E 
 183      895B3CE6 
ARM GAS  /tmp/ccCCj83d.s 			page 14


 183      3630EBDD 
 184 0104 80526356 		.ascii	"\200RcV\301e\014\261>D\002\207r6~9\233\1778\015\246"
 184      C1650CB1 
 184      3E440287 
 184      72367E39 
 184      9B7F380D 
 185 0119 61BC5831 		.ascii	"a\274X1C\034\312\030\262\322Z\032\017{\026\267\241\205"
 185      431CCA18 
 185      B2D25A1A 
 185      0F7B16B7 
 185      A185
 186 012b 03550BE4 		.ascii	"\003U\013\344t\224\223\371\240\311x\334\231N\245\023"
 186      749493F9 
 186      A0C978DC 
 186      994EA513 
 187 013b E99959C7 		.ascii	"\351\231Y\307\317:\256\357y\376\002W\363\351\204\223"
 187      CF3AAEEF 
 187      79FE0257 
 187      F3E98493 
 188 014b CDB88E9B 		.ascii	"\315\270\216\233\362\222\236\353g\222q\027\276\001\247"
 188      F2929EEB 
 188      67927117 
 188      BE01A7
 189 015a 4B9A0C   		.ascii	"K\232\014"
 190              		.text
 191              		.section	.gnu.lto_.symbol_nodes.db69fe45ea3376ab,"",%progbits
 192 0000 789C558A 		.ascii	"x\234U\212\271\015\200@\020\304<\273:\211\220\"\351"
 192      B90D8040 
 192      10C43CBB 
 192      3A899022 
 192      E9
 193 0011 635AA002 		.ascii	"cZ\240\002t\025\321\012?1\010\021\2003[N\240\343%\026"
 193      7415D10A 
 193      3F310811 
 193      80335B4E 
 193      A0E32516 
 194 0025 19FA116C 		.ascii	"\031\372\021l\206\332P&Q\303Y\016\2515eV<z*o\215U\326"
 194      86DA5026 
 194      51C3590E 
 194      A9356556 
 194      3C7A2A6F 
 195 003c 778F4D8E 		.ascii	"w\217M\216_\330\345\374\006.\220\177\034\026"
 195      5FD8E5FC 
 195      062E907F 
 195      1C16
 196              		.text
 197              		.section	.gnu.lto_.refs.db69fe45ea3376ab,"",%progbits
 198 0000 789C25C1 		.ascii	"x\234%\301\261\015\2000\000\003\301\177;\004\011\211"
 198      B10D8030 
 198      0003C17F 
 198      3B040989 
 199 0010 020AB660 		.ascii	"\002\012\266`\377\365R\344\256\300\3176P\023m2\322\003"
 199      FFF552E4 
 199      AEC0CF36 
 199      50136D32 
 199      D203
 200 0022 27BDF5ED 		.ascii	"'\275\365\355\304\213>\372\345\244bY\026\250\000\317"
ARM GAS  /tmp/ccCCj83d.s 			page 15


 200      C48B3EFA 
 200      E5A46259 
 200      16A800CF 
 201              		.text
 202              		.section	.gnu.lto_.decls.db69fe45ea3376ab,"",%progbits
 203 0000 789CA556 		.ascii	"x\234\245VkP\024W\026\356\333=\017\246\035G\313l\310"
 203      6B501457 
 203      16EEDB3D 
 203      0FA61D47 
 203      CB6CC8
 204 0013 16B5550B 		.ascii	"\026\265U\013\225-kS\021:Q*\233\374\212\206\335\212"
 204      952D6B53 
 204      113A512A 
 204      9BFC8A86 
 204      DD8A
 205 0025 A6D66864 		.ascii	"\246\326hdS\265U\373\24336\223\314T\206\3010\303n\330"
 205      53B555FB 
 205      A3333693 
 205      CC5486C1 
 205      30C36ED8 
 206 0039 5FAD608A 		.ascii	"_\255`\212\365\021\025\001\025\0155*\370@Q\010\033\234"
 206      F5111501 
 206      150D352A 
 206      F8405108 
 206      1B9C
 207 004b 80414810 		.ascii	"\200AH\020\220\341\241\011\211D|\214\370X\024\321A1"
 207      90E1A109 
 207      89447C8C 
 207      F85814D1 
 207      4131
 208 005d 111FCC9E 		.ascii	"\021\037\314\236{\272\233\351!\220l\325v\325\201{O\237"
 208      7BBA9BE9 
 208      21906CD5 
 208      76D5817B 
 208      4F9F
 209 006f F39DEF3C 		.ascii	"\363\235\357<\346\336\346\030\206) \014\023\201g#\317"
 209      E6DEE618 
 209      8629200C 
 209      13816723 
 209      CF
 210 0080 30152CC3 		.ascii	"0\025,\303\030A\267\234\211>\006\220\303 u \001\220"
 210      1841B79C 
 210      893E0690 
 210      C3207520 
 210      0190
 211 0092 0655D70A 		.ascii	"\006U\327\012r\012$\010\322\305\304>\324^\303\351\006"
 211      720A2408 
 211      D2C5C43E 
 211      D45EC3E9 
 211      06
 212 00a3 6901E901 		.ascii	"i\001\351\001iS\337\023\325\346\227phL3\210\015\304"
 212      6953DF13 
 212      D5E69770 
 212      684C3388 
 212      0DC4
 213 00b5 0AB20CA4 		.ascii	"\012\262\014\244\032d\261\212\331\255\303\243\266\034"
 213      1A64B18A 
ARM GAS  /tmp/ccCCj83d.s 			page 16


 213      D9ADC3A3 
 213      B61C
 214 00c3 C8451533 		.ascii	"\310E\02538\011\213r\347\177\006\353\032\310M\220;:"
 214      38098B72 
 214      E77F06EB 
 214      1AC84D90 
 214      3B3A
 215 00d5 5CB3EA37 		.ascii	"\\\263\3527\002r\017dL\215\363\010\344\011\010;M,Z#"
 215      02720F64 
 215      4C8DF308 
 215      E409083B 
 215      4D2C5A23 
 216 00e9 932E56B5 		.ascii	"\223.V\265\032\343\215I\234\033T\214\240\212\243\177"
 216      1AE38D49 
 216      9C1B548C 
 216      A08AA37F 
 217 00f9 4658F2F9 		.ascii	"FX\362\371\221\321\256\031\203,\261\361\211t[_\330\276"
 217      91D1AE19 
 217      832CB1F1 
 217      89745B5F 
 217      D8BE
 218 010b DD045B2B 		.ascii	"\335\004[+o\240\333\206G\003\275\206g\212ex6\347\311"
 218      6FA0DB86 
 218      4703BD86 
 218      678A6578 
 218      36E7C9
 219 011e B30D6479 		.ascii	"\263\015dy<\331O\022\310\001\222\000\350\007\3113\360"
 219      3CD94F12 
 219      C8019200 
 219      E807C933 
 219      F0
 220 012f F76F0605 		.ascii	"\367o\006\005\351\223\375E\275\006\216%t\275w\373\345"
 220      E993FD45 
 220      BD068E25 
 220      74BD77FB 
 220      E5
 221 0140 5E7E5E25 		.ascii	"^~^%\270\025\310M\203$\032n\313\326\216>kb\231\354\257"
 221      B815C84D 
 221      83241A6E 
 221      CBD68E3E 
 221      6B6299EC 
 222 0155 0E1F6EFC 		.ascii	"\016\037n\374\210\333!\373\327\310\343\221\010A0RI8"
 222      88DB21FB 
 222      D7C8E391 
 222      08413052 
 222      4938
 223 0167 7288CC43 		.ascii	"r\210\314C\352\260Vr8L\022\301\361\370\276\032#\267"
 223      EAB05672 
 223      384C12C1 
 223      F1F8BE1A 
 223      23B7
 224 0179 10C157EF 		.ascii	"\020\301W\357k\330`\006\216\213y\204\274\264s\254\334"
 224      6BD86006 
 224      8E8B7984 
 224      BCB473AC 
 224      DC
 225 018a 825B3A62 		.ascii	"\202[:b\263@\305\366\034\252\275l%\374\334\002Y^C\211"
ARM GAS  /tmp/ccCCj83d.s 			page 17


 225      B340C5F6 
 225      1CAABD6C 
 225      25FCDC02 
 225      595E4389 
 226 019e 5BDA6DCC 		.ascii	"[\332m\314\004oRC\346\2021\006\"G@y\024\224\345@5\274"
 226      046F5243 
 226      E6823106 
 226      22474079 
 226      1494E540 
 227 01b4 296F2877 		.ascii	")o(w\215\274\220T\023\236TMP\3018*\375/{\002%\304\300"
 227      8DBC9054 
 227      139E544D 
 227      50C1382A 
 227      FD2F7B02 
 228 01cb A292260E 		.ascii	"\242\222&\016\252\306\232\322\033&TQ\267O\011*\273\313"
 228      AAC69AD2 
 228      1B265451 
 228      B74F092A 
 228      BBCB
 229 01dd D7D459F5 		.ascii	"\327\324Y\365u[f\325\325\355\337X\267Z\242\026\256\255"
 229      755B66D5 
 229      D5EDDF58 
 229      B75AA216 
 229      AEAD
 230 01ef F9C44E33 		.ascii	"\371\304N3WJ0\271\206\302uGlP\240\020\024(\320\026-"
 230      574A30B9 
 230      86C27547 
 230      6C50A010 
 230      1428D016 
 231 0204 104BBDC8 		.ascii	"\020K\275\310g\272\002}\246\025\250\016\013\264\253"
 231      67BA027D 
 231      A615A80E 
 231      0BB4AB
 232 0213 B9783DE1 		.ascii	"\271x=\341\216((7;7\006\010\242\370wT\230\332\345\246"
 232      8E282837 
 232      3B370608 
 232      A2F87754 
 232      98DAE5A6 
 233 0227 48E45504 		.ascii	"H\344U\0048\246\0038\246\001\004\020\340\354\223\272"
 233      38A60338 
 233      A6010410 
 233      E0EC93BA 
 234 0237 62939E33 		.ascii	"b\223\2363\315'J\372\363\230fw\266\354\251\264q\315"
 234      CD274AFA 
 234      F3986677 
 234      B6ECA9B4 
 234      71CD
 235 0249 4AB45D45 		.ascii	"J\264]E\243\233\015\330\324P\375\332V\253\254\304\213"
 235      A39B0DD8 
 235      D450FDDA 
 235      56ABACC4 
 235      8B
 236 025a A32EA45E 		.ascii	"\243.\244^\027\260^\013\330\200\001\267\235\351;f\340"
 236      17B05E0B 
 236      D88001B7 
 236      9DE93B66 
 236      E0
ARM GAS  /tmp/ccCCj83d.s 			page 18


 237 026b BE5630D6 		.ascii	"\276V0\326\365\037\3544s\347HL\207\343\225\016\177\034"
 237      F51FEC34 
 237      73E7484C 
 237      87E3950E 
 237      7F1C
 238 027d 2C6DE670 		.ascii	",m\346p\033\241\257\331\302+\243\025Dko\270P\346~\315"
 238      1BA1AFD9 
 238      C22BA315 
 238      446B6FB8 
 238      50E67ECD 
 239 0291 907909E4 		.ascii	"\220y\011\3449\350m3\3646^\355m#p?\241\365\266s\377"
 239      39E86D33 
 239      F4365EED 
 239      6D23703F 
 239      A1F5B673 
 240 02a6 A6DFC8B2 		.ascii	"\246\337\310\262\2014AR_D{\033?\321[6t\266\342\255\251"
 240      81344152 
 240      5F447B1B 
 240      3FD15B36 
 240      74B6E2AD 
 241 02bb 41BF9A0E 		.ascii	"A\277\232\016t\354`\360i\012\372%\200\036\217\202B\214"
 241      74EC60F0 
 241      690AFA25 
 241      801E8F82 
 241      428C
 242 02cd 8989E93F 		.ascii	"\211\211\351?\277\241\210X\327E\007\021\215\243em!V"
 242      BFA18858 
 242      D7450711 
 242      8DA3656D 
 242      2156
 243 02df D5F2E2D1 		.ascii	"\325\362\342\321\023GYn\\\371\001\255\335\275\372\272"
 243      1347596E 
 243      5CF901AD 
 243      DDBDFABA 
 244 02ef F1D9DDB2 		.ascii	"\361\331\335\262\274'|x\274\202\340\030\310\264\211"
 244      BC277C78 
 244      BC82E018 
 244      C8B489
 245 02fe D4819C54 		.ascii	"\324\201\234Tb\351`N*\245%\255\344Y\360\356\350\274"
 245      62E9604E 
 245      2AA525AD 
 245      E459F0EE 
 245      E8BC
 246 0310 57CBCED9 		.ascii	"W\313\316\331\214\255\224\345DBc\342\35362g\202Yws\363"
 246      8CAD94E5 
 246      444263E2 
 246      EB363267 
 246      82597773 
 247 0325 2EC27DC4 		.ascii	".\302}\304a\274\2155'\317p\020/$\207\016~\365\206\177"
 247      61BC8D35 
 247      27CF7010 
 247      2F24870E 
 247      7EF5867F 
 248 0339 BB2C8722 		.ascii	"\273,\207\"\221\337R{\322\256uM]\220S\030\243\340IE"
 248      91DF527B 
 248      D2AE754D 
 248      5D905318 
ARM GAS  /tmp/ccCCj83d.s 			page 19


 248      A3E04945 
 249 034d 11E18A14 		.ascii	"\021\341\212\024\367[c\367\275\3106T\260\267\203\016"
 249      F75B63F7 
 249      BDC83654 
 249      B0B7830E 
 250 035d 80E24EB9 		.ascii	"\200\342N\271v\374\204k\207\212\023D\034\377\371\321"
 250      76FC846B 
 250      878A1344 
 250      1CFFF9D1 
 251 036d 1F6CDC4E 		.ascii	"\037l\334N\005\347n\353\027\367\211B\243r\022\215N\215"
 251      05E76EEB 
 251      17F78942 
 251      A372128D 
 251      4E8D
 252 037f 86BA205D 		.ascii	"\206\272 ]\350\3367\3206l\210\251/\015\032\015\326\255"
 252      E8DE37D0 
 252      366C88A9 
 252      2F0D1A0D 
 252      D6AD
 253 0391 D497FE07 		.ascii	"\324\227\376\007\353\241\201\326\273\246\030k\012\035"
 253      EBA181D6 
 253      BBA6186B 
 253      0A1D
 254 039f B5EE51AD 		.ascii	"\265\356Q\255{\320\272\375\320'\357p\007\220\231\341"
 254      7BD0BAFD 
 254      D027EF70 
 254      079099E1 
 255 03af CAAEEABA 		.ascii	"\312\256\352\272YdnB\002_\216\247\332B\322\013}<\255"
 255      59646E42 
 255      025F8EA7 
 255      DA42D20B 
 255      7D3CAD
 256 03c2 92529EED 		.ascii	"\222R\236\355\240\177\360*}\001\3138\374?\3054\235\201"
 256      A07FF02A 
 256      7D01CB38 
 256      FC3FC534 
 256      9D81
 257 03d4 69A2AF18 		.ascii	"i\242\257\030\362\015\304\375\032\342B\250\201\255#"
 257      F20DC4FD 
 257      1AE242A8 
 257      81AD23
 258 03e3 FF32F2AA 		.ascii	"\3772\362\252u\301/Y\267\234\351?d\302C\333\217e+\016"
 258      75C12F59 
 258      B79CE93F 
 258      64C243DB 
 258      8F652B0E 
 259 03f7 062EF078 		.ascii	"\006.\360xj\377\212nw\004\267u\331p\373\024\335^\335"
 259      6AFF8A6E 
 259      7704B775 
 259      D970FB14 
 259      DD5EDD
 260 040a D87FCC40 		.ascii	"\330\177\314@\261e-i\253~\002\277G\364\337'\220>\005"
 260      B1652D69 
 260      AB7E02BF 
 260      47F4DF27 
 260      903E05
 261 041d 7C7DC977 		.ascii	"|}\311w\335\274~xh\242\337\201\371Y4?GGHqB\353\274p"
ARM GAS  /tmp/ccCCj83d.s 			page 20


 261      DDBC7E78 
 261      68A2DF81 
 261      F959343F 
 261      47474871 
 262 0435 8D4D6FFD 		.ascii	"\215Mo\375\355\317Y_+,\016s\\\225\322\354\312\222\015"
 262      EDCF595F 
 262      2B2C0E73 
 262      5C95D2EC 
 262      CA920D
 263 0448 A546AE4E 		.ascii	"\245F\256N\331\224\335\012vY\240\363\247\375\241\301"
 263      D994DD0A 
 263      7659A0F3 
 263      A7FDA1C1 
 264 0458 2BF90B9B 		.ascii	"+\371\013\233V\373\361\330#\375\320\237\3630Bp\310\351"
 264      56FBF1D8 
 264      23FDD09F 
 264      F3304270 
 264      C8E9
 265 046a 602FD0BA 		.ascii	"`/\320\272\223}\204e\310E\034\203\023\215\017Zy\256"
 265      937D8465 
 265      C8451C83 
 265      138D0F5A 
 265      79AE
 266 047c 45C1DA50 		.ascii	"E\301\332P\020:\305s]\\\314Y\222\024{[$Eo\213\366\353"
 266      103AC573 
 266      5D5CCC59 
 266      92147B5B 
 266      24456F8B 
 267 0492 F25E1B99 		.ascii	"\362^\033\231\313\253\347\304\300\342<\350\356UH#\024"
 267      CBABE7C4 
 267      C0E23CE8 
 267      EE554823 
 267      14
 268 04a3 FD4927A9 		.ascii	"\375I'\251\277\350\251o\224+\320\244$\365\200\270\014"
 268      BFE8A96F 
 268      942BD0A4 
 268      24F580B8 
 268      0C
 269 04b4 CA01AC24 		.ascii	"\312\001\254${\362qc\276q\332k\350\372\024N\352\251"
 269      7BF27163 
 269      BE71DA6B 
 269      E8FA144E 
 269      EAA9
 270 04c6 B22D9E9E 		.ascii	"\262-\236\236*\327\200\302\245(\205\253\332\251B_@&"
 270      2AD780C2 
 270      A52885AB 
 270      DAA9425F 
 270      4026
 271 04d8 C18107F7 		.ascii	"\301\201\007\367\2548\004\263ib\245g\257\215r\330t\026"
 271      AC3804B3 
 271      6962A567 
 271      AF8D72D8 
 271      7416
 272 04ea CFD3F535 		.ascii	"\317\323\3655\021\363\364M\277\2415\3759\354y\331`I"
 272      11F3F44D 
 272      BFA135FD 
 272      39EC79D9 
ARM GAS  /tmp/ccCCj83d.s 			page 21


 272      6049
 273 04fc A945EDA2 		.ascii	"\251E\355\242_\353\371\177\300z\020\255ob\027\321\007"
 273      5FEBF97F 
 273      C07A10AD 
 273      6F6217D1 
 273      07
 274 050d 37B4AC4D 		.ascii	"7\264\254MU\337\2301\372\313\024\340\307\275\241!\202"
 274      55DF9831 
 274      FACB14E0 
 274      C7BDA121 
 274      82
 275 051e D1CD745B 		.ascii	"\321\315t[\2706\020P&\320D\267\345\345\341\222\231\323"
 275      B8361050 
 275      26D044B7 
 275      E5E5E192 
 275      99D3
 276 0530 93B9AD91 		.ascii	"\223\271\255\221\031V&p8o\250\3124y\002\207\300\374"
 276      19562670 
 276      386FA8CA 
 276      34790287 
 276      C0FC
 277 0542 169ADF41 		.ascii	"\026\232\337A6\267\0256w\220Ms\351\376m\026\256O\351"
 277      36B71536 
 277      77904D73 
 277      E9FE6D16 
 277      AE4FE9
 278 0555 F881F391 		.ascii	"\370\201\363\221\013\034\\GM\325\325\035=\217\330\211"
 278      0B1C5C47 
 278      4DD5D51D 
 278      3D8FD889 
 279 0565 2BF435FC 		.ascii	"+\3645\374\306\010\353.\244\260v\246\214\340\205t\265"
 279      C608EB2E 
 279      A4B076A6 
 279      8CE08574 
 279      B5
 280 0576 7744E6B9 		.ascii	"wD\346\271|\003\242\354\033>>hQP\312j\016,\335\222'"
 280      7C03A2EC 
 280      1B3E3E68 
 280      5150CA6A 
 280      0E2CDD92 
 281 058b 97E361E4 		.ascii	"\227\343a\344\217C\230\273:\230\273\032\314=\204)\250"
 281      8F4398BB 
 281      3A98BB1A 
 281      CC3D8429 
 281      A8
 282 059c AA3E6EC1 		.ascii	"\252>n\301/\002\332A\345+\241\277v\374\366\254i?\244"
 282      2F02DA41 
 282      E52BA1BF 
 282      76FCF6AC 
 282      693FA4
 283 05af EEE3DD3A 		.ascii	"\356\343\335:\252}\020\214\2076\311\026\256Q\341\261"
 283      AA7D108C 
 283      8736C916 
 283      AE51E1B1 
 284 05bf FBC6F79B 		.ascii	"\373\306\367\233x\256S\331\014\267\215\327\032\001\232"
 284      78AE53D9 
 284      0CB78DD7 
ARM GAS  /tmp/ccCCj83d.s 			page 22


 284      1A019A
 285 05ce FC882141 		.ascii	"\374\210!A\223\267\265i\224 \315p}m\340wc\237\312M\371"
 285      93B7B569 
 285      9420CD70 
 285      7D6DE077 
 285      639FCA4D 
 286 05e3 F263C876 		.ascii	"\362c\310vu~\022\305%?hD\311\003\300\247[\205\353\030"
 286      757E12C5 
 286      253F6844 
 286      C903C0A7 
 286      5B85EB18 
 287 05f7 72AD3BB7 		.ascii	"r\255;\267e\207\225\373\330\210\350\343u%\017Y\005\253"
 287      658795FB 
 287      D888E8E3 
 287      75250F59 
 287      05AB
 288 0609 A3678F54 		.ascii	"\243g\217T8)\345\207\272\224\037j0\217\020\246\354\364"
 288      3829E587 
 288      BA941F6A 
 288      308F10A6 
 288      ECF4
 289 061b 851B06AE 		.ascii	"\205\033\006\256T\205\311;}\311\250Un\360\315\311\225"
 289      5485C93B 
 289      7DC9A855 
 289      6EF0CDC9 
 289      95
 290 062c 7BAC8379 		.ascii	"{\254\203y\254\301<!\211\014/JY\331\016\321\345q\371"
 290      ACC13C21 
 290      890C2F4A 
 290      59D90ED1 
 290      E571F9
 291 063f 4CAFBFF9 		.ascii	"L\257\277\371vb\032\363|J\212\220\346t\255t-K\027\262"
 291      76621AF3 
 291      7C4A8A90 
 291      E674AD74 
 291      2D4B17B2 
 292 0653 BC829495 		.ascii	"\274\202\224\225\231\231\345\201\225\333\265R\360fK"
 292      9999E581 
 292      95DBB552 
 292      F0664B
 293 0662 82E4CC74 		.ascii	"\202\344\314tdR\247\024\2111y]\377t\210\276\025\202"
 293      6452A714 
 293      8931795D 
 293      FF7488BE 
 293      1582
 294 0674 5BB06767 		.ascii	"[\260gg\316\027\336\223\244dX${\262<\216d\207}\245+"
 294      CE17DE93 
 294      A4645824 
 294      7BB23C8E 
 294      64877DA5 
 295 0689 39557C25 		.ascii	"9U|%y\376\013/\246~\220*P\0000\020b\014\204\324\224"
 295      79FE0B2F 
 295      A67E902A 
 295      50003010 
 295      620C84D4 
 296 069e 57521608 		.ascii	"WR\026\010.\217\344\316\311p\010^_F\206\343\335\024"
 296      2E8FE4CE 
ARM GAS  /tmp/ccCCj83d.s 			page 23


 296      C970085E 
 296      5F4686E3 
 296      DD14
 297 06b0 27F394E4 		.ascii	"'\363\224\344L\203\030\213\334\356,i\221\333\365\236"
 297      4C83188B 
 297      DCEE2C69 
 297      91DBF59E 
 298 06c0 C791B164 		.ascii	"\307\221\261d\316Ou\263\025\325\353\016_\272\317\356"
 298      CE4F75B3 
 298      15D5EB0E 
 298      5FBACFEE 
 299 06d0 CBF1FED5 		.ascii	"\313\361\376\325\234\343\362\370^\026}\026QTW\177\371"
 299      9CE3F2F8 
 299      5E167D16 
 299      5154577F 
 299      F9
 300 06e1 9FC8C592 		.ascii	"\237\310\305\222\322\350d\332%\247\313\343\020D e\317"
 300      D2E864DA 
 300      25A7CBE3 
 300      10442065 
 300      CF
 301 06f2 71FB445F 		.ascii	"q\373D_\356*\207\027\350\375\361\377\000\205\034\201"
 301      EE2A8717 
 301      E8FDF1FF 
 301      00851C81 
 302 0702 1980983D 		.ascii	"\031\200\230=\216\017}P\314\231\242\350t\330W\211+\355"
 302      8E0F7D50 
 302      CC99A2E8 
 302      74D85789 
 302      2BED
 303 0714 5E87289A 		.ascii	"^\207(\232\034\236\014PZU%\354D\321 9\355\331q\242\370"
 303      1C9E0C50 
 303      5A5525EC 
 303      44D12039 
 303      EDD971A2 
 304 0729 6E8E4712 		.ascii	"n\216G\022\305\231\332\"\345\245\324\027^\214\243y."
 304      C599DA22 
 304      E5A5D417 
 304      5E8CA379 
 304      2E
 305 073a 982FFA78 		.ascii	"\230/\372x%e\272\264H\316\364\\\357\237\263\244\367"
 305      2565BAB4 
 305      48CEF45C 
 305      EF9FB3A4 
 305      F7
 306 074b 9362BB99 		.ascii	"\223b\273\231\355\233\240!9\275\2714\025\313\252\254"
 306      ED9BA021 
 306      39BDB934 
 306      15CBAAAC 
 307 075b 6C9F0825 		.ascii	"l\237\010%}_\230\262\363\364\265WX\264bi\332\322\017"
 307      7D5F98B2 
 307      F3F4B557 
 307      58B46269 
 307      DAD20F
 308 076e C109C7E5 		.ascii	"\301\011\307\345\357\177\310\004O\340\341u\370\304\327"
 308      EF7FC804 
 308      4FE0E175 
ARM GAS  /tmp/ccCCj83d.s 			page 24


 308      F8C4D7
 309 077d 16A5FF69 		.ascii	"\026\245\377i\371\212%3\355\356\177\330s\2750Jn(\331"
 309      F98A2533 
 309      EDEE7FD8 
 309      73BD304A 
 309      6E28D9
 310 0790 8229B120 		.ascii	"\202)\261 _!mi\372\222\364(\213L\257\313+B\025\001o"
 310      5F216D69 
 310      FA92F428 
 310      8B4CAFCB 
 310      2B421501 
 311 07a5 06B27EDB 		.ascii	"\006\262~\333C\271\314@V9\270\376/\033\333`c"
 311      43B9CC40 
 311      5639B8FE 
 311      2F1BDB60 
 311      63
 312              		.text
 313              		.section	.gnu.lto_.symtab.db69fe45ea3376ab,"",%progbits
 314 0000 5F636F72 		.ascii	"_core_init\000\000\000\000\000\000\000\000\000\000\000"
 314      655F696E 
 314      69740000 
 314      00000000 
 314      00000000 
 315 0015 00AC0000 		.ascii	"\000\254\000\000\000chCoreAllocAlignedI\000\000\000"
 315      00636843 
 315      6F726541 
 315      6C6C6F63 
 315      416C6967 
 316 0030 00000000 		.ascii	"\000\000\000\000\000\000\000\000\000\266\000\000\000"
 316      00000000 
 316      00B60000 
 316      00
 317 003d 6368436F 		.ascii	"chCoreAllocAligned\000\000\000\000\000\000\000\000\000"
 317      7265416C 
 317      6C6F6341 
 317      6C69676E 
 317      65640000 
 318 0058 000000B8 		.ascii	"\000\000\000\270\000\000\000chCoreGetStatusX\000\000"
 318      00000063 
 318      68436F72 
 318      65476574 
 318      53746174 
 319 0071 00000000 		.ascii	"\000\000\000\000\000\000\000\000\000\000\273\000\000"
 319      00000000 
 319      0000BB00 
 319      00
 320 007e 005F5F68 		.ascii	"\000__heap_base__\000\000\002\000\000\000\000\000\000"
 320      6561705F 
 320      62617365 
 320      5F5F0000 
 320      02000000 
 321 0095 000000C9 		.ascii	"\000\000\000\311\000\000\000__heap_end__\000\000\002"
 321      0000005F 
 321      5F686561 
 321      705F656E 
 321      645F5F00 
 322 00ab 00000000 		.ascii	"\000\000\000\000\000\000\000\000\000\315\000\000\000"
ARM GAS  /tmp/ccCCj83d.s 			page 25


 322      00000000 
 322      00CD0000 
 322      00
 323              		.text
 324              		.section	.gnu.lto_.opts,"",%progbits
 325 0000 272D666E 		.ascii	"'-fno-trapv' '-mcpu=cortex-m4' '-mno-thumb-interwor"
 325      6F2D7472 
 325      61707627 
 325      20272D6D 
 325      6370753D 
 326 0033 6B272027 		.ascii	"k' '-mthumb' '-ggdb' '-O2' '-fomit-frame-pointer' '"
 326      2D6D7468 
 326      756D6227 
 326      20272D67 
 326      67646227 
 327 0066 2D66616C 		.ascii	"-falign-functions=16' '-ffunction-sections' '-fdata"
 327      69676E2D 
 327      66756E63 
 327      74696F6E 
 327      733D3136 
 328 0099 2D736563 		.ascii	"-sections' '-fno-common' '-flto'\000"
 328      74696F6E 
 328      73272027 
 328      2D666E6F 
 328      2D636F6D 
 329              		.text
 330              		.comm	__gnu_lto_v1,1,1
 331              		.comm	__gnu_lto_slim,1,1
 332              		.ident	"GCC: (GNU Tools for ARM Embedded Processors) 4.9.3 20141119 (release) [ARM/embedded-4_9-br
ARM GAS  /tmp/ccCCj83d.s 			page 26


DEFINED SYMBOLS
                            *ABS*:00000000 chmemcore.c
                            *COM*:00000001 __gnu_lto_v1
                            *COM*:00000001 __gnu_lto_slim

NO UNDEFINED SYMBOLS
