ARM GAS  /tmp/ccgX8QdY.s 			page 1


   1              		.syntax unified
   2              		.cpu cortex-m4
   3              		.fpu softvfp
   4              		.eabi_attribute 20, 1
   5              		.eabi_attribute 21, 1
   6              		.eabi_attribute 23, 3
   7              		.eabi_attribute 24, 1
   8              		.eabi_attribute 25, 1
   9              		.eabi_attribute 26, 1
  10              		.eabi_attribute 30, 2
  11              		.eabi_attribute 34, 1
  12              		.eabi_attribute 18, 4
  13              		.thumb
  14              		.file	"chmsg.c"
  15              		.text
  16              	.Ltext0:
  17              		.section	.gnu.lto_.profile.43237e944b10734a,"",%progbits
  18 0000 789C6366 		.ascii	"x\234cf```a\200\000F\006?u\000\0017\000~"
  18      60606061 
  18      80004606 
  18      3F750001 
  18      37007E
  19              		.text
  20              		.section	.gnu.lto_.jmpfuncs.43237e944b10734a,"",%progbits
  21 0000 789C6366 		.ascii	"x\234cf\300\016\002\24043\003\023##s}=#\323G&\306\357"
  21      C00E02A0 
  21      34330313 
  21      2323737D 
  21      3D23D347 
  22 0017 AD1F3AB9 		.ascii	"\255\037:\271^0\375db\340a`\\\316(\305\300\310\\\016"
  22      5E30FD64 
  22      62E06160 
  22      5CCE28C5 
  22      C0C85C0E 
  23 002b 54C3C4C0 		.ascii	"T\303\304\300\000\226\336\270\360\366wf\2604\037\003"
  23      0096DEB8 
  23      F0F67766 
  23      B0341F03 
  24 003b E30AA034 		.ascii	"\343\012\24043H/##\023X\025s9#\220\004\000\015z\020"
  24      33482F23 
  24      23135815 
  24      73392390 
  24      04000D7A 
  25 0050 5B       		.ascii	"["
  26              		.text
  27              		.section	.gnu.lto_.inline.43237e944b10734a,"",%progbits
  28 0000 789C6366 		.ascii	"x\234cf\300\016b\24143\003\203\210\014##\003#\003\003"
  28      C00E62A1 
  28      34330383 
  28      880C2323 
  28      03230303 
  29 0014 93F88DCD 		.ascii	"\223\370\215\315\214\014\2347\314\230@\022L\334\014"
  29      8C0C9C37 
  29      CC984012 
  29      4CDC0C
  30 0023 40413039 		.ascii	"@A09\301\217\211A\220\037\310\2218\260\233\221\201m"
  30      C18F8941 
ARM GAS  /tmp/ccgX8QdY.s 			page 2


  30      901FC891 
  30      38B09B91 
  30      816D
  31 0035 813C9202 		.ascii	"\201<\222\002f\006\016\001\240\014\313\002y\270\004"
  31      66060E01 
  31      A00CCB02 
  31      79B804
  32 0044 330F5072 		.ascii	"3\017Pr\202\337\004?\006\000\341F\012R"
  32      82DF043F 
  32      0600E146 
  32      0A52
  33              		.text
  34              		.section	.gnu.lto_.pureconst.43237e944b10734a,"",%progbits
  35 0000 789C6366 		.ascii	"x\234cf```g\200\000f\006+&+f+\000\002\342\000\301"
  35      60606067 
  35      80006606 
  35      2B262B66 
  35      2B0002E2 
  36              		.text
  37              		.section	.gnu.lto_chMsgSend.43237e944b10734a,"",%progbits
  38 0000 789C9555 		.ascii	"x\234\225UmLSg\024~\317{o?(\345c\372g#.e#\304,\012]"
  38      6D4C5367 
  38      147ECF7B 
  38      6F3F28E5 
  38      63FA6723 
  39 001b E6922D59 		.ascii	"\346\222-Y2\267\370g\373A\226\310\366\333im\204\304"
  39      32B7F867 
  39      FB4196C8 
  39      F6DB696D 
  39      84C4
  40 002d 5A6CD168 		.ascii	"Zl\321h6\342-\326\271\217\2609\235N\206n\0225\272\351"
  40      36E22DD6 
  40      B98FB039 
  40      9D4E866E 
  40      1235BAE9 
  41 0041 64A022E0 		.ascii	"d\240\"\340\234\335\206\200(~\201\"\302\264*\037\242"
  41      9CDD8680 
  41      287E8122 
  41      C2B42A1F 
  41      A2
  42 0052 1281AA78 		.ascii	"\022\201\252x\343\260;\347\275\327\256-e\272&p\357}"
  42      E3B03BE7 
  42      BDD7AE2D 
  42      65BA2670 
  42      EF7D
  43 0064 DF73CE73 		.ascii	"\337s\316s\316\363\234\367=\022\233\370\233\205\177"
  43      CEF39CF7 
  43      3D129BF8 
  43      9B857F
  44 0073 1F2431A6 		.ascii	"\037$1\246\342\023\014\014\370\272S\214\371\314\234"
  44      E2130C0C 
  44      F8BA538C 
  44      F9CC9C
  45 0082 4B4D694C 		.ascii	"KMiL\261\310\255o2\305*\201\254-\313\000\364\302\200"
  45      B1C8AD6F 
  45      32C52A81 
  45      AC2DCB00 
ARM GAS  /tmp/ccgX8QdY.s 			page 3


  45      F4C280
  46 0095 ADE2920C 		.ascii	"\255\342\222\014\253`\220\217p\250\337w\267-\371\006"
  46      AB60908F 
  46      70A8DF77 
  46      B72DF906 
  47 00a5 5739CB64 		.ascii	"W9\313d\370\331\260\276e\263\221>A\246\317\356u\341"
  47      F8D9B0BE 
  47      65B3913E 
  47      41A6CFEE 
  47      75E1
  48 00b7 9BA9D377 		.ascii	"\233\251\323w*\2122<z\260\307\272\346\035\225s\026\342"
  48      2A8A323C 
  48      7AB0C7BA 
  48      E61D9573 
  48      16E2
  49 00c9 0C764106 		.ascii	"\014vA\006\354\206\014\012\367#LGK_\240\254#E\312\004"
  49      EC860C0A 
  49      F7234C47 
  49      4B5FA0AC 
  49      2345CA04 
  50 00dd F26AACBA 		.ascii	"\362j\254\272\240\232\263\267+Ji\340p\215\362\226\254"
  50      A09AB3B7 
  50      2B4A69E0 
  50      708DF296 
  50      AC
  51 00ee 72097E02 		.ascii	"r\011~\002)\332\017\227\030\354\201l\264\336uc\250N"
  51      29DA0F97 
  51      18EC816C 
  51      B4DE7563 
  51      A84E
  52 0100 92B284E7 		.ascii	"\222\262\204\347@E\257j%O%\320\246yr\330\033\357\211"
  52      4045AF6A 
  52      254F25D0 
  52      A67972D8 
  52      1BEF89
  53 0113 1F3F4336 		.ascii	"\037?C6\231\237iR\037\246J\323\205\353\272\301m;S\263"
  53      999F6952 
  53      1FA64AD3 
  53      85EBBAC1 
  53      6D3B53B3 
  54 0127 2A113458 		.ascii	"*\0214X\267\275\331\252\264(\376`8l#\354}\261\021\264"
  54      B7BDD9AA 
  54      B428FE60 
  54      386C23EC 
  54      7DB111B4 
  55 013b 1FBA8CF8 		.ascii	"\037\272\214\370\307;\223\215~DK\207*\310\032\347\214"
  55      C73B938D 
  55      7E444B87 
  55      2AC81AE7 
  55      8C
  56 014c 6AC3927E 		.ascii	"j\303\222~\001#\340\203\026\253\246\004\224p8\324Y\371"
  56      0123E083 
  56      16ABA604 
  56      947038D4 
  56      59F9
  57 015e C5EC2D7C 		.ascii	"\305\354-|*&\215k2\245o\000\312\302\004T\205\031\027"
  57      2A268D6B 
ARM GAS  /tmp/ccgX8QdY.s 			page 4


  57      32A56F00 
  57      CAC20454 
  57      851917
  58 0171 640BFE33 		.ascii	"d\013\3763\244h\271\261^\214Cl\367a\266\370\224.Aim"
  58      A468B9B1 
  58      5E8C436C 
  58      F761B6F8 
  58      942E4169 
  59 0186 75CF5989 		.ascii	"u\317Y\211B\217q\011\301\277o\377r\037/y\250|\252\230"
  59      428F7109 
  59      C1BF6FFF 
  59      721F2F79 
  59      A87CAA98 
  60 019a 556E1CE7 		.ascii	"Un\034\347 R\272\322{\372\254\231\3707\212\317\335>"
  60      2052BAD2 
  60      7BFAAC99 
  60      F8378ACF 
  60      DD3E
  61 01ac FF16D80A 		.ascii	"\377\026\330\012\025>\205\254LP\015%PC%\340\336\243"
  61      153E85AC 
  61      4C500D25 
  61      504325E0 
  61      DEA3
  62 01be BD5FD518 		.ascii	"\275_\325\030s\366\020W3Tn\206\375h8\312\365\322\216"
  62      73F61057 
  62      33546E86 
  62      FD6838CA 
  62      F5D28E
  63 01d1 1C3DF748 		.ascii	"\034=\367H\316\231A\325\037\200\234Q\212\316\340 \344"
  63      CE9941D5 
  63      1F809C51 
  63      8ACEE020 
  63      E4
  64 01e2 B00B50AA 		.ascii	"\260\013P\252\274!\012\304B0\023ZH'\217\320\036\345"
  64      BC210AC4 
  64      4230135A 
  64      48278FD0 
  64      1EE5
  65 01f4 1B499A21 		.ascii	"\033I\232!\270\274\325Q\271\323\"\270\034\036\354\350"
  65      B8BCD551 
  65      B9D322B8 
  65      1C1EECE8 
  66 0204 FF70FD6A 		.ascii	"\377p\375je\007\276\206g#\233IP\233\210M8\004Y\350x"
  66      6507BE86 
  66      67239B49 
  66      509B884D 
  66      380459E8 
  67 0219 B5ECDE7E 		.ascii	"\265\354\336~\240\364\2232\031\324\341n7\224^\333\260"
  67      A0F49332 
  67      19D4E16E 
  67      37945EDB 
  67      B0
  68 022a F6E4AB31 		.ascii	"\366\344\2531l\007\375n\301q\210C\254\014\301K\237\377"
  68      6C07FD6E 
  68      C1718843 
  68      AC0CC14B 
  68      9FFF
ARM GAS  /tmp/ccgX8QdY.s 			page 5


  69 023c 8D7D5C4F 		.ascii	"\215}\\O[<n\353\334`\033\020\012\203\006\332\226\342"
  69      5B3C6EEB 
  69      DC601B10 
  69      0A8306DA 
  69      96E2
  70 024e 04647018 		.ascii	"\004dp\030\2203\370\225\244\003v\010\210\314\333\017"
  70      9033F895 
  70      A4037608 
  70      88CCDB0F 
  71 025e 3648B616 		.ascii	"6H\266\026\330\252l\316T\271\205<6v?\364Ydd\011\216"
  71      D8AA6CCE 
  71      54B9853C 
  71      36763FF4 
  71      59646409 
  72 0273 804D30F5 		.ascii	"\200M0\365\335\232o\313\255\270\002\277\201,Rfp\024"
  72      DD9A6FCB 
  72      ADB802BF 
  72      812C5266 
  72      7014
  73 0285 64DC685D 		.ascii	"d\334h]\273\355\276l;\241{'\213~\273\335\324\220$\274"
  73      BBEDBE6C 
  73      3BA17B27 
  73      8B7EBBDD 
  73      D49024BC 
  74 0299 03E40DBF 		.ascii	"\003\344\015\277\343)Ae7\325\017V\274O\005E\013(\211"
  74      E3294165 
  74      37D50F56 
  74      BC4F0545 
  74      0B2889
  75 02ac E8071FFC 		.ascii	"\350\007\037\3740\224\242\011\0300\252\334\212\214\303"
  75      3094A209 
  75      1830AADC 
  75      8A8CC3
  76 02bb 1FBA805B 		.ascii	"\037\272\200[\356n\350J#\215R\340O\241\035\327\264\033"
  76      EE6EE84A 
  76      238D52E0 
  76      4FA11DD7 
  76      B41B
  77 02cd 2FBBB31D 		.ascii	"/\273\263\0354a\237\243\003\320H\002JD\3621\310\031"
  77      34619FA3 
  77      03D04802 
  77      4A44F231 
  77      C819
  78 02df E30682BC 		.ascii	"\343\006\202\274\277\366~\205Qk&s\024\014\010\010\323"
  78      BFF67E85 
  78      516B2673 
  78      140C0808 
  78      D3
  79 02f0 44885468 		.ascii	"D\210Th\022\020\262\006Q\273\367x{J\311G\330\265\320"
  79      1210B206 
  79      51BBF778 
  79      7B4AC947 
  79      D8B5D0
  80 0303 8C4DC1A0 		.ascii	"\214M\301\240\005J\260\023\270^\304\352:\337Q\253v\226"
  80      054AB013 
  80      B85EC4EA 
  80      3ADF51AB 
ARM GAS  /tmp/ccgX8QdY.s 			page 6


  80      7696
  81 0315 AAAE3B03 		.ascii	"\252\256;\003\376m\312\243p\030\022\034c]\374\343\221"
  81      FE6DCAA3 
  81      7018121C 
  81      635DFCE3 
  81      91
  82 0326 560A8C37 		.ascii	"V\012\2147\201\036\244\346pWk\262\324\016B\343;\327"
  82      811EA4E6 
  82      70576BB2 
  82      D40E42E3 
  82      3BD7
  83 0338 CBCE1813 		.ascii	"\313\316\030\023D\224\2415a\304\023\024\321,\310U;\367"
  83      4494A135 
  83      61C41314 
  83      D12CC855 
  83      3BF7
  84 034a D77F628B 		.ascii	"\327\177b\213m\206cw\236%\023\002\326;I\236\320\017"
  84      6D866377 
  84      9E251302 
  84      D63B499E 
  84      D00F
  85 035c 27453FB4 		.ascii	"'E?\264\211\\\242d0'T\201\330\036\256\032\030\265\032"
  85      895CA264 
  85      30275481 
  85      D81EAE1A 
  85      18B51A
  86 036f 88AB5382 		.ascii	"\210\253S\202+\203\026#V\221i\304\302iR\304\250m\303"
  86      2B831623 
  86      569169C4 
  86      C26952C4 
  86      A86DC3
  87 0382 191245A4 		.ascii	"\031\022E\244Z[\335_\276\011\010r\214S\007\015\215_"
  87      5A5BDD5F 
  87      BE090872 
  87      8C53070D 
  87      8D5F
  88 0394 BB25512F 		.ascii	"\273%Q/\3103)\312\345\256\221F)\222D*\351tVObw\250\274"
  88      C83329CA 
  88      E5AE9146 
  88      2992442A 
  88      E974564F 
  89 03ac C6A41DD7 		.ascii	"\306\244\035\327s\002\333\244\007oGu0\362\372J\333\377"
  89      7302DBA4 
  89      076F4775 
  89      30F2FA4A 
  89      DBFF
  90 03be A92420AA 		.ascii	"\251$ \252\350xB\025\347\251\212\307@\027\250\012\255"
  90      E8784215 
  90      E7A98AC7 
  90      4017A80A 
  90      AD
  91 03cf 9B47FACB 		.ascii	"\233G\372\313?\236\014MN\204\366\022\241uN\216\366:"
  91      3F9E0C4D 
  91      4E84F612 
  91      A1754E8E 
  91      F63A
  92 03e1 A15D8CE6 		.ascii	"\241]\214\346\254\213\320$\201V=\020A{\"A\"\232\221"
ARM GAS  /tmp/ccgX8QdY.s 			page 7


  92      AC8BD024 
  92      81563D10 
  92      417B2241 
  92      229A91
  93 03f4 A25D8A61 		.ascii	"\242]\212a\251;\022\256\266^\255xE;\027\226\2479\027"
  93      A93B12AE 
  93      B65EAD78 
  93      453B1796 
  93      A73917
  94 0407 69D02322 		.ascii	"i\320#\"\231\251\351\376B\262\317\203\377\342\352\214"
  94      99A9E9FE 
  94      42B2CF83 
  94      FFE2EA8C 
  95 0417 7F235457 		.ascii	"\177#TWv\217\011\015\015\251\014.\353\015\332\207`M"
  95      768F090D 
  95      0DA90C2E 
  95      EB0DDA87 
  95      604D
  96 0429 69520FF8 		.ascii	"iR\017\370\003_7\213C\303\342o\364\364\020r\301\340"
  96      035F378B 
  96      43C3E26F 
  96      F4F41072 
  96      C1E0
  97 043b 0A9E2B04 		.ascii	"\012\236+\004V\3713\302M\026\303\200\37466CB\277)!\272"
  97      56F933C2 
  97      4D16C380 
  97      FC363643 
  97      42BF2921 
  98 0450 FA21887E 		.ascii	"\372!\210~\2705\266f\3703\213@\2672\270\012\031*\237"
  98      B835B666 
  98      F8338B40 
  98      B732B80A 
  98      192A9F
  99 0463 2AAA1CE9 		.ascii	"*\252\034\351[\252\245\230\022w\307L\233\374\216\271"
  99      5BAAA598 
  99      1277C74C 
  99      9BFC8EB9 
 100 0473 36C91D63 		.ascii	"6\311\035c\243;\346:\251\223D$\364\352C\"M\014\011\034"
 100      A33BE63A 
 100      A9934424 
 100      F4EA4322 
 100      4D0C091C 
 101 0487 66081219 		.ascii	"f\010\022\031\022\321\203\341\300\300S\015\206>1\030"
 101      12D183E1 
 101      C0C0530D 
 101      863E3118 
 102 0497 22D72262 		.ascii	"\"\327\"b@\377\344\203\301\253\037g\323\204\343<\000"
 102      40FFE483 
 102      C1AB1F67 
 102      D384E33C 
 102      00
 103 04a8 46163F2D 		.ascii	"F\026?-ZO\243\3707\310\336\034?-\356\235\002\202f0\230"
 103      5A4FA3F8 
 103      37C8DE1C 
 103      3F2DEE9D 
 103      02826630 
 104 04bd 785ADC14 		.ascii	"xZ\334\024\267\303\255\250i\261c(\330`|<\010\372\305"
ARM GAS  /tmp/ccgX8QdY.s 			page 8


 104      B7C3ADA8 
 104      69B16328 
 104      D8607C3C 
 104      08FAC5
 105 04d0 20B82D06 		.ascii	" \270-\006A\374\255?\204\267\376e\360\005\033\275\272"
 105      41FCAD3F 
 105      84B7FE65 
 105      F0051BBD 
 105      BA
 106 04e1 068CE63D 		.ascii	"\006\214\346=\220\264h\364|n\256}NA\341\202\302\367"
 106      90B468F4 
 106      7C6EAE7D 
 106      4E41E182 
 106      C2F7
 107 04f3 F2ED6EAF 		.ascii	"\362\355n\257\335Sl\367z\034vG\201\313\273(\327\301"
 107      DD536CF7 
 107      7A1C7647 
 107      81CBBB28 
 107      D7C1
 108 0505 78719184 		.ascii	"xq\221\204o\222\243\270\310\260|\376\342eN{\254\271"
 108      6F92A3B8 
 108      C8B07CFE 
 108      E2654E7B 
 108      ACB9
 109 0517 C3ED72B9 		.ascii	"\303\355r\271\227\330\213\334\236b\257\375\355\271y"
 109      97D88BDC 
 109      9E62AFFD 
 109      EDB979
 110 0526 73F256A0 		.ascii	"s\362V\240\257\303\355q\316[\376\232+\267\200\315Jh"
 110      AFC3ED71 
 110      CE5BFE9A 
 110      2BB780CD 
 110      4A68
 111 0538 EF5C516C 		.ascii	"\357\\Ql\237\223\227\377n\276\275p\211c\361\262\205"
 111      9F9397FF 
 111      6EBEBD70 
 111      8963F1B2 
 111      85
 112 0549 4EBBC3E5 		.ascii	"N\273\303\345-\364\316[\344p\240\317\013\023R\212X\025"
 112      2DF4CE5B 
 112      E470A0CF 
 112      0B13528A 
 112      5815
 113 055b 78577AD1 		.ascii	"xWz\321\"=/\177n\346\202\371^g\221\247pff\366\313\214"
 113      223D2F7F 
 113      6EE682F9 
 113      5E6791A7 
 113      706666F6 
 114 0571 7B98C9E5 		.ascii	"{\230\311\345t\271=+\231T\274\264\350\305\377\212\340"
 114      74B93D2B 
 114      9954BCB4 
 114      E8C5FF8A 
 114      E0
 115 0582 28588821 		.ascii	"(X\210!\376\001\356\032\240W"
 115      FE01EE1A 
 115      A057
 116              		.text
ARM GAS  /tmp/ccgX8QdY.s 			page 9


 117              		.section	.gnu.lto_chMsgWait.43237e944b10734a,"",%progbits
 118 0000 789C8D56 		.ascii	"x\234\215VmLSg\024~\317\373^n\201\026$\333\037c\\`#"
 118      6D4C5367 
 118      147ECFFB 
 118      5E6E8116 
 118      24DB1F63 
 119 0017 8B3FB094 		.ascii	"\213?\260\224d&[\262\030\263\370c[2\262D\376\354\237"
 119      64265BB2 
 119      18B3F863 
 119      5B32B244 
 119      FEEC9F
 120 002a D34A0443 		.ascii	"\323J\004C\205\265h\364\207\363\026\273i\226\260-\352"
 120      85B568F4 
 120      87F316BB 
 120      6996B02D 
 120      EA
 121 003b 36983AF1 		.ascii	"6\230:\361+c\323\351\000u\002cv\023\001Q\024\024\301"
 121      2B63D3E9 
 121      00750263 
 121      76130151 
 121      1414C1
 122 004e 8A93A2A2 		.ascii	"\212\223\242\242\"\240`Am\034v\347\274\367\302\350\207"
 122      22A06041 
 122      6D1C76E7 
 122      BCF7C2E8 
 122      87
 123 005f 8E26BDF4 		.ascii	"\216&\275\364\336\363\361\234\363\234\347\276\007\301"
 123      DEF3F19C 
 123      F39CE7BE 
 123      07C1
 124 006d A23F0BF0 		.ascii	"\242?\013\360\373n\002c/\003c\020\307\200\177}\2361"
 124      FB6E0263 
 124      2F036310 
 124      C7807F7D 
 124      9E31
 125 007f 773CE762 		.ascii	"w<\347b\334\304\264DeG\023c\232E\200\242?W\000\350\007"
 125      DCC4B444 
 125      65471363 
 125      9A4580A2 
 125      3F5700E8 
 126 0094 03B6910B 		.ascii	"\003\266\221\013\0056\302\000\037\345P{x\254\315|\227"
 126      0536C200 
 126      1FE5507B 
 126      78ACCD7C 
 126      97
 127 00a5 07394B63 		.ascii	"\0079Kcx[\267\265\245L\245[P\350\266\273\253\254;a\336"
 127      785BB7B5 
 127      A54CA55B 
 127      50E8B6BB 
 127      ABAC3B61 
 128 00ba 014D2B19 		.ascii	"\001M+\031y\330PP\276\275\002-\234\0058\203\037a\016"
 128      79D85050 
 128      BEBD022D 
 128      9C053883 
 128      1F610E
 129 00cd 54C21CCA 		.ascii	"T\302\034\312\367\023\314#_\267\267\2643I\244\001\375"
 129      F713CC23 
ARM GAS  /tmp/ccgX8QdY.s 			page 10


 129      5FB7B7B4 
 129      3349A401 
 129      FD
 130 00de DE74C27D 		.ascii	"\336t\302}\322\222\276\007\343\374O\3665[\264\026\315"
 130      D292BE07 
 130      E3FC4FF6 
 130      355BB416 
 130      CD
 131 00ef E30F8552 		.ascii	"\343\017\205R1\030~\006\021\036O\037\014\031\365Lt\233"
 131      31187E06 
 131      111E4F1F 
 131      0C19F54C 
 131      749B
 132 0101 558FA669 		.ascii	"U\217\246i)p\020\322\011\004s\037\002\225\272\243'G"
 132      297010D2 
 132      0904731F 
 132      0295BAA3 
 132      2747
 133 0113 5EF26AA1 		.ascii	"^\362j\241P\340q\325f[%O\021\014\223)tQ\351b\302\213"
 133      50E071D5 
 133      665B254F 
 133      110C9329 
 133      7451E962 
 134 0129 48A48B99 		.ascii	"H\244\213\231\221\263\205\0362v\013\277\324t?\336\340"
 134      91B3851E 
 134      32760BBF 
 134      D4743FDE 
 134      E0
 135 013a 5FD10525 		.ascii	"_\321\005%)\004\0268\250m\027\"]\326:\330\271\347@\242"
 135      29041638 
 135      A86D1722 
 135      5DD63AD8 
 135      B9E740A2 
 136 014e AC75C4D7 		.ascii	"\254u\304\327y\373\343\255\233\264\375\3703\264\010"
 136      79FBE3AD 
 136      9BB4FDF8 
 136      33B408
 137 015d AB55E097 		.ascii	"\253U\340\227X\325\302aH\307\300\276\322\361\032 \256"
 137      58D5C261 
 137      48C7C0BE 
 137      D2F11A20 
 137      AE
 138 016e 94340647 		.ascii	"\2244\006G\320\332\003%7\002\237\237[\020\326\215\277"
 138      D0DA0325 
 138      37029F9F 
 138      5B10D68D 
 138      BF
 139 017f F153D946 		.ascii	"\361S\331F\200Cx\233\376\272/\376\301\251\375J&\036"
 139      8043789B 
 139      FEBA2FFE 
 139      C1A9FD4A 
 139      261E
 140 0191 61AA1E68 		.ascii	"a\252\036h\003BaPEf\021A\020\203jP\261\216\032b\007"
 140      03426150 
 140      45661141 
 140      10836A50 
 140      B18E1A62 
ARM GAS  /tmp/ccgX8QdY.s 			page 11


 141 01a6 D8114073 		.ascii	"\330\021@s\357\320\223m\"\325\013\273\264\262\264 \217"
 141      EFD0936D 
 141      22D50BBB 
 141      B4B2B420 
 141      8F
 142 01b7 A3886F7A 		.ascii	"\243\210oz\236\272\023\025\244\000\216B\252$\371\373"
 142      9EBA1315 
 142      A4008E42 
 142      AA24F9FB 
 143 01c7 CFBE2BB7 		.ascii	"\317\276+\267\340\0238\006\212,\231\301qP\320\320\272"
 143      E0133806 
 143      8A2C99C1 
 143      7150D0D0 
 143      BA
 144 01d8 B9E29192 		.ascii	"\271\342\221\222z\312\210V\311\267}\250\251.AF\377F"
 144      7ACA8856 
 144      C9B77DA8 
 144      A92E4146 
 144      FF46
 145 01ea D1700225 		.ascii	"\321p\002%q\025J\216\327\372vgQC\2179\005\376p\351\313"
 145      71154A8E 
 145      D7FA7667 
 145      51438F39 
 145      05FE70E9 
 146 01ff C37CC353 		.ascii	"\303|\303Sm\213\026\037\344\246\011\256\017\263\367"
 146      6D8B161F 
 146      E4A609AE 
 146      0FB3F7
 147 020e D6858E78 		.ascii	"\326\205\216x\242\306$o+\335\236\235\260\013v\2705\362"
 147      A2C6246F 
 147      2BDD9E9D 
 147      B00B76B8 
 147      35F2
 148 0220 8A875AD8 		.ascii	"\212\207Z\330\000u\204\216\266g\207\276\252V\255\007"
 148      0075848E 
 148      B66787BE 
 148      AA56AD07 
 149 0230 B12DEF5B 		.ascii	"\261-\357[A\236\000\365\350\370\220\033\242h8y\361\231"
 149      419E00F5 
 149      E8F8901B 
 149      A2683879 
 149      F199
 150 0242 A21B6793 		.ascii	"\242\033g\223x~\007\353C\344\021\253i\000+\353\002N"
 150      787E07EB 
 150      43E411AB 
 150      69002BEB 
 150      024E
 151 0254 8584EBED 		.ascii	"\205\204\353\355\301\315\246\377\327\033\374\001\351"
 151      C1CDA6FF 
 151      D71BFC01 
 151      E9
 152 0261 58BFEC27 		.ascii	"X\277\354'\330Vsl\014\302\371\357\177\346\005\3621&"
 152      D856736C 
 152      0CC2F9EF 
 152      7FE605F2 
 152      3126
 153 0273 A744F17F 		.ascii	"\247D\361\177R\362\357%\026\304\364~\271,\373\330\223"
ARM GAS  /tmp/ccgX8QdY.s 			page 12


 153      52F2EF25 
 153      16C4F47E 
 153      B92CFBD8 
 153      93
 154 0284 DDC34953 		.ascii	"\335\303IS\375&\"\022\374i\264\273sl\233o\226\354hd"
 154      FD262212 
 154      FC69B4BB 
 154      736C9B6F 
 154      96EC6864 
 155 0298 C79D7B1F 		.ascii	"\307\235{\037a\210\031\376\222-s=+\372L\224>\330\007"
 155      618819FE 
 155      922D733D 
 155      2BFA4C94 
 155      3ED807
 156 02ab 7AD70BA9 		.ascii	"z\327\013\251\205S\324\265\320\315\320\210\215c\331"
 156      8553D4B5 
 156      D0CDD088 
 156      8D63D9
 157 02ba 8F3677AA 		.ascii	"\2176w\252:~\342L\001\275\016\002;\035\001v\374\320"
 157      3A7EE24C 
 157      01BD0E02 
 157      3B1D0176 
 157      FCD0
 158 02cc 994B4938 		.ascii	"\231KI8@\264\257\302\327\007\232\300\252\0035\303\006"
 158      40B4AFC2 
 158      D7079AC0 
 158      AA0335C3 
 158      06
 159 02dd 76193C57 		.ascii	"v\031<WN\235\235X\246\317[ \230\244\257\037\253\031"
 159      4E9D9D58 
 159      A6CF5B20 
 159      98A4AF1F 
 159      AB19
 160 02ef 37896BE0 		.ascii	"7\211k\340\361\006\233\345\014X\244\024,\001\324 \203"
 160      F1069BE5 
 160      0C58A414 
 160      2C01D420 
 160      83
 161 0300 164C82A6 		.ascii	"\026L\202\246\252==\217\005\361\223\224\314\340\014"
 161      AA3D3D8F 
 161      05F19394 
 161      CCE00C
 162 030f CC09F264 		.ascii	"\314\011\362d\231F\221o%M\241*Te\322Q\324\347\252*R"
 162      9946916F 
 162      254DA12A 
 162      5465D251 
 162      D4E7AA2A 
 163 0324 46AD5132 		.ascii	"F\255Q2\312 \005\235\215VP\006\321xnJ<m\223\0346\202"
 163      CA20059D 
 163      8D565006 
 163      D1786E4A 
 163      3C6D931C 
 164 033a 8E690AE7 		.ascii	"\216i\012\347\320\373\236$Q\215 1\203\370;o\360\307"
 164      D0FB9E24 
 164      518D2031 
 164      83F83B6F 
 164      F0C7
ARM GAS  /tmp/ccgX8QdY.s 			page 13


 165 034c 22C89B4D 		.ascii	"\"\310\233M\344]\300\304\014\332\261\351\377\264Y]\357"
 165      E45DC0C4 
 165      0CDAB1E9 
 165      FFB4595D 
 165      EF
 166 035d 6B358B61 		.ascii	"k5\213a\220\257\377\203\233\245\355j,\241\012\350\210"
 166      90AFFF83 
 166      9BA5ED6A 
 166      2CA10AE8 
 166      88
 167 036e 29D48B24 		.ascii	")\324\213$T\223.\324\261}\365M\311aj\327\312\265\012"
 167      54932ED4 
 167      B17DF54D 
 167      C9616AD7 
 167      CAB50A
 168 0381 BEC51B0A 		.ascii	"\276\305\033\012-\232\331\321\352?\035\312\242\224\206"
 168      2D9AD9D1 
 168      EA3F1DCA 
 168      A29486
 169 0390 AED5C883 		.ascii	"\256\325\310\203\367\022\231:\245\266/\023/f\264\017"
 169      F712993A 
 169      A5B62F13 
 169      2F66B40F 
 170 03a0 4FDC1894 		.ascii	"O\334\030\224\263\023\363\311\375\272o\264QL\015\301"
 170      B313F3C9 
 170      FDBA6FB4 
 170      514C0DC1 
 171 03b0 4C2C7519 		.ascii	"L,u\031,U\006\312\253M\272\266\007\232\037Y\254TS\267"
 171      2C5506CA 
 171      AB4DBAB6 
 171      079A1F59 
 171      AC5453B7 
 172 03c4 A44BE859 		.ascii	"\244K\350Y\341\212|kK\264\267)=\241!\204\354\255\352"
 172      E18A7C6B 
 172      4BB4B729 
 172      3DA12184 
 172      ECADEA
 173 03d7 7E7919E8 		.ascii	"~y\031\350\230\226Xz6\307\322\363B\232\207O\002(:@\370"
 173      9896587A 
 173      36C7D2F3 
 173      429A874F 
 173      02283A40 
 174 03ec CBF30115 		.ascii	"\313\363\001\025p\325xy$~\217>\370\255}s\011k\246\335"
 174      70D57879 
 174      247E8F3E 
 174      F8AD7D73 
 174      096BA6DD 
 175 0400 78554A74 		.ascii	"xUJt-\254\223\277\301\212\245R\262oG\357\227;\215tQ"
 175      2DAC93BF 
 175      C18AA552 
 175      B26F47EF 
 175      973B8D74 
 176 0415 755B62D5 		.ascii	"u[b\325=\227\352\276\376\374\272\245Z{\251\3568\003"
 176      3D97EABE 
 176      FEFCBAA5 
 176      5A7BA9EE 
 176      3803
ARM GAS  /tmp/ccgX8QdY.s 			page 14


 177 0427 CD4F6826 		.ascii	"\315Oh&\242NN\220\266\"\355H\202\037\031\011u\010Cj"
 177      A24E4E90 
 177      B622ED48 
 177      821F1909 
 177      7508436A 
 178 043b D3251C17 		.ascii	"\323%\034\027\2237L=\013\372$\264J\362\272\001V\264"
 178      93374C3D 
 178      0BFA24B4 
 178      4AF2BA01 
 178      56B4
 179 044d 0D555734 		.ascii	"\015UW4\311\343+)\211\301M\014\230\334\223\323w\343"
 179      C9E32B29 
 179      89C14D0C 
 179      98DC93D3 
 179      77E3
 180 045f D13B33DA 		.ascii	"\321;3\332\215\267\344n\234:\020\025|\324\377\334\335"
 180      8DB7E46E 
 180      9C3A1015 
 180      7CD4FFDC 
 180      DD
 181 0470 E8D90B86 		.ascii	"\350\331\013\206\024MQG\354m\222a\304\306l\275\200d"
 181      144D5147 
 181      EC6D9261 
 181      C4C66CBD 
 181      8064
 182 0482 DC21FFF8 		.ascii	"\334!\377\370\310\2159~\036\010\233\301\335\330\033"
 182      C88D397E 
 182      1E089BC1 
 182      DDD81B
 183 0491 7340AAFA 		.ascii	"s@\252\372\336\264\215\271\177\330_\247N.\303~\271\014"
 183      DEB48DB9 
 183      7FD85FA7 
 183      4E2EC37E 
 183      B90C
 184 04a3 07E5328C 		.ascii	"\007\3452\214\334|C\270\371\256\203\333\337\270\327"
 184      DC7C43B8 
 184      F9AE83DB 
 184      DFB8D7
 185 04b2 382ECC8C 		.ascii	"8.\314\214\376\265\000:\274\320\353\225\314L\333\342"
 185      FEB5003A 
 185      BCD0EB95 
 185      CC4CDBE2 
 186 04c2 BCFCE5F9 		.ascii	"\274\374\345\371\037\346\330\012]6g\261\315\345\264"
 186      1FE6D80A 
 186      5D3667B1 
 186      CDE5B4
 187 04d1 DBEC790E 		.ascii	"\333\354y\016\327\312L;\343\305Eqk\227\025\254\311\265"
 187      D7CA4C3B 
 187      E3C54571 
 187      6B9715AC 
 187      C9B5
 188 04e3 85BBD90B 		.ascii	"\205\273\331\013\035\216\302\325\266\242Bg\261\313\366"
 188      1D8EC2D5 
 188      B6A24267 
 188      B1CBF6
 189 04f2 CE92ECC5 		.ascii	"\316\222\354\305\331\3530\306^\350\314]\272\366MGf\036"
 189      D9EB30C6 
ARM GAS  /tmp/ccgX8QdY.s 			page 15


 189      5EE8CC5D 
 189      BAF64D47 
 189      661E
 190 0504 7B23A67F 		.ascii	"{#\246\177\356\272b\333\342\354\234\367sl\371\253\355"
 190      EEBA62DB 
 190      E2EC9CF7 
 190      736CF9AB 
 190      ED
 191 0515 056B56E4 		.ascii	"\005kV\344\332\354\016W\276k\351J\273\035c^\215*e\312"
 191      DAEC0E57 
 191      BE6BE94A 
 191      BB1D635E 
 191      8D2A65CA 
 192 0529 2BCFB5DE 		.ascii	"+\317\265\336\205\036)\3319K\322\226/s\345\0269\363"
 192      851E29D9 
 192      394BD296 
 192      2F73E516 
 192      39F3
 193 053b E7A7BD9E 		.ascii	"\347\247\275\236\305\270\223\231\034\271\216B\347\372"
 193      C5B89399 
 193      1CB98E42 
 193      E7FA
 194 0549 17465333 		.ascii	"\027FS3yL\024\177R\364\332\2130\354y+\320\355_0\026"
 194      794C147F 
 194      52F4DA8B 
 194      30EC792B 
 194      D0ED5F30 
 195 055e B093     		.ascii	"\260\223"
 196              		.text
 197              		.section	.gnu.lto_chMsgRelease.43237e944b10734a,"",%progbits
 198 0000 789C8D53 		.ascii	"x\234\215SmHSQ\030>\357\271\327m6\003\351\227\010\261"
 198      6D485351 
 198      183EEFB9 
 198      D76D3603 
 198      E99708B1 
 199 0014 850CFF84 		.ascii	"\205\014\377\204\267(\350\247\205\277\372!\201\322o"
 199      B728E8A7 
 199      85BFFA21 
 199      81D26F
 200 0023 ABDB6803 		.ascii	"\253\333h\003\347dWC\177\210g:K\002C\254H\213BI\251"
 200      E7645743 
 200      7F88673A 
 200      4B0243AC 
 200      488B4249 
 201 0038 5C69A995 		.ascii	"\\i\251\225\256\017gY\211\244V\232\005Z\256X\251\224"
 201      AE0F6759 
 201      89A4569A 
 201      055AAE58 
 201      A994
 202 004a E0475A17 		.ascii	"\340GZ\027\223\365\236\353&mZ4\030\347\343}\236\363"
 202      93F59EEB 
 202      266D5A34 
 202      18E7E37D 
 202      9EF3
 203 005c 3EE739CF 		.ascii	">\3479\317\025\310\372_2\376\017\212\204\314\342\010"
 203      15C8FA5F 
 203      32FE0F8A 
ARM GAS  /tmp/ccgX8QdY.s 			page 16


 203      84CCE208 
 204 006c 02015A3D 		.ascii	"\002\001Z=H\210\333@\001\370\204\000)\245P\012\323t"
 204      4888DB40 
 204      01F88400 
 204      29A5500A 
 204      D374
 205 007e 8E42B5DF 		.ascii	"\216B\265\337[kLmb\214\315\316\017'U$\251\224\220\005"
 205      5B6B4C6D 
 205      628CCDCE 
 205      0F275524 
 205      A9949005 
 206 0092 BA7A0C5C 		.ascii	"\272z\014\\\205T\204\270\375U#\233\0053\020\234w\265"
 206      855484B8 
 206      FD55239B 
 206      0533109C 
 206      77B5
 207 00a4 7C1F304E 		.ascii	"|\0370NQ\225\202\231/}5}\265:\276\244\"_\366\266\216"
 207      51958299 
 207      2F7D357D 
 207      B53ABEA4 
 207      225FF6B6 
 208 00b9 AA06CB15 		.ascii	"\252\006\313\025\306\312\374\017\333\330^Q\245\002\\"
 208      C6CAFC0F 
 208      DBD85E51 
 208      A5025C
 209 00c8 0301CF83 		.ascii	"\003\001\317\203\353\220\014\315\220Lp\213\200\027,"
 209      EB900CCD 
 209      904C708B 
 209      80172C
 210 00d7 88BE3A35 		.ascii	"\210\276:5\323)\010)\332\271\223\027\203j\002g2\377"
 210      D3290829 
 210      DAB99317 
 210      836A0267 
 210      32FF
 211 00e9 D02A5384 		.ascii	"\320*S\204\033\261L\221\300M\260p\370\234g\345\255Q"
 211      1BB14C91 
 211      C04DB070 
 211      F89C67E5 
 211      AD51
 212 00fb E74178E2 		.ascii	"\347Ax\342JD0\264\200\016pl\335\342g\241\320\225\226"
 212      4A4430B4 
 212      800E706C 
 212      DDE267A1 
 212      D09596
 213 010e F137A25E 		.ascii	"\3617\242^\000\336K\004\215G\202\010\343\006|\246\224"
 213      00DE4B04 
 213      8D478208 
 213      E3067CA6 
 213      94
 214 011f 8FC22894 		.ascii	"\217\302(\224%\362\323\026\274\354\254 \244jB\276\216"
 214      25F2D316 
 214      BCECAC20 
 214      A46A42BE 
 214      8E
 215 0130 34346D4A 		.ascii	"44mJi\300+\314\276\037\371r\250\246\2345\3424\224nR"
 215      69C02BCC 
 215      BE1FF972 
ARM GAS  /tmp/ccgX8QdY.s 			page 17


 215      A8A69C35 
 215      E234946E 
 216 0145 691CB446 		.ascii	"i\034\264F+\012\273t\013R\220\370\261j\261\035\270\025"
 216      2B0ABB74 
 216      0B5290F8 
 216      B16AB11D 
 216      B815
 217 0157 716602B7 		.ascii	"qf\002\267\261:\006e\237\226O\274\330\035%7\320\330"
 217      B13A0665 
 217      9F964FBC 
 217      D81D2537 
 217      D0D8
 218 0169 0C9AD205 		.ascii	"\014\232\322\005\012\321\027\011\274>\365+\216@\033"
 218      0AD11709 
 218      BC3EF52B 
 218      8E401B
 219 0178 2FD19892 		.ascii	"/\321\230\222oz\000x\033\002\355\274,\304X@\240\003"
 219      6F7A0078 
 219      1B02EDBC 
 219      2CC45840 
 219      A003
 220 018a 7428E40E 		.ascii	"t(\344\0167\000H;`y\342\333\3173\202\251\027.\261Z\263"
 220      3700483B 
 220      6079E2DB 
 220      CF3382A9 
 220      172EB15A 
 221 019f 4A759C71 		.ascii	"Ju\234qnl\331\275ID\017\340.\230\010\337\271Pq\276."
 221      6E6CD9BD 
 221      49440FE0 
 221      2E9808DF 
 221      B95071BE 
 222 01b4 0177E01E 		.ascii	"\001w\340\036\210\232f\002\235 b\241\377d\375\222hz"
 222      889A6602 
 222      9D2062A1 
 222      FF64FD92 
 222      687A
 223 01c6 1E66EB39 		.ascii	"\036f\3539\366\345\267g\276x\215\335\305\331\340\003"
 223      F6E5B767 
 223      BE788DDD 
 223      C5D9E003 
 224 01d6 91440C2C 		.ascii	"\221D\014,\357tw'\254\2326?\374.\201\3651O \0242m\360"
 224      EF747727 
 224      AC9A363F 
 224      FC2E81F5 
 224      314F2014 
 225 01ed FC61CBEE 		.ascii	"\374a\313\356C\312\017\274F\204\377`\321\367\324\310"
 225      43CA0FBC 
 225      4684FF60 
 225      D1F7D4C8 
 226 01fd F98CD5B1 		.ascii	"\371\214\325\261zZ\351\017\205\3227H@\230\374\200\223"
 226      7A5AE90F 
 226      85D23748 
 226      4098FC80 
 226      93
 227 020e 45320E15 		.ascii	"E2\016\025\201\356\301\245\235\321V\005\233\201\003"
 227      81EEC1A5 
 227      9DD15605 
ARM GAS  /tmp/ccgX8QdY.s 			page 18


 227      9B8103
 228 021d 7887B0CF 		.ascii	"x\207\260\317\342:\267\036jn=\002\315\225\313\303\247"
 228      E23AB71E 
 228      6A6E3D02 
 228      CD95CBC3 
 228      A7
 229 022e 5B68C932 		.ascii	"[h\3112\253d\006\225\032\026\360\225y\031\272\241\204"
 229      AB640695 
 229      1A16F095 
 229      7919BAA1 
 229      84
 230 023f A0446CA4 		.ascii	"\240Dl\244\322\3705\241\177\246\243c\362\277\322\341"
 230      D2F835A1 
 230      7FA6A363 
 230      F2BFD2E1 
 231 024f D7D23111 		.ascii	"\327\3221\021\034ze\320\322\201[=\177M\207\307\033I"
 231      1C7A65D0 
 231      D2815B3D 
 231      7F4D87C7 
 231      1B49
 232 0261 876E9DEA 		.ascii	"\207n\235\352\307\\uLd\372\207P\352\023\216\327\307"
 232      C75C754C 
 232      64FA8750 
 232      EA138ED7 
 232      C7
 233 0272 46667110 		.ascii	"Ffq\020xo\002\275\033G\346\251f\302\263?\"\3238\023"
 233      786F02BD 
 233      1B47E6A9 
 233      66C2B33F 
 233      22D33813 
 234 0286 F0E92269 		.ascii	"\360\351\"i\350\321\322\360\\KC\354\323\367\341\323"
 234      E8D1D2F0 
 234      5C4B43EC 
 234      D3F7E1D3 
 235 0296 7F0077A0 		.ascii	"\177\000w\240\311\033\317\305\362k\0061\316\370I!fk"
 235      C91BCFC5 
 235      F26B0631 
 235      CEF84921 
 235      666B
 236 02a8 5A9A9461 		.ascii	"Z\232\224a\263\037\261\037\310\226\234\212\344*\220"
 236      B31FB11F 
 236      C8969C8A 
 236      E42A90
 237 02b7 14972CC9 		.ascii	"\024\227,\3116\207r,M&\264 _\300Y\334\361\303\271\205"
 237      3687722C 
 237      4D26B420 
 237      5FC059DC 
 237      F1C3B985 
 238 02cb 56291A2A 		.ascii	"V)\032*;\035\016g\236\224\357t\025(\322\276\254\314"
 238      3B1D0E67 
 238      9E94EF74 
 238      1528D2BE 
 238      ACCC
 239 02dd 8CCC22E4 		.ascii	"\214\314\"\344\311N\2275\347\370\036G\232\215\354\332"
 239      C94E9735 
 239      E7F81E47 
 239      9A8DECDA 
ARM GAS  /tmp/ccgX8QdY.s 			page 19


 240 02ed 106F2D2A 		.ascii	"\020o-*\22022\263\367gK\366<9\267\360\250U\222\035\212"
 240      903232B3 
 240      F7674BF6 
 240      3C39B7F0 
 240      A855921D 
 241 0302 5DC93926 		.ascii	"]\3119&\313\310\331\266N\316\032\312\246\024+\210H\314"
 241      CBC8D9B6 
 241      4ECE1ACA 
 241      A6142B88 
 241      48CC
 242 0314 CCCE321F 		.ascii	"\314\3162\0379\254X\363]\366\355f\313\016B]D\357\260"
 242      39AC58F3 
 242      5DF6ED66 
 242      CB0E425D 
 242      44EFB0
 243 0327 3A9CAEE2 		.ascii	":\234\256\342\177\262\371\205l\3447\253\324\321\036"
 243      7FB2F985 
 243      6CE437AB 
 243      D4D11E
 244              		.text
 245              		.section	.gnu.lto_.symbol_nodes.43237e944b10734a,"",%progbits
 246 0000 789C4DC8 		.ascii	"x\234M\310+\016\002A\024\005\321\272\357u\023\344\354"
 246      2B0E0241 
 246      1405D1BA 
 246      EF7513E4 
 246      EC
 247 0011 80A5DE11 		.ascii	"\200\245\336\021\243\010\202\025\020\304\254\005\022"
 247      A3088215 
 247      10C4AC05 
 247      12
 248 001e 047BC0A0 		.ascii	"\004{\300\240H\370\012\024\201\204\021]\356T\002+\246"
 248      48F80A14 
 248      8184115D 
 248      EE54022B 
 248      A6
 249 002f E22AC3FA 		.ascii	"\342*\303\372\0106\233\355\234\372\020\235\211\233\254"
 249      08369BED 
 249      9CFA109D 
 249      899BAC
 250 003e F6C75D8E 		.ascii	"\366\307]\216v\350%\347\177\320\367??\345\322\372-\327"
 250      76E825E7 
 250      7FD0F73F 
 250      3FE5D2FA 
 250      2DD7
 251 0050 C6496538 		.ascii	"\306Ie8\3543)\214\313\313\"\2430\354\316\312\2341\236"
 251      EC33298C 
 251      CBCB22A3 
 251      30ECCECA 
 251      9C319E
 252 0063 3EE20B19 		.ascii	">\342\013\031\373'\235"
 252      FB279D
 253              		.text
 254              		.section	.gnu.lto_.refs.43237e944b10734a,"",%progbits
 255 0000 789C6366 		.ascii	"x\234cf``\340c\200\000F bdbb`df`\344d\000\000\002\013"
 255      6060E063 
 255      80004620 
 255      62646262 
ARM GAS  /tmp/ccgX8QdY.s 			page 20


 255      60646660 
 256 001a 0027     		.ascii	"\000'"
 257              		.text
 258              		.section	.gnu.lto_.decls.43237e944b10734a,"",%progbits
 259 0000 789CB53A 		.ascii	"x\234\265:kPT\331\231}\356\351\246\0374`\306\031g\312"
 259      6B5054D9 
 259      997DEEE9 
 259      A61F3460 
 259      C61967CA 
 260 0014 CA260EC9 		.ascii	"\312&\016\311\222dw\034\234\211\231$[\233\232$f*5\233"
 260      9264771C 
 260      9C899924 
 260      5B9B9A24 
 260      662A359B 
 261 0028 CC8C3B66 		.ascii	"\314\214;f*\265\225\312\022\304V\330\341\225\356\366"
 261      2AB595CA 
 261      12C456D8 
 261      E195EEF6 
 262 0038 B57FB6E5 		.ascii	"\265\177\266\345%\242<\004\345\245@+ \357\207\370B@"
 262      25A23C04 
 262      E5A5402B 
 262      20EF87F8 
 262      4240
 263 004a 41471004 		.ascii	"AG\020\004\025\025\225\207B\213\250 \212\315\200\362"
 263      15159587 
 263      428BA820 
 263      8ACD80F2 
 264 005a 12D8EF9C 		.ascii	"\022\330\357\234so\337\333M7Z\265\265\224\237}\277{"
 264      736FDFDB 
 264      4D375AB5 
 264      B5949F7D 
 264      BF7B
 265 006c BFF3BDCF 		.ascii	"\277\363\275\317w\276s\356\3052\231\354\035N&\233\207"
 265      77BE73EE 
 265      C53299EC 
 265      1D4E269B 
 265      87
 266 007d BFB15532 		.ascii	"\277\261U2Y\201\233L&\207{k\001\020\3002\031\373\203"
 266      59819B4C 
 266      26877B6B 
 266      0110C032 
 266      19FB83
 267 0090 DB3213DC 		.ascii	"\3332\023\334\210\004\210\005\330\003\220\004\220\214"
 267      88048805 
 267      D8039004 
 267      908C
 268 009e 18DD0892 		.ascii	"\030\335\010\222\331\375\021\3327\341\327\023@\013p"
 268      D9FD11DA 
 268      37E1D713 
 268      400B70
 269 00ad 1CE03FE1 		.ascii	"\034\340?\341\3363\304xZ\341w\030 \037\340\"\340c\360"
 269      DE33C478 
 269      5AE17718 
 269      201FE022 
 269      E063F0
 270 00c0 3B09F047 		.ascii	";\011\360G\200\020\200\277\001,\001\230\002H\000\230"
 270      801080BF 
ARM GAS  /tmp/ccgX8QdY.s 			page 21


 270      012C0198 
 270      02480098 
 271 00d0 068803D0 		.ascii	"\006\210\003\320\000\355#\370=\004\360W\200\377\000"
 271      00ED23F8 
 271      3D04F057 
 271      80FF00
 272 00df F804E02B 		.ascii	"\370\004\340+\200 \200\377\006\370\034\340w\000j^\217"
 272      802080FF 
 272      06F81CE0 
 272      77006A5E 
 272      8F
 273 00f0 59807900 		.ascii	"Y\200y\000\005\330\251\341\230\336D\177-\\{\002\300"
 273      05D8A9E1 
 273      98DE447F 
 273      2D5C7B02 
 273      C0
 274 0101 3FD9DBDC 		.ascii	"?\331\333\334B\033\210\255K$6\010\372K\365\225\332\361"
 274      421B88AD 
 274      4B243608 
 274      FA4BF595 
 274      DAF1
 275 0113 475EEF69 		.ascii	"G^\357i\336\3068\336\006\245D\347Ox=\277\222\350\252"
 275      DEC638DE 
 275      06A544E7 
 275      4F783DBF 
 275      92E8AA
 276 0126 E66549F5 		.ascii	"\346eI\365\\\3011\035\177\310\211z:\363s,\357\223\265"
 276      5CC1311D 
 276      7FC8897A 
 276      3AF3732C 
 276      EF93B5
 277 0139 0E7A127F 		.ascii	"\016z\022\177K\365\374G\030\037\303\217U\361\343\244"
 277      4BF5FC47 
 277      181FC38F 
 277      55F1E3A4 
 278 0149 F27EC4B1 		.ascii	"\362~\304\261XJe\275\317\331\313\032\345\320\351\362"
 278      584A65BD 
 278      CFD9CB1A 
 278      E5D0E9F2 
 279 0159 F1CBEE83 		.ascii	"\361\313\356\203\034\362\324\254 hMrs\272\033\240Z\215"
 279      1CF2D4AC 
 279      20684D72 
 279      73BA1BA0 
 279      5A8D
 280 016b 9CA0C79B 		.ascii	"\234\240\307\233\372.{`\016\221\353\334\364{\035\232"
 280      FA2E7B60 
 280      0E91EBDC 
 280      F47B1D9A 
 281 017b F78A4D26 		.ascii	"\367\212M&S\254\251\241\001\211,j\037Et)\261\027%\232"
 281      53ACA9A1 
 281      01892C6A 
 281      1F457429 
 281      B117259A 
 282 018f 7CFCE809 		.ascii	"|\374\350\011\302o\323\353\362\273\337l\005Vn\032\030"
 282      C26FD3EB 
 282      F2BBDF6C 
 282      05566E1A 
ARM GAS  /tmp/ccgX8QdY.s 			page 22


 282      18
 283 01a0 629A24F9 		.ascii	"b\232$\371\210\376\007n\267\334\270\332\256\240\367"
 283      88FE076E 
 283      B7DCB8DA 
 283      AEA0F7
 284 01af C92D2550 		.ascii	"\311-%PrS\027\252+\334\220\306'\226P&E\232\324\315\236"
 284      725317AA 
 284      2BDC90C6 
 284      27965026 
 284      459AD4CD 
 285 01c4 32548096 		.ascii	"2T\200\226\243B\264\\\206*\221\017\020\243b\364\236"
 285      A342B45C 
 285      862A910F 
 285      10A362F4 
 285      9E
 286 01d5 0C95C1CD 		.ascii	"\014\225\301\315r\270\231\007\204\326\226\271{\310d"
 286      72B89907 
 286      84D696B9 
 286      7BC864
 287 01e4 92A30AA4 		.ascii	"\222\243\012\244A\245\010S\0120\324M#\250\306u\2358"
 287      41A50853 
 287      0A30D44D 
 287      23A8C675 
 287      9D38
 288 01f6 54E3897C 		.ascii	"T\343\211|4\224|$\362\366[\204\274\012\310KDr\030\315"
 288      34947C24 
 288      F2F65B84 
 288      BC0AC84B 
 288      447218CD 
 289 020a 7BDEA9F4 		.ascii	"{\336\251\364\243N\244\003\347\303\327\357\307!\201"
 289      A34EA403 
 289      E7C3D7EF 
 289      C72181
 290 0219 F34C7E7F 		.ascii	"\363L~\177`\244\351\327\3508p.\0229W-\316\371\230S\316"
 290      60A4E9D7 
 290      E838702E 
 290      1239572D 
 290      CEF99853 
 291 022e 28BF6162 		.ascii	"(\277ab7G#b\2461(\256\216\233Q\321\220\374\216\240E"
 291      37472362 
 291      A63128AE 
 291      8E9B51D1 
 291      90FC8EA0 
 292 0243 5565231C 		.ascii	"Ue#\034~\201\250\213\357\347\264>\364\302\363\014\251"
 292      7E81A88B 
 292      EFE7B43E 
 292      F4C2F30C 
 292      A9
 293 0254 CACD3FA9 		.ascii	"\312\315?\251\246\003\177M\320\274\375\251\245\012:"
 293      A6037F4D 
 293      D0BCFDA9 
 293      A50A3A
 294 0263 4E45D091 		.ascii	"NE\320\221\235i79\274\213\3052\263\245\307\013g\260"
 294      9D693739 
 294      BC8BC532 
 294      B3A5C70B 
 294      67B0
ARM GAS  /tmp/ccgX8QdY.s 			page 23


 295 0275 EB87B9E5 		.ascii	"\353\207\271\345\207=q1C\206\247\023\222T\270\202!\207"
 295      873D7131 
 295      4386A713 
 295      9254B882 
 295      2187
 296 0287 2B2647B5 		.ascii	"+&G\265\3708Cn%\016whq\015C\352\317N6i\360y\206\354"
 296      F838436E 
 296      250E7768 
 296      710D43EA 
 296      CF4E3669 
 297 029f 89B5B468 		.ascii	"\211\265\264hp+Cv\034\251\335\243\004\251\357jhn\364"
 297      702B4376 
 297      1CA9DDA3 
 297      04A9EF6A 
 297      686EF4
 298 02b2 1D98CA53 		.ascii	"\035\230\312SS\224\004\333\213x\256\371\241)W\210I{"
 298      539404DB 
 298      8B78AEF9 
 298      A1295788 
 298      497B
 299 02c4 8B5E859A 		.ascii	"\213^\205\232\300k\347E\257\275+:-b\241\323\032\301"
 299      C06BE745 
 299      AFBD2B3A 
 299      2D62A1D3 
 299      1AC1
 300 02d6 69EFF24E 		.ascii	"i\357\362N\373\006n^`\341h|y6J\3012\310\311\240f'\203"
 300      FB066E5E 
 300      60E1687C 
 300      79364AC1 
 300      32C8C9A0 
 301 02ed 584AE4A6 		.ascii	"XJ\344\246-#)q\021T8'\252\320\204\304\024\312\033\212"
 301      2D232971 
 301      11543827 
 301      AAD084C4 
 301      14CA1B8A 
 302 0301 2851D802 		.ascii	"(Q\330\002\035\315\002}\011\350\033D\372\213hQ\235["
 302      1DCD027D 
 302      09E81B44 
 302      FA8B6851 
 302      9D5B
 303 0313 9CEA8CDA 		.ascii	"\234\352\214\3323\307;\344\370\026\363[\341\203\031"
 303      33C73BE4 
 303      F816F35B 
 303      E18319
 304 0322 AB1AF730 		.ascii	"\253\032\3670\244\351\362\265\001\304R\200#\370\241"
 304      A4E9F2B5 
 304      01C45280 
 304      23F8A1
 305 0331 FB975ADD 		.ascii	"\373\227Z\335i(\177H\320\244\202\206&w<\310h\257\177"
 305      69287F48 
 305      D0A48286 
 305      26773CC8 
 305      68AF7F
 306 0344 7BDAA4C4 		.ascii	"{\332\244\304\343\024\341\342\257\365\315\311\221\217"
 306      E314E1E2 
 306      AFF5CDC9 
 306      918F
ARM GAS  /tmp/ccgX8QdY.s 			page 24


 307 0352 962A3B5B 		.ascii	"\226*;[2\266m\007({\035iQ\273\250\354\027Z\246k\234"
 307      32B66D07 
 307      287B1D69 
 307      51BBA8EC 
 307      175AA66B 
 308 0367 A82B5ABB 		.ascii	"\250+Z\273L\324\366\032h\373\205\226\247\006\001/LM"
 308      4CD4F61A 
 308      68FB8596 
 308      A706012F 
 308      4C4D
 309 0379 715EB808 		.ascii	"q^\270\010SiqcQ\347\264\270\224!\317\316\264dy\341\012"
 309      53697163 
 309      51E7B4B8 
 309      9421CFCE 
 309      B46479E1 
 310 038e 860C8E0E 		.ascii	"\206\014\216\016\336\362\304U\014Iy\334\320\357\211"
 310      DEF2C455 
 310      0C4979DC 
 310      D0EF89
 311 039d 4F30A4B5 		.ascii	"O0\244\265\177rLK\265_B\263\252\376~\244\026W\263g="
 311      7F724C4B 
 311      B55F42B3 
 311      AAFE7EA4 
 311      1657B367 
 312 03b2 4931856A 		.ascii	"I1\205j\\\313\220\214\211\266&/J\370\016AK\017e\234"
 312      5CCB908C 
 312      89B6262F 
 312      4AF80E41 
 312      4B0F659C 
 313 03c6 54E37AF6 		.ascii	"T\343z\366l\244\245\264\237\303\3370D(ZZZ\264\334\307"
 313      6CA4A5B4 
 313      9FC3DF30 
 313      44285A5A 
 313      5AB4DCC7 
 314 03da 8B6A0F69 		.ascii	"\213j\017i\2217\373[\352\355\343m\006\323\254\011\025"
 314      9137FB5B 
 314      EAEDE36D 
 314      06D3AC09 
 314      15
 315 03eb 13FF961C 		.ascii	"\023\377\226\034i\312{\207:\240\003\034\360\020-\025"
 315      69CA7B87 
 315      3AA0031C 
 315      F0102D15 
 316 03fb CDFCF172 		.ascii	"\315\374\361r\031\015\021\030I\310\315C%n\315\253(i"
 316      190D1118 
 316      49C8CD43 
 316      256ECDAB 
 316      2869
 317 040d 97236927 		.ascii	"\227#i'r\240}l\243\355v\244\355\241\264\377d#\355\263"
 317      72A07D6C 
 317      A3ED76A4 
 317      EDA1B4FF 
 317      6423EDB3 
 318 0421 91DE7224 		.ascii	"\221\336r$\255qd\333k\243\275\351\234Vd\373\304Fz\327"
 318      AD7164DB 
 318      6BA3BDE9 
 318      9C5664FB 
ARM GAS  /tmp/ccgX8QdY.s 			page 25


 318      C4467AD7 
 319 0435 91B4D781 		.ascii	"\221\264\327\201\364\216\215\364\206S\037P\312\275\264"
 319      F48E8DF4 
 319      86531F50 
 319      CABDB4
 320 0444 42994CBF 		.ascii	"B\231L\2776\312\320ex|\205<\276\312\323C*\240A\310\212"
 320      36CAD065 
 320      787C853C 
 320      BECAD343 
 320      2AA041C8 
 321 0459 07C81BF5 		.ascii	"\007\310\033\365\001\334\007\350\007\030\002\260\000"
 321      01DC07E8 
 321      071802B0 
 321      00
 322 0466 DC037804 		.ascii	"\334\003x\0040\200\274ifQ\261\3036\261w\234\373\210"
 322      3080BC69 
 322      6651B1C3 
 322      36B1779C 
 322      FB88
 323 0478 194E32D5 		.ascii	"\031N2\325rz\267\233\011\021\032\031\237v\374\037ad"
 323      727AB79B 
 323      09111A19 
 323      9F76FC1F 
 323      6164
 324 048a 192CB9A4 		.ascii	"\031,\271\2445\361\254n;\017\0155\001\362\342Qtl\236"
 324      35F1AC6E 
 324      3B0F0D35 
 324      01F2E251 
 324      746C9E
 325 049d 422B4D6C 		.ascii	"B+Ml)\261\014=FZ~\315:\\\231\025\255\301/h:\341\302"
 325      29B10C3D 
 325      465A7ECD 
 325      3A5C9915 
 325      ADC12F68 
 326 04b4 F6633390 		.ascii	"\366c3\220?K}h\336\314\266\036\331\316\362\006\310\321"
 326      3F4B7D68 
 326      DECCB61E 
 326      D9CEF206 
 326      C8D1
 327 04c6 30487CBA 		.ascii	"0H|\272\230\317\"\251\317l\217\333xz\342\263\021\360"
 327      98CF22A9 
 327      CF6C8FDB 
 327      787AE2B3 
 327      11F0
 328 04d8 D913DE27 		.ascii	"\331\023\336'\324\316\214hb\347\323\005v\202Bu\323\251"
 328      D4CE8C68 
 328      62E7D305 
 328      76824275 
 328      D3A9
 329 04ea BBD5788A 		.ascii	"\273\325x\212\345wf\341\375\0219\236e\310\330`\374\244"
 329      E57766E1 
 329      FD11399E 
 329      65C8D860 
 329      FCA4
 330 04fc 0647CA29 		.ascii	"\006G\312)\322\\\222\3657\274\213^\313\357\037\254<"
 330      D25C92F5 
 330      37BC8B5E 
ARM GAS  /tmp/ccgX8QdY.s 			page 26


 330      CBEF1FAC 
 330      3C
 331 050d E9857C96 		.ascii	"\351\205|\226/\247\265)\026f\372\013(K\337\",Y\341\323"
 331      2FA7B529 
 331      1666FA0B 
 331      284BDF22 
 331      2C59E1D3 
 332 0521 E1FEE4C7 		.ascii	"\341\376\344\307\344\001\\\252\350/\255Q\326d\023~G"
 332      E4015CAA 
 332      E82FAD51 
 332      D664137E 
 332      47
 333 0532 86DE5B8E 		.ascii	"\206\336[\216~\002J\217\201\242\344\221\014=\007;\306"
 333      7E024A8F 
 333      81A2E491 
 333      0C3D073B 
 333      C6
 334 0543 5979EA4F 		.ascii	"Yy\352O\031\335\245\320\360\324\261\257\242N\217K\217"
 334      19DDA5D0 
 334      F0D4B1AF 
 334      A24E8F4B 
 334      8F
 335 0554 D5DAB97E 		.ascii	"\325\332\271~\002\224\021]?is\375\334\335\3041\005N"
 335      0294115D 
 335      3F6973FD 
 335      DCDDC431 
 335      054E
 336 0566 60F69C19 		.ascii	"`\366\234\031J\252\325\340\024\206\354\263Vw\252q6C"
 336      4AAAD5E0 
 336      1486ECB3 
 336      5677AA71 
 336      3643
 337 0578 462F675D 		.ascii	"F/g]\360\304\005r\273U\305\233\255*S;wEi(:/\374\321"
 337      F0C40572 
 337      BB55C59B 
 337      AD2A533B 
 337      77456928 
 338 0590 F277297A 		.ascii	"\362w)zo\276VX\005\314\221\246\357\3548\372]\031:\015"
 338      6FBE5658 
 338      05CC91A6 
 338      EFEC38FA 
 338      5D193A0D 
 339 05a4 4A90F983 		.ascii	"J\220\371\203L\234\017\014aux\026n\316\331\032\211\027"
 339      4C9C0F0C 
 339      61757816 
 339      6ECED91A 
 339      8917
 340 05b6 4DDF25CB 		.ascii	"M\337%\313\300<\250\374R\254\224\336\342*p\367D\313"
 340      C03CA8FC 
 340      52AC94DE 
 340      E22A70F7 
 340      44CB
 341 05c8 ACC235E7 		.ascii	"\254\3025\347\010W\234Gr\263\351\002\263\203\323\240"
 341      08579C47 
 341      72B3E902 
 341      B383D3A0 
 342 05d8 1991F3BC 		.ascii	"\031\221\363\274d\201\311\030\353n^D\351(W\254gK&\326"
ARM GAS  /tmp/ccgX8QdY.s 			page 27


 342      6481C918 
 342      EB6E5E44 
 342      E92857AC 
 342      674B26D6 
 343 05ec 4640D023 		.ascii	"F@\320#\201\365\264\310\032$\331\222*n\256\277\315\335"
 343      81F5B4C8 
 343      1A24D992 
 343      2A6EAEBF 
 343      CDDD
 344 05fe 2E288458 		.ascii	".(\204X\014J4'\004\345b\372\215l\016W1o\277\234\215"
 344      0C4A3427 
 344      04E562FA 
 344      8D6C0E57 
 344      316FBF9C 
 345 0613 4AF3C2A7 		.ascii	"J\363\302\247\031\222v\255\363\224\034\237gH\\OQ\233"
 345      199276AD 
 345      F3941C9F 
 345      67485C4F 
 345      519B
 346 0625 125FB20F 		.ascii	"\022_\262\017\3122\026\224\204\326\314s\230\242,\030"
 346      CA321694 
 346      84D6CC73 
 346      98A22C18 
 347 0635 C9F7C7F3 		.ascii	"\311\367\307\363\221`\227}\276\305\203M\313x\233\342"
 347      9160977D 
 347      BEC5834D 
 347      CB789BE2 
 348 0645 B8E56837 		.ascii	"\270\345h7'\004b\332B;\272=\240\346.\316f\3232\321["
 348      270462DA 
 348      423BBA3D 
 348      A0E62ECE 
 348      66D332D1 
 349 065a 96DBF9FF 		.ascii	"\226\333\371\377\356\234i\242+\246#\271\255\264\357"
 349      EE9C69A2 
 349      2BA623B9 
 349      ADB4EF
 350 0669 4B00A6B1 		.ascii	"K\000\246\261\"\323=\234\204\353\241\211M\316\271\356"
 350      22D33D9C 
 350      84EBA189 
 350      4DCEB9EE 
 351 0679 75C57526 		.ascii	"u\305u&\277\357{\204k\022p\335)rM\220\270?*\357\305"
 351      BFEF7B84 
 351      6B1270DD 
 351      29724D90 
 351      B83F2AEF 
 352 068e AC1C7730 		.ascii	"\254\034w0o]\276\231\036\355\201\273)\302\335\234\215"
 352      6F5DBE99 
 352      1EED81BB 
 352      29C2DD9C 
 352      8D
 353 069f 59EA5CDE 		.ascii	"Y\352\\\336~\027\362\314/M&\225\014\355\003i)\316\245"
 353      7E17F2CC 
 353      2F4D2695 
 353      0CED0369 
 353      29CEA5
 354 06b2 E536645F 		.ascii	"\3456d_\222\343~&\355\340\316\361i9\036d\322\216\307"
 354      92E37E26 
ARM GAS  /tmp/ccgX8QdY.s 			page 28


 354      EDE0CEF1 
 354      69391E64 
 354      D28EC7
 355 06c5 F74563E7 		.ascii	"\367Ec\347\3422\\\211\233\243\342\322A\\\232sq\365\373"
 355      E2325C89 
 355      9BA3E2D2 
 355      415C9A73 
 355      71F5FB
 356 06d8 CFBE5061 		.ascii	"\317\276Pa\253\334n\211\367dK|\322\355\2569\025~\316"
 356      ABDC6E89 
 356      F7644B7C 
 356      D2EDAE39 
 356      157ECE
 357 06eb 9E7514B5 		.ascii	"\236u\024\265\233\275\360K\206tv]\310R\342h\005[\306"
 357      9BBDF04B 
 357      8674765D 
 357      C852E268 
 357      055BC6
 358 06fe F715366A 		.ascii	"\367\0256j\361\036\206|s\254\366\023\234\303\2563\022"
 358      F11E867C 
 358      73ACF613 
 358      9CC3AE33 
 358      12
 359 070f 2B406A3E 		.ascii	"+@j>C*\353Kv\261\266\366o\004\235\210\266\356\322\320"
 359      432AEB4B 
 359      76B1B6F6 
 359      6F049D88 
 359      B6EED2D0 
 360 0723 B55F4B25 		.ascii	"\265_K%\267<\356U\3422Fz\352i~\252\002\327P\204\253"
 360      B73CEE55 
 360      E232467A 
 360      EA697EAA 
 360      02D75084 
 361 0738 CA6ACC50 		.ascii	"\312j\314P\363\215\2339\036#T\000\306\344s\257\333\235"
 361      F38D9B39 
 361      1E235400 
 361      C6E473AF 
 361      DB9D
 362 074a 1FE19C76 		.ascii	"\037\341\234v\347Ey\373\342\225\270\201\311\233\274"
 362      E74579FB 
 362      E295B881 
 362      C99BBC
 363 0759 3250ACC4 		.ascii	"2P\254\304\027\030\262\277\356`2\323\323Dqko\322\264"
 363      1718B2BF 
 363      EE6032D3 
 363      D344716B 
 363      6FD2B4
 364 076c 076E650F 		.ascii	"\007ne\017\207w\024\367b\334\301\220\324\222\254i7\334"
 364      877714F7 
 364      62DCC190 
 364      D492AC69 
 364      37DC
 365 077e CD90F2C7 		.ascii	"\315\220\362\307\243\373\024\270\237!G\207\272W\342"
 365      A3FB14B8 
 365      9F214787 
 365      BA57E2
 366 078d 21A67FC6 		.ascii	"!\246\177\306\370\203K\310eK{\224s\336\322\232w\203"
ARM GAS  /tmp/ccgX8QdY.s 			page 29


 366      F8834BC8 
 366      654B7B94 
 366      73DED29A 
 366      7783
 367 079f A5956069 		.ascii	"\245\225`i\005\267\260=\005\011Yw\216\344h\361s&\316"
 367      05B7B03D 
 367      05095977 
 367      8EE468F1 
 367      7326CE
 368 07b2 5A3D7ACF 		.ascii	"Z=z\317\023\277d\310\\\356\236Z\204\347\030r\257\342"
 368      13BF64C8 
 368      5CEE9E5A 
 368      84E71872 
 368      AFE2
 369 07c4 D11087E3 		.ascii	"\321\020\207\343\335(\322V\336U\351\205"
 369      DD28D256 
 369      DE55E985 
 370 07d0 B31852D8 		.ascii	"\263\030R\330\177%\331\203\372\377\307t\3231\320\335"
 370      7F25D983 
 370      FAFFC774 
 370      D331D0DD 
 371 07e0 A3C6F9EC 		.ascii	"\243\306\371\354\331\325\247\331\363*\\\316\220\276"
 371      D9D5A7D9 
 371      F32A5CCE 
 371      90BE
 372 07ee 89BEF34A 		.ascii	"\211\276\363JJ\270\212z\340V\315\267*|\212=\333\321"
 372      4AB88A7A 
 372      E056CDB7 
 372      2A7C8A3D 
 372      DBD1
 373 0800 5076833D 		.ascii	"Pv\203=\373\005\215\351\263\3043\012\\\317\236\025\214"
 373      FB058DE9 
 373      B3C4330A 
 373      5CCF9E15 
 373      8C
 374 0811 0C9BB5B8 		.ascii	"\014\233\265\270\331\315nO\243\245{\232\177\355\211"
 374      D9CD6E4F 
 374      A3A57B9A 
 374      7FED89
 375 0820 ABB9E9CE 		.ascii	"\253\271\351\316wz>\336Z\332\356\301\205\267\317\322"
 375      777A3EDE 
 375      5ADAEEC1 
 375      85B7CFD2 
 376 0830 A5ACF983 		.ascii	"\245\254\371\203\037\255\226\334\343\301[\373&\271\255"
 376      1FAD96DC 
 376      E3C15BFB 
 376      26B9AD
 377 083f D5FAD03F 		.ascii	"\325\372\320?o\322\032\232\254\331\265\346\357\235\256"
 377      6FD21A9A 
 377      ACD9B5E6 
 377      EF9DAE
 378 084e 32354461 		.ascii	"25Da\272e\313\002W=\345\336t\266\306\323V\246.\237\264"
 378      BA65CB02 
 378      573DE5DE 
 378      74B6C6D3 
 378      56A62E9F 
 379 0863 32A4E76F 		.ascii	"2\244\347o\205:;\310\271\356\313\254C\265\326u)\264"
ARM GAS  /tmp/ccgX8QdY.s 			page 30


 379      853A3BC8 
 379      B9EECBAC 
 379      43B5D675 
 379      29B4
 380 0875 79E8E5B4 		.ascii	"y\350\345\264\250\024\030\367,B^\231];\371\275\014\223"
 380      A81418F7 
 380      2C425E99 
 380      5D3BF9BD 
 380      0C93
 381 0887 F93C42CD 		.ascii	"\371<B\315@n^T\017h\223\012\256\320N\210\350|pqZs\315"
 381      406E5E54 
 381      0F68930A 
 381      AED04E88 
 381      E87C7071 
 382 089e 4F80D002 		.ascii	"O\200\320\002\262\2539\246\262mA9\305\331w_\326\222"
 382      B2AB39A6 
 382      B26D4139 
 382      C5D9775F 
 382      D692
 383 08b0 33668F16 		.ascii	"3f\217\026\230\356\224\274V\\I:\270\245b\033\006>\253"
 383      98EE94BC 
 383      565C493A 
 383      B8A5621B 
 383      063EAB
 384 08c3 5B56C37C 		.ascii	"[V\303|\006k9\232r\364\204\244\361\225.8}`\227\270\340"
 384      066B399A 
 384      72F484A4 
 384      F1952E38 
 384      7D6097B8 
 385 08d8 34B30587 		.ascii	"4\263\005\207z\365j\021\361\352\267\360\274\226s\340"
 385      7AF56A11 
 385      F1EAB7F0 
 385      BC9673E0 
 386 08e8 55C7D907 		.ascii	"U\307\331\007 \336FZ\376\212P\015\322P\301\272\206b"
 386      20DE465A 
 386      FE8A500D 
 386      D250C1BA 
 386      8662
 387 08fa 1C994ABB 		.ascii	"\034\231J\273Ni\273{\002\010N\322v\027\246\024\031A"
 387      4E69BB7B 
 387      02084ED2 
 387      7617A614 
 387      1941
 388 090c 5AB771B8 		.ascii	"Z\267q\270\276\311y\243s\000\227\001\256\001\334\003"
 388      BEC979A3 
 388      73009701 
 388      AE01DC03 
 389 091c B808D00A 		.ascii	"\270\010\320\012p\005\240\023\240\037\340.\3003\200"
 389      7005A013 
 389      A01FE02E 
 389      C03380
 390 092b 46801980 		.ascii	"F\200\031\200\026\200;\000\355\234\255\0356Y\316\344"
 390      16803B00 
 390      ED9CAD1D 
 390      3659CEE4 
 391 093b B3D891DE 		.ascii	"\263\330\221\336\360\231\363,\222\354\004\236>P\244"
 391      F099F32C 
ARM GAS  /tmp/ccgX8QdY.s 			page 31


 391      92EC049E 
 391      3E50A4
 392 094a AFA24B4B 		.ascii	"\257\242KK2o\006_\257%\315=\037\273\227\353\310\206"
 392      326F065F 
 392      AF25CD3D 
 392      1FBB97EB 
 392      C886
 393 095c B40D484E 		.ascii	"\264\015HN\211\241\033\224\206\016\262\254\360G,\313"
 393      89A11B94 
 393      860EB2AC 
 393      F0472CCB 
 394 096c 605F77D6 		.ascii	"`_w\326\321/\365\016\316\256\247.$\351ku\324\263\323"
 394      D12FF50E 
 394      CEAEA72E 
 394      24E96B75 
 394      D4B3D3
 395 097f 41FA506D 		.ascii	"A\372Pm\345\037\210\364\001 *\023\353M\217 \335i\207"
 395      E51F88F4 
 395      01202A13 
 395      EB4D8F20 
 395      DD6987
 396 0992 7C1F5C3B 		.ascii	"|\037\\;\312\273y\012\256\037\363nb\304fJlK\326:P\241"
 396      CABB790A 
 396      AE1FF36E 
 396      62C4664A 
 396      6C4BD63A 
 397 09a8 83277E0E 		.ascii	"\203'~\016\304C\340\327i\211_\301\266'o\355\240\266"
 397      C443E0D7 
 397      69895FC1 
 397      B6276FED 
 397      A0B6
 398 09ba 91ECAD47 		.ascii	"\221\354\255G\016\311n?+*\247\317\034\307\366\324\335"
 398      0EC96E3F 
 398      2B2AA7CF 
 398      1CC7F6D4 
 398      DD
 399 09cb 8B500FD5 		.ascii	"\213P\017\325\016:P\367\270\244&^\036x;\315di@t\221"
 399      0E3A50F7 
 399      B8A4265E 
 399      1E783BCD 
 399      64694074 
 400 09e0 4E7516B7 		.ascii	"Nu\026\267\367l\323s\270\300\215\237\310\207\\g\264"
 400      F76CD373 
 400      B8C08D9F 
 400      C8875C67 
 400      B4
 401 09f1 344B0FC3 		.ascii	"4K\017\303\342\234\013\221By\034S\232xd\002<r\013<\362"
 401      E29C0B91 
 401      42791C53 
 401      9A786402 
 401      3C720B3C 
 402 0a06 C0CE856C 		.ascii	"\300\316\205l@1\014 \361B%|\021\"\003&a\300m\030p\036"
 402      40310C20 
 402      F142257C 
 402      11220326 
 402      61C06D18 
 403 0a1c E02127D9 		.ascii	"\340!'\331\255\365\024\011%\356\214\363\311hKN\2239"
ARM GAS  /tmp/ccgX8QdY.s 			page 32


 403      ADF51409 
 403      25EE8CF3 
 403      C9684B4E 
 403      9339
 404 0a2e 87D2129D 		.ascii	"\207\322\022\235\2179\322\366J\022YZ\005\3328\3516\214"
 404      8F39D2F6 
 404      4A12595A 
 404      05DA38E9 
 404      368C
 405 0a40 E4164B15 		.ascii	"\344\026K\025W4\350\021(*\222I\355\262\271\277\011H"
 405      5734E811 
 405      282A9249 
 405      EDB2B9BF 
 405      0948
 406 0a52 16498D08 		.ascii	"\026I\215\010Ks#\233r\204\317\250\363T\026\247\234e"
 406      4B73239B 
 406      7284CFA8 
 406      F35416A7 
 406      9C65
 407 0a64 2EFF8ABB 		.ascii	".\377\212\273\011&\035iy2\235\005\357\000'\231u\003"
 407      09261D69 
 407      79329D05 
 407      EF002799 
 407      7503
 408 0a76 DA665231 		.ascii	"\332fR1o\000\321q1\361G\355\023\337!\020\327A\311W\004"
 408      6F00D171 
 408      31F147ED 
 408      13DF2110 
 408      D741C957 
 409 0a8b C2649D3E 		.ascii	"\302d\235>S\367\007\266\200\220v\245\220\017\366\"\353"
 409      53F707B6 
 409      809076A5 
 409      900FF622 
 409      EB
 410 0a9c CD24BFDE 		.ascii	"\315$\277\336<\001+\317 \247\353\215]\255\257\324\226"
 410      3C012BCF 
 410      20A7EB8D 
 410      5DADAFD4 
 410      96
 411 0aad 12CD495D 		.ascii	"\022\315I]\316\0215\357\345\264\0135\267U\306j\336{"
 411      CE1135EF 
 411      E5B40B35 
 411      B755C66A 
 411      DE7B
 412 0abf FF0F9591 		.ascii	"\377\017\225\221,,\346\267\370\205\245\227\267\241\203"
 412      2C2CE6B7 
 412      F885A597 
 412      B7A183
 413 0ace 73BAE1A6 		.ascii	"s\272\341\246\231\232a+O\204rt\021\312\227t\216\215"
 413      999A612B 
 413      4F847274 
 413      11CA9774 
 413      8E8D
 414 0ae0 016591EB 		.ascii	"\001e\221\3539&\315\300\001\273,}\302\\\222\354\244"
 414      3926CDC0 
 414      01BB2C7D 
 414      C25C92EC 
ARM GAS  /tmp/ccgX8QdY.s 			page 33


 414      A4
 415 0af1 86C92837 		.ascii	"\206\311(7\342\215\027\340\215\013`Q\003\200\025\340"
 415      E28D17E0 
 415      8D0B6051 
 415      038015E0 
 416 0b01 1B802E80 		.ascii	"\033\200.\200a\200K\000#\322\204\314*b\011I\332\263"
 416      61804B00 
 416      23D284CC 
 416      2A620949 
 416      DAB3
 417 0b13 AA57ACDF 		.ascii	"\252W\254\337\245t\222\221\374:\3518\311N\331\027l\313"
 417      A5749291 
 417      FC3AE938 
 417      C94ED917 
 417      6CCB
 418 0b25 D58B8C2D 		.ascii	"\325\213\214-\024\367\354W\025\023\207Z|\202\303Nk\261"
 418      14F7EC57 
 418      1513875A 
 418      7C82C34E 
 418      6BB1
 419 0b37 D42B3D76 		.ascii	"\324+=v^\371\226yEJ\320mG0\306\010\350yG\015=\357 \213"
 419      5EF99679 
 419      454AD06D 
 419      4730C608 
 419      E879470D 
 420 0b4f 91FD7907 		.ascii	"\221\375y\007mT\241\327\247-\306\302G\226\342M*b\206"
 420      6D54A1D7 
 420      A72DC6C2 
 420      4796E24D 
 420      2A6286
 421 0b62 9347303F 		.ascii	"\223G0?*\327\220]o\267\323\2210\037\006\326\2203\317"
 421      2AD7905D 
 421      6FB7D391 
 421      301F06D6 
 421      9033CF
 422 0b75 1EA78FA1 		.ascii	"\036\247\217\241F[\336$\233\266\321\005\217\251'\213"
 422      465BDE24 
 422      9BB6D105 
 422      8FA9278B 
 423 0b85 2415E3AC 		.ascii	"$\025\343\254\323<\224\024\214fI4O;\306\250FR4I\033"
 423      D33C9414 
 423      8C664934 
 423      4F3BC6A8 
 423      46523449 
 424 0b9a 3B5D3BAF 		.ascii	";];\257\221\223\2670\244\344\377\205\236\353w&\037\331"
 424      9193B730 
 424      A4E4FF85 
 424      9EEB7726 
 424      1FD9
 425 0bac ABA4F788 		.ascii	"\253\244\367\210\270\227\034\275Y\031\321[\255y{?\037"
 425      B8971CBD 
 425      5919D15B 
 425      AD797B3F 
 425      1F
 426 0bbd AB25724A 		.ascii	"\253%rJ/:w\216{\033\376\237\345\344\214mgW\355\030\306"
 426      2F3A778E 
 426      7B1BFE9F 
ARM GAS  /tmp/ccgX8QdY.s 			page 34


 426      E5E48C6D 
 426      6757ED18 
 427 0bd2 7794B455 		.ascii	"w\224\264Un\034\217\354\363Z\221m2WZ\257\324\327y\244"
 427      6E1C8FEC 
 427      F35A916D 
 427      32575AAF 
 427      D4D779A4 
 428 0be6 41553059 		.ascii	"AU0Y\346\347\277OG\241y\333\\\227\221kj32\341\025d\033"
 428      E6E7BF4F 
 428      47A179DB 
 428      5C97916B 
 428      6A3332E1 
 429 0bfd 763BE5A4 		.ascii	"v;\345\244Z*\263\327\256g\333\201\211\314\277\360\""
 429      5A2AB3D7 
 429      AE67DB81 
 429      89CCBFF0 
 429      22
 430 0c0e 93777EDB 		.ascii	"\223w~\333\242\302Q*v\362\23703\353IEZ\236\335o\002"
 430      A2C2512A 
 430      76F29F30 
 430      33EB4945 
 430      5A9EDD6F 
 431 0c23 6F981AE6 		.ascii	"o\230\032\346\347?\246CP\004\026\005\3025\023\030I\005"
 431      E73FA643 
 431      50041605 
 431      C2351318 
 431      4905
 432 0c35 BEDA1B51 		.ascii	"\276\332\033Q\230\336\034j\316I\340\244\232I\316\251"
 432      98DE1C6A 
 432      CE49E0A4 
 432      9A49CEA9 
 433 0c45 6528862A 		.ascii	"e(\206*\026\215y\315\2167\277\350\363\304\011L\263\246"
 433      168D79CD 
 433      8E37BFE8 
 433      F3C4094C 
 433      B3A6
 434 0c57 E89E022D 		.ascii	"\350\236\002-\323,\247Q\327\020ez9?\217\351\020\264"
 434      D32CA751 
 434      D710657A 
 434      393F8FE9 
 434      10B4
 435 0c69 53A2D84E 		.ascii	"S\242\330NA\261X\252\330\321\311\372\036\005U\202\264"
 435      41B158AA 
 435      D8D1C9FA 
 435      1E055582 
 435      B4
 436 0c7a 5E4CB1FE 		.ascii	"^L\261\376\375\267b\275\\\352\020Gu\330%\350\260\257"
 436      FDB762BD 
 436      5CEA1047 
 436      75D825E8 
 436      B0AF
 437 0c8c BFB24781 		.ascii	"\277\262G\201\0170\035\216\016[\257h@\007\013\331pL"
 437      0F301D8E 
 437      0E5BAF68 
 437      40070BD9 
 437      704C
 438 0c9e FE2ABDCA 		.ascii	"\376*\275\312t\236\352\201\020\031\206vK\364\330-\350"
ARM GAS  /tmp/ccgX8QdY.s 			page 35


 438      749EEA81 
 438      10198676 
 438      4BF4D82D 
 438      E8
 439 0caf B187EA91 		.ascii	"\261\207\352\221\230yk\324\303\346\014\246\307\211\214"
 439      98796BD4 
 439      C3E60CA6 
 439      C7898C
 440 0cbe 890477D7 		.ascii	"\211\004w\327QJ\240\212\304\013\212L\247\214\226jp\021"
 440      514AA08A 
 440      C40B8A4C 
 440      A78C966A 
 440      7011
 441 0cd0 53E44565 		.ascii	"S\344Ee\216\025SE,u\025\027\265f!L0\006%J\264H\024\264"
 441      8E155345 
 441      2C751517 
 441      B566214C 
 441      3006254A 
 442 0ce8 48A25AEC 		.ascii	"H\242Z\354\3315\021\247\304'\030\217\333\271Q\3078\306"
 442      D93511A7 
 442      C427188F 
 442      DBB951C7 
 442      38C6
 443 0cfa A339B149 		.ascii	"\2439\261I\344A<\272W\302c\257\300#\231\362\230\262"
 443      E4413CBA 
 443      57C263AF 
 443      C02399F2 
 443      98B2
 444 0d0c 165F56D0 		.ascii	"\026_V\320Mq\203\222\372\344\346\340m\266{\337F\320"
 444      4D718392 
 444      FAE4E6E0 
 444      6DB67BDF 
 444      46D0
 445 0d1e 98AE6A1D 		.ascii	"\230\256j\035>\317$\234:7\376\035|\205]\327N\236,\360"
 445      3ECF249C 
 445      3A37FE1D 
 445      7C855DD7 
 445      4E9E2CF0 
 446 0d32 A4C32C6C 		.ascii	"\244\303,l\033X7\370\234\275\031\370.A#fg\006<q'\243"
 446      1B5837F8 
 446      9CBD19F8 
 446      2E412366 
 446      67063C71 
 447 0d48 3D9D7FAA 		.ascii	"=\235\177\252\310\003?`\310\221\263\011}\010\217QD\225"
 447      C8033F60 
 447      C891B309 
 447      7D088F51 
 447      4495
 448 0d5a 901593E4 		.ascii	"\220\025\223\344\206\204M\"\235\264C\255\342\014'\355"
 448      86844D22 
 448      9DB443AD 
 448      E20C27ED 
 449 0d6a 6D0E76DE 		.ascii	"m\016v\336\336R\342;%\214X\330\371\331\021;\254\304"
 449      DE52E23B 
 449      258C58D8 
 449      F9D9113B 
 449      ACC4
ARM GAS  /tmp/ccgX8QdY.s 			page 36


 450 0d7c 96C7ADF6 		.ascii	"\226\307\255\366\335\206\023\316\013\367\036ix9J\307"
 450      DD8613CE 
 450      0BF71E69 
 450      78394AC7 
 451 0d8c 409089D9 		.ascii	"@\220\211\331\010R\210\017c\037\224\213\275Q\026\200"
 451      0852880F 
 451      631F948B 
 451      BD511680 
 452 0d9c 19E02040 		.ascii	"\031\340 @6\300!,\331O\364\226\330\357'\234\350&\251"
 452      36C0212C 
 452      D94FF496 
 452      D8EF279C 
 452      E826A9
 453 0daf 554F25CA 		.ascii	"UO%\312\035\300\016\324\222\235\033\255\276\335\364"
 453      1DC00ED4 
 453      929D1BAD 
 453      BEDDF4
 454 0dbe 341E4816 		.ascii	"4\036H\026\226H\223\245\247\344s\023\277\263\254\347"
 454      964893A5 
 454      A7E47313 
 454      BFB3ACE7 
 455 0dce C53A6988 		.ascii	"\305:i\210\311\221Z\345\370\204\033\362Y\312\267\035"
 455      C9915AE5 
 455      F8841BF2 
 455      59CAB71D 
 456 0dde 751E6749 		.ascii	"u\036gI\333\221\017\364\031\266t\241B\026\264\0356\247"
 456      DB910FF4 
 456      19B674A1 
 456      4216B41D 
 456      36A7
 457 0df0 E481235E 		.ascii	"\344\201#^\327)\020\373;y\267O\311\361\014K\204\242"
 457      D72910FB 
 457      3B79B74F 
 457      C9F10C4B 
 457      84A2
 458 0e02 F10B4F30 		.ascii	"\361\013O0\336\241fg,\307\032Z\334q\032C.\\\353)qc/"
 458      DEA16667 
 458      2CC71A5A 
 458      DC711A43 
 458      2E5CEB29 
 459 0e19 D7D8B94D 		.ascii	"\327\330\271Mk\365]\226\222o\322\312\221{\177\237\032"
 459      6BF55D96 
 459      926FD2CA 
 459      917B7F9F 
 459      1A
 460 0e2a 9733DA47 		.ascii	"\2273\332G\345\021\011\034>\313\220+\331\346\343^\370"
 460      E511091C 
 460      3ECB902B 
 460      D9E6E35E 
 460      F8
 461 0e3b 2A45B8A7 		.ascii	"*E\270\247\345\311'\204\367\277\226\341?\251P\005\326"
 461      E5C92784 
 461      F7BF96E1 
 461      3FA95005 
 461      D6
 462 0e4c A032FCBA 		.ascii	"\2402\374\272\257\004\313\261\323W\202m\345\217\233"
 462      AF04CBB1 
ARM GAS  /tmp/ccgX8QdY.s 			page 37


 462      D357826D 
 462      E58F9B
 463 0e5b B4B88BC9 		.ascii	"\264\270\213\311;\177\265:\025\321*\360\205P\004&\352"
 463      3B7FB53A 
 463      15D12AF0 
 463      85500426 
 463      EA
 464 0e6c 1B47DD5C 		.ascii	"\033G\335\\\026\243*Z\003\216\0125\240\266w\254U\215"
 464      16A32A5A 
 464      038E0A35 
 464      A0B677AC 
 464      558D
 465 0e7e FB18B3D2 		.ascii	"\373\030\263\322\224S\015\366G\301@-\031{\034\213\257"
 465      94530DF6 
 465      47C1402D 
 465      197B1C8B 
 465      AF
 466 0e8f FCB8D21B 		.ascii	"\374\270\322\033\205\373\335\221\326\307\0259:\011\352"
 466      85FBDD91 
 466      D6C71539 
 466      3A09EA
 467 0e9e 8B23A80F 		.ascii	"\213#\250\017\352\"5\2205'\340\3461\321\013@#\023\302"
 467      EA223590 
 467      3527E0E6 
 467      31D10B40 
 467      2313C2
 468 0eb1 73B131B3 		.ascii	"s\2611\263T\211\007\231:\007\353RfU\370)E4\317z\254"
 468      54890799 
 468      3A07EB52 
 468      6655F829 
 468      4534CF7A 
 469 0ec6 660EF9B0 		.ascii	"f\016\371\260\323\033\037oo\312\257%\367\015\340W\013"
 469      D31B1F6F 
 469      6FCAAF25 
 469      F70DE057 
 469      0B
 470 0ed7 E12F11F9 		.ascii	"\341/\021\371\325a\373#\211\201\367\370c\034\"\367\024"
 470      D561FB23 
 470      8981F7F8 
 470      631C22F7 
 470      14
 471 0ee8 D0D5B99A 		.ascii	"\320\325\271\232\006\322\004+\202\004+&\011v\032\314"
 471      06D2042B 
 471      82042B26 
 471      09761ACC 
 472 0ef8 A8E313AC 		.ascii	"\250\343\023\254\001\256\317BB\235\0038\003P\003p\036"
 472      01AECF42 
 472      429D0338 
 472      03500370 
 472      1E
 473 0f09 2FDC57D9 		.ascii	"/\334W\331\006\227\362\342^5\230\366\242\351\364m\030"
 473      0697F2E2 
 473      5E3598F6 
 473      A2E9F46D 
 473      18
 474 0f1a C9914AE7 		.ascii	"\311\221J\347Z\212\205$\201\237\253\365\230\265\270"
 474      5A8A8524 
ARM GAS  /tmp/ccgX8QdY.s 			page 38


 474      819FABF5 
 474      98B5B8
 475 0f29 76C4CE1B 		.ascii	"v\304\316\033\327Z,\355\300\352\261\330\201\305\323"
 475      D75A2CED 
 475      C0EAB1D8 
 475      81C5D3
 476 0f38 B95CE76C 		.ascii	"\271\\\347l.GX\022%\222\316:\225$9\2228@-\200L\254v"
 476      2E475812 
 476      2592CE3A 
 476      95243992 
 476      38402D80 
 477 0f4f 34C0FE1D 		.ascii	"4\300\376\035\\r[\317\034\306\2434\262n\217+\346\017"
 477      5C725BCF 
 477      1CC6A334 
 477      B26E8F2B 
 477      E60F
 478 0f61 CB91587F 		.ascii	"\313\221X\177\315\325\224\213 \260\321\205@\247\333"
 478      CDD5948B 
 478      20B0D185 
 478      40A7DB
 479 0f70 A742CC06 		.ascii	"\247B\314\006\020\1777\203\277/\202\217/\0004\001\264"
 479      107F3783 
 479      BF2F828F 
 479      2F003401 
 479      B4
 480 0f81 487C6DA9 		.ascii	"H|m\251\341K\243\340\355\306\305\274]\356\340\355\205"
 480      E14BA3E0 
 480      EDC6C5BC 
 480      5DEEE0ED 
 480      85
 481 0f92 2A8985B1 		.ascii	"*\211\205\261\214:\263\321\2713/I\244~"
 481      8C3AB3D1 
 481      B9332F49 
 481      A47E
 482 0fa0 E35CAAD0 		.ascii	"\343\\\252\320\016r\335\015\251\363\222\332X\355\331"
 482      0E72DD0D 
 482      A9F392DA 
 482      58EDD9
 483 0faf 496A632B 		.ascii	"Ijc+\031!\346z\243\263\332h\363\306%\360\300\253\274"
 483      1921E67A 
 483      A3B3DA68 
 483      F3C625F0 
 483      C0ABBC
 484 0fc2 418E7BFB 		.ascii	"A\216{\373\206\306\344x\232M\272\334\271\234\012\025"
 484      86C6E478 
 484      9A4DBADC 
 484      B99C0A15 
 485 0fd2 DEA1A148 		.ascii	"\336\241\241H\303\203\350\016\017\234\304\220\363\375"
 485      C383E80E 
 485      0F9CC490 
 485      F3FD
 486 0fe0 6DBBD5A4 		.ascii	"m\273\325\244:D\276\352\355]ju\351s56\323a\370Z{\036"
 486      3A44BEEA 
 486      ED5D6A75 
 486      E9733536 
 486      D361F85A 
 487 0ff6 2CC2F4C5 		.ascii	",\302\364\305iT$L\307\312"
ARM GAS  /tmp/ccgX8QdY.s 			page 39


 487      6954244C 
 487      C7CA
 488 1000 D56D6C3A 		.ascii	"\325ml:^\005o\266\203)\327\235{\323\351^\344\012OO,"
 488      5E056FB6 
 488      8329D79D 
 488      7BD3E95E 
 488      E40A4F4F 
 489 1015 BA01165D 		.ascii	"\272\001\026]\303\2227\247/\251\353\257/p=8\263s\240"
 489      C39237A7 
 489      2FA9EBAF 
 489      2F703D38 
 489      B373A0
 490 1028 BA94434B 		.ascii	"\272\224CK}\2342\275\011\214\\1\005\317?\361\244\333"
 490      7D9C32BD 
 490      098C5C31 
 490      05CF3FF1 
 490      A4DB
 491 103a F80EA0B8 		.ascii	"\370\016\240\270,z\376\272\340y\260w>\252\255\035\341"
 491      2C7AFEBA 
 491      E079B077 
 491      3EAAAD1D 
 491      E1
 492 104b 62E6A6FD 		.ascii	"b\346\246\375\355\245\267\224\270\234!\355\267\333\367"
 492      EDA5B794 
 492      B89C21ED 
 492      B7DBF7
 493 105a 237C9A21 		.ascii	"#|\232!}G\356\314\313\361%\212p\367&\232\237H\276\015"
 493      7D47EECC 
 493      CBF1258A 
 493      70F7269A 
 493      9F48BE0D 
 494 106e EAA5EF89 		.ascii	"\352\245\357\211z /\272^{}\350v\276>\224>:\326\215\361"
 494      7A202FBA 
 494      5E7B7DE8 
 494      76BE3E94 
 494      3E3AD68D 
 495 1083 75E6FD8A 		.ascii	"u\346\375\212\212\256\277\242\245\336N\015\227\241\273"
 495      8AAEBFA2 
 495      A5DE4E0D 
 495      97A1BB
 496 1092 BCD57DC0 		.ascii	"\274\325}\300\251W2=\254\247{\254\374\011\003Q\351\016"
 496      A957323D 
 496      ACA77BAC 
 496      FC090351 
 496      E90E
 497 10a4 A8747791 		.ascii	"\250tw\221\234\237\374PE\236/t\373\271v\323\214\202"
 497      9C9FFC50 
 497      459E2F74 
 497      FBB976D3 
 497      8C82
 498 10b6 CF61CBAC 		.ascii	"\317a\313\254\033B\367\200K\247h\340]\274\330!\240\005"
 498      1B42F780 
 498      4BA768E0 
 498      5DBCD821 
 498      A005
 499 10c8 B472A621 		.ascii	"\264r\246!\371\252\344\312\356]\010O3\277\346$TM\261"
 499      F9AAE4CA 
ARM GAS  /tmp/ccgX8QdY.s 			page 40


 499      EE5D084F 
 499      33BFE624 
 499      544DB1
 500 10db EFD1C201 		.ascii	"\357\321\302\001U\216\246\327\307`D\033:o\037z^\222"
 500      558EA6D7 
 500      C760441B 
 500      3A6F1F7A 
 500      5E92
 501 10ed 5D6BFDE8 		.ascii	"]k\375\350t\004M:r\200t\033\024x\010|mG\0275v\233e\223"
 501      74044D3A 
 501      7280741B 
 501      1478087C 
 501      6D471735 
 502 1105 B96D25CC 		.ascii	"\271m%\314Q2\323\332xJ\333\214ru>\234\002\005\177\037"
 502      5132D3DA 
 502      784ADB8C 
 502      72753E9C 
 502      02057F1F 
 503 1119 29F8A9C2 		.ascii	")\370\251\302\010\320\3711\350\374\010\246\332\003\200"
 503      08D0F931 
 503      E8FC08A6 
 503      DA0380
 504 1128 21800180 		.ascii	"!\200\001\200AI\177fn&rH\267s\204\037e\353j\0346\372"
 504      41497F66 
 504      6E267248 
 504      B773841F 
 504      65EB6A1C 
 505 113e 4365A422 		.ascii	"Ce\244\"\022\347\365\363\224\342I)v8y\353\244\264$["
 505      12E7F5F3 
 505      94E24929 
 505      763879EB 
 505      A4B4245B 
 506 1152 6F39D23A 		.ascii	"o9\322:\236\352[\352\342\3517\025\316Bw:\246'\332\303"
 506      9EEA5BEA 
 506      E2E93715 
 506      CE42773A 
 506      A627DAC3 
 507 1166 36631CAC 		.ascii	"6c\034\254|\002\226\275\216\225\302\253\003\257\032"
 507      7C0296BD 
 507      8E95C2AB 
 507      03AF1A
 508 1175 32838661 		.ascii	"2\203\206a\304~1\370\017%3h\354\300=3\306\263,\236\371"
 508      C47E31F8 
 508      0F253368 
 508      ECC03D33 
 508      C6B32C9E 
 509 118a 75ED759E 		.ascii	"u\355u\236?8\304\366D\205\277*\215 {\"\323\334\307\363"
 509      3F38C4F6 
 509      4485BF2A 
 509      8D207B22 
 509      D3DCC7F3 
 510 119e 98B278CA 		.ascii	"\230\262x\312X\330\264\221\221;\204\017\032\301? /\026"
 510      58D8B491 
 510      913B840F 
 510      1AC13F20 
 510      2F16
 511 11b0 F75DBE28 		.ascii	"\367]\276(\267\353b,v\207\017\317\330\322G~I\361+\273"
ARM GAS  /tmp/ccgX8QdY.s 			page 41


 511      B7EB622C 
 511      76870FCF 
 511      D8D2477E 
 511      49F12BBB 
 512 11c4 D7A5B6A3 		.ascii	"\327\245\266\243\036\266[(\255<\265\225Rg\336~0\216"
 512      1EB65B28 
 512      AD3CB595 
 512      5267DE7E 
 512      308E
 513 11d6 69AAD16F 		.ascii	"i\252\321o\256\342v\037\235Wj$\357\006\341\201\364\034"
 513      AEE2761F 
 513      9D576A24 
 513      EF06E181 
 513      F41C
 514 11e8 04930F20 		.ascii	"\004\223\017 ~L\017\010\201:{05S\375F\022\2456\233V"
 514      7E4C0F08 
 514      813A7B30 
 514      3553FD46 
 514      12A5369B 
 515 11fd 20FA29C6 		.ascii	" \372)\306\001H\255Qj\305\030~C\030C\021\311+0O\376"
 515      0148AD51 
 515      6AC5187E 
 515      43184311 
 515      C92B304F 
 516 1212 1558AE65 		.ascii	"\025X\256e\030Q\351t\237\224\034]]\355IQ7\202\346\345"
 516      1851E974 
 516      9F941C5D 
 516      5DED4951 
 516      3782E6E5 
 517 1226 59533D5C 		.ascii	"YS=\\+3!(\363\002Sm\236F\016\227\271\361\332\230\004"
 517      2B332128 
 517      F302536D 
 517      9E460E97 
 517      B9F1DA98 
 518 123b 6DC6C1A7 		.ascii	"m\306\301\247\317\2516\223T\233\011\246\315$\325\346"
 518      CFA93693 
 518      549B09A6 
 518      CD24D5E6 
 519 124b 616C551B 		.ascii	"alU\033g\347\252\004\273\366p\212w\325\024u\325\271"
 519      67E7AA04 
 519      BBF6708A 
 519      77D51475 
 519      D5B9
 520 125d 8CCA72FB 		.ascii	"\214\312r\373\217=\342\354\250\247y\352iJ];\323\337"
 520      8F3DE2EC 
 520      A8A779EA 
 520      694A5D3B 
 520      D3DF
 521 126f 2177D9B4 		.ascii	"!w\331\264\316\330\035/\234\313,HSc\223;{\325xg\376"
 521      CED81D2F 
 521      9CCB2C48 
 521      5363933B 
 521      7BD57867 
 522 1284 2ED9B736 		.ascii	".\331\2676TVf\336\255\366\3150\231#Ls\260\177\376-\031"
 522      545666DE 
 522      ADF6CD30 
 522      99234C73 
ARM GAS  /tmp/ccgX8QdY.s 			page 42


 522      B07FFE2D 
 523 1299 845E4A76 		.ascii	"\204^Jv\235/\205]\347,\335u\016t\214\2324\270\224q9"
 523      9D2F855D 
 523      E72CDD75 
 523      0E748C9A 
 523      34B89471 
 524 12ae F2B46E50 		.ascii	"\362\264nP\315\270$\\}\254u\3402'\3412'p\231\247\\b"
 524      CDB8245C 
 524      7DAC75E0 
 524      3227E132 
 524      277099A7 
 525 12c4 CB2AEBD4 		.ascii	"\313*\353\324\264\377\276h;\246\350967\342\3724`\207"
 525      B4FFBE68 
 525      3BA6E839 
 525      3637E2FA 
 525      346087
 526 12d7 9CD86292 		.ascii	"\234\330b\222\363\306\314Y\022Mj|\222\251qh\250+Q\203"
 526      F3C6CC59 
 526      124D6A7C 
 526      92A97168 
 526      A82B5183 
 527 12eb 2F30E4E9 		.ascii	"/0\344\351\305\271c\344\240\001E\3121\243\215Li\030"
 527      C5B963E4 
 527      A00145CA 
 527      31A38D4C 
 527      6918
 528 12fd 47544B6B 		.ascii	"GTKkq_\365\017\247\310:J\017\013vD\275K\370\242\010"
 528      715FF50F 
 528      A7C83A4A 
 528      0F0B7644 
 528      BD4BF8A2 
 529 1312 39AF288A 		.ascii	"9\257(\212\002\376\004e\272F\313\211\256\243\3651\031"
 529      02FE0465 
 529      BA46CB89 
 529      AEA3F531 
 529      19
 530 1323 EE545748 		.ascii	"\356TWH}^\327\204\231\035\311n\266S\204\0309\275Y\037"
 530      7D5ED784 
 530      991DC96E 
 530      B6538418 
 530      39BD591F 
 531 1337 7768DEF5 		.ascii	"wh\336\365\221J,5`\247`\300\231\224\363)\010\307h\331"
 531      914A2C35 
 531      60A760C0 
 531      9994F329 
 531      08C768D9 
 532 134b 3EBBBAB7 		.ascii	">\273\272\267\314\215i\230]\233\367\371\271\374\030"
 532      CC8D6998 
 532      5D9BF7F9 
 532      B9FC18
 533 135a 76DE8372 		.ascii	"v\336\203r\032\226\220\201h\227\\t\345.A\2758\252\336"
 533      1A969081 
 533      68975C74 
 533      E52E41BD 
 533      38AADE
 534 136d C9EEBD19 		.ascii	"\311\356\275\031Z\234\302\030\315\235L\235\346\204\260"
 534      5A9CC218 
ARM GAS  /tmp/ccgX8QdY.s 			page 43


 534      CD9D4C9D 
 534      E684B0
 535 137c 16AE7608 		.ascii	"\026\256v\010\310n\011\227\335\002\227=\224Kv\373\335"
 535      C86E0997 
 535      DD02973D 
 535      944B76FB 
 535      DD
 536 138d 2139CEE1 		.ascii	"!9\316\341\271D\266\367)\204\260\276p\014k\274\204K"
 536      B944B6F7 
 536      2984B0BE 
 536      700C6BBC 
 536      844B
 537 139f BCC02581 		.ascii	"\274\300%\201ryt\366\211\211}_\273\226\360\211\237\036"
 537      727974F6 
 537      89897D5F 
 537      BB96F089 
 537      9F1E
 538 13b1 BDCC669A 		.ascii	"\275\314f\232\206\236C5\247\375\214bj\202\325<\217\251"
 538      869E4335 
 538      A7FD8C62 
 538      6A82D53C 
 538      8FA9
 539 13c3 C5AEE75D 		.ascii	"\305\256\347]\262\234\237w{\345t\336\015\305\025ep\216"
 539      B29C9F77 
 539      7BE574DE 
 539      0DC51565 
 539      708E
 540 13d5 F32E51BE 		.ascii	"\363.Q\276\034%\311\011y\212\374\015a\020\025u\274\370"
 540      1C25C909 
 540      798AFC0D 
 540      61101575 
 540      BCF8
 541 13e7 A4524A3D 		.ascii	"\244RJ=\261\030\365\203\344\375V\214K\230\361Sei%\012"
 541      B118F583 
 541      E4FD568C 
 541      4B98F153 
 541      6569250A 
 542 13fb 7C9C21DD 		.ascii	"|\234!\335G\316Mi\241\246\266\233\255W\352\007=RL\021"
 542      47CE4D69 
 542      A1A6B69B 
 542      AD57EA07 
 542      3D524C11 
 543 140f 7B60999F 		.ascii	"{`\231\237\377\370\373h\237\374\015\264\037<a\302+$"
 543      FFF8FB68 
 543      9FFC0DB4 
 543      1F3C61C2 
 543      2B24
 544 1421 8C53893F 		.ascii	"\214S\211?\320\021\004\351\227&'U5-\265\365\240\022"
 544      D01104E9 
 544      97262755 
 544      352DB5F5 
 544      A012
 545 1433 9FA7DCE4 		.ascii	"\237\247\334\344\003S\275\023J\264\\\355\263\234|0\226"
 545      0353BD13 
 545      4AB45CED 
 545      B39C7C30 
 545      96
ARM GAS  /tmp/ccgX8QdY.s 			page 44


 546 1444 2957CB76 		.ascii	")W\313v\322\317F\"\222\226\374\335\366\331\310\001\271"
 546      D2CF4622 
 546      9296FCDD 
 546      F6D9C801 
 546      B9
 547 1455 0F7D2443 		.ascii	"\017}$C\031\300\366\240\234}{@>A\203\273(]\356\370\011"
 547      19C0F6A0 
 547      9C7D7B40 
 547      3E4183BB 
 547      285DEEF8 
 548 146a 1A63E4E2 		.ascii	"\032c\344\342dk\"\351R\237\2474%\011\017\321\311\331"
 548      646B22E9 
 548      529FA734 
 548      25090FD1 
 548      C9D9
 549 147c 3427B384 		.ascii	"4'\263\204\234|T^{V\213\233\231\351U\263g\352\331\334"
 549      9C7C545E 
 549      7B568B9B 
 549      99E955B3 
 549      67EAD9DC 
 550 1490 B6568FBD 		.ascii	"\266V\217\275\324\226Jf\315o\310@\224#\311\203\034!"
 550      D4964A66 
 550      CD6FC840 
 550      9423C983 
 550      1C21
 551 14a2 0FCC2EA7 		.ascii	"\017\314.\247\214y,/\223s}\310v\230\252rHP\245\256\315"
 551      8C792C2F 
 551      93737DC8 
 551      7698AA72 
 551      4850A5AE 
 552 14b7 5CE985A7 		.ascii	"\\\351\205\247\231*\373\0174\314y\012\323c\340\363\275"
 552      992AFB0F 
 552      34CC790A 
 552      D363E0F3 
 552      BD
 553 14c8 05D2E901 		.ascii	"\005\322\351\001\003Q\256D\225\\A\225<\252\312\210%"
 553      0351AE44 
 553      955C4195 
 553      3CAACA88 
 553      25
 554 14d9 264A6557 		.ascii	"&JeWOc\354\352i\276\234\325S\370\005\352\346\350'\320"
 554      4F63ECEA 
 554      69BE9CD5 
 554      53F805EA 
 554      E6E827D0 
 555 14ed B5EDF1A0 		.ascii	"\265\355\361\240b{\317\025\344i\005\017\344yI=\200("
 555      627BCF15 
 555      E469050F 
 555      E479493D 
 555      8028
 556 14ff 972312B1 		.ascii	"\227#\022\261G\004\261\005T\354\201\244\353\031\354"
 556      4704B105 
 556      54EC81A4 
 556      EB19EC
 557 150e AB9D40C2 		.ascii	"\253\235@\302\352I\225\271\211}h\356A\303\362m\311\214"
 557      EA4995B9 
 557      897D68EE 
ARM GAS  /tmp/ccgX8QdY.s 			page 45


 557      41C3F26D 
 557      C98C
 558 1520 DC75EE17 		.ascii	"\334u\356\027\013\271O\336J\222\243\213\304\306N\255"
 558      0BB94FDE 
 558      4A92A38B 
 558      C4C64EAD 
 559 1530 63EE1742 		.ascii	"c\356\027Bv\024\321\244+\241\331\\,ds\311\340\211\012"
 559      7614D1A4 
 559      2BA1D95C 
 559      2C6473C9 
 559      E0890A
 560 1543 CE31F75D 		.ascii	"\3161\367]R\027\247\356\311T\340LfqRuf\234-\335\013"
 560      5217A7EE 
 560      C954E04C 
 560      66715275 
 560      669C2DDD 
 561 1558 DF92A47B 		.ascii	"\337\222\244{)\237\356\261\220\356\"\25721\335\313\345"
 561      299FEEB1 
 561      90EE22AF 
 561      3231DDCB 
 561      E5
 562 1569 3F902942 		.ascii	"?\220)B\014\233\374\214n\277\377\374\253\025kd\312\240"
 562      0C9BFC8C 
 562      6EBFFFFC 
 562      AB156B64 
 562      CAA0
 563 157b 50E34F3F 		.ascii	"P\343O?\3643\252\375\374\370\253?\371\006\373\372\353"
 563      F433AAFD 
 563      FCF8AB3F 
 563      F906FBFA 
 563      EB
 564 158c 433EF4DD 		.ascii	"C>\364\335\024\020\260\022.V\206\206\205\352V\352\374"
 564      1410B012 
 564      2E568686 
 564      85EA56EA 
 564      FC
 565 159d D707AD5C 		.ascii	"\327\007\255\\\355\367\313\225\037\256\372`\365\337"
 565      EDF7CB95 
 565      1FAEFA60 
 565      F5DF
 566 15ab 57FBDA3D 		.ascii	"W\373\332=\360\015\012\015\010\336\274A\347\033\342"
 566      F00D0A0D 
 566      08DEBC41 
 566      E71BE2
 567 15ba 1F101814 		.ascii	"\037\020\030\024\252\363\365\333\240\333\350\2779\330"
 567      AAF3F5DB 
 567      A0DBE8BF 
 567      39D8
 568 15c8 E867DC1E 		.ascii	"\350g\334\036\2563\274\037(\373\335\377\201\251\301"
 568      AE33BC1F 
 568      28FBDDFF 
 568      81A9C1
 569 15d7 B8015403 		.ascii	"\270\001T\003&\377\362\376\373\276k\002\203\326\007"
 569      26FFF2FE 
 569      FBBE6B02 
 569      83D607
 570 15e6 7DB1CE37 		.ascii	"}\261\3167\314\340\033\020\026\022\022\026\352\033\036"
ARM GAS  /tmp/ccgX8QdY.s 			page 46


 570      CCE01B10 
 570      16121216 
 570      EA1B1E
 571 15f5 A6371A7C 		.ascii	"\2467\032|\177\363\345gk>\333F\356\205\007\005\353\364"
 571      7FF3E567 
 571      6B3EDB46 
 571      EE850705 
 571      EBF4
 572 1607 06DFDFAF 		.ascii	"\006\337\337\257Y\343\033\020(\310W\031\003\365:\377"
 572      59E31B10 
 572      28C85719 
 572      03F53AFF 
 573 1617 0D606740 		.ascii	"\015`g@\240\037\273\366b?\006\277\277o\326m\326\371"
 573      A01FBBF6 
 573      623F06BF 
 573      BF6FD66D 
 573      D6F9
 574 1629 1997D89E 		.ascii	"\031\227\330\236\360\267\344\241\272mFy\270^\267EAq"
 574      F0B7E4A1 
 574      BA6D4679 
 574      B85EB745 
 574      4171
 575 163b A5315C1F 		.ascii	"\2451\\\037\024\346gTm\346=\245\361\363\023.\345\344"
 575      14E66754 
 575      6DE63DA5 
 575      F1F3132E 
 575      E5E4
 576 164d 9196A8E2 		.ascii	"\221\226\250\342\027\020\026j\204\201\356\024\201\307"
 576      1710166A 
 576      8481EE14 
 576      81C7
 577 165b 01C66D2A 		.ascii	"\001\306m*\275n\023\330\346g\374\347\327\260 0 L\257"
 577      BD6E13D8 
 577      E667FCE7 
 577      D7B02030 
 577      204CAF
 578 166e 039539FD 		.ascii	"\003\2259\375jN\3773N\377\021\247\3779\247\377\005\247"
 578      6A4EFF33 
 578      4EFF11A7 
 578      FF39A7FF 
 578      05A7
 579 1680 FF25D67F 		.ascii	"\377%\326\177\260\012\340\003.X\357\373\272\214\374"
 579      B00AE003 
 579      2E58EFFB 
 579      BA8CFC
 580 168f B6FC3C84 		.ascii	"\266\374<\20403\204cPD\021\252\333\252\323+\302\202"
 580      30338463 
 580      504411AA 
 580      DBAAD32B 
 580      C282
 581 16a1 37E8F4F2 		.ascii	"7\350\364\362\200@\177\275<\324?D\2471\030\277\366\017"
 581      80407FBD 
 581      3CD43F44 
 581      A73118BF 
 581      F60F
 582 16b3 0EDA14CA 		.ascii	"\016\332\024\312\333\366\321j\233m\344\322m\253\377"
 582      DBF6D16A 
ARM GAS  /tmp/ccgX8QdY.s 			page 47


 582      9B6DE4D2 
 582      6DABFF
 583 16c2 7A7F834E 		.ascii	"z\177\203Ne4\030\375\215\340(%y\360\013\2322\374\225"
 583      653418FD 
 583      8DE02825 
 583      79F00B9A 
 583      32FC95
 584 16d5 823E511A 		.ascii	"\202>Q\032C\3026\300s\305\306`\377M\006\245Q\257\333"
 584      43C236C0 
 584      73C5C660 
 584      FF4D06A5 
 584      51AFDB
 585 16e8 6800CF90 		.ascii	"h\000\317\220\0377\375\206\355\220u*\335\266 c\000\020"
 585      1F37FD86 
 585      ED90752A 
 585      DDB62063 
 585      0010
 586 16fa B96D3586 		.ascii	"\271m5\206\255\377\257\3607\370\250\000\211N\257\013"
 586      ADFFAFF0 
 586      37F8A800 
 586      894EAF0B 
 587 170a 0D2083B7 		.ascii	"\015 \203\267\032\215\372p\245A\027j\204\001Z\210\211"
 587      1A8DFA70 
 587      A541176A 
 587      84015A88 
 587      89
 588 171b 4117E21F 		.ascii	"A\027\342\037\036\010\246(\002B!\2410\374\017\303\341"
 588      1E08A628 
 588      024221A1 
 588      30FC0FC3 
 588      E1
 589 172c 6EB80A9E 		.ascii	"n\270\012\236\206l\006g+\302\266\206\352\364JzM\364"
 589      866C0667 
 589      2BC2B686 
 589      EAF44A7A 
 589      4DF4
 590 173e 358618B7 		.ascii	"5\206\030\267\205\273\353\266\020&\376\206\257\341\226"
 590      85BBEBB6 
 590      1026FE86 
 590      AFE196
 591 174d 6E2BB940 		.ascii	"n+\271@\233=\205\010\007\007\031\200\231\227$\346\344"
 591      9B3D8508 
 591      07071980 
 591      999724E6 
 591      E4
 592 175e 8E72AB7F 		.ascii	"\216r\253\177\2201(t\223\012d\323\230\253t\341\272P"
 592      90312874 
 592      930A64D3 
 592      98AB74E1 
 592      BA50
 593 1770 48BF4D4A 		.ascii	"H\277MJ`I( \224\376\301$\330\212\220\360\260\260`o\373"
 593      60492820 
 593      94FEC124 
 593      D88A90F0 
 593      B0B0606F 
 594 1785 38E88DB6 		.ascii	"8\350\215\266\254\015\0104\004\004n\000\327\277\273"
 594      AC0D0834 
ARM GAS  /tmp/ccgX8QdY.s 			page 48


 594      04046E00 
 594      D7BFBB
 595 1794 08093005 		.ascii	"\010\0110\005\012\237\305\230l7\0109\274\030#p\007P"
 595      0A9FC598 
 595      6C370839 
 595      BC182370 
 595      0750
 596 17a6 40727F66 		.ascii	"@r\177f\330\264\0164\376\207\005\264\006}\000\021h\330"
 596      D8B40E34 
 596      FE8705B4 
 596      067D0011 
 596      68D8
 597 17b8 F47E004F 		.ascii	"\364~\000O\367g\260UK\257\276\324\005\353 \302\036\001"
 597      F767B055 
 597      4BAFBED4 
 597      05EB20C2 
 597      1E01
 598 17ca 81EB0202 		.ascii	"\201\353\002\002\177\037"
 598      7F1F
 599 17d0 B62E58A7 		.ascii	"\266.X\247\013_\347N\261/\3017\333?\325\322\353?\373"
 599      0B5FE74E 
 599      B12FC137 
 599      DB3FD5D2 
 599      EB3FFB
 600 17e3 7FADDB4C 		.ascii	"\177\255\333L\037\370\021\265t!l:\261k-\361\342v\336"
 600      1FF811B5 
 600      74216C3A 
 600      B16B2DF1 
 600      E276DE
 601 17f6 AFC0C94F 		.ascii	"\257\300\311O\304\225\001\233\365\020^\243BO\260\267"
 601      C495019B 
 601      F5105EA3 
 601      424FB0B7 
 602 1806 B604E98D 		.ascii	"\266\004\351\215\233\375\203\375\214A!0Q\371\021\313"
 602      9BFD83FD 
 602      8C412130 
 602      51F911CB 
 603 1816 60849307 		.ascii	"`\204\223\007^v\367\330$\265\273\245&\322\341\0022g"
 603      5E76F7D8 
 603      24B5BBA5 
 603      26D2E102 
 603      3267
 604 1828 832ED8E8 		.ascii	"\203.\330\350\257\332b\334\27094\000\362\216\374\340"
 604      AFDA62DC 
 604      B8393400 
 604      F28EFCE0 
 605 1838 707FBD2A 		.ascii	"p\177\275*\330\337`$$n[\214\204\245'\257\373\006\335"
 605      D8DF6024 
 605      246E5B8C 
 605      84A527AF 
 605      FB06DD
 606 184b FACD9B58 		.ascii	"\372\315\233X\012H\357\250\303\375C\203\002\374\300"
 606      0A48EFA8 
 606      C3FD4383 
 606      02FCC0
 607 185a 5178C3FA 		.ascii	"Qx\303\372M\232\020\177Hq\232!K\214!~\0010M\326\353"
 607      4D9A107F 
ARM GAS  /tmp/ccgX8QdY.s 			page 49


 607      48719A21 
 607      4B8C217E 
 607      01304DD6 
 608 186f FD8D4161 		.ascii	"\375\215Aa0W\224z#\315H\267\260\215\033\015:\343\212"
 608      3057947A 
 608      23CD48B7 
 608      B08D1B0D 
 608      3AE38A
 609 1882 45C263A4 		.ascii	"E\302c\244s\320\030\302\005\004\202\307\326m7\3741,"
 609      73D018C2 
 609      050482C7 
 609      D66D37FC 
 609      312C
 610 1894 E0EB45E3 		.ascii	"\340\353E\343\271\235D\\MkH0\320z\370\301<0\372\375"
 610      B99D445C 
 610      4D6B4830 
 610      D07AF8C1 
 610      3C30FAFD 
 611 18a8 F637EB3E 		.ascii	"\3667\353>Y\373\345\247\036\376\301[\375\267\033\240"
 611      59FBE5A7 
 611      1EFEC15B 
 611      FDB71BA0 
 612 18b8 BA0443B5 		.ascii	"\272\004C\265\375\251\323Z\000%\310w\315g\353>]'r\015"
 612      FDA9D35A 
 612      0025C877 
 612      CD67EB3E 
 612      5D27720D 
 613 18cc 310419FC 		.ascii	"1\004\031\374\240\000\003g-+zA\241\006\235\336\350N"
 613      A0000367 
 613      2D2B7A41 
 613      A1069DDE 
 613      E84E
 614 18de 55FA2A94 		.ascii	"U\372*\224\010bek3\275V\371\371Q_\372y\010\027\357\177"
 614      0862656B 
 614      33BD56F9 
 614      F9515FFA 
 614      790817EF 
 615 18f3 F4D35F7E 		.ascii	"\364\323_~\250\360\373-d\276\027\315\234O\015k\331\374"
 615      A8F0FB2D 
 615      64BE17CD 
 615      9C4F0D6B 
 615      D9FC
 616 1905 F874D134 		.ascii	"\370t\3214\207\254\013\224}\207\311\334\030\2641\014"
 616      87AC0B94 
 616      7D87C9DC 
 616      18B4310C 
 617 1915 9223246C 		.ascii	"\222#$l\013I81\373\326I\244\254^\365\301\377\002\337"
 617      0B493831 
 617      FBD649A4 
 617      AC5EF5C1 
 617      FF02DF
 618 1928 F98A37   		.ascii	"\371\2127"
 619              		.text
 620              		.section	.gnu.lto_.symtab.43237e944b10734a,"",%progbits
 621 0000 63684D73 		.ascii	"chMsgSend\000\000\000\000\000\000\000\000\000\000\000"
 621      6753656E 
 621      64000000 
ARM GAS  /tmp/ccgX8QdY.s 			page 50


 621      00000000 
 621      00000000 
 622 0014 00800100 		.ascii	"\000\200\001\000\000chMsgWait\000\000\000\000\000\000"
 622      0063684D 
 622      73675761 
 622      69740000 
 622      00000000 
 623 0028 00000000 		.ascii	"\000\000\000\000\000\000\203\001\000\000chMsgReleas"
 623      00008301 
 623      00006368 
 623      4D736752 
 623      656C6561 
 624 003d 65000000 		.ascii	"e\000\000\000\000\000\000\000\000\000\000\000\000\210"
 624      00000000 
 624      00000000 
 624      0088
 625 004b 01000063 		.ascii	"\001\000\000ch\000\000\002\000\000\000\000\000\000\000"
 625      68000002 
 625      00000000 
 625      000000
 626 005a 0000EE01 		.ascii	"\000\000\356\001\000\000chSchGoSleepS\000\000\002\000"
 626      00006368 
 626      53636847 
 626      6F536C65 
 626      65705300 
 627 0071 00000000 		.ascii	"\000\000\000\000\000\000\000\000\214\001\000\000chS"
 627      00000000 
 627      8C010000 
 627      636853
 628 0080 63685265 		.ascii	"chReadyI\000\000\002\000\000\000\000\000\000\000\000"
 628      61647949 
 628      00000200 
 628      00000000 
 628      000000
 629 0093 00900100 		.ascii	"\000\220\001\000\000chSchWakeupS\000\000\002\000\000"
 629      00636853 
 629      63685761 
 629      6B657570 
 629      53000002 
 630 00a9 00000000 		.ascii	"\000\000\000\000\000\000\000\222\001\000\000"
 630      00000092 
 630      010000
 631              		.text
 632              		.section	.gnu.lto_.opts,"",%progbits
 633 0000 272D666E 		.ascii	"'-fno-trapv' '-mcpu=cortex-m4' '-mno-thumb-interwor"
 633      6F2D7472 
 633      61707627 
 633      20272D6D 
 633      6370753D 
 634 0033 6B272027 		.ascii	"k' '-mthumb' '-ggdb' '-O2' '-fomit-frame-pointer' '"
 634      2D6D7468 
 634      756D6227 
 634      20272D67 
 634      67646227 
 635 0066 2D66616C 		.ascii	"-falign-functions=16' '-ffunction-sections' '-fdata"
 635      69676E2D 
 635      66756E63 
ARM GAS  /tmp/ccgX8QdY.s 			page 51


 635      74696F6E 
 635      733D3136 
 636 0099 2D736563 		.ascii	"-sections' '-fno-common' '-flto'\000"
 636      74696F6E 
 636      73272027 
 636      2D666E6F 
 636      2D636F6D 
 637              		.text
 638              		.comm	__gnu_lto_v1,1,1
 639              		.comm	__gnu_lto_slim,1,1
 640              		.ident	"GCC: (GNU Tools for ARM Embedded Processors) 4.9.3 20141119 (release) [ARM/embedded-4_9-br
ARM GAS  /tmp/ccgX8QdY.s 			page 52


DEFINED SYMBOLS
                            *ABS*:00000000 chmsg.c
                            *COM*:00000001 __gnu_lto_v1
                            *COM*:00000001 __gnu_lto_slim

NO UNDEFINED SYMBOLS
