ARM GAS  /tmp/ccnEfzcS.s 			page 1


   1              		.syntax unified
   2              		.cpu cortex-m4
   3              		.fpu softvfp
   4              		.eabi_attribute 20, 1
   5              		.eabi_attribute 21, 1
   6              		.eabi_attribute 23, 3
   7              		.eabi_attribute 24, 1
   8              		.eabi_attribute 25, 1
   9              		.eabi_attribute 26, 1
  10              		.eabi_attribute 30, 2
  11              		.eabi_attribute 34, 1
  12              		.eabi_attribute 18, 4
  13              		.thumb
  14              		.file	"crt1.c"
  15              		.text
  16              	.Ltext0:
  17              		.section	.gnu.lto_.profile.1152df51e3d3fecd,"",%progbits
  18 0000 789C6366 		.ascii	"x\234cf```a\200\000F\006IQ\000\000\273\0007"
  18      60606061 
  18      80004606 
  18      49510000 
  18      BB0037
  19              		.text
  20              		.section	.gnu.lto_.jmpfuncs.1152df51e3d3fecd,"",%progbits
  21 0000 789C6366 		.ascii	"x\234cf\300\016\004\2414+\020320010030\260\0009\000"
  21      C00E04A1 
  21      342B1033 
  21      32303031 
  21      30303330 
  22 0018 03080024 		.ascii	"\003\010\000$"
  23              		.text
  24              		.section	.gnu.lto_.inline.1152df51e3d3fecd,"",%progbits
  25 0000 789C6366 		.ascii	"x\234cf\300\016\342\2414+\003\0033\023#\003\023\220"
  25      C00EE2A1 
  25      342B0303 
  25      33132303 
  25      1390
  26 0012 C9B6401E 		.ascii	"\311\266@\036D10b\2100a\2100\003y\020\021\0260\011\244"
  26      44313062 
  26      88306188 
  26      30037910 
  26      11163009 
  27 0027 445E7102 		.ascii	"D^q\002E\224\332\026\315d\204+c\000\000\376\271\006"
  27      4594DA16 
  27      CD64842B 
  27      630000FE 
  27      B906
  28 0039 9F       		.ascii	"\237"
  29              		.text
  30              		.section	.gnu.lto_.pureconst.1152df51e3d3fecd,"",%progbits
  31 0000 789C6366 		.ascii	"x\234cf``\340f\200\000V\006\011F\011&\011f\023\026)"
  31      6060E066 
  31      80005606 
  31      09460926 
  31      09661316 
  32 0015 00043A00 		.ascii	"\000\004:\000\264"
  32      B4
ARM GAS  /tmp/ccnEfzcS.s 			page 2


  33              		.text
  34              		.section	.gnu.lto___core_init.1152df51e3d3fecd,"",%progbits
  35 0000 789C6366 		.ascii	"x\234cf\300\004R@\\\002\304\326@\314\310\314\300\310"
  35      C0045240 
  35      5C02C4D6 
  35      40CCC8CC 
  35      C0C8
  36 0012 34E11C03 		.ascii	"4\341\034\003C#\007\023##\210\301\300\310P\317\304X"
  36      43230713 
  36      232388C1 
  36      C0C850CF 
  36      C458
  37 0024 CFF892E9 		.ascii	"\317\370\222\351#\023\343\204\003\253gp\253/mhh\370"
  37      2313E384 
  37      03AB6770 
  37      AB2F6D68 
  37      68F8
  38 0036 D07459A2 		.ascii	"\320tY\242U\342'\023\003\303g&\2101\214\313\031\325"
  38      55E22713 
  38      03C36726 
  38      88318CCB 
  38      19D5
  39 0048 19806A3E 		.ascii	"\031\200j>\266\374\275\316\315\326\002T#\000\221c\\"
  39      B6FCBDCE 
  39      CDD60254 
  39      23009163 
  39      5C
  40 0059 C1C8C608 		.ascii	"\301\310\306\010\244\327\013\035h\370\377\177\361\234"
  40      A4D70B1D 
  40      68F8FF7F 
  40      F19C
  41 0067 37975980 		.ascii	"7\227Y\200\302O\200\030d\376S&&\020\315|\217\221\021"
  41      C24F8018 
  41      64FE5326 
  41      2610CD7C 
  41      8F9111
  42 007a A41064D2 		.ascii	"\244\020d\322\023&F\220\020P\201\245\236\236\276sFf"
  42      13264690 
  42      105081A5 
  42      9E9EBE73 
  42      4666
  43 008c 52A67FB0 		.ascii	"R\246\177\260~~\261~r~nn~\236~qIbQIi\201\276c\220\257"
  43      7E7EB17E 
  43      727E6E6E 
  43      7E9E7E71 
  43      49625149 
  44 00a6 B36F0548 		.ascii	"\263o\005H\264 3'\265\250X\337\335\331Y?\271\250\304"
  44      B4203327 
  44      B5A858DF 
  44      DDD9593F 
  44      B9A8C4
  45 00b9 502F9901 		.ascii	"P/\231\001\000\202\241<\255"
  45      0082A13C 
  45      AD
  46              		.text
  47              		.section	.gnu.lto___early_init.1152df51e3d3fecd,"",%progbits
  48 0000 789C6366 		.ascii	"x\234cf\300\004R@\\\004\304\326@\314\310\314\300\310"
ARM GAS  /tmp/ccnEfzcS.s 			page 3


  48      C0045240 
  48      5C04C4D6 
  48      40CCC8CC 
  48      C0C8
  49 0012 34E11C03 		.ascii	"4\341\034\003C#\007\023##\210\301\300\310P\317\304X"
  49      43230713 
  49      232388C1 
  49      C0C850CF 
  49      C458
  50 0024 CFF892E9 		.ascii	"\317\370\222\351#\023\343\204\003\253gp\253/mhh\370"
  50      2313E384 
  50      03AB6770 
  50      AB2F6D68 
  50      68F8
  51 0036 B0E9BA44 		.ascii	"\260\351\272D\253\304O&\006\206\317L\020c\030\2273\252"
  51      ABC44F26 
  51      0686CF4C 
  51      10631897 
  51      33AA
  52 0048 3300D57C 		.ascii	"3\000\325|l\371{\235\233\255\005\250F\000\"\307\270"
  52      6CF97B9D 
  52      9BAD05A8 
  52      460022C7 
  52      B8
  53 0059 82918D11 		.ascii	"\202\221\215\021H\257\027:\320\360\377\377\3439\022"
  53      48AF173A 
  53      D0F0FFFF 
  53      E33912
  54 0068 40C12740 		.ascii	"@\301'@\0142\375)\023\023\210f\276\307\310\010R\006"
  54      0C32FD29 
  54      13138866 
  54      BEC7C808 
  54      5206
  55 007a 32E70913 		.ascii	"2\347\011\023#H\010\250\300ROO\3379#3)\323?X?\277X?"
  55      234808A8 
  55      C0524F4F 
  55      DF392333 
  55      29D33F58 
  56 0092 393F3737 		.ascii	"9?77?O\277\270$\261\250\244\264@\3371\310\327\331\267"
  56      3F4FBFB8 
  56      24B1A8A4 
  56      B440DF31 
  56      C8D7D9B7 
  57 00a6 02245A90 		.ascii	"\002$Z\220\231\223ZT\254\357\356\354\254\237\\Tb\250"
  57      99935A54 
  57      ACEFEEEC 
  57      AC9F5C54 
  57      62A8
  58 00b8 97CC0000 		.ascii	"\227\314\000\000\324v;t"
  58      D4763B74 
  59              		.text
  60              		.section	.gnu.lto___late_init.1152df51e3d3fecd,"",%progbits
  61 0000 789C6366 		.ascii	"x\234cf\300\004R@\\\004\304\326@\314\310\314\300\310"
  61      C0045240 
  61      5C04C4D6 
  61      40CCC8CC 
  61      C0C8
ARM GAS  /tmp/ccnEfzcS.s 			page 4


  62 0012 34E11C03 		.ascii	"4\341\034\003C#\007\023##\210\301\300\310P\317\304X"
  62      43230713 
  62      232388C1 
  62      C0C850CF 
  62      C458
  63 0024 CFF892E9 		.ascii	"\317\370\222\351#\023\343\204\003\253gp\253/mhh\370"
  63      2313E384 
  63      03AB6770 
  63      AB2F6D68 
  63      68F8
  64 0036 30E9B644 		.ascii	"0\351\266D\253\304O&\006\206\317L\020c\030\2273\252"
  64      ABC44F26 
  64      0686CF4C 
  64      10631897 
  64      33AA
  65 0048 3300D57C 		.ascii	"3\000\325|l\371{\235\233\255\005\250F\000\"\307\270"
  65      6CF97B9D 
  65      9BAD05A8 
  65      460022C7 
  65      B8
  66 0059 82918D11 		.ascii	"\202\221\215\021H\257\027:\320\360\377\377\3429\022"
  66      48AF173A 
  66      D0F0FFFF 
  66      E23912
  67 0068 40C12740 		.ascii	"@\301'@\0142\375)\023\023\210f\276\307\310\010R\006"
  67      0C32FD29 
  67      13138866 
  67      BEC7C808 
  67      5206
  68 007a 32E70913 		.ascii	"2\347\011\023#H\010\250\300ROO\3379#3)\323?X?\277X?"
  68      234808A8 
  68      C0524F4F 
  68      DF392333 
  68      29D33F58 
  69 0092 393F3737 		.ascii	"9?77?O\277\270$\261\250\244\264@\3371\310\327\331\267"
  69      3F4FBFB8 
  69      24B1A8A4 
  69      B440DF31 
  69      C8D7D9B7 
  70 00a6 02245A90 		.ascii	"\002$Z\220\231\223ZT\254\357\356\354\254\237\\Tb\250"
  70      99935A54 
  70      ACEFEEEC 
  70      AC9F5C54 
  70      62A8
  71 00b8 97CC0000 		.ascii	"\227\314\000\000\252\006;\030"
  71      AA063B18 
  72              		.text
  73              		.section	.gnu.lto___default_exit.1152df51e3d3fecd,"",%progbits
  74 0000 789C6366 		.ascii	"x\234cf\300\004&@\\\014\304\326@\314\310\312\300\310"
  74      C0042640 
  74      5C0CC4D6 
  74      40CCC8CA 
  74      C0C8
  75 0012 34E11C03 		.ascii	"4\341\034\003C#\007\023#3\210\301\310\314\310\002\021"
  75      43230713 
  75      233388C1 
  75      C8CCC802 
ARM GAS  /tmp/ccnEfzcS.s 			page 5


  75      11
  76 0023 60810838 		.ascii	"`\201\010822\32431\2630\002\011\210\376\227L\037\231"
  76      3232D433 
  76      31B33002 
  76      0988FE97 
  76      4C1F99
  77 0036 18271C58 		.ascii	"\030'\034X=\203[}iCC\303\207Gw%Z%~210|f\202(`\\\316"
  77      3D835B7D 
  77      694343C3 
  77      87477725 
  77      5A257E32 
  78 0053 A8CE0054 		.ascii	"\250\316\000T\363\261\345\357un\266\026\240\032\001"
  78      F3B1E5EF 
  78      756EB616 
  78      A01A01
  79 0062 881CE30A 		.ascii	"\210\034\343\012F6F \275^\350@\303\377\377\217\347\356"
  79      46364620 
  79      BD5EE840 
  79      C3FFFF8F 
  79      E7EE
  80 0074 B9CF02E4 		.ascii	"\271\317\002\344>\001J1\002I&\240\335O\200\226\000-"
  80      3E014A31 
  80      024926A0 
  80      DD4F8096 
  80      002D
  81 0086 657CC2C4 		.ascii	"e|\302\304\002\245\031\301FZ\352\351\351;gd&e\372\007"
  81      02A519C1 
  81      465AEAE9 
  81      E93B6764 
  81      2665FA07 
  82 009a EBE717EB 		.ascii	"\353\347\027\353'\347\347\346\346\347\351\027\227$\026"
  82      27E7E7E6 
  82      E6E7E917 
  82      972416
  83 00a9 959416E8 		.ascii	"\225\224\026\350;\006\371:\373V\200D\0132sR\213\212"
  83      3B06F93A 
  83      FB568044 
  83      0B327352 
  83      8B8A
  84 00bb F5DD9D9D 		.ascii	"\365\335\235\235\365\223\213J\014\365\222\031\000\247"
  84      F5938B4A 
  84      0CF59219 
  84      00A7
  85 00c9 543FD8   		.ascii	"T?\330"
  86              		.text
  87              		.section	.gnu.lto___init_ram_areas.1152df51e3d3fecd,"",%progbits
  88 0000 789C8D54 		.ascii	"x\234\215T\377k[U\024\277\347\336\227\367^\362\022\223"
  88      FF6B5B55 
  88      14BFE7DE 
  88      97F75EF2 
  88      1293
  89 0012 AE15C640 		.ascii	"\256\025\306@\024\372\303\374e}\352O:\004\035\021\364"
  89      14FAC3FC 
  89      657DEA4F 
  89      3A041D11 
  89      F4
  90 0023 9729E83F 		.ascii	"\227)\350?\340\254\202\005\267\206\266\202\240\245\257"
ARM GAS  /tmp/ccnEfzcS.s 			page 6


  90      E0AC8205 
  90      B786B682 
  90      A0A5AF
  91 0032 6D74AC6C 		.ascii	"mt\254l]\035n\004d\233\303/km\273n\326mI\273/\351:\227"
  91      5D1D6E04 
  91      649BC32F 
  91      6B6DBB6E 
  91      D66D49BB 
  92 004a 4E6B6598 		.ascii	"Nke\230UP\231etUA\245Yti\324\022\31797\3054[\305@\336"
  92      55509965 
  92      745541A5 
  92      597469D4 
  92      12CF3937 
  93 0064 BDE7DC73 		.ascii	"\275\347\334s?\347s>\347\275\243\304\355\277C\370\177"
  93      3FE7733E 
  93      E7BDA3C4 
  93      EDBF43F8 
  93      7F
  94 0075 DD14E209 		.ascii	"\335\024\342\011\\!(@\366\315\010\321iKPz\243\300\247"
  94      5C212840 
  94      F6CD08D1 
  94      694B507A 
  94      A3C0A7
  95 0088 3786DE4C 		.ascii	"7\206\336L\330>i\354\316\010\341\005\314\270%\274\240"
  95      D83E69EC 
  95      CE08E105 
  95      CCB825BC 
  95      A0
  96 0099 0936F9C1 		.ascii	"\0116\371\301\322\353\204mKK\237\373\371\334/\035m\006"
  96      D2EB846D 
  96      4B4B9FFB 
  96      F9DC2F1D 
  96      6D06
  97 00ab D87434F0 		.ascii	"\330t4\360\226\000\000\255\002D\207T\206\317\264l\277"
  97      960000AD 
  97      02448754 
  97      86CFB46C 
  97      BF
  98 00bc 13800E43 		.ascii	"\023\200\016C\011(\225J\035\314\315\247)\332z\371Y\346"
  98      0928954A 
  98      1DCCCDA7 
  98      29DA7AF9 
  98      59E6
  99 00ce 24F4A507 		.ascii	"$\364\245\007\023\316\306\017=\317[\354\312\255\177"
  99      13CEC60F 
  99      3DCF5BEC 
  99      CAAD7F
 100 00dd 737D510A 		.ascii	"s}Q\012\221\227:\000\216\302F\2011#\203\331C\240\036"
 100      91973A00 
 100      8EC24681 
 100      312383D9 
 100      43A01E
 101 00f0 05DAA78E 		.ascii	"\005\332\247\216\375\376\245\363\223,J\270\217\314\261"
 101      FDFEA5F3 
 101      932C4AB8 
 101      8FCCB1
 102 00ff 7D530993 		.ascii	"}S\011\223Li\220\371\335G\313\273d\375\021\317\353\232"
ARM GAS  /tmp/ccnEfzcS.s 			page 7


 102      4C6990F9 
 102      DD47CBBB 
 102      64FD11CF 
 102      EB9A
 103 0111 EBC9CC04 		.ascii	"\353\311\314\004\275)/>W*\335[\224\012\372A!.\014\300"
 103      BD292F3E 
 103      572ADD5B 
 103      940AFA41 
 103      212E0CC0 
 104 0125 06F81836 		.ascii	"\006\370\0306\224\305\302+\271\370\3627\216\031G\002"
 104      94C5C22B 
 104      B9F8F237 
 104      8E194702 
 105 0135 1118847A 		.ascii	"\021\030\204z\235\034\206\300\004!\024y0\2463\275'\033"
 105      9D1C86C0 
 105      04211479 
 105      30A633BD 
 105      271B
 106 0147 528F3381 		.ascii	"R\2173\201\356d\347\371\240N\261\347\307LE\012\003\206"
 106      EE64E7F9 
 106      A04EB1E7 
 106      C74C450A 
 106      0386
 107 0159 EF94028E 		.ascii	"\357\224\002\2161\304R\377\256\263RE\031\"\363\367\255"
 107      31C452FF 
 107      AEB35245 
 107      1922F3F7 
 107      AD
 108 016a AB7731C4 		.ascii	"\253w1\304{\275G\315\012\200\221;\002\034\207\372\221"
 108      7BBD47CD 
 108      0A80913B 
 108      021C87FA 
 108      91
 109 017b 7569AF54 		.ascii	"ui\257T\032\275\370\365\316\372qy7\010\342%\031Z\361"
 109      1ABDF8F5 
 109      CEFA7179 
 109      3708E225 
 109      195AF1
 110 018e B9C14F9B 		.ascii	"\271\301O\233\237\001\366;\274\017\012\204\015\341\303"
 110      9F01F63B 
 110      BC0F0A84 
 110      0DE1C3
 111 019d 17663BC2 		.ascii	"\027f;\302g5\344\255eG\035C\0111\217U_\021\342\206\224"
 111      6735E4AD 
 111      65471D43 
 111      09318F55 
 111      5F11E286 
 112 01b2 B8A859E8 		.ascii	"\270\250Y\350J\357\357\275\207U\320\012\034\330\233"
 112      4AEFEFBD 
 112      8755D00A 
 112      1CD89B
 113 01c1 4DAAF6BF 		.ascii	"M\252\366\277\274\204g\027\245\271,\265v?\314\177u\305"
 113      BC846717 
 113      A5B92CB5 
 113      763FCC7F 
 113      75C5
 114 01d3 26F54D36 		.ascii	"&\365M6\007\366\276\223\204\203\360ng\037EYp\002\332"
ARM GAS  /tmp/ccnEfzcS.s 			page 8


 114      07F6BE93 
 114      8483F06E 
 114      671F4559 
 114      7002DA
 115 01e6 E113AA03 		.ascii	"\341\023\252\003\317\016\317\367'\034\006H?\205\361"
 115      CF0ECFF7 
 115      271C0648 
 115      3F85F1
 116 01f5 308A8158 		.ascii	"0\212\201X\333\247\320.(\255\022q\213\322F\230OA\202"
 116      DBA7D02E 
 116      28AD1271 
 116      8BD24698 
 116      4F4182
 117 0208 F816BA4E 		.ascii	"\370\026\272N\345.\345UU\213\220>\361\346\016\341\375"
 117      E52EE555 
 117      558B903E 
 117      F1E60EE1 
 117      FD
 118 0219 93601664 		.ascii	"\223`\026d\240\222\212\342t'\227\016\377\032\"*\236"
 118      A0928AE2 
 118      7427970E 
 118      FF1A222A 
 118      9E
 119 022a 97768BD2 		.ascii	"\227v\213\322FD8U\246\362\333\205\336?\303\233\006\275"
 119      46443855 
 119      A6F2DB85 
 119      DE3FC39B 
 119      06BD
 120 023c 4851FAE1 		.ascii	"HQ\372\3414\362\270\311\357\033$a\223@\012\336c\204"
 120      34F2B8C9 
 120      EF1B2461 
 120      93400ADE 
 120      6384
 121 024e 4A891099 		.ascii	"J\211\020\231i\274\235Q:\221S\205\334\360_\310)F\006"
 121      69BC9D51 
 121      3A915385 
 121      DCF05FC8 
 121      294606
 122 0261 421E5B85 		.ascii	"B\036[\205|\234\220\035!\026\000V);\327\263s\335\212"
 122      7C9C901D 
 122      21160056 
 122      293BD7B3 
 122      73DD8A
 123 0274 B8300EED 		.ascii	"\2700\016\355\262\337*\310:g\372\217\347Q C\340G\247"
 123      B2DF2AC8 
 123      3A67FA8F 
 123      E7512043 
 123      E047A7
 124 0287 90CDAD9E 		.ascii	"\220\315\255\236\331\324\303\232N\250\262ncU\335P\224"
 124      D9D4C39A 
 124      4EA8B26E 
 124      6355DD50 
 124      94
 125 0298 81829470 		.ascii	"\201\202\224p\206\230\301Y\022\033\357\356;\022\242"
 125      8698C159 
 125      121BEFEE 
 125      3B12A2
ARM GAS  /tmp/ccnEfzcS.s 			page 9


 126 02a7 9B555558 		.ascii	"\233UUX\034\253\312\261\3470\026\2411\274;\361\326\265"
 126      1CABCAB1 
 126      E73016A1 
 126      31BC3BF1 
 126      D6B5
 127 02b9 D4033A55 		.ascii	"\324\003:U\230\002\350\235\234\005\371o\021a\035\265"
 127      9802E89D 
 127      9C05F96F 
 127      11611DB5 
 128 02c9 907A4847 		.ascii	"\220zHGE(ee\024\213\030\341\016\373\004\216\207r\213"
 128      45286565 
 128      148B18E1 
 128      0EFB048E 
 128      87728B
 129 02dc F9B212DA 		.ascii	"\371\262\022\332\340\030\251\373==\352\323H\301\325"
 129      E018A9FB 
 129      3D3DEAD3 
 129      48C1D5
 130 02eb B5ACADF2 		.ascii	"\265\254\255\362yV\231%K\243\312W!>\323\275\243\214"
 130      79569925 
 130      4BA3CA57 
 130      213ED3BD 
 130      A38C
 131 02fd 413904E9 		.ascii	"A9\004\351,\261\223\352\373\334\033\310\305\230\316"
 131      2CB193EA 
 131      FBDC1BC8 
 131      C598CE
 132 030c BFB8000A 		.ascii	"\277\270\000\012\033\240~!G\3308\223'}Mz\0011\0243)"
 132      1BA07E21 
 132      47D83893 
 132      277D4D7A 
 132      01311433 
 133 0321 1FA0C35A 		.ascii	"\037\240\303Z\021|q1\373\276ZS6\243,\333\004\362\250"
 133      117C7131 
 133      FBBE5A53 
 133      36A32CDB 
 133      04F2A8
 134 0334 6C47007D 		.ascii	"lG\000}\027\360\204\005\232\035+\313XK\027n\223\261"
 134      17F08405 
 134      9A1D2BCB 
 134      584B176E 
 134      93B1
 135 0346 9605B249 		.ascii	"\226\005\262I \250\020\310`MNdW4\251\371\277\232L\262"
 135      20A810C8 
 135      604D4E64 
 135      5734A9F9 
 135      BF9A4CB2 
 136 035a 26543B5C 		.ascii	"&T;\\\254\322\244\206`Y\023\243 m\023;]k\015\361\013"
 136      ACD2A486 
 136      605913A3 
 136      206D133B 
 136      5D6B0DF1 
 137 036f E6270198 		.ascii	"\346'\001\230\355\365\315:\266\016\023 \364\027\327"
 137      EDF5CD3A 
 137      B60E1320 
 137      F417D7
 138 037e 97F2411E 		.ascii	"\227\362A\036\261H\354\263\012\356\374\241\326\021\374"
ARM GAS  /tmp/ccnEfzcS.s 			page 10


 138      B148ECB3 
 138      0AEEFCA1 
 138      D611FC
 139 038d 74F7F841 		.ascii	"t\367\370AE_$\332k\016\213\352\351p\251b:|\260\377\300"
 139      455F24DA 
 139      6B0E8BEA 
 139      E970A962 
 139      3A7CB0FF 
 140 03a2 908F7238 		.ascii	"\220\217r86\231\227'\007N\207\335a\257\317Ko\306B!\203"
 140      36999727 
 140      074E87DD 
 140      61AFCF4B 
 140      6FC64221 
 141 03b7 F7604A4F 		.ascii	"\367`JOD\232\362\223\311a\277\236%\367\323h\277\014"
 141      449AF293 
 141      C961BF9E 
 141      25F7D368 
 141      BF0C
 142 03c9 2E96FA39 		.ascii	".\226\3729\217\022\032e\216\0305\341\006\266\000G\331"
 142      8F121A65 
 142      8E1835E1 
 142      06B60047 
 142      D9
 143 03da 351CDEB9 		.ascii	"5\034\336\271\247\365\264\2403@'\022z\244\241\301\215"
 143      A7F5B4A0 
 143      33402712 
 143      7AA4A1C1 
 143      8D
 144 03eb BEDCF442 		.ascii	"\276\334\364B\3233\317\271\315\255nc\363\366\355\315"
 144      D333CFB9 
 144      CDAD6E63 
 144      F3F6EDCD 
 145 03fb 3BDCD6B6 		.ascii	";\334\326\266m-m\257\306\334-\317n\215n}\215\274\261"
 145      6D2D6DAF 
 145      C6DC2DCF 
 145      6E8D6E7D 
 145      8DBCB1
 146 040e A6575E6A 		.ascii	"\246W^jiu\237\214F\335\306\226\266\007\033\032\205j"
 146      69759F8C 
 146      46DDC696 
 146      B6071B1A 
 146      856A
 147 0420 D916936D 		.ascii	"\331\026\223m1\210\375\003\325\370T\311"
 147      3188FD03 
 147      D5F854C9 
 148              		.text
 149              		.section	.gnu.lto_.symbol_nodes.1152df51e3d3fecd,"",%progbits
 150 0000 789C55CA 		.ascii	"x\234U\312WR\002a\024D\341>\377\314(\212\001\025\023"
 150      57520261 
 150      1444E13E 
 150      FFCC288A 
 150      011513
 151 0013 2AB81397 		.ascii	"*\270\023\227v\315\230E0\007\230\025\261!s\227\017B"
 151      76CD9845 
 151      30079815 
 151      B1217397 
 151      0F42
ARM GAS  /tmp/ccnEfzcS.s 			page 11


 152 0025 BF7C55A7 		.ascii	"\277|U\247:\223\264\203\376\226>\024Rg(E\250_V\224>"
 152      3A93B483 
 152      FE963E14 
 152      52672845 
 152      A85F5694 
 153 003a 158C852F 		.ascii	"\025\214\205/E\032\013\337\212\354?\344J\273D>\372("
 153      451A0BDF 
 153      8AEC3FE4 
 153      4ABB443E 
 153      FA28
 154 004c DEA53245 		.ascii	"\336\2452EV\354A-T\354\223\314\001\2319$7G\024\346\230"
 154      56EC412D 
 154      54EC93CC 
 154      01993924 
 154      374714E6 
 155 0061 09D366D2 		.ascii	"\011\323f\322\234P1\247L\2313\246\3159Us\301\214\271"
 155      9C5031A7 
 155      4C9933A6 
 155      CD395573 
 155      C18CB9
 156 0074 64D65C31 		.ascii	"d\326\\1g\256\2317\035j\346\206\005\323e\321\364X2\267"
 156      67AE9937 
 156      1D6AE686 
 156      05D365D1 
 156      F45832B7 
 157 0088 D4CD1DCB 		.ascii	"\324\315\035\313\346\236\025\363\300\252yd\315<\261"
 157      E69E15F3 
 157      C0AA7964 
 157      CD3CB1
 158 0097 6E9E6998 		.ascii	"n\236i\230\0276\314+\233\346\215-\323\247i\006\264L"
 158      1736CC2B 
 158      9BE68D2D 
 158      D3A76906 
 158      B44C
 159 00a9 C9F62FFA 		.ascii	"\311\366/\372\001\034\217BT"
 159      011C8F42 
 159      54
 160              		.text
 161              		.section	.gnu.lto_.refs.1152df51e3d3fecd,"",%progbits
 162 0000 789C25C1 		.ascii	"x\234%\301[\032\201P\030\000\300\377\233:\024\241(\227"
 162      5B1A8150 
 162      1800C0FF 
 162      9B3A14A1 
 162      2897
 163 0012 90E3B61A 		.ascii	"\220\343\266\032\373\337\217\207f\212\210\370\305L)"
 163      FBDF8F87 
 163      668A88F8 
 163      C54C29
 164 0021 91A69C2C 		.ascii	"\221\246\234,,Uj+k\215\215\255\235Vg\357\24078:9\273"
 164      2C556A2B 
 164      6B8D8DAD 
 164      9D5667EF 
 164      A037383A 
 165 0037 185DDDDC 		.ascii	"\030]\335\334M\036\262\247\227\267\217o\374\001}Z\003"
 165      4D1EB2A7 
 165      97B78F6F 
 165      FC017D5A 
ARM GAS  /tmp/ccnEfzcS.s 			page 12


 165      03
 166 0048 98       		.ascii	"\230"
 167              		.text
 168              		.section	.gnu.lto_.decls.1152df51e3d3fecd,"",%progbits
 169 0000 789CA598 		.ascii	"x\234\245\230{PT\327\035\307\367\334\263\273\300\272"
 169      7B5054D7 
 169      1DC7F7DC 
 169      B3BBC0BA 
 170 0010 2C8E4E1E 		.ascii	",\216N\036cgR\2433N\037Q\002\"N:\323&\255\355$\323\346"
 170      636752A3 
 170      334E1F51 
 170      02224E3A 
 170      D326ADED 
 171 0027 D536FDAB 		.ascii	"\3256\375\253\177\354\020\244\015S\204\024\327i2\323"
 171      7FEC10A4 
 171      0D538414 
 171      D76932D3 
 172 0037 CCACA204 		.ascii	"\314\254\242\004Q\001\021\021DayE\"o\004\224\367\373"
 172      51011111 
 172      44617945 
 172      226F0494 
 172      F7FB
 173 0049 0DA2820A 		.ascii	"\015\242\202\012\362&*\022\236\012\004Pt\373\273\347"
 173      F2262A12 
 173      9E0A0450 
 173      74FBBBE7 
 174 0059 FCEEC5BD 		.ascii	"\374\356\305\275\027\333?\2723?\316=w\177\277\317\357"
 174      17DB3FBA 
 174      333FCE3D 
 174      777FBFCF 
 174      EF
 175 006a 7BCFF7DC 		.ascii	"{\317\367\334\273\273P\215FSO4\032;\274~\371\222F\023"
 175      BBBB508D 
 175      46534F34 
 175      1A3BBC7E 
 175      F9924613 
 176 007e 41351A3D 		.ascii	"A5\032=\234\373X\263\372\322A\344@\344C\024B\224@\224"
 176      9CFB58B3 
 176      FAD241E4 
 176      40E44314 
 176      42944094 
 177 0092 41BC0EF1 		.ascii	"A\274\016\361>\324\016\3028\002q\027b\014b\002b\032"
 177      3ED40EC2 
 177      38027117 
 177      620C6202 
 177      621A
 178 00a4 E221C43C 		.ascii	"\342!\304<\3042\304\012\204\035B\200|'\010\003\204+"
 178      C432C40A 
 178      841D4280 
 178      7C270803 
 178      842B
 179 00b6 C47A8897 		.ascii	"\304z\210\227 ^\205\370\021\304k\020[!\266A\374\024"
 179      205E85F8 
 179      11C46B10 
 179      5B21B641 
 179      FC14
 180 00c8 E20D080F 		.ascii	"\342\015\010\017\010/\210\335\020\277\200x\033\3427"
ARM GAS  /tmp/ccnEfzcS.s 			page 13


 180      082F88DD 
 180      10BF8078 
 180      1BE237
 181 00d7 10BF8378 		.ascii	"\020\277\203x\217h\034^\242N\362\234~\202\347\224\257"
 181      8F681C5E 
 181      A24EF29C 
 181      7E82E794 
 181      AF
 182 00e8 FC35F2F2 		.ascii	"\3745\362\362\327\310+\\#\257p\215\274\2225\362J\326"
 182      D7C82B5C 
 182      23AF708D 
 182      BC9235F2 
 182      4AD6
 183 00fa C813D7CD 		.ascii	"\310\023\327\315\210y&<\376\000\222\0335|=?\204\343"
 183      8879263C 
 183      FE00921B 
 183      357C3D3F 
 183      84E3
 184 010c 3E186F42 		.ascii	">\030oB|\004\307\3650\376\036B\013q\025\242\035\342"
 184      7C04C7F5 
 184      30FE1E42 
 184      0B7115A2 
 184      1DE2
 185 011e 1A4407F6 		.ascii	"\032D\007\366(\303\361}\305:<\024HI\316|\307\272\007"
 185      28C3F17D 
 185      C53A3C14 
 185      4849CE7C 
 185      C7BA07
 186 0131 02311936 		.ascii	"\0021\0316\213\323\322\350\3468=L\215\006\2558-{2\332"
 186      8BD3D2E8 
 186      E6383D4C 
 186      8D06AD38 
 186      2D7B32DA 
 187 0145 AD7DE5B4 		.ascii	"\255}\345\264\025^Q!\326\365Z\362\361\313\344\002\331"
 187      155E5121 
 187      D6F55AF2 
 187      F1CBE402 
 187      D9
 188 0156 4432C826 		.ascii	"D2\310& ~K^\201\277\177\325r\322\235\304\256Fg\012\326"
 188      207E4B5E 
 188      81BF7FD5 
 188      72D29DC4 
 188      AE46670A 
 189 016b C1716ADC 		.ascii	"\301qj\334H\267\341\215\213P\026f\255\236%\253\355\356"
 189      48B7E18D 
 189      8B501666 
 189      AD9E25AB 
 189      EDEE
 190 017d 84843D72 		.ascii	"\204\204=r\243/\261\244#W'\036Q\255\240!Y\204\362w#"
 190      A32FB1A4 
 190      2357271E 
 190      51ADA021 
 190      5984F277 
 191 0192 C32B2BDC 		.ascii	"\303++\3346'Zm\266\331\322\274p\032o\265\325Z\237\331"
 191      36275A6D 
 191      B6D9D2BC 
 191      701A6FB5 
ARM GAS  /tmp/ccnEfzcS.s 			page 14


 191      D55A9FD9 
 192 01a6 ED84B522 		.ascii	"\355\204\265\"\027\011%\231\344\015h\231M\264\032q\312"
 192      17092599 
 192      E40D6899 
 192      4DB41A71 
 192      CA
 193 01b7 1731876C 		.ascii	"\0271\207l\206\332\332\223\217\246\010\375\344\005\344"
 193      86DADA93 
 193      8FA608FD 
 193      E405E4
 194 01c6 83834D89 		.ascii	"\203\203M\211&F\266\225\245\353\233\243\252\355\366"
 194      2646B695 
 194      A5EB9BA3 
 194      AAEDF6
 195 01d5 B7193457 		.ascii	"\267\0314W\206\346\211\320\\\011\232\317\240\261\267"
 195      86E689D0 
 195      5C099ACF 
 195      A0B1B7
 196 01e4 CE8FB950 		.ascii	"\316\217\271P\237\027@K\372\037\330\010\207\366:@\013"
 196      9F17404B 
 196      FA1FD808 
 196      87F63A40 
 196      0B
 197 01f5 64E82511 		.ascii	"d\350%\021Z A\013\0314o0\342\221\023\335\307\240\275"
 197      5A20410B 
 197      19346F30 
 197      E29113DD 
 197      C7A0BD
 198 0208 23E3DD4E 		.ascii	"#\343\335N\364\337\3548).\361\266QlP,5\030\354\215)"
 198      F4DFEC38 
 198      292EF1B6 
 198      516C502C 
 198      3518EC8D 
 199 021d 75915A92 		.ascii	"u\221Z\222\313\204yRw2zD\020\273&\333\246\035\272\026"
 199      CB847952 
 199      77327A44 
 199      10BB26DB 
 199      A61DBA16 
 200 0231 C95DAF88 		.ascii	"\311]\257\210]\213\244\256%\254ka\312\375\001'z\204"
 200      5D8BA4AE 
 200      25AC6B61 
 200      CAFD0127 
 200      7A84
 201 0243 B05663A1 		.ascii	"\260Vc\241\365\177\024\021y\266\260\013\372f\253\214"
 201      F57F1411 
 201      79B6B00B 
 201      FA66AB8C 
 202 0253 28951050 		.ascii	"(\225\020PV*\325\227\261\372\323\345\347\242]\330F\261"
 202      562AD597 
 202      B1FAD3E5 
 202      E7A25DD8 
 202      46B1
 203 0265 3244DBE8 		.ascii	"2D\333\350\322\234\221\355\224\365\342\264\252r\251"
 203      D29C91ED 
 203      94F5E2B4 
 203      AA72A9
 204 0274 D1406339 		.ascii	"\321@c9\376x\330p\213\201&\361\311\301o\312\216;A\342"
ARM GAS  /tmp/ccnEfzcS.s 			page 15


 204      FE78D870 
 204      8B8126F1 
 204      C9C16FCA 
 204      8E3B41E2 
 205 0288 EB06764D 		.ascii	"\353\006vMC\011\313i.l*>M\334\340\224\320|\337\232j"
 205      4309CB69 
 205      2E6C2A3E 
 205      4DDCE094 
 205      D07CDF9A 
 206 029d 22DB0C69 		.ascii	"\"\333\014i\260_f\357\244\217\276\027b}\207\324\021"
 206      B05F66EF 
 206      A48FBE17 
 206      627D87D4 
 206      11
 207 02ae 03A992E5 		.ascii	"\003\251\222\345\260j\361\025f\265\036\022\367\242K"
 207      B06AF115 
 207      66B51E12 
 207      F7A24B
 208 02bd B349236F 		.ascii	"\263I#oERK\266A\006\313%\325p\262\006N\002\270a\245"
 208      45524BB6 
 208      4106CB25 
 208      D570B206 
 208      4E02B861 
 209 02d2 F2B08E18 		.ascii	"\362\260\216\030\266\255]\324\260F\021\223`\277p\346"
 209      B6AD5DD4 
 209      B0461193 
 209      60BF70E6 
 210 02e2 65AB554B 		.ascii	"e\253UK\352AB\345\252\004P$\357\343\231\241\320L\235"
 210      EA4142E5 
 210      AA045024 
 210      EFE399A1 
 210      D04C9D
 211 02f5 317C95CB 		.ascii	"1|\225\313\222Wo\215Fb\304\314\243\015\017s\265\264"
 211      92576F8D 
 211      4662C4CC 
 211      A30D0F73 
 211      B5B4
 212 0307 9EDF17C7 		.ascii	"\236\337\027\307\213j\356\233h\027\237\024\337\213\217"
 212      8B6AEE9B 
 212      68179F14 
 212      DF8B8F
 213 0316 D3D1013E 		.ascii	"\323\321\001>I;\035\233\245c\313\351,Nm\351\3313z\372"
 213      493B1D9B 
 213      A563CBE9 
 213      2C4E6DE9 
 213      D9337AFA 
 214 032a 80BDA72F 		.ascii	"\200\275\247/\216xv\326\215l\331\262e\343\226m6h9[\332"
 214      8E7876D6 
 214      8D6CD9B2 
 214      65E3966D 
 214      3668395B 
 215 033f 3F4EC49B 		.ascii	"?N\304\233\203\210}H3H\354$\033W/\354'\242\202\013\242"
 215      83887D48 
 215      3348EC24 
 215      1B572FEC 
 215      27A2820B 
 216 0354 0E8D986E 		.ascii	"\016\215\230n[*\260\276s\230\262\3346en+Q$O\255&7\255"
ARM GAS  /tmp/ccnEfzcS.s 			page 16


 216      5B2AB0BE 
 216      7398B2DC 
 216      36656E2B 
 216      51244FAD 
 217 036b 09FE9998 		.ascii	"\011\376\231\230z\222=\022\254\326w,\032R\016oW0\214"
 217      7A923D12 
 217      ACD6772C 
 217      1A520E6F 
 217      57308C
 218 037e 980C8B45 		.ascii	"\230\014\213E\256\303\312^%[H;\3045\210\016\262\205"
 218      AEC3CA5E 
 218      255B483B 
 218      C435880E 
 218      B285
 219 0390 2D1C6B30 		.ascii	"-\034k0\263\332\240em5\254\203\350\304\360\244\247\263"
 219      B3DAA065 
 219      6D35AC83 
 219      E8C4F0A4 
 219      A7B3
 220 03a2 98A09136 		.ascii	"\230\240\2216\245\274\376\263s\205#\316t\201\255\217"
 220      A5BCFEB3 
 220      738523CE 
 220      7481AD8F 
 221 03b2 D011357E 		.ascii	"\320\0215~\312\211l\334\266\226(\322\015Z\376\227.\326"
 221      CA896CDC 
 221      B69628D2 
 221      0D5AFE97 
 221      2ED6
 222 03c4 6B594F48 		.ascii	"kYOH\027$\336Xu\\l-u\214-jM^\267\021[\330^\324B\263"
 222      1724DE58 
 222      755C6C2D 
 222      758C2D6A 
 222      4D5EB711 
 223 03de 265FBC5D 		.ascii	"&_\274]\332\262^\345w\017\363W\272\233\214x7-\246\016"
 223      DAB25EE5 
 223      770FF357 
 223      BA9B8C78 
 223      372DA60E 
 224 03f2 4F103677 		.ascii	"O\0206w\022\247\303\317\242\254n\2060|\356\212\333\313"
 224      12A7C3CF 
 224      A2AC6E86 
 224      307CEE8A 
 224      DBCB
 225 0404 F8FCEEEA 		.ascii	"\370\374\356\352\025w\"\270Az\330>'I\321i\017]6D\341"
 225      157722B8 
 225      417AD83E 
 225      2749D169 
 225      0F5D3644 
 226 0419 E56FB6B0 		.ascii	"\345o\266\260\353\270\005\351\267Y\372\035\262A*\022"
 226      EBB805E9 
 226      B759FA1D 
 226      B2412A12 
 227 0429 B3AFD7DD 		.ascii	"\263\257\327\335\314\326=\237}\363\277e\207\344u\247"
 227      CCD63D9F 
 227      7DF3BF65 
 227      87E475A7 
 228 0439 BBD22394 		.ascii	"\273\322#\224\311\214\235\210\0111\320H>)\312\315\216"
ARM GAS  /tmp/ccnEfzcS.s 			page 17


 228      C98C9D88 
 228      0931D048 
 228      3E29CACD 
 228      8E
 229 044a 275B93AD 		.ascii	"'[\223\255\303\207\206\303R[\215\266fXD\273\375\307"
 229      C38786C3 
 229      525B8DB6 
 229      665844BB 
 229      FDC7
 230 045c EC4E18E0 		.ascii	"\354N\030\340\213\370\234\346\001\3768\201\272\374\270"
 230      8BF89CE6 
 230      01FE3881 
 230      BAFCB8
 231 046b D85EB7AF 		.ascii	"\330^\267\257\236\300G\303pE\010\337\302\203d+{+|p\340"
 231      9EC047C3 
 231      704508DF 
 231      C283642B 
 231      7B2B7C70 
 232 0480 882B4DE1 		.ascii	"\210+M\341\374\212\263\335\277\222\360]\216\370a\025"
 232      FC8AB3DD 
 232      BF92F05D 
 232      8EF86115 
 233 0490 7E58C62F 		.ascii	"~X\306/6<>C\020\017\217\025\021?\202\370\222\313\347"
 233      363C3E43 
 233      100F8F15 
 233      113F82F8 
 233      92CBE7
 234 04a3 E79D681E 		.ascii	"\347\235h\036\307\337\232\316\272'\311\017\351s\344"
 234      C7DF9ACE 
 234      BA27C90F 
 234      E973E4
 235 04b2 7FA7E27F 		.ascii	"\177\247\342\177'\363c\372\302'\235$\376\313\214\177"
 235      27F363FA 
 235      C2279D24 
 235      FECB8C7F 
 236 04c2 17F9A179 		.ascii	"\027\371\241y\251\213\006Z\305\371q\217\307\207\250"
 236      A98B065A 
 236      C5F9718F 
 236      C787A8
 237 04d1 C4F78DB7 		.ascii	"\304\367\215\267&\037\262Z\305\347,kp_\325\340\276\334"
 237      261FB25A 
 237      C5E72C6B 
 237      705FD5E0 
 237      BEDC
 238 04e3 E0E66CC6 		.ascii	"\340\346l\306\030\305\006u\257\261\006c\330 s1\344\250"
 238      18C50675 
 238      AFB10663 
 238      D8207331 
 238      E4A8
 239 04f5 8B77A135 		.ascii	"\213w\2415\314\266\231\271&n\266!\362\025\333p\2430"
 239      CCB699B9 
 239      266EB621 
 239      F215DB70 
 239      A330
 240 0507 8A9BEE1E 		.ascii	"\212\233\356\036\214\260\361\310\003\362\225X\322\334"
 240      8CB0F1C8 
 240      03F29558 
ARM GAS  /tmp/ccnEfzcS.s 			page 18


 240      D2DC
 241 0515 94BAE046 		.ascii	"\224\272\340F;\271\246\251\303\223\031F\256\351\230"
 241      3BB9A6A9 
 241      C3931946 
 241      AEE998
 242 0524 D2B2EF55 		.ascii	"\322\262\357U\222\276\227%]\237\272\267\227+\252B\307"
 242      92BE9725 
 242      5D9FBAB7 
 242      972BAA42 
 242      C7
 243 0535 26505163 		.ascii	"&PQcW\317\2303\035\345\370\241\241\332:*\341\025\226"
 243      57CF9833 
 243      1DE5F8A1 
 243      A1DA3A2A 
 243      E11596
 244 0548 4DA9F053 		.ascii	"M\251\360S2\276r\360n7^q\025Z6\215\374\276\346\220\005"
 244      32BE72F0 
 244      6E375E71 
 244      155A368D 
 244      FCBEE690 
 245 055d 173ACBF9 		.ascii	"\027:\313\371\335}!\351:\344+-\233U\361ge\376\374\327"
 245      DD7D21E9 
 245      3AE42B2D 
 245      9B55F167 
 245      65FEFCD7 
 246 0571 F67E22F1 		.ascii	"\366~\"\361\271e\017\221\2372hOu\243v\316\2179\361\350"
 246      B9650F91 
 246      9F32684F 
 246      75A376CE 
 246      8F39F1E8 
 247 0585 A25EE22B 		.ascii	"\242^\342+-\233S5\230\223\033\224\346\305_6a\003\264"
 247      2D9B5335 
 247      98931B94 
 247      E6C55F36 
 247      6103B4
 248 0598 6C1E1BCC 		.ascii	"l\036\033\314\2174M9+,\233D\313f\320\262Gh\331\002\267"
 248      8F344D39 
 248      2B2C9B44 
 248      CB66D0B2 
 248      4768D902 
 249 05ad ECECED7B 		.ascii	"\354\354\355{\363\224=,\004v\237u\244,ki\244\226I<\261"
 249      F3943D2C 
 249      04769F75 
 249      A42C6B69 
 249      A496493C 
 250 05c2 525B60E0 		.ascii	"R[`\340\022#\224\016.\251\024.\311\012\243*#\012\214"
 250      1223940E 
 250      2EA9142E 
 250      C90AA32A 
 250      230A8C
 251 05d5 5C612B5A 		.ascii	"\\a+Z\270\214\012K\323\247zu4\205\363\213N.\025\351"
 251      B88C0A4B 
 251      D3A77A75 
 251      3485F38B 
 251      4E2E15E9 
 252 05e9 24BEC2C2 		.ascii	"$\276\302\302'*\376\023\231?w7\356\266\200|\264p\005"
 252      272AFE13 
ARM GAS  /tmp/ccnEfzcS.s 			page 19


 252      993F7737 
 252      EEB6807C 
 252      B47005
 253 05fc F9276ACB 		.ascii	"\371'j\313/\271\320<\316o\310l\177\200K\034\241\264"
 253      2FB9D03C 
 253      CE6FC86C 
 253      7F804B1C 
 253      A1B4
 254 060e F0998AFF 		.ascii	"\360\231\212\377L\346\367G\207\333%\375h\241\035\371"
 254      4CE6F747 
 254      87DB25FD 
 254      68A11DF9 
 255 061e 5959D5A9 		.ascii	"YY\325\251\002\255\342\374\351\270\2222*\361\225\026"
 255      02ADE2FC 
 255      E9B89232 
 255      2AF19516 
 256 062e 1E14940D 		.ascii	"\036\024\224\015\340\0146\030<\227\021\211\026\266\242"
 256      E00C3618 
 256      3C971189 
 256      16B6A2
 257 063d 858704DE 		.ascii	"\205\207\004\336\240s\351\361\254Va\341c\264\360)Zh"
 257      A073E9F1 
 257      AC5661E1 
 257      63B4F029 
 257      5A68
 258 064f 15B88521 		.ascii	"\025\270\205!\002\2630\"'m\316\215YH\305\351\300\355"
 258      02B33022 
 258      276DCE8D 
 258      5948C5E9 
 258      C0ED
 259 0661 F1EB4EB4 		.ascii	"\361\353N\264\223K\274\273\260\200+\020\257t0T%0T\026"
 259      934BBCBB 
 259      B0802B10 
 259      AF743054 
 259      25305416 
 260 0675 187A23B1 		.ascii	"\030z#\261\0147q\007:\3705\012\034\310\212(\022\350"
 260      0C377107 
 260      3AF8350A 
 260      1CC88A28 
 260      12E8
 261 0687 28C7E794 		.ascii	"(\307\347\224\014]\321I|\205\203GU\374\2432\277\363"
 261      0C5DD149 
 261      7C858347 
 261      55FCA332 
 261      BFF3
 262 0699 5868023E 		.ascii	"Xh\002>\327:\320\301p\344\347\016g%\270\322Y\316\217"
 262      D73AD0C1 
 262      70E4E70E 
 262      6725B8D2 
 262      59CE8F
 263 06ac 2E3BBC15 		.ascii	".;\274\025\361J\003\217\253\360\307e|cjd\227\214\347"
 263      F14A038F 
 263      ABF0C765 
 263      7C636A64 
 263      978CE7
 264 06bf 069E40FC 		.ascii	"\006\236@\374\341\225\341\001J\355\034?^z}T\220\370"
 264      E195E101 
ARM GAS  /tmp/ccnEfzcS.s 			page 20


 264      4AED1C3F 
 264      5E7A7D54 
 264      90F8
 265 06d1 4A032355 		.ascii	"J\003#U\015\"\345\006\213\343O\277u\306\006h`\0246H"
 265      0D22E506 
 265      8BE34FBF 
 265      75C60668 
 265      60143648 
 266 06e5 EEAEAB57 		.ascii	"\356\256\253W\032\030&p\003\217\011\334\300\0104\360"
 266      1A182670 
 266      038F09DC 
 266      C00834F0 
 267 06f5 243750FA 		.ascii	"$7P\372!d\342?\204\032+\026\032\005\032\251c\022[\232"
 267      2164E23F 
 267      841A2B16 
 267      1A051AA9 
 267      63125B9A 
 268 0709 7B13D771 		.ascii	"{\023\327q\211\347\224\016\306\250\024\306\310\012s"
 268      89E7940E 
 268      C6A814C6 
 268      C80A73
 269 0718 1B268775 		.ascii	"\033&\207u\\a\017:x\032\025\246\3475V\0134\205\363\253"
 269      5C610F3A 
 269      781A15A6 
 269      E735560B 
 269      3485F3AB 
 270 072c 629FB6B8 		.ascii	"b\237\266\270J|\205\203gT\37432\277\255\274;V\217|t"
 270      4A7C8583 
 270      6754FC33 
 270      32BFADBC 
 270      3B568F7C 
 271 0741 300EF919 		.ascii	"0\016\371\031#\341\345Z\232\307\3713\007\037]\306g\310"
 271      23E1E55A 
 271      9AC7F933 
 271      071F5DC6 
 271      67C8
 272 0753 39A58567 		.ascii	"9\245\205gU\374\2632\2772\261KZ\341\036\2640\001\371"
 272      55FCB332 
 272      BF32B14B 
 272      5AE11EB4 
 272      3001F9
 273 0766 17A293B2 		.ascii	"\027\242\223\262\327\321*\316O\311,=E$\276\322\302\363"
 273      D7D12ACE 
 273      4FC92C3D 
 273      4524BED2 
 273      C2F3
 274 0778 AA06E7E5 		.ascii	"\252\006\347\345\006\243\313\305\327\\\261\001Z\230"
 274      06A3CBC5 
 274      D75CB101 
 274      5A98
 275 0786 880D524F 		.ascii	"\210\015RO\014\237\025\024\026\306\242\205\361h\341"
 275      0C9F1514 
 275      16C6A285 
 275      F168E1
 276 0795 39B43089 		.ascii	"9\2640\211[8\331\225Pjd\026\352\304\351\261\270\211"
 276      5B38D995 
 276      506A6416 
ARM GAS  /tmp/ccnEfzcS.s 			page 21


 276      EAC4E9B1 
 276      B889
 277 07a7 9E75B493 		.ascii	"\236u\264\223K\234\314\256\353u\342\022\223\224\026"
 277      4B9CCCAE 
 277      EB75E212 
 277      939416
 278 07b6 A6A814A6 		.ascii	"\246\250\024\246\310\012k\242s\232\361\273K\037Z\230"
 278      C80A6BA2 
 278      739AF1BB 
 278      4B1F5A98 
 279 07c6 8A0AE7FA 		.ascii	"\212\012\347\372\013&tt\224\363"
 279      0B267474 
 279      94F3
 280 07d0 0B52E267 		.ascii	"\013R\342g\250\304WX\230\256\342\247\257n\342\326S\351"
 280      A8C45758 
 280      98AEE2A7 
 280      AF6EE2D6 
 280      53E9
 281 07e2 68611F5A 		.ascii	"ha\037Z\370\015\362\177X\031<\012\237\204\250\377b\333"
 281      F80DF27F 
 281      58193C0A 
 281      9F84A8FF 
 281      62DB
 282 07f4 2C5A98A4 		.ascii	",Z\230\244\2640C\305\317\220\371\005\243\011\313&\211"
 282      B43043C5 
 282      CF90F905 
 282      A309CB26 
 282      89
 283 0805 CF2DFC16 		.ascii	"\317-\374\026\371\223m\337\235t\241v\316\267-&\236\022"
 283      F9936DDF 
 283      9D74A176 
 283      CEB72D26 
 283      9E12
 284 0817 24BED2C2 		.ascii	"$\276\322\302LU\203L\271A\313\320\321[\370Q\336\207"
 284      4C55834C 
 284      B941CBD0 
 284      D15BF851 
 284      DE87
 285 0829 16666183 		.ascii	"\026fa\203\262\212\246E\235\302\3024\264\360\002Zx\021"
 285      B28AA645 
 285      9DC2C234 
 285      B4F0025A 
 285      7811
 286 083b 2DCCE616 		.ascii	"-\314\346\026F\037\271r\305\304,\324\213\323\366\263"
 286      461FB972 
 286      C5C42CD4 
 286      8BD3F6B3 
 287 084b 5D73AE34 		.ascii	"]s\2564R\317$F\236\016\213v\346\022/*-\314S)\314\223"
 287      52CF2446 
 287      9E0E8B76 
 287      E6122F2A 
 287      2DCC5329 
 288 0861 1556B537 		.ascii	"\025V\2657\227\240\302A\2640\037\025\036\352\251\012"
 288      97A0C241 
 288      B4301F15 
 288      1EEAA90A 
 289 0871 814F42CE 		.ascii	"\201OB\316O\316\2518\342*\361\025\026^R\361/\311\374"
ARM GAS  /tmp/ccnEfzcS.s 			page 22


 289      4FCEA938 
 289      E22AF115 
 289      165E52F1 
 289      2FC9FC
 290 0884 D9A4F618 		.ascii	"\331\244\366\030|N\017\242\205\205\310O\273\224\320"
 290      7C4E0FA2 
 290      8585C84F 
 290      BB94D0
 291 0893 A2A7799C 		.ascii	"\242\247y\234?V\222\371\007\304+\035,V\341\213e\374"
 291      3F5692F9 
 291      07C42B1D 
 291      2C56E18B 
 291      65FC
 292 08a5 95F69A46 		.ascii	"\225\366\232F\031\317\035\274\214\370\231\216kO\235"
 292      19CF1DBC 
 292      8CF8998E 
 292      6B4F9D
 293 08b4 6815C7DF 		.ascii	"h\025\307\337\015-j\023$\276\322\301\022U\203\022\271"
 293      0D2D6A13 
 293      24BED2C1 
 293      12558312 
 293      B9
 294 08c5 41C7F44A 		.ascii	"A\307\364J\024n\361At\260\024\033\304\315\335xfR8X\200"
 294      146EF141 
 294      74B0141B 
 294      C4CDDD78 
 294      66523858 
 295 08da 0E16A183 		.ascii	"\016\026\241\203W\320\3012\356\240\364\303\306\304\177"
 295      57D0C132 
 295      EEA0F4C3 
 295      C6C47F
 296 08e9 D864C4DD 		.ascii	"\330d\304\335\316\021h'\227\230y\343z)~\033\315V:X\251"
 296      CE116827 
 296      979879E3 
 296      7A297E1B 
 296      CD563A58 
 297 08fe 5258292B 		.ascii	"RX)+\234,O\237D\205\343\350`\025*\014\357l+\203\257"
 297      9C2C4F9F 
 297      4485E3E8 
 297      60152A0C 
 297      EF6C2B83 
 298 0913 A39CDF13 		.ascii	"\243\234\337\0235w\331$\361\025\016\326\250\37052\177"
 298      3577D924 
 298      F1150ED6 
 298      A8F83532 
 298      7F
 299 0924 7E3AB318 		.ascii	"~:\263\030w\3108:X+\335\344Y\223_S:\313\371\205\025"
 299      77C8383A 
 299      582BDDE4 
 299      59935F53 
 299      3ACBF985 
 300 0939 35D55AE4 		.ascii	"5\325Z\344+-\254W\361\353e\376\255\316\202[z\211\317"
 300      2B2DAC57 
 300      F1EB65FE 
 300      ADCE825B 
 300      7A89CF
 301 094c 2D6C40BE 		.ascii	"-l@\276\255\252\242\316H\355\234?Q7\021\245\227\370"
ARM GAS  /tmp/ccnEfzcS.s 			page 23


 301      ADAAA2CE 
 301      48ED9C3F 
 301      513711A5 
 301      97F8
 302 095e 4A0B9B54 		.ascii	"J\013\233T\015\232\344\006O\227\372\253\244\013@\013"
 302      0D9AE406 
 302      4F97FAAB 
 302      A40B400B 
 303 096e 9BB1C1C3 		.ascii	"\233\261\301\303\2703\343N\012\013\253\321\302:\264"
 303      B833E34E 
 303      0A0BABD1 
 303      C23AB4
 304 097d B0112D6C 		.ascii	"\260\021-l\341\0266\347\3467r\327\253\011\351#\033\340"
 304      E11636E7 
 304      E63772D7 
 304      AB09E923 
 304      1BE0
 305 098f F7391927 		.ascii	"\3679\031'\336\344\347\233\310\0170,\202\200\303\202"
 305      DEE4E79B 
 305      C80F302C 
 305      8280C382 
 306 099f 3739226C 		.ascii	"79\"l\"\3210\236\202\321\006c2\21490\346\302X\016c\005"
 306      22D1309E 
 306      82D10663 
 306      328C3930 
 306      E6C2580E 
 307 09b5 8CAD82B7 		.ascii	"\214\255\202\267H\014\213\017\013\025\367\3465\333p"
 307      480C8B0F 
 307      0B15F7E6 
 307      35DB70
 308 09c4 79DD4756 		.ascii	"y\335GVi\335Dv?~\007\\\375=\332/~\007$mPI\332\205\255"
 308      69DD4476 
 308      3F7E075C 
 308      FD3DDA2F 
 308      7E07246D 
 309 09dd 507DA9AD 		.ascii	"P}\251\255\246N\357\360\277\227\233\317\375\017AC:\004"
 309      A64EEFF0 
 309      BF979BCF 
 309      FD0F4143 
 309      3A04
 310 09ef F6BF1771 		.ascii	"\366\277\027q\024?\214\246\036\324h\035\262\3056\253"
 310      143F8CA6 
 310      1ED4681D 
 310      B2C536AB 
 311 09ff D95731FB 		.ascii	"\331W1\373*\313\036\031<\224 H\331a/\374\277\016\351"
 311      2ACB1E19 
 311      3C942048 
 311      D9612FFC 
 311      BF0EE9
 312 0a12 84AA7566 		.ascii	"\204\252uf\263oP\260\237\331?\320\337\242\177\367\303"
 312      B36F50B0 
 312      9FD93FD0 
 312      DFA27FF7 
 312      C3
 313 0a23 BF6CDEA3 		.ascii	"\277l\336\243\321\376\313\317\347\037o\355\330\341\276"
 313      D1FECBCF 
 313      E71F6FED 
ARM GAS  /tmp/ccnEfzcS.s 			page 24


 313      D8E1BE
 314 0a32 E733FF4F 		.ascii	"\3473\377O\375?\372\263{\320~w\337\240}\373\202\002"
 314      FD3FFAB3 
 314      7BD07E77 
 314      DFA07DFB 
 314      8202
 315 0a44 DDF75B7C 		.ascii	"\335\367[|\202-\007>w\377\365\237>\330\363\301\027\342"
 315      822D073E 
 315      77FFF59F 
 315      3ED8F3C1 
 315      17E2
 316 0a56 D9CFFD03 		.ascii	"\331\317\375\003\374\202\367\273\277\273g\217\273o\260"
 316      FC82F7BB 
 316      BFBB678F 
 316      BB6FB0
 317 0a65 C56387AF 		.ascii	"\305c\207\257\306h6\373\371\004\007|\311\220\200\017"
 317      C66836FB 
 317      F904077C 
 317      C990800F 
 318 0a75 F0B170BC 		.ascii	"\360\261p\274\311l\336\353\3677\237\003\001\026\263"
 318      C96CDEEB 
 318      F7379F03 
 318      0116B3
 319 0a84 DF17FE16 		.ascii	"\337\027\376\026\347@\350k9\020\034\270\336\314\336"
 319      E740E86B 
 319      39101CB8 
 319      DECCDE
 320 0a93 3607FBEC 		.ascii	"6\007\373\3543\373\004\373\371\354w>\340\037h\331\351"
 320      33FB04FB 
 320      F9EC773E 
 320      E01F68D9 
 320      E9
 321 0aa4 69B618CC 		.ascii	"i\266\030\314f\351\360\023\367\000w\237\340}\236\356"
 321      66E9F013 
 321      F700779F 
 321      E07D9EEE 
 322 0ab4 7FF7F5DD 		.ascii	"\177\367\365\335\016\007\333\003\203\002\375\266\373"
 322      0E07DB03 
 322      8302FDB6 
 322      FB
 323 0ac1 F97CEABF 		.ascii	"\371|\352\277\335\313\374\326v\3177=\274\376\351\345"
 323      DDCBFCD6 
 323      76CF373D 
 323      BCFEE9E5 
 324 0ad1 EEF086BB 		.ascii	"\356\360\206\273\177\240o\300\201\275~\356\373||?\363"
 324      7FA06FC0 
 324      81BD7EEE 
 324      FB7C7C3F 
 324      F3
 325 0ae2 0FF47397 		.ascii	"\017\364s\227\333[\276\374\334o\377\216\3174\277\375"
 325      DB5BBEFC 
 325      DC6FFF8E 
 325      CF34BFFD 
 326 0af2 3FA0FB2D 		.ascii	"?\240\373-{A\032@LL\274\305\357\013\013S\357\302\246"
 326      7B411A40 
 326      4C4CBCC5 
 326      EF0B0B53 
ARM GAS  /tmp/ccnEfzcS.s 			page 25


 326      EFC2A6
 327 0b05 E291C137 		.ascii	"\342\221\3017\000\026\202\035\032\003\203\314\362y7"
 327      0016821D 
 327      1A0383CC 
 327      F27937
 328 0b14 F142E599 		.ascii	"\361B\345\231\331\342\"_\370\006\263\270\010o\232W\211"
 328      D9E2225F 
 328      F806B3B8 
 328      086F9A57 
 328      89
 329 0b25 66D7E74F 		.ascii	"f\327\347O\231M8\343d\263\033N\003\203\370\333\274\336"
 329      994D38E3 
 329      64B31B4E 
 329      0383F8DB 
 329      BCDE
 330 0b37 435DEFE1 		.ascii	"C]\357\341P\357\341X\357\241\250\367T\327{:\324{:\326"
 330      50EFE158 
 330      EFA1A8F7 
 330      54D77B3A 
 330      D47B3AD6 
 331 0b4b 7B2AEA77 		.ascii	"{*\352w\252\353w:\324\357t\254\337\251\250\367R\327"
 331      AAEB773A 
 331      D4EF74AC 
 331      DFA9A8F7 
 331      52D7
 332 0b5d 7B39D47B 		.ascii	"{9\324{9\326{)\352w\251\353w9\324\357r\254\337\245\250"
 332      39D67B29 
 332      EA77A9EB 
 332      7739D4EF 
 332      72ACDFA5 
 333 0b72 F756D77B 		.ascii	"\367V\327{;\324{;\326{+\352w\253\353w;\324\357v\254"
 333      3BD47B3B 
 333      D67B2BEA 
 333      77ABEB77 
 333      3BD4EF76 
 334 0b87 DF2DD7FF 		.ascii	"\337-\327\377\007W\304\244\016"
 334      0757C4A4 
 334      0E
 335              		.text
 336              		.section	.gnu.lto_.symtab.1152df51e3d3fecd,"",%progbits
 337 0000 5F5F636F 		.ascii	"__core_init\000\000\001\000\000\000\000\000\000\000"
 337      72655F69 
 337      6E697400 
 337      00010000 
 337      00000000 
 338 0015 0000AE00 		.ascii	"\000\000\256\000\000\000__early_init\000\000\001\000"
 338      00005F5F 
 338      6561726C 
 338      795F696E 
 338      69740000 
 339 002b 00000000 		.ascii	"\000\000\000\000\000\000\000\000\261\000\000\000__l"
 339      00000000 
 339      B1000000 
 339      5F5F6C
 340 003a 6174655F 		.ascii	"ate_init\000\000\001\000\000\000\000\000\000\000\000"
 340      696E6974 
 340      00000100 
ARM GAS  /tmp/ccnEfzcS.s 			page 26


 340      00000000 
 340      000000
 341 004d 00B40000 		.ascii	"\000\264\000\000\000__default_exit\000\000\001\000\000"
 341      005F5F64 
 341      65666175 
 341      6C745F65 
 341      78697400 
 342 0065 00000000 		.ascii	"\000\000\000\000\000\000\000\271\000\000\000__init_"
 342      000000B9 
 342      0000005F 
 342      5F696E69 
 342      745F
 343 0077 72616D5F 		.ascii	"ram_areas\000\000\000\000\000\000\000\000\000\000\000"
 343      61726561 
 343      73000000 
 343      00000000 
 343      00000000 
 344 008b 00BB0000 		.ascii	"\000\273\000\000\000__ram0_init_text__\000\000\002\000"
 344      005F5F72 
 344      616D305F 
 344      696E6974 
 344      5F746578 
 345 00a6 00000000 		.ascii	"\000\000\000\000\000\000\000\000\336\000\000\000__r"
 345      00000000 
 345      DE000000 
 345      5F5F72
 346 00b5 616D305F 		.ascii	"am0_init__\000\000\002\000\000\000\000\000\000\000\000"
 346      696E6974 
 346      5F5F0000 
 346      02000000 
 346      00000000 
 347 00ca 00E10000 		.ascii	"\000\341\000\000\000__ram0_clear__\000\000\002\000\000"
 347      005F5F72 
 347      616D305F 
 347      636C6561 
 347      725F5F00 
 348 00e2 00000000 		.ascii	"\000\000\000\000\000\000\000\344\000\000\000__ram0_"
 348      000000E4 
 348      0000005F 
 348      5F72616D 
 348      305F
 349 00f4 6E6F696E 		.ascii	"noinit__\000\000\002\000\000\000\000\000\000\000\000"
 349      69745F5F 
 349      00000200 
 349      00000000 
 349      000000
 350 0107 00E70000 		.ascii	"\000\347\000\000\000__ram1_init_text__\000\000\002\000"
 350      005F5F72 
 350      616D315F 
 350      696E6974 
 350      5F746578 
 351 0122 00000000 		.ascii	"\000\000\000\000\000\000\000\000\353\000\000\000__r"
 351      00000000 
 351      EB000000 
 351      5F5F72
 352 0131 616D315F 		.ascii	"am1_init__\000\000\002\000\000\000\000\000\000\000\000"
 352      696E6974 
ARM GAS  /tmp/ccnEfzcS.s 			page 27


 352      5F5F0000 
 352      02000000 
 352      00000000 
 353 0146 00EE0000 		.ascii	"\000\356\000\000\000__ram1_clear__\000\000\002\000\000"
 353      005F5F72 
 353      616D315F 
 353      636C6561 
 353      725F5F00 
 354 015e 00000000 		.ascii	"\000\000\000\000\000\000\000\361\000\000\000__ram1_"
 354      000000F1 
 354      0000005F 
 354      5F72616D 
 354      315F
 355 0170 6E6F696E 		.ascii	"noinit__\000\000\002\000\000\000\000\000\000\000\000"
 355      69745F5F 
 355      00000200 
 355      00000000 
 355      000000
 356 0183 00F40000 		.ascii	"\000\364\000\000\000__ram2_init_text__\000\000\002\000"
 356      005F5F72 
 356      616D325F 
 356      696E6974 
 356      5F746578 
 357 019e 00000000 		.ascii	"\000\000\000\000\000\000\000\000\371\000\000\000__r"
 357      00000000 
 357      F9000000 
 357      5F5F72
 358 01ad 616D325F 		.ascii	"am2_init__\000\000\002\000\000\000\000\000\000\000\000"
 358      696E6974 
 358      5F5F0000 
 358      02000000 
 358      00000000 
 359 01c2 00FC0000 		.ascii	"\000\374\000\000\000__ram2_clear__\000\000\002\000\000"
 359      005F5F72 
 359      616D325F 
 359      636C6561 
 359      725F5F00 
 360 01da 00000000 		.ascii	"\000\000\000\000\000\000\000\377\000\000\000__ram2_"
 360      000000FF 
 360      0000005F 
 360      5F72616D 
 360      325F
 361 01ec 6E6F696E 		.ascii	"noinit__\000\000\002\000\000\000\000\000\000\000\000"
 361      69745F5F 
 361      00000200 
 361      00000000 
 361      000000
 362 01ff 00020100 		.ascii	"\000\002\001\000\000__ram3_init_text__\000\000\002\000"
 362      005F5F72 
 362      616D335F 
 362      696E6974 
 362      5F746578 
 363 021a 00000000 		.ascii	"\000\000\000\000\000\000\000\000\007\001\000\000__r"
 363      00000000 
 363      07010000 
 363      5F5F72
 364 0229 616D335F 		.ascii	"am3_init__\000\000\002\000\000\000\000\000\000\000\000"
ARM GAS  /tmp/ccnEfzcS.s 			page 28


 364      696E6974 
 364      5F5F0000 
 364      02000000 
 364      00000000 
 365 023e 000A0100 		.ascii	"\000\012\001\000\000__ram3_clear__\000\000\002\000\000"
 365      005F5F72 
 365      616D335F 
 365      636C6561 
 365      725F5F00 
 366 0256 00000000 		.ascii	"\000\000\000\000\000\000\000\015\001\000\000__ram3_"
 366      0000000D 
 366      0100005F 
 366      5F72616D 
 366      335F
 367 0268 6E6F696E 		.ascii	"noinit__\000\000\002\000\000\000\000\000\000\000\000"
 367      69745F5F 
 367      00000200 
 367      00000000 
 367      000000
 368 027b 00100100 		.ascii	"\000\020\001\000\000__ram4_init_text__\000\000\002\000"
 368      005F5F72 
 368      616D345F 
 368      696E6974 
 368      5F746578 
 369 0296 00000000 		.ascii	"\000\000\000\000\000\000\000\000\025\001\000\000__r"
 369      00000000 
 369      15010000 
 369      5F5F72
 370 02a5 616D345F 		.ascii	"am4_init__\000\000\002\000\000\000\000\000\000\000\000"
 370      696E6974 
 370      5F5F0000 
 370      02000000 
 370      00000000 
 371 02ba 00180100 		.ascii	"\000\030\001\000\000__ram4_clear__\000\000\002\000\000"
 371      005F5F72 
 371      616D345F 
 371      636C6561 
 371      725F5F00 
 372 02d2 00000000 		.ascii	"\000\000\000\000\000\000\000\033\001\000\000__ram4_"
 372      0000001B 
 372      0100005F 
 372      5F72616D 
 372      345F
 373 02e4 6E6F696E 		.ascii	"noinit__\000\000\002\000\000\000\000\000\000\000\000"
 373      69745F5F 
 373      00000200 
 373      00000000 
 373      000000
 374 02f7 001E0100 		.ascii	"\000\036\001\000\000__ram5_init_text__\000\000\002\000"
 374      005F5F72 
 374      616D355F 
 374      696E6974 
 374      5F746578 
 375 0312 00000000 		.ascii	"\000\000\000\000\000\000\000\000#\001\000\000__ram5"
 375      00000000 
 375      23010000 
 375      5F5F7261 
ARM GAS  /tmp/ccnEfzcS.s 			page 29


 375      6D35
 376 0324 5F696E69 		.ascii	"_init__\000\000\002\000\000\000\000\000\000\000\000"
 376      745F5F00 
 376      00020000 
 376      00000000 
 376      0000
 377 0336 00260100 		.ascii	"\000&\001\000\000__ram5_clear__\000\000\002\000\000"
 377      005F5F72 
 377      616D355F 
 377      636C6561 
 377      725F5F00 
 378 034e 00000000 		.ascii	"\000\000\000\000\000\000\000)\001\000\000__ram5_noi"
 378      00000029 
 378      0100005F 
 378      5F72616D 
 378      355F6E6F 
 379 0363 6E69745F 		.ascii	"nit__\000\000\002\000\000\000\000\000\000\000\000\000"
 379      5F000002 
 379      00000000 
 379      00000000 
 379      00
 380 0374 2C010000 		.ascii	",\001\000\000__ram6_init_text__\000\000\002\000\000"
 380      5F5F7261 
 380      6D365F69 
 380      6E69745F 
 380      74657874 
 381 038f 00000000 		.ascii	"\000\000\000\000\000\000\0001\001\000\000__ram6_ini"
 381      00000031 
 381      0100005F 
 381      5F72616D 
 381      365F696E 
 382 03a4 745F5F00 		.ascii	"t__\000\000\002\000\000\000\000\000\000\000\000\000"
 382      00020000 
 382      00000000 
 382      000000
 383 03b3 34010000 		.ascii	"4\001\000\000__ram6_clear__\000\000\002\000\000\000"
 383      5F5F7261 
 383      6D365F63 
 383      6C656172 
 383      5F5F0000 
 384 03cb 00000000 		.ascii	"\000\000\000\000\000\0007\001\000\000__ram6_noinit_"
 384      00003701 
 384      00005F5F 
 384      72616D36 
 384      5F6E6F69 
 385 03e3 5F000002 		.ascii	"_\000\000\002\000\000\000\000\000\000\000\000\000:\001"
 385      00000000 
 385      00000000 
 385      003A01
 386 03f2 00005F5F 		.ascii	"\000\000__ram7_i"
 386      72616D37 
 386      5F69
 387 03fc 6E69745F 		.ascii	"nit_text__\000\000\002\000\000\000\000\000\000\000\000"
 387      74657874 
 387      5F5F0000 
 387      02000000 
 387      00000000 
ARM GAS  /tmp/ccnEfzcS.s 			page 30


 388 0411 003F0100 		.ascii	"\000?\001\000\000__ram7_init__\000\000\002\000\000\000"
 388      005F5F72 
 388      616D375F 
 388      696E6974 
 388      5F5F0000 
 389 0429 00000000 		.ascii	"\000\000\000\000\000\000B\001\000\000__ram7_clear__"
 389      00004201 
 389      00005F5F 
 389      72616D37 
 389      5F636C65 
 390 0441 00000200 		.ascii	"\000\000\002\000\000\000\000\000\000\000\000\000E\001"
 390      00000000 
 390      00000000 
 390      4501
 391 044f 00005F5F 		.ascii	"\000\000__ram7_noinit__\000\000\002\000\000\000\000"
 391      72616D37 
 391      5F6E6F69 
 391      6E69745F 
 391      5F000002 
 392 0467 00000000 		.ascii	"\000\000\000\000\000H\001\000\000"
 392      00480100 
 392      00
 393              		.text
 394              		.section	.gnu.lto_.opts,"",%progbits
 395 0000 272D666E 		.ascii	"'-fno-trapv' '-mcpu=cortex-m4' '-mno-thumb-interwor"
 395      6F2D7472 
 395      61707627 
 395      20272D6D 
 395      6370753D 
 396 0033 6B272027 		.ascii	"k' '-mthumb' '-ggdb' '-O2' '-fomit-frame-pointer' '"
 396      2D6D7468 
 396      756D6227 
 396      20272D67 
 396      67646227 
 397 0066 2D66616C 		.ascii	"-falign-functions=16' '-ffunction-sections' '-fdata"
 397      69676E2D 
 397      66756E63 
 397      74696F6E 
 397      733D3136 
 398 0099 2D736563 		.ascii	"-sections' '-fno-common' '-flto'\000"
 398      74696F6E 
 398      73272027 
 398      2D666E6F 
 398      2D636F6D 
 399              		.text
 400              		.comm	__gnu_lto_v1,1,1
 401              		.comm	__gnu_lto_slim,1,1
 402              		.ident	"GCC: (GNU Tools for ARM Embedded Processors) 4.9.3 20141119 (release) [ARM/embedded-4_9-br
ARM GAS  /tmp/ccnEfzcS.s 			page 31


DEFINED SYMBOLS
                            *ABS*:00000000 crt1.c
                            *COM*:00000001 __gnu_lto_v1
                            *COM*:00000001 __gnu_lto_slim

NO UNDEFINED SYMBOLS
