ARM GAS  /tmp/ccsx1qfm.s 			page 1


   1              		.syntax unified
   2              		.cpu cortex-m4
   3              		.fpu softvfp
   4              		.eabi_attribute 20, 1
   5              		.eabi_attribute 21, 1
   6              		.eabi_attribute 23, 3
   7              		.eabi_attribute 24, 1
   8              		.eabi_attribute 25, 1
   9              		.eabi_attribute 26, 1
  10              		.eabi_attribute 30, 2
  11              		.eabi_attribute 34, 1
  12              		.eabi_attribute 18, 4
  13              		.thumb
  14              		.file	"hal_st_lld.c"
  15              		.text
  16              	.Ltext0:
  17              		.section	.gnu.lto_.profile.f83a701347377ed7,"",%progbits
  18 0000 789C6366 		.ascii	"x\234cf```a\200\000F\006K\031\000\001\002\000^"
  18      60606061 
  18      80004606 
  18      4B190001 
  18      02005E
  19              		.text
  20              		.section	.gnu.lto_.jmpfuncs.f83a701347377ed7,"",%progbits
  21 0000 789C6366 		.ascii	"x\234cf\300\016L\2414\023\230d\0042\230>21\356\370\364"
  21      C00E4CA1 
  21      34139864 
  21      0432983E 
  21      3231EEF8 
  22 0015 763ED70B 		.ascii	"v>\327\013\246\237L\0142\014\214\313\031\245\030@\202"
  22      A69F4C0C 
  22      320C8CCB 
  22      19A51840 
  22      82
  23 0026 3716BE99 		.ascii	"7\026\276\231\306\013\026\344``\\\001\024d\000\000g"
  23      C60B16E4 
  23      60605C01 
  23      14640000 
  23      67
  24 0037 480DE7   		.ascii	"H\015\347"
  25              		.text
  26              		.section	.gnu.lto_.inline.f83a701347377ed7,"",%progbits
  27 0000 789C6366 		.ascii	"x\234cf\300\016\254\2404\023\003\003\217(#\003\023\337"
  27      C00EACA0 
  27      34130303 
  27      8F282303 
  27      13DF
  28 0012 BD0006B6 		.ascii	"\275\000\006\266\005\362L 1F.8\301 \"\003\224\224yp"
  28      05F24C20 
  28      31462E38 
  28      C1202203 
  28      94947970 
  29 0026 8B112ECB 		.ascii	"\213\021.\313\314\003\326\305\000\000\257\256\005`"
  29      CC03D6C5 
  29      0000AFAE 
  29      0560
  30              		.text
ARM GAS  /tmp/ccsx1qfm.s 			page 2


  31              		.section	.gnu.lto_.pureconst.f83a701347377ed7,"",%progbits
  32 0000 789C6366 		.ascii	"x\234cf```e\200\000&\006+F)\000\001Y\000`"
  32      60606065 
  32      80002606 
  32      2B462900 
  32      01590060 
  33              		.text
  34              		.section	.gnu.lto_VectorB0.f83a701347377ed7,"",%progbits
  35 0000 789C8D94 		.ascii	"x\234\215\224mlSU\030\307\237\347\234\333\227\265\373"
  35      6D6C5355 
  35      18C79FE7 
  35      9CDB97B5 
  35      FB
  36 0011 B0F80916 		.ascii	"\260\370\011\026\303j\010!$nW\231F\277\0313\276\220"
  36      C36A0821 
  36      246E5799 
  36      46BF1933 
  36      BE90
  37 0023 D09050BE 		.ascii	"\320\220P\276\217Q*m\322R\322;\026\370@8\335\006\030"
  37      8F512A6D 
  37      D252D23B 
  37      16F84038 
  37      DD0618
  38 0036 454270C4 		.ascii	"EBp\304\201\231\312\313x\233\016\021DWD+\2601\331`\032"
  38      8199CACB 
  38      789B0E11 
  38      4457442B 
  38      B031D960 
  39 004b 2744303A 		.ascii	"'D0:uC\215\200\203MK\035R\237\347\264\326\265\035\306"
  39      75438D80 
  39      834D4B1D 
  39      529FE7B4 
  39      D6B51DC6 
  40 005f 9BDCB7F3 		.ascii	"\233\334\267\363\177^\376\347\374\316\275\022J\217Z"
  40      7F5EFEE7 
  40      FCCEBD12 
  40      4A8F5A
  41 006e 3A7F3300 		.ascii	":\1773\000\020\351\264\001\212\035\227\001\342N!db\016"
  41      10E9B401 
  41      8A1D9701 
  41      E24E2164 
  41      620E
  42 0080 289771C5 		.ascii	"(\227q\305\004U.\321\310\016\033\210\374\000\010\233"
  42      04552ED1 
  42      C80E1B88 
  42      FC00089B 
  43 0090 84347013 		.ascii	"\2044p\023\376\"\356\010\334\221\354jw\317\357TJ\215"
  43      FE22EE08 
  43      DC91EC6A 
  43      77CFEF54 
  43      4A8D
  44 00a2 DF9D3236 		.ascii	"\337\23526\317J\013\200\011\221\255\217\207p>P\314\235"
  44      CF4A0B80 
  44      0991AD8F 
  44      87703E50 
  44      CC9D
  45 00b4 D6BFAEBA 		.ascii	"\326\277\256\272\355\255\024S\221\325\3600\332\251'"
ARM GAS  /tmp/ccsx1qfm.s 			page 3


  45      EDAD1453 
  45      91D5F030 
  45      DAA927
  46 00c3 1C7B24A9 		.ascii	"\034{$\2512\231\375o\336\317\030.\011i\201\006_\000"
  46      3299FD6F 
  46      DECF182E 
  46      09698106 
  46      5F00
  47 00d5 4629887B 		.ascii	"F)\210{\215\011\301wy\015\317\236:\236:g\343\274\224"
  47      8D09C177 
  47      790DCF9E 
  47      3A9E3A67 
  47      E3BC94
  48 00e8 9054F2F6 		.ascii	"\220T\362\366\300\205-\266\237EZ\010\252\252\014\356"
  48      C0852DB6 
  48      9F455A08 
  48      AAAA0CEE 
  49 00f8 F2DDE8D0 		.ascii	"\362\335\350\320\027N=\004\374\272\373\245\3766\331"
  49      174E3D04 
  49      FCBAFBA5 
  49      FE36D9
  50 0107 81AF635A 		.ascii	"\201\257cZH<\202\225x\024+\265\260\357v\362\321\352"
  50      483C8295 
  50      78142BB5 
  50      B0EF76F2 
  50      D1EA
  51 0119 2ED54A82 		.ascii	".\325J\202\201]\330\201w\265]|\033\253\341\032\266\334"
  51      815DD881 
  51      77B55D7C 
  51      1BABE11A 
  51      B6DC
  52 012b DB3228B3 		.ascii	"\3332(\263}\214l\253=W\307&%\327E\001\370\016\025\371"
  52      7D8C6CAB 
  52      3D57C726 
  52      25D74501 
  52      F80E15F9 
  53 013f 0A5BBF6E 		.ascii	"\012[\277n\251\314\305P@\374\340\351m\016\035@U\272"
  53      A9CCC550 
  53      40FCE0E9 
  53      6D0E1D40 
  53      55BA
  54 0151 B90BB075 		.ascii	"\271\013\260u\011\2119\354||<\365\243v>\315T\\\251\344"
  54      098939EC 
  54      7C7C3CF5 
  54      A3763ECD 
  54      545CA9E4 
  55 0165 82FF3476 		.ascii	"\202\3774v\354_c\357b\365\364\3511\260\343\224r\005"
  55      EC5F63EF 
  55      62F5F4E9 
  55      31B0E394 
  55      7205
  56 0177 9B2B386D 		.ascii	"\233+8m\242K\265I\371,\362sO\367\344%7\007\331<\374"
  56      A24BB549 
  56      F92CF273 
  56      4FF7E425 
  56      3707D93C 
  57 018c 9AD8D9DF 		.ascii	"\232\330\331\337n\347W\273^\241_\207\367v\272\346\356"
ARM GAS  /tmp/ccsx1qfm.s 			page 4


  57      6EE757BB 
  57      5EA15F87 
  57      F776BAE6 
  57      EE
  58 019d 55AA79FC 		.ascii	"U\252y\374\301\360\215\025;[\324\001z\314<W\225\026"
  58      C1F08D15 
  58      3B5BD401 
  58      7ACC3C57 
  58      9516
  59 01af 0E7C0F25 		.ascii	"\016|\017%\261\301\023d\350dn\016\324\350}\234K\211"
  59      B1C11364 
  59      E8646E0E 
  59      D4E87D9C 
  59      4B89
  60 01c1 DFBFF2FB 		.ascii	"\337\277\362\373\011\344:\016\017\340)R\257c\363\017"
  60      09E43A0E 
  60      0FE02952 
  60      AF63F30F 
  61 01d1 67B60E3E 		.ascii	"g\266\016>U\000w\244\363\301\002\215vB`!\366\221]\003"
  61      550077A4 
  61      F3C1028D 
  61      76426021 
  61      F6915D03 
  62 01e5 BDB324E0 		.ascii	"\275\263$\340\007\254\211\"\255}\373\250\035\360C\226"
  62      07AC8922 
  62      AD7DFBA8 
  62      1DF04396 
  63 01f5 649174FF 		.ascii	"d\221t\377\326\020\002\366\260d\024J\311\311\027\330"
  63      D61002F6 
  63      B064144A 
  63      C9C917D8 
  64 0205 1B608245 		.ascii	"\033`\202E[\361.\303\323h'\367\037\3616C\270\201\274"
  64      5BF12EC3 
  64      D36827F7 
  64      1FF13643 
  64      B881BC
  65 0218 7E37EFBD 		.ascii	"~7\357\275*\253R\330\241\332=i\341\344\214]\327\247"
  65      2AAB52D8 
  65      A1DA3D69 
  65      E1E48C5D 
  65      D7A7
  66 022a E22E8316 		.ascii	"\342.\203\026\031\317`\225F\260g\363k\273\313i\004?"
  66      19CF6095 
  66      46B067F3 
  66      6BBBCB69 
  66      043F
  67 023c 46434F14 		.ascii	"FCO\024\360\023d\306\027\267\276\365\207Q\365g.\273"
  67      F01364C6 
  67      17B7BEF5 
  67      8751F567 
  67      2EBB
  68 024e 8C633FBF 		.ascii	"\214c?\277\331\227(\323\331I\316\306Oi\367~\203-#m\003"
  68      D99728D3 
  68      D949CEC6 
  68      4F69F77E 
  68      832D236D 
  69 0263 83B30BA7 		.ascii	"\203\263\013\247\321\233_\027{\211\321\263\332\3509"
ARM GAS  /tmp/ccsx1qfm.s 			page 5


  69      D19B5F17 
  69      7B89D1B3 
  69      DAE839
  70 0272 D4CA1B5F 		.ascii	"\324\312\033_n\357\026\033\247\324\213\312\231\026\256"
  70      6EEF161B 
  70      A7D48BCA 
  70      9916AE
  71 0281 09A2C232 		.ascii	"\011\242\3022\236\307\215\364]\270\363\304\247s<\371"
  71      9EC78DF4 
  71      5DB8F3C4 
  71      A7733CF9 
  72 0291 D3FFE2D8 		.ascii	"\323\377\342\330\2539\346\367\220\203\206\372\036\312"
  72      AB39E6F7 
  72      908386FA 
  72      1ECA
  73 029f 712CEFD7 		.ascii	"q,\357\327Y\314\361\345!\346x\201\265\262\022\216)\362"
  73      59CCF1E5 
  73      21E67881 
  73      B5B2128E 
  73      29F2
  74 02b1 DACF92AB 		.ascii	"\332\317\222\253\230c\3170q\370\214%w\021\307\304j\366"
  74      9863CF30 
  74      71F88C25 
  74      7711C7C4 
  74      6AF6
  75 02c3 06787166 		.ascii	"\006xqf\216\003zy\006\247q<pk$a\377\007Q\237FtI#*\346"
  75      8E037A79 
  75      06A7713C 
  75      706B2461 
  75      FF07519F 
  76 02dd 719978F0 		.ascii	"q\231x\360wh\350_\010\2239\237A\236\326L+]N\011C\271"
  76      7768E85F 
  76      0893399F 
  76      419ED64C 
  76      2B5D4E09 
  77 02f3 65FE16E3 		.ascii	"e\376\026\343\311\314R\035\011\374/B.@u\237\256\251"
  77      C9CC521D 
  77      09FC2F42 
  77      2E40759F 
  77      AEA9
  78 0305 31EB82A1 		.ascii	"1\353\202\241\225\241\245>3j\231\301\206\260\2716\032"
  78      95A1A53E 
  78      336A99C1 
  78      86B0B936 
  78      1A
  79 0316 6BB44CDF 		.ascii	"k\264L\337ro\355Bs\311\222E\346\362\305\336\246'Y\251"
  79      726FED42 
  79      73C99245 
  79      E6F2C5DE 
  79      A62759A9 
  80 032a B71AEBC3 		.ascii	"\267\032\353\303\341U5~\26055\204\327\005\314\302\\"
  80      E155357E 
  80      B0353584 
  80      D705CCC2 
  80      5C
  81 033b 7F341289 		.ascii	"\1774\022\211\256\311\245?\277\314[\347]o\372\203\376"
  81      AEC9A53F 
ARM GAS  /tmp/ccsx1qfm.s 			page 6


  81      BFCC5BE7 
  81      5D6FFA83 
  81      FE
  82 034c 682C50DF 		.ascii	"h,P\337\364L\244&\010\2653\306\007\3267\232u^\337b\237"
  82      F44CA426 
  82      08B533C6 
  82      07D6379A 
  82      755EDF62 
  83 0361 195AE30F 		.ascii	"\031Z\343\017\257[\0250\375\021+d\325\257\366\373)\347"
  83      AF5B1530 
  83      FD112B64 
  83      D5AFF6FB 
  83      29E7
  84 0373 B1527F51 		.ascii	"\261R\177Q\213.\261F}/\215 !_'hm\260(\242\302\353[\346"
  84      8B2EB146 
  84      7D2F8D20 
  84      215F2768 
  84      6DB028A2 
  85 038b 59D96005 		.ascii	"Y\331`\005\326\306B\217{\346=\001\"\006\216H \022\215"
  85      D6C6428F 
  85      7BE63D01 
  85      22068E48 
  85      20128D
  86 039e 6D80BF01 		.ascii	"m\200\277\001\315\303\034\236"
  86      CDC31C9E 
  87              		.text
  88              		.section	.gnu.lto_st_lld_init.f83a701347377ed7,"",%progbits
  89 0000 789C9D94 		.ascii	"x\234\235\224KL\023A\030\307\347?\273\333.\324\367I"
  89      4B4C1341 
  89      18C7E73F 
  89      BBDB2ED4 
  89      F749
  90 0012 1B120F1E 		.ascii	"\033\022\017\036\270X6\276\242w\271\230@<\300\235\370"
  90      B85836BE 
  90      A277B998 
  90      403CC09D 
  90      F8
  91 0023 38404282 		.ascii	"8@B\202\021\342\215\260\225b\2101\006\305\030_\025\321"
  91      11E28DB0 
  91      95628831 
  91      06C5185F 
  91      15D1
  92 0035 2020F210 		.ascii	"  \362\020\265\362\360\261\342\203\012\002\022\214\020"
  92      B5F2F0B1 
  92      E2830A02 
  92      128C10
  93 0044 82102324 		.ascii	"\202\020#$\220\010i\301HV\2438\337\264\024\221\013t"
  93      900869C1 
  93      4856A338 
  93      DFB41491 
  93      0B74
  94 0056 93CEB433 		.ascii	"\223\316\2643_\177\277\357\333\371v\025\266\362r\213"
  94      5F7FBFEF 
  94      DBF97615 
  94      B6F2728B 
  95 0066 4FAAC6D8 		.ascii	"O\252\306\330~1Ca\340e\275\214yu\016\320\027\006V\304"
  95      7E314361 
ARM GAS  /tmp/ccsx1qfm.s 			page 7


  95      E065BD8C 
  95      79750ED0 
  95      170656C4 
  96 007a 5184291E 		.ascii	"Q\204)\036\346(\263\352\256\270\222\253L\323\0145\227"
  96      E628B3EA 
  96      AEB892AB 
  96      4CD30C35 
  96      97
  97 008b 6F2BD96A 		.ascii	"o+\331js\306\346x\004\203j$3\021\023\366\375\036t9|"
  97      73C6E678 
  97      04836A24 
  97      331113F6 
  97      FD1E7439 
  98 00a0 22665364 		.ascii	"\"fSd\0175p@\314\215[,sa\341\316\215s~m3g6\027.1h48"
  98      0F357040 
  98      CC8D5B2C 
  98      7361E1CE 
  98      8D737E6D 
  99 00bd 68606C5C 		.ascii	"h`l\\\204\223s\202s\232\225at\004\302\037\367\022`\236"
  99      84937382 
  99      739A9561 
  99      7404C21F 
  99      F712609E 
 100 00d1 93BF2B58 		.ascii	"\223\277+X\325\2320\311m\316\315[\245\246J\272\261\361"
 100      D59A30C9 
 100      6DCECD5B 
 100      A5A64ABA 
 100      B1F1
 101 00e3 BE7E5D2E 		.ascii	"\276~].1\372y\372ne\233\356\307u\330\\A-\334\270\007"
 101      31FA79FA 
 101      6E659BEE 
 101      C775D85C 
 101      412DDCB8 
 102 00f8 B7DCF8FA 		.ascii	"\267\334\370\372\363\332\204\313Sg\372\274\272\315U"
 102      F3DA84CB 
 102      5367FABC 
 102      BACD55
 103 0107 D4C18F59 		.ascii	"\324\301\217Y\2319\356\303\303\206Q\374\335\021\361"
 103      9939EEC3 
 103      C38651FC 
 103      DD11F1
 104 0116 281155A7 		.ascii	"(\021U\247\177\262Y%.\300P/ \"\231\213\240\2205X\032"
 104      7FB25925 
 104      2EC0502F 
 104      2022998B 
 104      A0903558 
 105 012b 962C8DF0 		.ascii	"\226,\215\360\0106Q\002\027>\251\021\225&\3761_35$\363"
 105      08365102 
 105      173EA911 
 105      9526FE31 
 105      5F333524 
 106 0140 D74CABCC 		.ascii	"\327L\253\314\334\260\254$M2{\312\373\374\210\310\034"
 106      DCB0AC24 
 106      4D327BCA 
 106      FBFC88C8 
 106      1C
 107 0151 6812B207 		.ascii	"h\022\262\007QYi\360\307\264\276$k\2262\272\323x\270"
ARM GAS  /tmp/ccsx1qfm.s 			page 8


 107      515969F0 
 107      C7B4BE24 
 107      6B9632BA 
 107      D378B8
 108 0164 BC2452AD 		.ascii	"\274$R\255\250a\265\330GK\330\307T\203\203(\241\320"
 108      A861B5D8 
 108      474BD8C7 
 108      54838328 
 108      A1D0
 109 0176 A0CF1905 		.ascii	"\240\317\031\005\315tw\236\321(]\2478\363\377\016\305"
 109      CD74779E 
 109      D1285DA7 
 109      38F3FF0E 
 109      C5
 110 0187 298957CF 		.ascii	")\211W\317\006/)B\3455Mk\273\315u\004\204\356ITw{\306"
 110      062F2942 
 110      E5354D6B 
 110      BBCD7504 
 110      84EE4954 
 111 019e 4A221B48 		.ascii	"J\"\033H\326\"e\262kZ\341\241n\252\376\322\232H$\265"
 111      D62265B2 
 111      6B5AE1A1 
 111      6EAAFED2 
 111      9A4824B5 
 112 01b2 E200435B 		.ascii	"\342\000C[\244\206P\323H\314\276zv\273d+\304~*\331\177"
 112      A48650D3 
 112      48CCBE7A 
 112      76BB642B 
 112      C47E2AD9 
 113 01c7 8A070290 		.ascii	"\212\007\002\220\354\005qmdx\026\305\207\342\301?\227"
 113      EC05716D 
 113      647816C5 
 113      87E2C13F 
 113      97
 114 01d8 7895F02F 		.ascii	"x\225\360/$>v\023\304\032\254\305\314?\257\031\235\200"
 114      243E7613 
 114      C41AACC5 
 114      CC3FAF19 
 114      9D80
 115 01ea 97122DBA 		.ascii	"\227\022-\272\201v>\264\327\316\301\250\027\307c\355"
 115      81763EB4 
 115      D7CEC1A8 
 115      17C763ED 
 116 01fa 246F073C 		.ascii	"$o\007<\330\341\226=\366\012FL\024Z\273H\305k)r\020"
 116      D8E1963D 
 116      F60A464C 
 116      145ABB48 
 116      C56B2972 
 117 020f EB8DC0C6 		.ascii	"\353\215\300\306\222\036\215\203\365V\262\234\304\352"
 117      921E8D83 
 117      F556B29C 
 117      C4EA
 118 021d FC87158A 		.ascii	"\374\207\025\212\207\025\224,\235X\357\004\253~1\257"
 118      8715942C 
 118      9D58EF04 
 118      AB7E31AF 
 119 022d B138585D 		.ascii	"\2618X]\222\225@\254\356(k\004%V\371\200|0(\374\346"
ARM GAS  /tmp/ccsx1qfm.s 			page 9


 119      929540AC 
 119      EE286B04 
 119      2556F980 
 119      7C3028FC 
 120 0242 C0F9065E 		.ascii	"\300\371\006^\370\313,5\305\003\2208G\275\217\367(\244"
 120      F8CB2C35 
 120      C5039038 
 120      47BD8FF7 
 120      28A4
 121 0254 AD96D9E9 		.ascii	"\255\226\331\351\012\331\216\256$\206\036\270\305\322"
 121      0AD98EAE 
 121      24861EB8 
 121      C5D2
 122 0262 50E5B7CB 		.ascii	"P\345\267\313\353\345\222\316\320\013\267\315\327\261"
 122      EBE592CE 
 122      D00BB7CD 
 122      D7B1
 123 0270 5178ADFE 		.ascii	"Qx\255\376\014\311c\364Z\003\275\316DW\357KI1\016f\347"
 123      0CC963F4 
 123      5A03BDCE 
 123      4457EF4B 
 123      49310E66 
 124 0285 1CCD399C 		.ascii	"\034\3159\234a\344\345\033\331Gr\215\023y'\013\362\215"
 124      61E4E51B 
 124      D947728D 
 124      1379270B 
 124      F28D
 125 0297 8CCCF43D 		.ascii	"\214\314\364=\273\215\264\264T#\363P\372\251]\264\223"
 125      BB8DB4B4 
 125      5423F350 
 125      FAA95DB4 
 125      93
 126 02a8 955F9095 		.ascii	"\225_\220\225\233{<\345\030\373\013\377t\343?"
 126      9B7B3CE5 
 126      18FB0BFF 
 126      74E33F
 127              		.text
 128              		.section	.gnu.lto_.symbol_nodes.f83a701347377ed7,"",%progbits
 129 0000 789C6366 		.ascii	"x\234cf``\310f\200\002\246>\246z\006\206\011\347\030"
 129      6060C866 
 129      8002A63E 
 129      A67A0686 
 129      09E718
 130 0013 18EAEB19 		.ascii	"\030\352\353\031\346-\340``\352g\252gD\026`\234\300"
 130      E62DE060 
 130      60EA67AA 
 130      67441660 
 130      9CC0
 131 0025 54CF0411 		.ascii	"T\317\004\021`hh\000\362'2\3253#\363'1\325\263 \361"
 131      60686800 
 131      F22732D5 
 131      3323F327 
 131      31D5B320 
 132 003a 9981F0C9 		.ascii	"\231\201\360\311V\023f\006&\206#mo\344\231\031Y\030"
 132      56136606 
 132      2686236D 
 132      6FE49919 
ARM GAS  /tmp/ccsx1qfm.s 			page 10


 132      5918
 133 004c 9EB4BF91 		.ascii	"\236\264\277\221g\000\000\010h\034s"
 133      67000008 
 133      681C73
 134              		.text
 135              		.section	.gnu.lto_.refs.f83a701347377ed7,"",%progbits
 136 0000 789C6366 		.ascii	"x\234cf```d\200\002\000\000=\000\005"
 136      60606064 
 136      80020000 
 136      3D0005
 137              		.text
 138              		.section	.gnu.lto_.decls.f83a701347377ed7,"",%progbits
 139 0000 789CB558 		.ascii	"x\234\265XiPTW\026\356\373n\2635\233\203\031\223\261"
 139      69505457 
 139      16EEFB6E 
 139      B3359B83 
 139      1993B1
 140 0013 A62AEA4C 		.ascii	"\246*\352L\234$\025m\005\24723\177\022iP)%Z\015\311"
 140      9C24156D 
 140      05A73233 
 140      7F126950 
 140      29255A0D 
 141 0028 64323F3A 		.ascii	"d2?:\004\333\3205,\011\264\031\375\367X\242\200(\212"
 141      04DBD035 
 141      2C09B419 
 141      FDF758A2 
 141      80288A
 142 003b A82C2E08 		.ascii	"\250,.\010\255\"\210\200\270\260\311\342\302\246\002"
 142      AD228880 
 142      B8B0C9E2 
 142      C2A602
 143 004a 228ABB68 		.ascii	"\"\212\273h\214\210\270@D\021\027z\316\275\367\275~"
 143      8C88B840 
 143      4411177A 
 143      CEBDF7BD 
 143      7E
 144 005b AF1F6D92 		.ascii	"\257\037m\222\252\231yU\247\337;\367~\367\273\337=w"
 144      AA997955 
 144      A7DF3BF7 
 144      7EF7BBDF 
 144      3D77
 145 006d 3B80552A 		.ascii	";\200U*\325\002\244RY\341\321NR\251\336Q\253T\030\312"
 145      D502A452 
 145      59E1D14E 
 145      52A9DE51 
 145      AB5418CA 
 146 0081 968041B1 		.ascii	"\226\200A\261\252L\305\036'\260\203`\207\301*\301\252"
 146      AA4CC51E 
 146      27B08360 
 146      87C12AC1 
 146      AA
 147 0092 C1EA55E3 		.ascii	"\301\352U\343\037\202\361\020\332O\005\303@\202\300"
 147      1F82F110 
 147      DA4F05C3 
 147      4082C0
 148 00a1 8EC3B797 		.ascii	"\216\303\267\227PG8\335\241l\002\330o\300\016\010}="
 148      504738DD 
ARM GAS  /tmp/ccsx1qfm.s 			page 11


 148      A16C02D8 
 148      6FC00E08 
 148      7D3D
 149 00b3 04F31438 		.ascii	"\004\363\0248&B\301o\301\336\004\373\035\330\333`S\021"
 149      2642C16F 
 149      C1DE04FB 
 149      1DD8DB60 
 149      5311
 150 00c5 EBF70FF0 		.ascii	"\353\367\017\360~\007\354O`\357!\246G\371\034\026\270"
 150      7E07EC4F 
 150      60EF21A6 
 150      47F91C16 
 150      B8
 151 00d6 441D0B01 		.ascii	"D\035\013\001\027$\350\370\034\336\177G\222\266+P\366"
 151      1724E8F8 
 151      1CDE7F47 
 151      92B62B50 
 151      F6
 152 00e7 0FC4741D 		.ascii	"\017\304t\035\005\323\200\005\202\037\0026\006\337\217"
 152      05D38005 
 152      821F0236 
 152      06DF8F
 153 00f6 C086C05E 		.ascii	"\300\206\300^\202=\001{\014\366\002l\030\214\023\372"
 153      823D017B 
 153      0CF6026C 
 153      188C13FA 
 154 0106 72148B21 		.ascii	"r\024\213!\016U\355\037>\343~\227C^\232)\304\255\316"
 154      0E55ED1F 
 154      3EE37E97 
 154      435E9A29 
 154      C4ADCE
 155 0119 68C97206 		.ascii	"h\311r\006\327C\243&n}\335\263&\015\346\020\371.\310"
 155      D743A326 
 155      6E7DDDB3 
 155      260DE610 
 155      F92EC8
 156 012c BAD9ADF9 		.ascii	"\272\331\255\371\240\210\347\371d\276\341\"\222(\322"
 156      A088E7F9 
 156      64BEE122 
 156      9228D2
 157 013b 927B5B35 		.ascii	"\222{[5\330\207\202\342w\327\244\271@\373\251\032Zu"
 157      D88782E2 
 157      77D7A4B9 
 157      40FBA91A 
 157      5A75
 158 014d 2377D4E2 		.ascii	"#w\324\342F]2}\336P\304\265\334\341\013\274\320t\215"
 158      465D327D 
 158      DE50C4B5 
 158      DCE10BBC 
 158      D0748D
 159 0160 0588068F 		.ascii	"\005\210\006\217f4\375\236\347\325\250\024iP1\302\250"
 159      6634FD9E 
 159      E7D5A814 
 159      695031C2 
 159      A8
 160 0171 087D4042 		.ascii	"\010}@BMZ\223'\231\347\023\370\365\211\274[\213\227"
 160      4D5A9327 
ARM GAS  /tmp/ccsx1qfm.s 			page 12


 160      99E713F8 
 160      F589BC5B 
 160      8B97
 161 0183 0AED4193 		.ascii	"\012\355A\223Q!\232\254B\373\321t@P,\332\007\205%P\010"
 161      51219AAC 
 161      42FBD174 
 161      40502CDA 
 161      07852550 
 162 0198 C4275FD6 		.ascii	"\304'_\326%9!\315t\307\215\312\0354\242\022\356\025"
 162      253921CD 
 162      74C78DCA 
 162      1D34A212 
 162      EE15
 163 01aa 6C994424 		.ascii	"l\231D$\224\201\204\275\222\004P\3044\220\012\030I\315"
 163      948184BD 
 163      920450C4 
 163      34900A18 
 163      49CD
 164 01bc 8B5BDDEA 		.ascii	"\213[\335\35277A\013\302=A\215\226L\262\221\253\320"
 164      3737410B 
 164      C23D418D 
 164      964CB291 
 164      ABD0
 165 01ce 01F426FC 		.ascii	"\001\364&\374\376S\315\0022\334\320y\001\343#\210F$"
 165      FE53CD02 
 165      32DCD079 
 165      01E32388 
 165      4624
 166 01e0 A1A271B5 		.ascii	"\241\242q\265\373\224\355|^\331`r\337\210[6\237\227"
 166      FB94ED7C 
 166      5ED96072 
 166      DF885B36 
 166      9F97
 167 01f2 C08F59AD 		.ascii	"\300\217Y\255\2106B\025\266\036U\344\233\365x\020M\201"
 167      88364215 
 167      B61E55E4 
 167      9BF57810 
 167      4D81
 168 0204 86E77232 		.ascii	"\206\347r2\016\"\374\224\261\324\254\337x\323\203\262"
 168      0E22FC94 
 168      B1D4ACDF 
 168      78D383B2 
 169 0214 F4E6B61A 		.ascii	"\364\346\266\032\033\222\370\227V+f\024\207d\024\207"
 169      1B92F897 
 169      562B6614 
 169      87641487 
 170 0224 448AC394 		.ascii	"D\212\303\224b\317@u\221\033N`\363w\342|\241\026\030"
 170      62CF4075 
 170      911B4E60 
 170      F377E27C 
 170      A11618
 171 0237 7AF9C192 		.ascii	"z\371\301\222\326\247\272\015\211\353-|\257\325\372"
 171      D6A7BA0D 
 171      89EB2D7C 
 171      AFD5FA
 172 0246 36233922 		.ascii	"6#9\"#9\"\222TR\222\024\353\303J\015>\311H,\215=\367"
 172      23392292 
ARM GAS  /tmp/ccsx1qfm.s 			page 13


 172      54529214 
 172      EBC34A0D 
 172      3EC9482C 
 173 025d 9C284B59 		.ascii	"\234(KY\345\232\032.\233\337)\037M\225\214\245Jd\251"
 173      E59A1A2E 
 173      9BDF291F 
 173      4D958CA5 
 173      4A64A9
 174 0270 A62CC925 		.ascii	"\246,\311%e\265nj\216\305\223D\012\312r:\367\345z\330"
 174      65B56E6A 
 174      8EC59344 
 174      0ACA723A 
 174      F7E57AD8 
 175 0284 CA6A102D 		.ascii	"\312j\020-,I\177r\302\343\265\201>J\003]\213\204H\037"
 175      2C497F72 
 175      C2E3B581 
 175      3E4A035D 
 175      8B84481F 
 176 0298 E82EDEAE 		.ascii	"\350.\336\256\301\317\231\266\356\372\370Bg\246-\367"
 176      C1CF99B6 
 176      EEFAF842 
 176      67A62DF7 
 177 02a8 CCD73269 		.ascii	"\314\3272i\320\010\325\311\244\325\211\322\352\251\264"
 177      D008D5C9 
 177      A4D589D2 
 177      EAA9B4
 178 02b7 A6FEBA75 		.ascii	"\246\376\272u\036t\013\360\316\204\247\254\2768\305"
 178      1E740BF0 
 178      CE84A7AC 
 178      BE38C5
 179 02c6 8DEE812F 		.ascii	"\215\356\201/\211{\254j\36565\256\302\264\217\007\307"
 179      897BAC6A 
 179      F53635AE 
 179      C2B48F07 
 179      C7
 180 02d7 2C2B34B0 		.ascii	",+4\260\302\022\177\335\012\203\026I\331\326'\030\237"
 180      C2127FDD 
 180      0A831649 
 180      D9D62718 
 180      9F
 181 02e8 64CD7346 		.ascii	"d\315sFK\367\272\343V\301\311n\276\242\306g\230c\331"
 181      4BF7BAE3 
 181      56C1C96E 
 181      BEA2C667 
 181      9863D9
 182 02fb B4799F13 		.ascii	"\264y\237\023\355\324\225\356\251\216\356t7\334\305"
 182      EDD495EE 
 182      A98EEE74 
 182      37DCC5
 183 030a EA76678E 		.ascii	"\352vg\216\244x\343\036\346\234\272\365\354\261\007"
 183      A478E31E 
 183      E69CBAF5 
 183      ECB107
 184 0319 054E20EE 		.ascii	"\005N \356\350\213\356K\034\276\314\352\332.\334\314"
 184      E88BEE4B 
 184      1CBECCEA 
 184      DA2EDCCC 
ARM GAS  /tmp/ccsx1qfm.s 			page 14


 185 0329 77C2D799 		.ascii	"w\302\327\231\223=r\272\311\233\002\337\"\356Hnb\242"
 185      933D72BA 
 185      C99B02DF 
 185      22EE486E 
 185      62A2
 186 033b 37BECDEA 		.ascii	"7\276\315\352\362\366\274\262z\341{\314\021\217\000"
 186      F2F6BCB2 
 186      7AE17BCC 
 186      118F00
 187 034a 0F76046C 		.ascii	"\017v\004lm\274w\326\023?bu\217o%\214!\374\2309\205"
 187      6DBC77D6 
 187      133F6275 
 187      8F6F258C 
 187      21FC9839 
 188 035f B7DA333C 		.ascii	"\267\3323<)\360]\342\356\310\034\325\341\021VU=\264"
 188      29F05DE2 
 188      EEC81CD5 
 188      E1115655 
 188      3DB4
 189 0371 66D815BF 		.ascii	"f\330\025\277`\316\215\221\033\307\\(n\026q7\325n\315"
 189      60CE8D91 
 189      1BC75C28 
 189      6E167137 
 189      D56ECD
 190 0384 7063F1A5 		.ascii	"pc\361\245\325\353\366[\0363a\230\262\356\274z\032\223"
 190      D5EBF65B 
 190      1E336198 
 190      B2EEBC7A 
 190      1A93
 191 0396 98F2424C 		.ascii	"\230\362BL\241B6\343\227\310FD\357NF\027Y<\267\015t"
 191      A14236E3 
 191      97C84644 
 191      EF4E4617 
 191      593CB70D 
 192 03ab 1679FBAC 		.ascii	"\026y\373\254\247p\236\237b\246k\247\007\340m\024~\031"
 192      A7709E9F 
 192      62A66BA7 
 192      07E06D14 
 192      7E19
 193 03bd F9888D08 		.ascii	"\371\210\215\010z\313\371\302A\0279\372\370\317\241"
 193      7ACBF9C2 
 193      411739FA 
 193      F8CFA1
 194 03cc 53376736 		.ascii	"S7g6!le\2438\037\177\347\002\207\023\325\3249P\260\353"
 194      216C65A3 
 194      381F7FE7 
 194      028713D5 
 194      D43950B0 
 195 03e1 305B131F 		.ascii	"0[\023\037\323!\364\234=\357\202\223Y]U\371\372Q/Z\267"
 195      D321F49C 
 195      3DEF8293 
 195      595D55F9 
 195      FA512F5A 
 196 03f6 80B8AD87 		.ascii	"\200\270\255\207\3266hp\032\253{U|\373\031\20770\247"
 196      D6366870 
 196      1AAB7B55 
 196      7CFB1987 
ARM GAS  /tmp/ccsx1qfm.s 			page 15


 196      3730A7
 197 0409 AFEE3ECF 		.ascii	"\257\356>\317Q\340\022\342^\177\260\366\206+\316\264"
 197      51E012E2 
 197      5E7FB0F6 
 197      862BCEB4 
 198 0419 EFC08B75 		.ascii	"\357\300\213u\220\272\246\334\352\362\372\240\334\021"
 198      90BAA6DC 
 198      EAF2FAA0 
 198      DC11
 199 0427 83F21E8D 		.ascii	"\203\362\036\215I\374\266]\275X\030e\236\030\223\037"
 199      49FCB65D 
 199      BD581865 
 199      9E18931F 
 200 0437 01DD4CD1 		.ascii	"\001\335L\321}t\224w\304Q\016]L\352p\227\243\217\377"
 200      7D749477 
 200      C4510E5D 
 200      4CEA7097 
 200      A38FFF
 201 044a 1CFACCD3 		.ascii	"\034\372\314\323\302m\3168\207\251L\256\315\334\315"
 201      C26DCE38 
 201      87A94CAE 
 201      CDDCCD
 202 0459 C2F039B8 		.ascii	"\302\3609\270\223\256t\254.\365D\323\3303q\232\354\231"
 202      93AE74AC 
 202      2EF544D3 
 202      D833719A 
 202      EC99
 203 046b 3E2D8F4F 		.ascii	">-\217OJ\034\254/\337\367a\325\001\276!\011\323Nn\301"
 203      4A1CAC2F 
 203      DFF761D5 
 203      01BE2109 
 203      D34E6EC1 
 204 047f 26FC094D 		.ascii	"&\374\011M\224\366\314\017\264\307\367\341GE\360y\367"
 204      94F6CC0F 
 204      B4C7F7E1 
 204      4745F079 
 204      F7
 205 0490 4A9C5B66 		.ascii	"J\234[fQ\350M%\264\227B\367 \033\366\262\015\333\241"
 205      51E84D25 
 205      B49742F7 
 205      201BF6B2 
 205      0DDBA1
 206 04a3 C4762A68 		.ascii	"\304v*h\333m\320V%\264M\001\275f\203v+\241\347\224\012"
 206      DB6DD056 
 206      25B44D01 
 206      BD668376 
 206      2BA1E794 
 207 04b8 2ED9B0ED 		.ascii	".\331\260\355J\354\031%\366\242\015{\3321\226J\330 "
 207      4AEC1925 
 207      F6A20D7B 
 207      DA31964A 
 207      D820
 208 04ca 2CD48FCD 		.ascii	",\324\217\315*\324\000\365\215\264\212\240\341XAV8a"
 208      2AD400F5 
 208      8DB48AA0 
 208      E1584156 
 208      3861
ARM GAS  /tmp/ccsx1qfm.s 			page 16


 209 04dc 86D134F4 		.ascii	"\206\3214\364\030\3549\330\023\260\207`/\300\206\300"
 209      18EC39D8 
 209      13B08760 
 209      2FC086C0 
 210 04ec 06C11E80 		.ascii	"\006\301\036\200\215\200\215\201=\002{\006\366\022\354"
 210      8D808D81 
 210      3D027B06 
 210      F612EC
 211 04fb 15D853B0 		.ascii	"\025\330S\260\373`\003`<7\015\215\242i\364\034\244\002"
 211      FB600360 
 211      3C370D8D 
 211      A269F41C 
 211      A402
 212 050d 4FD9049E 		.ascii	"O\331\004\236T\012|W1\2266\033\364\204C\250\024\315"
 212      540A7C57 
 212      3196361B 
 212      F48443A8 
 212      14CD
 213 051f 3336648B 		.ascii	"36d\213\022\331\254\214P\277\015{\303\361\334K\264W"
 213      12D9AC8C 
 213      50BF0D7B 
 213      C3F1DC4B 
 213      B457
 214 0531 6CD0B38E 		.ascii	"l\320\263\216\247^F{\335\206=\257\304^\260\243\215\317"
 214      A75E467B 
 214      DD863DAF 
 214      C45EB0A3 
 214      8DCF
 215 0543 7B300390 		.ascii	"{0\003\220w\221\017\352\027\220\342\246@\367\024\002"
 215      77910FEA 
 215      1790E2A6 
 215      40F71402 
 216 0553 4EDB489B 		.ascii	"N\333H\233\034\217K\202v\330\240\247\034\257=\233\326"
 216      1C8F4B82 
 216      76D8A0A7 
 216      1CAF3D9B 
 216      D6
 217 0564 F8BC1B44 		.ascii	"\370\274\033D\300\025\020pU\200\212'\225 U6\254\273"
 217      C0151070 
 217      55808A27 
 217      95205536 
 217      ACBB
 218 0576 36DA6B4A 		.ascii	"6\332kJ\332\353J\354U\033\266\313\361\232\246jI6\324"
 218      DAEB4AEC 
 218      551BB6CB 
 218      F19AA66A 
 218      4936D4
 219 0589 DB5AE2CC 		.ascii	"\333Z\342\314#\002Q\211\267\245\312\266Dz\357\227\264"
 219      23025189 
 219      B7A5CAB6 
 219      447AEF97 
 219      B4
 220 059a 7BF002D3 		.ascii	"{\360\002\323m\307[\231\365\012\331X\363`\325\030F\023"
 220      6DC75B99 
 220      F50AD958 
 220      F360D518 
 220      4613
ARM GAS  /tmp/ccsx1qfm.s 			page 17


 221 05ac A73B5AD1 		.ascii	"\247;Z\321(\201\233\376\177_\324t8\017\243\\Q<7\021"
 221      28819BFE 
 221      7F5FD474 
 221      380FA35C 
 221      513C3711 
 222 05c0 1D93123B 		.ascii	"\035\223\022;261s=\272\243i\310\305#UJ\030)X:f\0239"
 222      32363173 
 222      3DBAA369 
 222      C8C52355 
 222      4A182958 
 223 05d8 0F9A27C0 		.ascii	"\017\232'\300\033\320-\305\333\276\304\335\364 T\377"
 223      1BD02DC5 
 223      DBBEC4DD 
 223      F42054FF 
 224 05e8 B0B5ECB0 		.ascii	"\260\265\354\2607\232>y2\315c\223\371\217Q2\247AI\034"
 224      379A3E79 
 224      32CD6393 
 224      F98F5132 
 224      A741491C 
 225 05fc 9665D759 		.ascii	"\226e\327YP\376\354#R\001\237\256\364Ms\323\301\014"
 225      50FEEC23 
 225      52019FAE 
 225      F44D73D3 
 225      C10C
 226 060e 1EBFA542 		.ascii	"\036\277\245B\037\320\323\033}\017\261 U*\264\232\233"
 226      1FD0D31B 
 226      7D0FB120 
 226      552AB49A 
 226      9B
 227 061f 8C567193 		.ascii	"\214Vq\223\345\227\274\027\273\344sz~\034\306\364\330"
 227      E597BC17 
 227      BBE4737A 
 227      7E1CC6F4 
 227      D8
 228 0630 E588BBFD 		.ascii	"\345\210\273\375\356\346\0347\351\000G\264\357\024h"
 228      EEE61C37 
 228      E90047B4 
 228      EF1468
 229 063f 9DCA11D5 		.ascii	"\235\312\021\325k8\351\000'\016\271 \032J\316\271P\276"
 229      6B38E900 
 229      270EB920 
 229      1A4ACEB9 
 229      50BE
 230 0651 BFD05CA0 		.ascii	"\277\320\\\240\240w\000Q>\027\342f|_Y\311.0\232\377"
 230      A0770051 
 230      3E17E266 
 230      7C5F59C9 
 230      2E309AFF 
 231 0665 582C839B 		.ascii	"X,\203\233=_\177\367\244s\302\335\263\216i}\2208P\342"
 231      3D5F7FF7 
 231      A473C2DD 
 231      B38E697D 
 231      903850E2 
 232 0679 2C5DB14C 		.ascii	",]\261LM\032\250YK\325\254\247jh#\352\220\213/\253!"
 232      4D1AA859 
 232      4BD5ACA7 
 232      6A6823EA 
ARM GAS  /tmp/ccsx1qfm.s 			page 18


 232      908B2FAB 
 233 068e 556D1776 		.ascii	"Um\027v\222<J=l\340<\304\331\332@#_\267\275eL\203/\261"
 233      923C4A3D 
 233      6CE03CC4 
 233      D9DA4023 
 233      5FB7BD65 
 234 06a6 3BA872E0 		.ascii	";\250r\340n\202\033\244y\015e\203W+,\001\215\273V\361"
 234      6E821BA4 
 234      790D6583 
 234      572B2C01 
 234      8DBB56F1 
 235 06ba 2D7C0324 		.ascii	"-|\003$z;\032&P\242\014NJ\3652\204\031A\0339\222\352"
 235      7A3B1A26 
 235      50A20C4E 
 235      4AF53284 
 235      19411B39 
 236 06d0 EDBA5BFC 		.ascii	"\355\272[\374\010\343uN\224\350\247s\027\237\271R\242"
 236      08E3754E 
 236      94E8A773 
 236      179FB952 
 236      A2
 237 06e1 B2CA53A5 		.ascii	"\262\312S\245\330\226\231\373S\226L\031K\246\310\262"
 237      D89699FB 
 237      53964C19 
 237      4BA6C8B2 
 238 06f1 89B2DCEC 		.ascii	"\211\262\334\354>\337\251\301;\030\213\245\250\350\232"
 238      3EDFA9C1 
 238      3B188BA5 
 238      A8E89A
 239 0700 86B194EC 		.ascii	"\206\261\224\354\035\363P\260l\226\261l\026Y\266P\226"
 239      1DF350B0 
 239      6C96B16C 
 239      1659B650 
 239      96
 240 0711 DBDD43BC 		.ascii	"\333\335C\274\006\037`,\273\037\324\336e\203\312+\252"
 240      061F602C 
 240      BB1FD4DE 
 240      6583CA2B 
 240      AA
 241 0722 58CAF2FB 		.ascii	"X\312\362\373\304d\216\245\325Y2\222,\221$\233{]Z}\245"
 241      C4648EA5 
 241      D5593292 
 241      2C91249B 
 241      7B5D5A7D 
 242 0737 62ECA1F7 		.ascii	"b\354\241\367k3\350\\\216d\3209\234\220A\217\365\246"
 242      6B33E85C 
 242      8E64D039 
 242      9C90418F 
 242      F5A6
 243 0749 F36EB896 		.ascii	"\363n\270\226\251\330\331\177)]\203\333\230\363\240"
 243      A9D8D97F 
 243      295D83DB 
 243      98F3A0
 244 0758 79ACC209 		.ascii	"y\254\302\011\250\3216\332%\224$nl\030F,\362\225G*\377"
 244      A8D136DA 
 244      2594246E 
 244      6C18462C 
ARM GAS  /tmp/ccsx1qfm.s 			page 19


 244      F295472A 
 245 076d 384A2E76 		.ascii	"8J.v\"\024\305'M%\274h\253(\024m\007~\3422\255;\250"
 245      2214C527 
 245      4D25BC68 
 245      AB28146D 
 245      077EE232 
 246 0784 566BFE9D 		.ascii	"Vk\376\235a\204\323\234){}q\313Zgq\026k\027\215\237"
 246      6184D39C 
 246      297B7D71 
 246      CB5A6771 
 246      166B178D 
 247 0799 C53CD9A0 		.ascii	"\305<\331\240\363D\242\235\224\350ys\343\032\016\347"
 247      F344A29D 
 247      94E87973 
 247      E31A0EE7 
 248 07a9 31A2A1FC 		.ascii	"1\242\241\374\334R5\213\334\326re\344\362e$\371\"I\001"
 248      DC52358B 
 248      DCD67265 
 248      E4F26524 
 248      F9224901 
 249 07bd 253956D0 		.ascii	"%9V\320\263\305\005\037\022H~,\355\364\024\227B\265"
 249      B3C5051F 
 249      12487E2C 
 249      EDF41497 
 249      42B5
 250 07cf 72       		.ascii	"r"
 251 07d0 2958642C 		.ascii	")Xd,\026\221e\027e\331\322\321\352\203[\030I\336\325"
 251      16916517 
 251      65D9D2D1 
 251      EA835B18 
 251      49DED5
 252 07e3 AE85C242 		.ascii	"\256\205\302BH)\360Tp\354\226q\354\0269\366P\216\355"
 252      4829F054 
 252      70EC9671 
 252      EC1639F6 
 252      508EED
 253 07f6 9DD7FAD5 		.ascii	"\235\327\372\325\370\032#\031K\354\274\341\304\206s"
 253      F81A2319 
 253      4BECBCE1 
 253      C48673
 254 0805 79DC4228 		.ascii	"y\334B(\224\221\024\212${)\311\351l\213\205\235\030"
 254      9491148A 
 254      247B29C9 
 254      E96C8B85 
 254      9D18
 255 0817 7934ABB6 		.ascii	"y4\253\266\036\356\271\311\266\370\034z\202\264\367"
 255      1EEEB9C9 
 255      B6F81C7A 
 255      82B4F7
 256 0826 A438E17E 		.ascii	"\2448\341~\326GB\347\375\037\274\361\023\346\360\351"
 256      D64742E7 
 256      FD1FBCF1 
 256      13E6F0E9 
 257 0836 7D49183F 		.ascii	"}I\030?cNJFb\237+~\305\234s\205\353\223]q\274\013uF"
 257      634E4A46 
 257      629F2B7E 
 257      C59C7385 
ARM GAS  /tmp/ccsx1qfm.s 			page 20


 257      EB935D71 
 258 084e DBFB0E61 		.ascii	"\333\373\016a\234\312\234C\351};\324x#sN\366\254\352"
 258      9CCA9C43 
 258      E97D3BD4 
 258      7823734E 
 258      F6ACEA
 259 0861 87049139 		.ascii	"\207\004\2219\227\366\254\336\350\212\363\231\263aW"
 259      97F6ACDE 
 259      E88AF399 
 259      B36157
 260 0870 E62A0E17 		.ascii	"\346*\016\0271\247\276\251=\337\015\2272\347\311\223"
 260      31A7BEA9 
 260      3DDF0D97 
 260      32E7C993 
 261 0880 F4040E57 		.ascii	"\364\004\016W0\247\325\222;\352\205k\230\363\264\257"
 261      30A7D592 
 261      3BEA856B 
 261      98F3B4AF 
 262 0890 A301E146 		.ascii	"\243\001\341F\352x\217\016\334\356r\023\363K\226`\012"
 262      EA788F0E 
 262      DCEE7213 
 262      F34B9660 
 262      0A
 263 08a1 89657AFD 		.ascii	"\211ez\375\360G{\245\304\262\004\002s\214{}\0362V*\336"
 263      F0477BA5 
 263      C4B20402 
 263      738C7B7D 
 263      1E32562A 
 264 08b6 80FB1D22 		.ascii	"\200\373\035\"e\227e\026YD\214\265R\211\035\227\001"
 264      65976516 
 264      59448CB5 
 264      52891D97 
 264      01
 265 08c7 A64AE003 		.ascii	"\246J\340\003Jp\233\022\274N\002\037V\202\307\245-\311"
 265      4A709B12 
 265      BC4E021F 
 265      5682C7A5 
 265      2DC9
 266 08d9 12B84C09 		.ascii	"\022\270L\011\036\227:\245H\340r\3072\244P\254\225\260"
 266      1E973AA5 
 266      48E072C7 
 266      32A450AC 
 266      95B0
 267 08eb 871CAB18 		.ascii	"\207\034\253\030\227\211\026\301a^L\017s\202&\227v3"
 267      978916C1 
 267      615E4C0F 
 267      73822697 
 267      7633
 268 08fd 5C5AD570 		.ascii	"\\Z\325p\331\326\200\035\007\253\007k\000;\012\326\002"
 268      D9D6801D 
 268      07AB076B 
 268      003B0AD6 
 268      02
 269 090e 7612AC11 		.ascii	"v\022\254\021\254\016\354\004X-X\023'\3136\255\266\011"
 269      AC0EEC04 
 269      582D5813 
 269      27CB36AD 
ARM GAS  /tmp/ccsx1qfm.s 			page 21


 269      B609
 270 0920 29753C3A 		.ascii	")u<:Ip\272$\370\210\343\011\221\260i\022\366\240\022"
 270      4970BA24 
 270      F888E309 
 270      91B06912 
 270      F6A012
 271 0933 3B2E25CF 		.ascii	";.%\317\226\300UJ\260,5\244\211\304\213R\222\027\001"
 271      96C0554A 
 271      B02C35A4 
 271      89C48B52 
 271      921701
 272 0946 C4515EB4 		.ascii	"\304Q^\264\246\334\202`\273\037C\224\253\302q\307\357"
 272      A6DC8260 
 272      BB1F4394 
 272      ABC271C7 
 272      EF
 273 0957 0B8951FE 		.ascii	"\013\211Q\376\345\343G\224\211\221\030`\324\006q\375"
 273      E5E34794 
 273      89911860 
 273      D40671FD 
 274 0967 5FC4986A 		.ascii	"_\304\230j\316)\367\000\315\255@\267\317vn\320!\210"
 274      CE29F700 
 274      CDAD40B7 
 274      CF766ED0 
 274      2188
 275 0979 E98F7567 		.ascii	"\351\217ug\327gv\327p\253]\366sJ\310~N\321;xK\321\363"
 275      D76776D7 
 275      70AB5DF6 
 275      734AC87E 
 275      4ED13B78 
 276 0990 7E279CE0 		.ascii	"~'\234\340Jwis\311\311\313\236x\003s\0066\016\274\362"
 276      4A776973 
 276      C9C9CB9E 
 276      78037306 
 276      360EBCF2 
 277 09a4 C259CCA9 		.ascii	"\302Y\314\251\335\275\272\316\035\357\240\216\363\251"
 277      DDBDBACE 
 277      1DEFA08E 
 277      F3A9
 278 09b2 B4136D2E 		.ascii	"\264\023m.\210\354\\\266m{k\212\333l\031d\007\210\352"
 278      88EC5CB6 
 278      6D7B6B8A 
 278      DB6C1964 
 278      0788EA
 279 09c5 FAD9655D 		.ascii	"\372\331e]U,.\222\022%V\266k\345\201\224\376\262\357"
 279      552C2E92 
 279      122556B6 
 279      6BE58194 
 279      FEB2EF
 280 09d8 12A2D80D 		.ascii	"\022\242\330\015Q<\017\2219\013v\016\254S\276\012\253"
 280      513C0F91 
 280      390B760E 
 280      AC53BE0A 
 280      AB
 281 09e9 6D1DB43B 		.ascii	"m\035\264;\026#-\200\375\305d\001t9^\000\225\262a\235"
 281      16232D80 
 281      FDC56401 
ARM GAS  /tmp/ccsx1qfm.s 			page 22


 281      74395E00 
 281      95B2619D 
 282 09fd 7128559C 		.ascii	"q(U\234\375\013gGR!o\234H9k\027\272\242\036\200\236"
 282      FD0B6747 
 282      52216F9C 
 282      48396B17 
 282      BAA21E80 
 283 0a12 96A6A74B 		.ascii	"\226\246\247K\234\036G\243B\027`0\27740\362O\207\344"
 283      9C1E47A3 
 283      42176030 
 283      BF3430F2 
 283      4F87E4
 284 0a25 BDF3EDE6 		.ascii	"\275\363\355\346\265\307n^/\012\363z\221\316k\332\326"
 284      B5C76E5E 
 284      2F0AF37A 
 284      91CE6BDA 
 284      D6
 285 0a36 9E6D1E76 		.ascii	"\236m\036v\350\243v\311\330%\001M\336\256\313M\321f"
 285      E8A376C9 
 285      D825014D 
 285      DEAECB4D 
 285      D166
 286 0a48 3F5F83D9 		.ascii	"?_\203\331y\376'\237N\321\2514\006\203X\022\252\215"
 286      79FE279F 
 286      4ED1A934 
 286      06835812 
 286      AA8D
 287 0a5a D486C546 		.ascii	"\324\206\305F\371j\277\016\017\237\001\0373\242c\242"
 287      F96ABF0E 
 287      0F9F011F 
 287      33A263A2 
 288 0a6a 8D338C61 		.ascii	"\2153\214a_\231f\3141\374u\206\357\254\331s\276\235"
 288      5F9966CC 
 288      31FC7586 
 288      EFACD973 
 288      BE9D
 289 0a7c A3B5ABD0 		.ascii	"\243\265\253\320\232\242\303#\227/5j\243\302\302#L\321"
 289      9AA2C323 
 289      972F356A 
 289      A3C2C223 
 289      4CD1
 290 0a8e 46AD61A9 		.ascii	"F\255a\251qY\330\362H\263\301\274\362\033c\334\314\010"
 290      7159D8F2 
 290      48B3C1BC 
 290      F21B63DC 
 290      CC08
 291 0aa0 55C07F41 		.ascii	"U\300\177A\032g^\012\322\200\304\3653c\2709&\326\177"
 291      1A675E0A 
 291      D280C4F5 
 291      3363B839 
 291      26D67F
 292 0ab3 D69F67CE 		.ascii	"\326\237g\316\324\352\"L_\231\026\207hc\342\264\021"
 292      D4EA224C 
 292      5F991687 
 292      6863E2B4 
 292      11
 293 0ac4 6191DA6F 		.ascii	"a\221\332obb\315q\332\220\320`?_\355\242E\001\332\320"
ARM GAS  /tmp/ccsx1qfm.s 			page 23


 293      6262CD71 
 293      DA90D060 
 293      3F5FEDA2 
 293      4501DAD0 
 294 0ad8 A0E0EF66 		.ascii	"\240\340\357f\223\032C\234\331\020\031\271tf\270\312"
 294      931A439C 
 294      D91019B9 
 294      7466B8CA 
 295 0ae8 9D7D194C 		.ascii	"\235}\031L\321&\263\217\20140\230b\2775\030\2771E\306"
 295      D126B38F 
 295      81343098 
 295      62BF3518 
 295      BF3145C6 
 296 0afc 7CBDDCA8 		.ascii	"|\275\334\250\265'\015\217\211\212\212\211\026x\347"
 296      B5270D8F 
 296      898A8A89 
 296      1678E7
 297 0b0b EA8375C1 		.ascii	"\352\203u\301+\264\341\021\3411\261F\303w\037F\201\032"
 297      2BB4E111 
 297      E131B146 
 297      C3771F46 
 297      811A
 298 0b1d 9FF08890 		.ascii	"\237\360\210\220\225q\241\246(c\354\202\260\350\245"
 298      9571A1A6 
 298      2863EC82 
 298      B0E8A5
 299 0b2c 91C6D8A0 		.ascii	"\221\306\330\240\251\366\024\261f\333\030\302#\342V"
 299      A9F614B1 
 299      66DB18C2 
 299      23E256
 300 0b3b 92384C88 		.ascii	"\2228L\210\376\316\024\036\030\035\366U\244\221\015"
 300      FECE141E 
 300      181DF655 
 300      A4910D
 301 0b4a 66C6EB86 		.ascii	"f\306\353\206\"\364/\364L\232As\030B\024\231#S\224\301"
 301      22F42FF4 
 301      4C9A4173 
 301      18421499 
 301      235394C1 
 302 0b5e 8C75FAD9 		.ascii	"\214u\372\331`\276\352\220`\235^\035\020\024\250\347"
 302      60BEEA90 
 302      609D5E1D 
 302      1014A8E7 
 303 0b6e 42F43870 		.ascii	"B\3648p\276\336I\247\013\326\317\246\277\276j\235.P"
 303      BEDE49A7 
 303      0BD6CFA6 
 303      BFBE6A9D 
 303      2E50
 304 0b80 8F759F84 		.ascii	"\217u\237\204\342%!:<W\257\307z\035\370\320\300? T\217"
 304      E225213A 
 304      3C57AFC7 
 304      7A1DF8D0 
 304      C03F2054 
 305 0b95 0348CBE0 		.ascii	"\003H\313\340\271zn1k\345\007\370\317\365s~mxmj@\232"
 305      B97A6E31 
 305      6BE507F8 
 305      CFF5737E 
ARM GAS  /tmp/ccsx1qfm.s 			page 24


 305      6D786D6A 
 306 0bab 3A3C222C 		.ascii	":<\",\326'&.,\022\242\262(&\374_\363bc\242\202B\364"
 306      D627262E 
 306      2C12A2B2 
 306      2826FC5F 
 306      F36263A2 
 307 0bc2 53C79311 		.ascii	"S\307\223\021\020\011\016y\223\230\320@\312\232\370"
 307      10090E79 
 307      9398D040 
 307      CA9AF8
 308 0bd1 D0B98984 		.ascii	"\320\271\211\204\002\3032(1\230\342b\335lE\236\006C"
 308      02C33228 
 308      3198E262 
 308      DD6C459E 
 308      0643
 309 0be3 9CD16CF0 		.ascii	"\234\321l\360\237\033\022\270D\037\344\031\026\371\357"
 309      9F1B12B8 
 309      441FE419 
 309      16F9EF
 310 0bf2 B0957130 		.ascii	"\260\225q0\247\221\260\356\374\034N\241q\205Y\253\013"
 310      A791B0EE 
 310      FC1C4EA1 
 310      718559AB 
 310      0B
 311 0c03 0E090A91 		.ascii	"\016\011\012\221f#*\316\024g\200\245\010\275O$*\026"
 311      66232ACE 
 311      146780A5 
 311      08BD4F24 
 311      2A16
 312 0c15 DBCFE31B 		.ascii	"\333\317\343\033\3020>\215\216\224\251\2422\355\212"
 312      C2303E8D 
 312      8E94A9A2 
 312      32ED8A
 313 0c24 DEA0AA96 		.ascii	"\336\240\252\226G\333Iu\227\025\272\353u:C(\354\201"
 313      47DB4975 
 313      9715BAEB 
 313      753A4328 
 313      EC81
 314 0c36 00E3320E 		.ascii	"\000\3432\016b\255\2337\037\242\037\244w\235\273\304"
 314      62AD9B37 
 314      1FA21FA4 
 314      779DBBC4 
 315 0c46 DF571F12 		.ascii	"\337W\037\022J?f\223\017\347\271\013\374\003?\321\273"
 315      4A3F6693 
 315      0FE7B90B 
 315      FC033FD1 
 315      BB
 316 0c57 900AE13D 		.ascii	"\220\012\341=\033\3360Md\276B\240`\201?\3019\021\012"
 316      1BDE304D 
 316      64BE42A0 
 316      60813FC1 
 316      39110A
 317 0c6a 5FFAEBF7 		.ascii	"_\372\353\367\267_\030nH(\233\261y~+V\260\271Z\3467"
 317      B75F186E 
 317      48289BB1 
 317      797E2B56 
 317      B0B95AE6 
ARM GAS  /tmp/ccsx1qfm.s 			page 25


 318 0c7f CB6F0519 		.ascii	"\313o\005\031\265W\200\377\374`\335\247\2426\347\240"
 318      B55780FF 
 318      FC60DDA7 
 318      A236E7A0 
 319 0c8f 00DDE280 		.ascii	"\000\335\342\200@g\322\353\274/\310\313w\336\027\377"
 319      4067D2EB 
 319      BC2FC8CB 
 319      77DE17FF 
 320 0c9f 01D745E7 		.ascii	"\001\327E\347o"
 320      6F
 321              		.text
 322              		.section	.gnu.lto_.symtab.f83a701347377ed7,"",%progbits
 323 0000 56656374 		.ascii	"VectorB0\000\000\000\000\000\000\000\000\000\000\000"
 323      6F724230 
 323      00000000 
 323      00000000 
 323      000000
 324 0013 00B40000 		.ascii	"\000\264\000\000\000st_lld_init\000\000\000\000\000"
 324      0073745F 
 324      6C6C645F 
 324      696E6974 
 324      00000000 
 325 0028 00000000 		.ascii	"\000\000\000\000\000\000\000\266\000\000\000_port_i"
 325      000000B6 
 325      0000005F 
 325      706F7274 
 325      5F69
 326 003a 72715F65 		.ascii	"rq_epilogue\000\000\002\000\000\000\000\000\000\000"
 326      70696C6F 
 326      67756500 
 326      00020000 
 326      00000000 
 327 004f 0000B800 		.ascii	"\000\000\270\000\000\000chSysTimerHandlerI\000\000\002"
 327      00006368 
 327      53797354 
 327      696D6572 
 327      48616E64 
 328 006a 00000000 		.ascii	"\000\000\000\000\000\000\000\000\000\272\000\000\000"
 328      00000000 
 328      00BA0000 
 328      00
 329 0077 6E766963 		.ascii	"nvicEnableVector\000\000\002\000\000\000\000\000\000"
 329      456E6162 
 329      6C655665 
 329      63746F72 
 329      00000200 
 330 0090 000000BF 		.ascii	"\000\000\000\277\000\000\000"
 330      000000
 331              		.text
 332              		.section	.gnu.lto_.opts,"",%progbits
 333 0000 272D666E 		.ascii	"'-fno-trapv' '-mcpu=cortex-m4' '-mno-thumb-interwor"
 333      6F2D7472 
 333      61707627 
 333      20272D6D 
 333      6370753D 
 334 0033 6B272027 		.ascii	"k' '-mthumb' '-ggdb' '-O2' '-fomit-frame-pointer' '"
 334      2D6D7468 
ARM GAS  /tmp/ccsx1qfm.s 			page 26


 334      756D6227 
 334      20272D67 
 334      67646227 
 335 0066 2D66616C 		.ascii	"-falign-functions=16' '-ffunction-sections' '-fdata"
 335      69676E2D 
 335      66756E63 
 335      74696F6E 
 335      733D3136 
 336 0099 2D736563 		.ascii	"-sections' '-fno-common' '-flto'\000"
 336      74696F6E 
 336      73272027 
 336      2D666E6F 
 336      2D636F6D 
 337              		.text
 338              		.comm	__gnu_lto_v1,1,1
 339              		.comm	__gnu_lto_slim,1,1
 340              		.ident	"GCC: (GNU Tools for ARM Embedded Processors) 4.9.3 20141119 (release) [ARM/embedded-4_9-br
ARM GAS  /tmp/ccsx1qfm.s 			page 27


DEFINED SYMBOLS
                            *ABS*:00000000 hal_st_lld.c
                            *COM*:00000001 __gnu_lto_v1
                            *COM*:00000001 __gnu_lto_slim

NO UNDEFINED SYMBOLS
