ARM GAS  /tmp/ccmOgXkr.s 			page 1


   1              		.syntax unified
   2              		.cpu cortex-m4
   3              		.fpu softvfp
   4              		.eabi_attribute 20, 1
   5              		.eabi_attribute 21, 1
   6              		.eabi_attribute 23, 3
   7              		.eabi_attribute 24, 1
   8              		.eabi_attribute 25, 1
   9              		.eabi_attribute 26, 1
  10              		.eabi_attribute 30, 2
  11              		.eabi_attribute 34, 1
  12              		.eabi_attribute 18, 4
  13              		.thumb
  14              		.file	"hal_pal_lld.c"
  15              		.text
  16              	.Ltext0:
  17              		.section	.gnu.lto_.profile.e3148eae7291d678,"",%progbits
  18 0000 789C6366 		.ascii	"x\234cf```c\200\000F\206e\214K\030\001\004\206\001W"
  18      60606063 
  18      80004686 
  18      658C4B18 
  18      01048601 
  19              		.text
  20              		.section	.gnu.lto_.jmpfuncs.e3148eae7291d678,"",%progbits
  21 0000 789C6366 		.ascii	"x\234cf\300\016\004\2404\023\003##c=#3\220d\257\257"
  21      C00E04A0 
  21      34130323 
  21      23633D23 
  21      339064AF 
  22 0015 AF670000 		.ascii	"\257g\000\000\014\320\002#"
  22      0CD00223 
  23              		.text
  24              		.section	.gnu.lto_.inline.e3148eae7291d678,"",%progbits
  25 0000 789C6DCE 		.ascii	"x\234m\316\261\015\0021\024\003P\373\347\244\\\031]"
  25      B10D0231 
  25      140350FB 
  25      E7A45C19 
  25      5D
  26 0011 45194AB6 		.ascii	"E\031J\266\310(\314p=R\006`\204+\030\001\006@\242\244"
  26      C828CC70 
  26      3D520660 
  26      842B1801 
  26      0640A2A4 
  27 0025 42A10326 		.ascii	"B\241\003&`\010\012\344\037J~\361\354\352\313\001\377"
  27      60080AE4 
  27      1F4A7EF1 
  27      ECEACB01 
  27      FF
  28 0036 EFF44B03 		.ascii	"\357\364K\003^x\202\021D\310\242\210\255\250\224\007"
  28      5E788211 
  28      44C8A288 
  28      ADA89407 
  29 0046 F7E222ED 		.ascii	"\367\342\"\355\256-b\3638\232\201\3578t\305\350u\024"
  29      AE2D62F3 
  29      389A81EF 
  29      3874C5E8 
  29      7514
ARM GAS  /tmp/ccmOgXkr.s 			page 2


  30 0058 C96B12D9 		.ascii	"\311k\022\331k\026\305k\021\225\326\303\355\257\252"
  30      6B16C56B 
  30      1195D6C3 
  30      EDAFAA
  31 0067 690E71C3 		.ascii	"i\016q\303\331H#\020\346\366Yc\265\334\203aj{\016>\370"
  31      D9482310 
  31      E6F65963 
  31      B5DC8361 
  31      6A7B0E3E 
  32 007c 0B822A20 		.ascii	"\013\202* 0"
  32      30
  33              		.text
  34              		.section	.gnu.lto_.pureconst.e3148eae7291d678,"",%progbits
  35 0000 789C6366 		.ascii	"x\234cf```e\200\000&\006)F)\000\000\371\000@"
  35      60606065 
  35      80002606 
  35      29462900 
  35      00F90040 
  36              		.text
  37              		.section	.gnu.lto__pal_lld_init.e3148eae7291d678,"",%progbits
  38 0000 789CA59A 		.ascii	"x\234\245\232{PT\327\035\307\3579w\201\205\345%\276"
  38      7B5054D7 
  38      1DC7EF39 
  38      778185E5 
  38      25BE
  39 0012 10DF22E2 		.ascii	"\020\337\"\342\013\326\246\177\264\223\351\037\351\264"
  39      0BD6A67F 
  39      B493E91F 
  39      E9B4
  40 0020 D34E33E9 		.ascii	"\323N3\351\2443\311t&\371\247\323\246mb\307\251N\223"
  40      A433C974 
  40      26F9A7D3 
  40      A66D62C7 
  40      A94E93
  41 0033 E97F992C 		.ascii	"\351\177\231,+\032\242\242\210\321\240\326*Z\005\037"
  41      2B1AA2A2 
  41      88D1A0D6 
  41      2A5A051F 
  42 0043 A0F87E11 		.ascii	"\240\370~\0216\240\200\022Q|\021\361\205\200\212\032"
  42      36A08012 
  42      517C11F1 
  42      85808A1A 
  43 0053 50049545 		.ascii	"P\004\225E\220\236\337w\317\341^\020\231\275^f\370\355"
  43      909EDF77 
  43      CFE15E10 
  43      99BD5E66 
  43      F8ED
  44 0065 2EF7DCEF 		.ascii	".\367\334\357\371\234s~\373\231Y@\327^\376J\020\337"
  44      F99C737E 
  44      FB995940 
  44      D75EFE4A 
  44      10DF
  45 0077 7F9CAA69 		.ascii	"\177\234\252i\277\021\217L\327\030\317\252\326\2644"
  45      BF118F4C 
  45      D718CFAA 
  45      D6B434
  46 0086 27678C9E 		.ascii	"'g\214\236hL\373\202\263/\330=\336\306Y\226og\216+y"
ARM GAS  /tmp/ccmOgXkr.s 			page 3


  46      684CFB82 
  46      B32FD83D 
  46      DEC65996 
  46      6F678E2B 
  47 009b ABC7E379 		.ascii	"\253\307\343y\344=\024\277(\336\3175\255\235\007bX\036"
  47      E43D14BF 
  47      28DECF35 
  47      AD9D0762 
  47      581E
  48 00ad 4B164316 		.ascii	"K\026C\026\357\272^\341\320\337d\232x~\244\260\343\214"
  48      EFBA5EE1 
  48      D0DF649A 
  48      787EA4B0 
  48      E38C
  49 00bf AB99FB39 		.ascii	"\253\231\3739\233D/\217fW\346\204\322K\356\240\227%"
  49      9B442F8F 
  49      6657E684 
  49      D24BEEA0 
  49      9725
  50 00d1 FE1D358E 		.ascii	"\376\0355\216\244-\036\217\327wf\257\347-\207\237\353"
  50      A42D1E8F 
  50      D77766AF 
  50      E72D879F 
  50      EB
  51 00e2 2C9FE922 		.ascii	",\237\351\"\217mg\011l\007K\320\304\2174\266\223%\321"
  51      8F6D6709 
  51      6C074BD0 
  51      C48F34B6 
  51      9325D1
  52 00f5 F0B6F49E 		.ascii	"\360\266\364\236ZWh\272\230;60'\333\305B\231x\334\035"
  52      5A5768BA 
  52      983B3630 
  52      27DBC542 
  52      9978DC1D 
  53 0109 E7F3F4F6 		.ascii	"\347\363\364\3666\026.\273\344\370\220\213[\034:\225"
  53      36162EBB 
  53      E4F8908B 
  53      5B1C3A95 
  54 0119 10463786 		.ascii	"\020F7\206\322\3230*N*\341T\"\250DR\211\242\022M%\206"
  54      D2D3302A 
  54      4E2AE154 
  54      22A84452 
  54      89A2124D 
  55 012f 4A2C9561 		.ascii	"J,\225aT\342\250\014\2472\202\312H*\243\250\214\246"
  55      54E2A80C 
  55      A73282CA 
  55      482AA3A8 
  55      8CA6
  56 0141 124F650C 		.ascii	"\022Oe\014\025\"t\214\2452\216\312x*\023\250L\2442\211"
  56      1522748C 
  56      A5328ECA 
  56      782A13A8 
  56      4CA43289 
  57 0155 CA642A53 		.ascii	"\312d*S\250$R\231J%\211\3124*\311T\246S\231Ae&\225Y"
  57      A8245299 
  57      4A2589CA 
  57      342AC954 
ARM GAS  /tmp/ccmOgXkr.s 			page 4


  57      A6539941 
  58 016d 54665349 		.ascii	"TfSI\241\222J\305Me\016\025Mk\022\213\247\223\271\315"
  58      A1924AC5 
  58      4D650E15 
  58      4D6B128B 
  58      A793B9CD 
  59 0181 393DEA75 		.ascii	"9=\352u\254\364`\321\335\237\320v<\343tJ\247+\267\036"
  59      ACF460D1 
  59      DD9FD076 
  59      3CE3744A 
  59      A72BB71E 
  60 0195 09A77D0E 		.ascii	"\011\247}\016\361l\312\360`\257o6\235\255q\342G\032"
  60      F16CCAF0 
  60      60AF6F36 
  60      9DAD71E2 
  60      471A
  61 01a7 BDF46ECB 		.ascii	"\275\364n\313=\352\334\300\3263?\017e\005b\263\013\305"
  61      3DEADCC0 
  61      D6333F0F 
  61      650562B3 
  61      0BC5
  62 01b9 66D385C6 		.ascii	"f\323\205\306\256u\267]);=\351iN?\017c\273\331\006\366"
  62      AE75B75D 
  62      293B3DE9 
  62      694E3F0F 
  62      63BBD906 
  63 01ce 18E7CBF6 		.ascii	"\030\347\313\366\260\024\255\216-\354\010\015\314\243"
  63      B014AD8E 
  63      2DEC080D 
  63      CCA3
  64 01dc 07A6BA52 		.ascii	"\007\246\272R\332\274\237Q\256\303\343\351\024gU$r\004"
  64      DABC9F51 
  64      AEC3E3E9 
  64      14675524 
  64      7204
  65 01ee 4F36A351 		.ascii	"O6\243Q\026&\332kL\264\217\245\210x\3552\363\372\316"
  65      1626DA6B 
  65      4CB48FA5 
  65      8878ED32 
  65      F3FACE
  66 0201 85C9982B 		.ascii	"\205\311\230+\345'v\270\246o\023g_\237\237\327\364\226"
  66      E52776B8 
  66      A66F1367 
  66      5F9F9FD7 
  66      F496
  67 0213 B8C5299B 		.ascii	"\270\305)\233\227\355g\323\315\353\323\221~\240scK\224"
  67      97ED67D3 
  67      CDEBD391 
  67      7EA07363 
  67      4B94
  68 0225 98364DDC 		.ascii	"\2306M\334\320\\\026\355\347\341\317x\010; \347n-]\336"
  68      D05C16ED 
  68      E7E1CF78 
  68      083B20E7 
  68      6E2D5DDE 
  69 0239 1523E68E 		.ascii	"\025#\346\216\365\363\010v\0203S\037\211+;\212[\256"
  69      F5F30876 
ARM GAS  /tmp/ccmOgXkr.s 			page 5


  69      1033531F 
  69      892B3B8A 
  69      5BAE
  70 024b C57CFEDC 		.ascii	"\305|\376\334\223\345\361\351b\016v\210\245\020\201"
  70      93E5F1E9 
  70      620E7688 
  70      A51081
  71 025a C60EB3CF 		.ascii	"\306\016\263\317\005\021\2278u\247J\177\241\377\022"
  71      05119738 
  71      75A74A7F 
  71      A1FF12
  72 0269 2D5E75E5 		.ascii	"-^u\345\341F=1W4q\375\341\262\277\371\3227y^\364\366"
  72      E1463D31 
  72      573471FD 
  72      E1B2BFF9 
  72      D237795E 
  73 027f 8AD5BAD8 		.ascii	"\212\325\272\330\221\376\255,q\217\262DqWq\361\352c"
  73      91FEAD2C 
  73      718FB244 
  73      715771F1 
  73      EA63
  74 0291 3AE1BAC4 		.ascii	":\341\272\304\222|\016\215\035\023#h\3055\025j\347\356"
  74      927C0E8D 
  74      1D132368 
  74      C535156A 
  74      E7EE
  75 02a3 1DACE866 		.ascii	"\035\254\350f\203\004;\007\276Gd\360q\226H{!v\337{\260"
  75      83043B07 
  75      BE4764F0 
  75      7196487B 
  75      2176DF7B 
  76 02b8 ADE4CD7E 		.ascii	"\255\344\315~o\030\304\322\0001;\3366\355\234\015|K"
  76      6F18C4D2 
  76      00313BDE 
  76      36ED9C0D 
  76      7C4B
  77 02ca B162B14E 		.ascii	"\261b\261N\215}K\207\033i\336Q\347\300\035\025\273\037"
  77      8D7D4B87 
  77      1B69DE51 
  77      E7C01D15 
  77      BB1F
  78 02dc 49DB5932 		.ascii	"I\333Y2`;\263<\365\275\237\371y\024\363aKy \222}\207"
  78      603BB33C 
  78      F5BD9FF9 
  78      7914F361 
  78      4B792092 
  79 02f2 C629CDCE 		.ascii	"\306)\315\316\035I\341\346d\027n/\312^\332\345\242\344"
  79      1D49E1E6 
  79      64176E2F 
  79      CA5EDAE5 
  79      A2E4
  80 0304 2C4A8EA6 		.ascii	",J\216\246\255`\2452\372\371\252#\025\034]\342\213\247"
  80      AD60A532 
  80      FAF9AA23 
  80      151C5DE2 
  80      8BA7
  81 0316 362943B2 		.ascii	"6)C\262.\223OP\247Db\305E'r\303\002\354Q\301\301\306"
ARM GAS  /tmp/ccmOgXkr.s 			page 6


  81      2E934F50 
  81      A74462C5 
  81      452772C3 
  81      02EC51C1 
  82 032c 12E849C4 		.ascii	"\022\350I\3049d\\\371@P+d\025\210\012\221Q\225D\026"
  82      39645CF9 
  82      40502B64 
  82      15880A91 
  82      51954416 
  83 0340 15388B3E 		.ascii	"\0258\213>\262h\013d\247\020\027*\343N\333!\253BT\230"
  83      B2680B64 
  83      A710172A 
  83      E34EDB21 
  83      AB425498 
  84 0354 8CFA9EC8 		.ascii	"\214\372\236\310\242\003{vR\221\305X ;\2038\247\214"
  84      A2037B76 
  84      5291C558 
  84      203B8338 
  84      A78C
  85 0366 ABB64376 		.ascii	"\253\266Cv\026Q\3412\352\034\221\305\004\366\254\217"
  85      1651E132 
  85      EA1C91C5 
  85      04F6AC8F 
  86 0376 2CD60259 		.ascii	",\326\002Y\015\342\"d\334y;d\027\020\345\222Q\027\211"
  86      0DE22264 
  86      DC793B64 
  86      1710E592 
  86      511789
  87 0389 2C36B067 		.ascii	",6\260g\345\212l\230\005\262K\210\213\224q\227\355\220"
  87      E58A6C98 
  87      05B24B88 
  87      8B947197 
  87      ED90
  88 039b D5222A4A 		.ascii	"\325\"*JF\375@d\303\002{\326G\026g\201\354\012\342\242"
  88      46FD4064 
  88      C3027BD6 
  88      47166781 
  88      EC0AE2A2 
  89 03af 655C9D1D 		.ascii	"e\\\235\035\262\253\210\212\221Q\327\210,\016N\253\355"
  89      B2AB888A 
  89      9151D788 
  89      2C0E4EAB 
  89      ED
  90 03c0 73DA101A 		.ascii	"s\332\020\032\277\016\215\233\275\375`ho\337\300t\261"
  90      BF0E8D9B 
  90      BDFD6068 
  90      6FDFC074 
  90      B1
  91 03d1 837BFBA6 		.ascii	"\203{\373\246\362v}?o[\225\365-\310\272m\357\346\314"
  91      F2767D3F 
  91      6F5B95F5 
  91      2DC8BA6D 
  91      EFE6CC
  92 03e4 80AF3C19 		.ascii	"\200\257<\031\220u\203\224u\355k\313\272Q\270\370\372"
  92      90758394 
  92      75ED6BCB 
  92      BA51B8F8 
ARM GAS  /tmp/ccmOgXkr.s 			page 7


  92      FA
  93 03f5 AB644DB1 		.ascii	"\253dM\2614\340\326\020\262n\202\254o\323q\323\374\207"
  93      34E0D610 
  93      B26E82AC 
  93      6FD371D3 
  93      FC87
  94 0407 1FB76C8C 		.ascii	"\037\267l\214\200\254\307A\326\255\367\326\270\372\237"
  94      80ACC741 
  94      D6ADF7D6 
  94      B8FA9F
  95 0416 FE1DB987 		.ascii	"\376\035\271\207\367\013\012\253u\263\254\357*YS$k6"
  95      F70B0AAB 
  95      75B3ACEF 
  95      2A595324 
  95      6B36
  96 0428 3AE03656 		.ascii	":\3406V\226\337X\265\327\334\001\015\246\016\360\225"
  96      96DF58B5 
  96      D7DC010D 
  96      A60EF095 
  97 0438 5FB863EE 		.ascii	"_\270c\356\200{\312\316\210\272O\035\020j\330\031\260"
  97      807BCACE 
  97      88BA4F1D 
  97      106AD819 
  97      B0
  98 0449 C383A343 		.ascii	"\303\203\243Co>PvF\334\217v\310Z\224\235\021\325Jd\303"
  98      6F3E5076 
  98      46DC8F76 
  98      C85A949D 
  98      11D54A64 
  99 045e 0D3B836C 		.ascii	"\015;\203l\204\005\262\207\312\316\210{d\207\254M\331"
  99      8405B287 
  99      CACE887B 
  99      6487AC4D 
  99      D9
 100 046f 19518F89 		.ascii	"\031Q\217\211l\204ag\220\215\264@\326\256\354\214\270"
 100      6C846167 
 100      908DB440 
 100      D6AEEC8C 
 100      B8
 101 0480 0E3B644F 		.ascii	"\016;dO\224\235\021\365\224\310F\032v\006\331(\013d"
 101      949D11F5 
 101      94C8461A 
 101      7606D928 
 101      0B64
 102 0492 CF949D11 		.ascii	"\317\224\235\021\327i\207\314\257\354\214\250.\"\033"
 102      D76987CC 
 102      AFEC8CA8 
 102      2E221B
 103 04a1 65D81964 		.ascii	"e\330\031d\243-\220=WvF\\\267\035\262\036egD\275 \262"
 103      A32D903D 
 103      5776465C 
 103      B71DB21E 
 103      656744BD 
 104 04b7 D1869D41 		.ascii	"\321\206\235A\026o\201\254W\331\031q\036n\203,\215K"
 104      166F81AC 
 104      57D91971 
 104      1E6E832C 
ARM GAS  /tmp/ccmOgXkr.s 			page 8


 104      8D4B
 105 04c9 3B23CACB 		.ascii	";#\312\313\005Y<$v=\030;/\344\003\355\334:\264\235\323"
 105      05593C24 
 105      763D183B 
 105      2FE403ED 
 105      DC3AB49D 
 106 04de 31DDB0C1 		.ascii	"1\335\260\301\355\274\210K;/\346v\354\374%';\027\024"
 106      EDBC884B 
 106      3B2FE676 
 106      ECFC2527 
 106      3B1714
 107 04f1 2D6C8B0E 		.ascii	"-l\213\016\3309\013v\316\340\011\003\026f\325\316_\361"
 107      D8390B76 
 107      CEE00903 
 107      1666D5CE 
 107      5FF1
 108 0503 445AF1E0 		.ascii	"DZ\361\340v\246X\032 f\177\245\235\227p\262\363R.\216"
 108      76A6581A 
 108      20667FA5 
 108      9D9770B2 
 108      F3522E8E 
 109 0517 3B4C5C6B 		.ascii	";L\\kYq\354\001>\367:\177NC\237\236\\yu\300\351/\343"
 109      5971EC01 
 109      3EF73A7F 
 109      4E439F9E 
 109      5C7975C0 
 110 052e 813D5CEC 		.ascii	"\201=\\\354-\3632\263\2353\271\2643E\262\345F\007,\205"
 110      2DF332B3 
 110      9D33B9B4 
 110      3345B2E5 
 110      46072C85 
 111 0542 F7379F6D 		.ascii	"\3677\237m\275\026a\352\000\261\366\276\016X\2770\363"
 111      BD1661EA 
 111      00B1F6BE 
 111      0E58BF30 
 111      F3
 112 0553 5CA4A903 		.ascii	"\\\244\251\003VpigDeQ\007\204\031v\006\354\230\340\350"
 112      56706967 
 112      44655107 
 112      84197606 
 112      EC98E0E8 
 113 0567 D09B2BB9 		.ascii	"\320\233+\271\2643\342\262\355\220\255\342\322\316\210"
 113      B433E2B2 
 113      ED90ADE2 
 113      D2CE88
 114 0576 FA9AC8C6 		.ascii	"\372\232\310\306\030v\006Y\202\005\262\325\\\332\031"
 114      18760659 
 114      8205B2D5 
 114      5CDA19
 115 0585 716BEC90 		.ascii	"qk\354\220}\303\245\235\021\225Cd\011\206\235A6\326"
 115      7DC3A59D 
 115      11954364 
 115      09869D41 
 115      36D6
 116 0597 02D95A2E 		.ascii	"\002\331Z.\355\214\270uv\310\326sigD\375\207\310\306"
 116      ED8CB875 
 116      76C8D673 
ARM GAS  /tmp/ccmOgXkr.s 			page 9


 116      696744FD 
 116      87C8C6
 117 05aa 1A7606D9 		.ascii	"\032v\006\3318\013d\033\270\2643\342\376k\207l#\227"
 117      380B641B 
 117      B8B433E2 
 117      FE6B876C 
 117      2397
 118 05bc 7646D426 		.ascii	"vF\324&\"\033g\330\031d\343-\220\345rig\304m\266C\266"
 118      221B67D8 
 118      1964E32D 
 118      90E57269 
 118      67C46DB6 
 119 05d2 854B3B23 		.ascii	"\205K;#\352\177D6\336\2603\310&X \333\312\245\235\021"
 119      EA7F4436 
 119      DEB033C8 
 119      265820DB 
 119      CAA59D11 
 120 05e6 B7CD0E59 		.ascii	"\267\315\016Y\236\2623\242\362\211l\002$\326\036\214"
 120      9EB233A2 
 120      F2896C02 
 120      24D61E8C 
 121 05f6 9DB7BF64 		.ascii	"\235\267\277dg\377\320v\336\201\351\342\006\267\363"
 121      67FFD076 
 121      DE81E9E2 
 121      06B7F3
 122 0605 4E65E75D 		.ascii	"Ne\347]\266\354\\\000;w\356i\310\212\011\3309\007v."
 122      B6EC5C00 
 122      3B77EE69 
 122      C88A09D8 
 122      3907762E 
 123 0619 94766E7F 		.ascii	"\224vn\177m;\357\026\362\335\376*;S,\015(\030\302\316"
 123      6D3BEF16 
 123      F2DDFE2A 
 123      3B532C0D 
 123      2818C2CE 
 124 062d 7B60E722 		.ascii	"{`\347\":n'\255\177\237\367y\030\354\374>\015\335\263"
 124      3A6E27AD 
 124      7F9FF779 
 124      18ECFC3E 
 124      0DDDB3
 125 0640 24FB1FFD 		.ascii	"$\373\037\375\017\177\257<\3745i\233\212\243\314r\336"
 125      0F7FAF3C 
 125      FC35699B 
 125      8AA3CC72 
 125      DE
 126 0651 A7E44C89 		.ascii	"\247\344L\211l\277\321\000Eh\200J\337\2016\207\251\001"
 126      6CBFD100 
 126      4568804A 
 126      DF813687 
 126      A901
 127 0663 0A4D0DF0 		.ascii	"\012M\015\360l\305\226\236\030S\003\034PrF\324Aj\000"
 127      6CC5969E 
 127      1853031C 
 127      507246D4 
 127      416A00
 128 0676 A72167B0 		.ascii	"\247!g\260N\014\012\016\235yH\271\031i\207\355\200\035"
 128      4E0C0A0E 
ARM GAS  /tmp/ccmOgXkr.s 			page 10


 128      9D7948B9 
 128      196987ED 
 128      801D
 129 0688 516E46D4 		.ascii	"QnF\324Q\002\233h\270\031`\223\202\007;\246\324\214"
 129      51029B68 
 129      B8196093 
 129      82073BA6 
 129      D48C
 130 069a B4E376C0 		.ascii	"\264\343v\300\212\225\232\021\365-\201M2\324\014\260"
 130      8A959A11 
 130      F52D814D 
 130      32D40CB0 
 131 06aa C9C18395 		.ascii	"\311\301\203\225(3#\315g\007\354;efD\225\022\330d\303"
 131      283323CD 
 131      6707EC3B 
 131      65664495 
 131      12D864C3 
 132 06be CC009B12 		.ascii	"\314\000\233\022<X\231\0223\322N\330\001;\251\304\214"
 132      3C589912 
 132      33D24ED8 
 132      013BA9C4 
 132      8C
 133 06cf A872029B 		.ascii	"\250r\002\233b\210\031`\211\301\203U(/#\255\322\016"
 133      62881960 
 133      89C18355 
 133      282F23AD 
 133      D20E
 134 06e1 D829E565 		.ascii	"\330)\345eD\235&\260D\303\313\000\233\032<X\225\322"
 134      449D26B0 
 134      44C3CB00 
 134      9B1A3C58 
 134      95D2
 135 06f3 32D2BEB7 		.ascii	"2\322\276\267\003vFi\031Q\325\0046\025\366\362\007\243"
 135      03764669 
 135      1951D504 
 135      3615F6F2 
 135      07A3
 136 0705 E5B32F69 		.ascii	"\345\263/i\271{h-\237\303t\303\007\327r\215\322\362"
 136      B97B682D 
 136      9FC374C3 
 136      07D7728D 
 136      D2F2
 137 0717 795B5ABE 		.ascii	"y[Z\276\2003n\310l\355\211\010hy\023\264|Qj\331\377"
 137      80336EC8 
 137      6CED8908 
 137      687913B4 
 137      7C516AD9 
 138 072c DA5ABE24 		.ascii	"\332Z\276$\254{\366UZ\246X\032pa\010-_\206\226k\351"
 138      AC7BF655 
 138      5AA6581A 
 138      7061082D 
 138      5F86966B 
 139 0741 B4C3C5B5 		.ascii	"\264\303\305\265\222\272\356\345\034Z^@C\317y\266w\353"
 139      92BAEEE5 
 139      1C5A5E40 
 139      43CF79B6 
 139      77EB
ARM GAS  /tmp/ccmOgXkr.s 			page 11


 140 0753 FD4FFF07 		.ascii	"\375O\377\007y\3729\371\315y!f/_Q^\246HVgt@-: \243\262"
 140      79FA39F9 
 140      CD792166 
 140      2F5F515E 
 140      A6485667 
 141 076e B32ACAD4 		.ascii	"\263*\312\324\001\027M\035p*\363\320\2510\363/\265\224"
 141      01174D1D 
 141      702AF3D0 
 141      A930F32F 
 141      B594
 142 0780 9711758D 		.ascii	"\227\021u\215: \334\3602`\223\202\243Co^WbF\334\015"
 142      3A20DCF0 
 142      32609382 
 142      A3436F5E 
 142      576246DC 
 143 0795 3B643795 		.ascii	";d7\225\230\021UOdI\206\230A6\315\002\331-ef\3045\330"
 143      9811554F 
 143      64498698 
 143      4136CD02 
 143      D92D6566 
 144 07ac 216B5466 		.ascii	"!kTfFT\023\221M3\314\014\262d\013d\267\225\232\021w"
 144      46541391 
 144      4D33CC0C 
 144      B2640B64 
 144      B7959A11 
 145 07c1 C70ED95D 		.ascii	"\307\016\331]\245fD5\023Y\262\241f\220M"
 145      A5664435 
 145      1359B2A1 
 145      66904D
 146 07d0 B740764F 		.ascii	"\267@vO\271\031q\367\355\220=PnF\324\217D6\335p3\310"
 146      B91971F7 
 146      ED903D50 
 146      6E46D48F 
 146      4436DD70 
 147 07e6 6658206B 		.ascii	"fX kQrF\\\253\035\262\207J\316\210zDd3\0149\203l\246"
 147      5172465C 
 147      AB1DB287 
 147      4ACE887A 
 147      4464330C 
 148 07fe 05B23665 		.ascii	"\005\2626eg\304=\266C\326\256\354\214\250\016\"\233"
 148      67C43DB6 
 148      43D6AEEC 
 148      8CA80E22 
 148      9B
 149 080f 0989F506 		.ascii	"\011\211\365\006c\347'/\331\271wh;?\305t#\006\267\363"
 149      63E7272F 
 149      D9B97768 
 149      3B3FC574 
 149      2306B7F3 
 150 0823 3365E74E 		.ascii	"3e\347N[v\366\303\316=\347w-u\004\354\234\017;wI;\367"
 150      5B76F6C3 
 150      CE3DE777 
 150      2D7504EC 
 150      9C0F3B77 
 151 083a BEB69D9F 		.ascii	"\276\266\235\237\013\371>y\225\235)\226\006\370\207"
 151      0BF93E79 
 151      959D2996 
ARM GAS  /tmp/ccmOgXkr.s 			page 12


 151      06F887
 152 0849 B07337EC 		.ascii	"\260s7\354\334C\307\035!\256\035\277\337Q\036\260\363"
 152      DC43C71D 
 152      21AE1DBF 
 152      DF511EB0 
 152      F3
 153 085a 328CDDB5 		.ascii	"2\214\335\265v\331\007\375O\377\205<\375\015\005\325"
 153      76D907FD 
 153      4FFF853C 
 153      FD0D05D5 
 154 086a 6BFAFD75 		.ascii	"k\372\375u\260W\331\231\"\231G\357\353\200\036t@Y\336"
 154      B057D999 
 154      229947EF 
 154      EB801E74 
 154      4059DE
 155 087d D5C3E68F 		.ascii	"\325\303\346\217M]\246\0168Y\266a\213\271\003\322ti"
 155      4D5DA60E 
 155      3859B661 
 155      8BB903D2 
 155      7469
 156 088f 67447975 		.ascii	"gDyu\321\001\021\206\235\001;+(8\264\346B]\312\031i"
 156      D1011186 
 156      9D013B2B 
 156      2838B4E6 
 156      425DCA19 
 157 08a4 E976C016 		.ascii	"\351v\300\026\351R\316\210ZL`\263\0149\003lv\360`_\352"
 157      E952CE88 
 157      5A4C60B3 
 157      0C39036C 
 157      76F0605F 
 158 08b9 D2CD48CB 		.ascii	"\322\315H\313\260\003\366\225.\335\214\250%\0046\333"
 158      B003F695 
 158      2EDD8CA8 
 158      250436DB 
 159 08c9 7033C052 		.ascii	"p3\300R\202\007[\252K5#m\231\035\260L]\252\031Q\313"
 159      82075BAA 
 159      4B35236D 
 159      991DB04C 
 159      5DAA1951 
 160 08de 092CC550 		.ascii	"\011,\305P3\300R\203\007[\241K3#-\313\016\330J]\232"
 160      33C05283 
 160      075BA14B 
 160      33232DCB 
 160      0ED84A5D 
 161 08f3 1951D904 		.ascii	"\031Q\331\004\226j\230\031`\356\340\301V\351R\314H\373"
 161      966A9819 
 161      60EEE0C1 
 161      56E952CC 
 161      48FB
 162 0905 DA0ED86A 		.ascii	"\332\016\330j]\212\031Qk\010\314m\210\031`s\202\007"
 162      5D8A1951 
 162      6B08CC6D 
 162      88196073 
 162      8207
 163 0917 FB46975E 		.ascii	"\373F\227^FZ\216\035\260\265\272\3642\242\326\021\330"
 163      465A8E1D 
 163      B0B5BAF4 
ARM GAS  /tmp/ccmOgXkr.s 			page 13


 163      32A2D611 
 163      D8
 164 0928 1CED064B 		.ascii	"\034\355\006K\363\325\274\015Gj\364/,\214\376u\205k"
 164      F3D5BC0D 
 164      476AF42F 
 164      2C8CFE75 
 164      856B
 165 093a DACF5253 		.ascii	"\332\317RS\335\277\372d\356_\346\276\373\236{\376\247"
 165      DDBFFA64 
 165      EE5FE6BE 
 165      FB9E7BFE 
 165      A7
 166 094b EE4FFE3C 		.ascii	"\356O\376<\317\275`\376\277>\373\324\375\336\373\277"
 166      CFBD60FE 
 166      BF3EFBD4 
 166      FDDEFBBF 
 167 095b FFE91BEE 		.ascii	"\377\351\033\356w\336\371\265\373\267\177\370\335\273"
 167      77DEF9B5 
 167      FBB77FF8 
 167      DDBB
 168 0969 FF7E832E 		.ascii	"\377~\203.\375i\201\370\2367\357\257\251\037i\241\037"
 168      FD6981F8 
 168      9E37EFAF 
 168      A91F69A1 
 168      1F
 169 097a CDFFE7DF 		.ascii	"\315\377\347\337\347~\034\362\361\202\271\363\027\374"
 169      E77E1CF2 
 169      F182B9F3 
 169      17FC
 170 0988 1FC53FB5 		.ascii	"\037\305?\265#"
 170      23
 171              		.text
 172              		.section	.gnu.lto__pal_lld_setgroupmode.e3148eae7291d678,"",%progbits
 173 0000 789C9D57 		.ascii	"x\234\235W\013PU\327\025\275\373\334\367\343}\300O\252"
 173      0B5055D7 
 173      15BDFBDC 
 173      F7E37DC0 
 173      4FAA
 174 0012 881A3F48 		.ascii	"\210\032?HH\223 \376b\375T\2551\211&\321\001\205\264"
 174      489320FE 
 174      62FD54AD 
 174      318926D1 
 174      0185B4
 175 0025 D3994E1B 		.ascii	"\323\231N\033-\316\350\024\006\006h\246\231\351\264"
 175      2DCEE814 
 175      060668A6 
 175      99E9B4
 176 0034 4F7E310D 		.ascii	"O~1\015\351P:m\022\003\023\023\203\030\0211\342'\217"
 176      E9503A6D 
 176      12031313 
 176      83181131 
 176      E2278F
 177 0047 18259408 		.ascii	"\030%\224\010\022\324\020\014\376\010!\021\020#!\"\310"
 177      12D4100C 
 177      FE082111 
 177      10232122 
 177      C8
ARM GAS  /tmp/ccmOgXkr.s 			page 14


 178 0058 0307A17B 		.ascii	"\003\007\241{\357s\337Wp\030\230\271\233{\366]{\235"
 178      EF73DF57 
 178      701898B9 
 178      9B7BF65D 
 178      7B9D
 179 006a BDF6D9E7 		.ascii	"\275\366\331\347\336\363T\345\376\277R\274\022&(\312"
 179      DEF354E5 
 179      FEBF52BC 
 179      122628CA 
 180 007a DFF03F04 		.ascii	"\337\360?\004) r\316)\312\016\223\000U\336\250B\267"
 180      292072CE 
 180      29CA0E93 
 180      0055DEA8 
 180      42B7
 181 008c 335CB19B 		.ascii	"3\\\261\233\255d\255:\241\277\3653\034\005\354^\202"
 181      AD64AD3A 
 181      A1BFF533 
 181      1C05EC5E 
 181      82
 182 009d 23BD30F0 		.ascii	"#\2750\3603#?3\200I\206\030]7&\260\312\233\000af\240"
 182      33233F33 
 182      80498618 
 182      5D3726B0 
 182      CA9B0061 
 183 00b3 85816697 		.ascii	"\205\201f\227\333\342\272\261\212\300\014#>\267eW)\010"
 183      DBE2BAB1 
 183      8AC00C23 
 183      3EB76557 
 183      2908
 184 00c5 B0C9C93F 		.ascii	"\260\311\311?3\005\002\320\215\002\312\337\205\252\323"
 184      330502D0 
 184      8D02CADF 
 184      85AAD3
 185 00d4 1B8CA600 		.ascii	"\033\214\246\000\263\305j\013\004\034\312\364o\210."
 185      B3C56A0B 
 185      041CCAF4 
 185      6F882E
 186 00e3 0139E545 		.ascii	"\0019\345EoY\302\013\354v\373\255\333\027\2033\203\373"
 186      6F59C20B 
 186      EC76FBAD 
 186      DB178333 
 186      83FB
 187 00f5 85A2740B 		.ascii	"\205\242t\013\011\200B\010G\3107\316\343\3316u\031("
 187      09804208 
 187      47C837CE 
 187      E3D93675 
 187      1928
 188 0107 78EF38D8 		.ascii	"x\3578\330s\326\322.\372\005\314\244aYn\365[\006\032"
 188      73D6D22E 
 188      FA05CCA4 
 188      61596EF5 
 188      5B061A
 189 011a 0A1D0D1B 		.ascii	"\012\035\015\033J\256\\\026a{\354\366\264\362\363\207"
 189      4AAE5C16 
 189      617BECF6 
 189      B4F2F387 
 190 012a EDBFD2F5 		.ascii	"\355\277\322\365\013\025\366\201\212|\360!\204\300~"
ARM GAS  /tmp/ccmOgXkr.s 			page 15


 190      0B15F681 
 190      8A7CF021 
 190      84C07E
 191 0139 0851D0A5 		.ascii	"\010Q\320\245@\021\204!\372\375\306V\247\252\256b\336"
 191      40118421 
 191      FAFDC656 
 191      A7AAAE62 
 191      DE
 192 014a FD158E9F 		.ascii	"\375\025\216\237s`suA\203\325\276\256_\350\340\200\177"
 192      73607375 
 192      4183D5BE 
 192      AE5FE8E0 
 192      807F
 193 015c A44E8162 		.ascii	"\244N\201b\216\274\336\177\243\320\246>\315\221\367"
 193      8EBCDE7F 
 193      A3D0A63E 
 193      CD91F7
 194 016b F6FF2BCF 		.ascii	"\366\377+\317,C\317\024\324s\250\036\016\372\207\352"
 194      2C43CF14 
 194      D473A81E 
 194      0EFA87EA 
 195 017b 15288130 		.ascii	"\025(\2010\302\017\324\354rX\325\34786\353\320\335F"
 195      C20FD4EC 
 195      7258D5E7 
 195      3836EBD0 
 195      DD46
 196 018d 7DE87B14 		.ascii	"}\350{\024\373Ef\225\325^m\317h\036\032\232\321/\014"
 196      FB456695 
 196      D55E6DCF 
 196      681E1A9A 
 196      D12F0C
 197 01a0 70C89741 		.ascii	"p\310\227A\376a\310\2739yw\364j\024\207\337\274\263"
 197      FE61C8BB 
 197      397977F4 
 197      6A1487DF 
 197      BCB3
 198 01b2 EF3F160E 		.ascii	"\357?\026\016\337][`\360\012><B\360\236\236/\273L\352"
 198      DF5D5B60 
 198      F00A3E3C 
 198      42F09E9E 
 198      2FBB4CEA 
 199 01c6 AF39B8B2 		.ascii	"\2579\270\262\360\247\374 \031|\326'\370\310\010\301"
 199      F0A7FC20 
 199      197CD627 
 199      F8C808C1 
 200 01d6 EF97387E 		.ascii	"\357\2278~\243\376\236c\353\216\3646\005\312\330s>\261"
 200      A3FE9E63 
 200      EB8EF436 
 200      05CAD873 
 200      3EB1
 201 01e8 C74688AD 		.ascii	"\307F\210\255\353\270^\022\240\306q\260\375H\356`\200"
 201      EBB85E12 
 201      A0C671B0 
 201      FD48EE60 
 201      80
 202 01f9 0C3EEF13 		.ascii	"\014>\357\023\374\361\010\301g\362\352O\232\325\355"
 202      FCF108C1 
ARM GAS  /tmp/ccmOgXkr.s 			page 16


 202      67F2EA4F 
 202      9AD5ED
 203 0208 1C7CE348 		.ascii	"\034|\343H\232C\223|\311'\270l\204\340\256\214{\027"
 203      9A43937C 
 203      C927B86C 
 203      84E0AE8C 
 203      7B17
 204 021a 2D860CEC 		.ascii	"-\206\014\354\257q\360\021\204B)^G\361:\216\227\003"
 204      AF71F011 
 204      8442295E 
 204      47F13A8E 
 204      9703
 205 022c AF4F2054 		.ascii	"\257O T\366\033\234\000\003(\212y$\024r9?<\360\232P"
 205      F61B9C00 
 205      03288A79 
 205      24147239 
 205      3F3CF09A 
 206 0241 13A48AD2 		.ascii	"\023\244\212\322W\323\244\212\346\253\2315>K\367\351"
 206      57D3A48A 
 206      E6AB9935 
 206      3E4BF7E9 
 207 0251 70A9C049 		.ascii	"p\251\300I\2468\331YT\035\250\276\314\024\355\355e\363"
 207      A638D959 
 207      541DA8BE 
 207      CC14EDED 
 207      65F3
 208 0263 98A1BC0C 		.ascii	"\230\241\274\014\2335c\267}ph\010\210\340\324\260\004"
 208      9B3563B7 
 208      7D706808 
 208      88E0D4B0 
 208      04
 209 0274 E54CF086 		.ascii	"\345L\360\206\275\350\337\240\276\302\004\005]\371\237"
 209      BDE8DFA0 
 209      BEC20405 
 209      5DF99F
 210 0283 DA24C349 		.ascii	"\332$\303I_\206\317\206e\250`\206\226\275\235\231\240"
 210      5F86CF86 
 210      65A86086 
 210      96BD9D99 
 210      A0
 211 0294 FE9519FE 		.ascii	"\376\225\031\376\261?3\027$C\215/\303\377\206e\250\204"
 211      B13F3317 
 211      24438D2F 
 211      C3FF8665 
 211      A884
 212 02a6 D09209E5 		.ascii	"\320\222\011\345\366\241\241\356\226\303\257\207\226"
 212      F6A1A1EE 
 212      96C3AF87 
 212      96
 213 02b3 891781B7 		.ascii	"\211\027\201\267\004\002\261j\270\261\260n\270I\260"
 213      0402B16A 
 213      B8B1B06E 
 213      B849B0
 214 02c2 72D8EF58 		.ascii	"r\330\357X;\203B\2253\003\365\276\2051V\334\013F\033"
 214      3B834295 
 214      3303F5BE 
 214      853156DC 
ARM GAS  /tmp/ccmOgXkr.s 			page 17


 214      0B461B
 215 02d5 0303E936 		.ascii	"\003\003\3516\210\321\343\350v<\207L\240\333\211\012"
 215      88D1E3E8 
 215      763C874C 
 215      A0DB890A 
 216 02e5 55FD2120 		.ascii	"U\375! \356I\344\230L&\230\314\0244\246\020.\347T\272"
 216      EE49E498 
 216      4C2698CC 
 216      1434A610 
 216      2EE754BA 
 217 02f9 9D46663A 		.ascii	"\235Ff:W\347az>\203\3063\311\314b\301\263\3516\2243"
 217      57E7617A 
 217      3E83C633 
 217      C9CC62C1 
 217      B3E93694 
 218 030e 9F03B4F1 		.ascii	"\237\003\264\361\303\010\365\010\231p2\217\222y\214"
 218      C308F508 
 218      9970328F 
 218      92798C
 219 031d CCE3649E 		.ascii	"\314\343d\236 \023A&\222\314<2\363\311,$\263\210\314"
 219      20134126 
 219      92CC3C32 
 219      F3C92C24 
 219      B388CC
 220 0330 93641693 		.ascii	"\223d\026\223YBf)\231ed\226\223YAf%\231UdV\223y\212"
 220      59426629 
 220      99656496 
 220      93594166 
 220      25995564 
 221 0348 CC1A32CF 		.ascii	"\314\0322\317\220y\226\314Z2\353\310<O\346\0052\353"
 221      907996CC 
 221      5A32EBC8 
 221      3C4FE605 
 221      32EB
 222 035a C96C2013 		.ascii	"\311l \023\305e\215\346:m\344\022m\342\352\304p\021"
 222      C5658DE6 
 222      3A6DE412 
 222      6DE2EAC4 
 222      7011
 223 036c 63B9AC8A 		.ascii	"c\271\254\212\322\202}\213\357\336V!\360\237z\005\322"
 223      D2827D8B 
 223      EFDE5621 
 223      F09F7A05 
 223      D2
 224 037d FBB29A0E 		.ascii	"\373\262\232\016,\241Fv\012\213S\230q\201\377y\360\203"
 224      2CA14676 
 224      0A8B5398 
 224      7181FF79 
 224      F083
 225 038f EE207A41 		.ascii	"\356 zA\032qu>\307\205l\000\301\235\2164\010R8\250\355"
 225      1A71753E 
 225      C7856C00 
 225      C19D8E34 
 225      085238A8 
 226 03a4 C05F6490 		.ascii	"\300_d\220U\006\271\337\252F\\\314\323\030\204\250\246"
 226      5506B9DF 
 226      AA465CCC 
ARM GAS  /tmp/ccmOgXkr.s 			page 18


 226      D31884A8 
 226      A6
 227 03b5 AC169020 		.ascii	"\254\026\220 \033\342\020\264\353bk\217J \023\256~\225"
 227      1BE210B4 
 227      EB626B8F 
 227      4A2013AE 
 227      7E95
 228 03c7 17732931 		.ascii	"\027s)1\333$s\247\2139P2\277\355\254=-\323\011V\240"
 228      DB2473A7 
 228      8B395032 
 228      BFEDAC3D 
 228      2DD30956 
 229 03dc DA9F3908 		.ascii	"\332\2379\010q\020\346a:JLA\222\251\327\3054N2\035:"
 229      7110E661 
 229      3A4A4C41 
 229      92A9D7C5 
 229      344E321D 
 230 03f1 55F45A00 		.ascii	"U\364Z\0003\275\244\300\031\177\246\361\210CPG\375;"
 230      33BDA4C0 
 230      197FA6F1 
 230      88435047 
 230      FD3B
 231 0403 6556CE11 		.ascii	"eV\316\021\373\261\306+\307\343\304<^2\017\272\230'"
 231      FBB1C62B 
 231      C7E3C43C 
 231      5E320FBA 
 231      9827
 232 0415 48E67DA7 		.ascii	"H\346}\247r\013u\314l\307\356\374\302\237z\"\002\351"
 232      720B75CC 
 232      6CC7EEFC 
 232      C29F7A22 
 232      02E9
 233 0427 5DB0A7F9 		.ascii	"]\260\247\371&0\265Q\201Z/j\007QO\304aZ\371!\013{\344"
 233      2630B551 
 233      815A2F6A 
 233      07514FC4 
 233      615AF921 
 234 043e CBE3DB96 		.ascii	"\313\343\333\226\363u&\0120\340>:\313[\252\025\277E"
 234      F375260A 
 234      30E03E3A 
 234      CB5BAA15 
 234      BF45
 235 0450 F88D5411 		.ascii	"\370\215T\021;\216\227\324\211\017\345\200\023\324k"
 235      3B8E97D4 
 235      890FE580 
 235      13D46B
 236 045f 03AE834E 		.ascii	"\003\256\203N\033pyUm\300\253(\264\001v\214S\200\024"
 236      1B707955 
 236      6DC0AB28 
 236      B401768C 
 236      538014
 237 0472 D550BC52 		.ascii	"\325P\274R\246;\011]8{U~\373a)\012w\3549\234\375k\310"
 237      A63B095D 
 237      387B557E 
 237      FB61290A 
 237      77EC399C 
 238 0489 B89CBE45 		.ascii	"\270\234\276E\303 `\307\336O\262\215\014\300\364\316"
ARM GAS  /tmp/ccmOgXkr.s 			page 19


 238      C32060C7 
 238      DE4FB28D 
 238      0CC0F4CE 
 239 0499 CB1DDF06 		.ascii	"\313\035\337\006\340\024\017\241V\021e\033\350\332\326"
 239      E0140FA1 
 239      5611651B 
 239      E8DAD6
 240 04a8 06025B46 		.ascii	"\006\002[F\234\270\234\344\0241\266\306\356\3706Pq\245"
 240      9CB89CE4 
 240      1431B6C6 
 240      EEF83650 
 240      71A5
 241 04ba 452D39A2 		.ascii	"E-9\242m\037\244\264\201\016\327K\\\370\255Sl\264\235"
 241      6D1FA4B4 
 241      810ED74B 
 241      5CF8AD53 
 241      6CB49D
 242 04cd E84E6D03 		.ascii	"\350Nm\003=VYt\320\363M\266Z\0120\220t\221}\025=\261"
 242      3D565974 
 242      D0F34DB6 
 242      5A0A3090 
 242      74917D15 
 243 04e3 B68EEE97 		.ascii	"\266\216\356\227\260\006:eg\270l\336\316\342\034\360"
 243      B0063A65 
 243      67B86CDE 
 243      CEE21CF0 
 244 04f3 7B65E336 		.ascii	"{e\3436\247\255M;\231\2660\277\2451\301/)\355\311X."
 244      A7AD4D3B 
 244      99B630BF 
 244      A531C12F 
 244      29EDC958 
 245 0508 EF9530E2 		.ascii	"\357\2250\342J\324\311\345\372oV\207N\202\202\021\247"
 245      4AD4C9E5 
 245      FA6F5687 
 245      4E828211 
 245      A7
 246 0519 F5705AD3 		.ascii	"\365pZ\323\253\003Bz\247\340\003\3025fUj\236\020^\331"
 246      AB03427A 
 246      A7E003C2 
 246      3566556A 
 246      9E105ED9 
 247 052d 29BC8CE8 		.ascii	")\274\214\350\240\211\321)\243z\213\177)ASi\201(\314"
 247      A089D129 
 247      A37A8B7F 
 247      29415369 
 247      8128CC
 248 0540 20C7D360 		.ascii	" \307\323`\016\306M\225\250\013 \235\323\321\357\246"
 248      0EC64D95 
 248      A80B209D 
 248      D3D1EFA6 
 249 0550 29279AE9 		.ascii	")'\232\3512\245\301\342\337I\304\3032q\367\0162\342"
 249      32A5C1E2 
 249      DF49C4C3 
 249      3271F70E 
 249      32E2
 250 0562 0EFACA95 		.ascii	"\016\372\312\225b\217F3\003q\336s\315\304\235\201^\337"
 250      628F4633 
ARM GAS  /tmp/ccmOgXkr.s 			page 20


 250      0371DE73 
 250      CDC49D81 
 250      5EDF
 251 0574 B966A1DF 		.ascii	"\271f\241\337=W\005\3155K\312:}p\245D\314\306\211.5"
 251      3D5705CD 
 251      354BCA3A 
 251      7D70A544 
 251      CCC6892E 
 252 0589 A7D5F0A1 		.ascii	"\247\325\360\241\311\204\015]\017!\244\323\207\006\343"
 252      C9840D5D 
 252      0F21A4D3 
 252      8706E3
 253 0598 66BB692A 		.ascii	"f\273i*\211&\024\001\025\307\272z*\214\022\021\346\335"
 253      89261401 
 253      15C7BA7A 
 253      2A8C1211 
 253      E6DD
 254 05aa C12A7F59 		.ascii	"\301*\177Y\217\366\275\373\243-\037\336\301\317E\200"
 254      8FF6BDFB 
 254      A32D1FDE 
 254      C1CF4580 
 255 05ba 53CC810B 		.ascii	"S\314\201\013\3244\364}\251}\375\230)\242\310\236\201"
 255      D434F47D 
 255      A97DFD98 
 255      29A2C89E 
 255      81
 256 05cb 0FCCF035 		.ascii	"\017\314\3605\344\303m>\317A\003D\320\264w\263\006\264"
 256      E4C36D3E 
 256      CF410344 
 256      D0B477B3 
 256      06B4
 257 05dd B579442B 		.ascii	"\265yD+M\237{\265\302q&\364\223\263'\253E/\235\217\262"
 257      4D9F7BB5 
 257      C27126F4 
 257      93B327AB 
 257      452F9D8F 
 258 05f2 5FA58C72 		.ascii	"_\245\214r\277\233D>\257\331w\330\355\345S\037\230\301"
 258      BF9B443E 
 258      AFD977D8 
 258      EDE5531F 
 258      98C1
 259 0604 454F0697 		.ascii	"EO\006\227 \002\351X\332Gw\\\322\036\033\265\226\313"
 259      2002E958 
 259      DA47775C 
 259      D21E1BB5 
 259      96CB
 260 0616 CC04C474 		.ascii	"\314\004\304t\305\245\245RK\362q\255\364}Y=\232\226"
 260      C5A5A552 
 260      4BF271AD 
 260      F47D593D 
 260      9A96
 261 0628 27901AFD 		.ascii	"'\220\032\375RK\207\006\213`\277n\254Z\256z2h$-\021"
 261      524B8706 
 261      8B60BF6E 
 261      AC5AAE7A 
 261      3268242D 
 262 063d 7299DC5A 		.ascii	"r\231\334Z\"G\255\345\033f\342\203O\023k\301\314[\264"
ARM GAS  /tmp/ccmOgXkr.s 			page 21


 262      2247ADE5 
 262      1B66E283 
 262      4F136BC1 
 262      CC5BB4
 263 0650 CCE7B19C 		.ascii	"\314\347\261\234H\231y\243\226\371|\366\353\307\232"
 263      489979A3 
 263      96F97CF6 
 263      EBC79A
 264 065f F9B79EF9 		.ascii	"\371\267\236\371\232)\363\371\364\006\272\224^\372f"
 264      9A29F3F9 
 264      F406BA94 
 264      5EFA66
 265 066e 88A417BC 		.ascii	"\210\244\027\274\003\024~+\352\225>\263\212\217\317"
 265      03147E2B 
 265      EA953EB3 
 265      8A8FCF
 266 067d A69F7A73 		.ascii	"\246\237zs\232|\314\033}\240*\223?\036\006\334\350\337"
 266      9A7CCC1B 
 266      7DA02A93 
 266      3F1E06DC 
 266      E8DF
 267 068f B9D106E5 		.ascii	"\271\321\006\345\204^\345%\035\370J+\303\302Q\227\341"
 267      845EE525 
 267      1DF84A2B 
 267      C3C25197 
 267      E1
 268 06a0 7B4E8B7E 		.ascii	"{N\213~\220\3005\327\222\272\026p\221\334\006^\205y"
 268      90C035D7 
 268      92BA1670 
 268      91DC065E 
 268      8579
 269 06b2 12A9D1EF 		.ascii	"\022\251\321\357[\230\305\354\017\341\302\2747y\230"
 269      5B98C5EC 
 269      0FE1C2BC 
 269      377998
 270 06c1 C2CC7860 		.ascii	"\302\314x`\006-\236\014Z\2510\213Y\224\321-\352\236"
 270      062D9E0C 
 270      5AA9308B 
 270      5994D12D 
 270      EA9E
 271 06d3 4BD49251 		.ascii	"K\324\222Q\213jcJ\035Q^\367\027\265\364>Q\313\220\032"
 271      8B6A634A 
 271      1D515EF7 
 271      17B5F43E 
 271      51CB901A 
 272 06e7 FDBEA296 		.ascii	"\375\276\242\226\263\177\314\242\332=\031\334 Q\313"
 272      B37FCCA2 
 272      DA3D19DC 
 272      2051CB
 273 06f6 599489D6 		.ascii	"Y\224\211\326\225\033\366\336\367\232\250\025\243\026"
 273      951BF6DE 
 273      F79AA815 
 273      A316
 274 0704 F50353EA 		.ascii	"\365\003S\352\211\362\246\253a]\242Vr\303\256\360\335"
 274      89F2A6AB 
 274      615DA256 
 274      72C3AEF0 
ARM GAS  /tmp/ccmOgXkr.s 			page 22


 274      DD
 275 0715 6AABD82F 		.ascii	"j\253\330/d\303\016'a\372\003\347\353\360\314\367#I"
 275      64C30E27 
 275      61FA03E7 
 275      EBF0CCF7 
 275      2349
 276 0727 58C51202 		.ascii	"X\305\022\002\224\234ir]*\257i\022V\217ZB\247\207\362"
 276      949C6972 
 276      5D2AAF69 
 276      12568F5A 
 276      42A787F2 
 277 073b 277F094F 		.ascii	"'\177\011O\261\204\325\276\022\326\260\177\314\022n"
 277      B184D5BE 
 277      12D6B07F 
 277      CC126E
 278 074a 79E6EB22 		.ascii	"y\346\353\"\011k\024\336T\205y\256M\345\265\213\314"
 278      096B14DE 
 278      548579AE 
 278      4DE5B58B 
 278      CC
 279 075b CACE4029 		.ascii	"\312\316@)\354\363zM\3303\243\026v\333\323\303\335\376"
 279      ECF37A4D 
 279      D833A316 
 279      76DBD3C3 
 279      DDFE
 280 076d 0DF7EC7D 		.ascii	"\015\367\354}\015\267\026\251\321\357\333p\353\330?"
 280      0DB716A9 
 280      D1EFDB70 
 280      EBD83F
 281 077c E686EBF1 		.ascii	"\346\206\353\361dp\207\244\256cQ\026\267\250\323.Q\317"
 281      647087A4 
 281      AE635116 
 281      B7A8D32E 
 281      51CF
 282 078e 8F5A54AF 		.ascii	"\217ZT\257\247\207\235\376\242^\270O\324z\244F\277\257"
 282      A7879DFE 
 282      A25EB84F 
 282      D47AA446 
 282      BFAF
 283 07a0 A80DEC1F 		.ascii	"\250\015\354\037\263\250>O\006\375$j\003\213\262\362"
 283      B3A83E4F 
 283      06FD246A 
 283      038BB2F2 
 284 07b0 9991CFA4 		.ascii	"\231\221\317\244\203\037/\222'\270(<\345\341Y\304}\010"
 284      831F2F92 
 284      27B8283C 
 284      E5E159C4 
 284      7D08
 285 07c2 E5A36094 		.ascii	"\345\243`\224|\305^\313\013\326@\256s\035"
 285      7CC55ECB 
 285      0BD640AE 
 285      731D
 286 07d0 92D894EC 		.ascii	"\222\330\224\354*&i\314jph?\031\242\361#\353M\302'\315"
 286      2A2669CC 
 286      6A70683F 
 286      19A2F123 
 286      EB4DC227 
ARM GAS  /tmp/ccmOgXkr.s 			page 23


 287 07e5 68799E68 		.ascii	"hy\236hr,\223\240\215\370\365\3629\356\363\341t\243"
 287      722C93A0 
 287      8DF8F5F2 
 287      39EEF3E1 
 287      74A3
 288 07f7 44B53916 		.ascii	"D\2659\026K\324&\374R\370\240\370<\273I\242~X*A1\364"
 288      4BD426FC 
 288      52F8A0F8 
 288      3CBB49A2 
 288      7E582A41 
 289 080d D6F706F1 		.ascii	"\326\367\006\361i6\206@\271Y\275\216y\022\025+_\376"
 289      69368640 
 289      B959BD8E 
 289      7912152B 
 289      5FFE
 290 081f 75BBF6A6 		.ascii	"u\273\366\246\313\227?\036`\357z\005\361\2619\226E\005"
 290      CB973F1E 
 290      60EF7A05 
 290      F1B13996 
 290      4505
 291 0831 D2CFA026 		.ascii	"\322\317\240&\330Q^zN\225\007E\372\215\004\350\305\357"
 291      D8515E7A 
 291      4E950745 
 291      FA8D04E8 
 291      C5EF
 292 0843 CE2FE6CE 		.ascii	"\316/\346\316\215\\\263m\373\226\355Q1\221\211)\221"
 292      8D5CB36D 
 292      FB96ED51 
 292      31918929 
 292      91
 293 0854 DB36C747 		.ascii	"\3336\307G&%&\247\246D\306\304nX\270 r\375\372\247#"
 293      262526A7 
 293      A644C6C4 
 293      6E58B820 
 293      72FDFAA7 
 294 0869 D7463F17 		.ascii	"\327F?\027\365\362\002z\364\207$\274\342\343\343\346"
 294      F5F2027A 
 294      F48724BC 
 294      E2E3E3E6 
 295 0879 FE51D111 		.ascii	"\376Q\321\021J\227\2609\345O\272\204\304\270\255z2\311"
 295      4A97B039 
 295      E54FBA84 
 295      C4B8AD7A 
 295      32C9
 296 088b 86C4D457 		.ascii	"\206\304\324W\222\266&\033\023S\222\266n\215K\326'\375"
 296      92B6261B 
 296      135392B6 
 296      6E8D4BD6 
 296      27FD
 297 089d 39292E59 		.ascii	"9).Y\2679>5Y\335\262=\325D7\024!\022\346\213\204\005"
 297      B7393E35 
 297      59DDB23D 
 297      D5443714 
 297      2112E68B 
 298 08b3 2261D1FF 		.ascii	"\"a\321\377\001\353\370\203\334"
 298      01EBF883 
 298      DC
ARM GAS  /tmp/ccmOgXkr.s 			page 24


 299              		.text
 300              		.section	.gnu.lto_.symbol_nodes.e3148eae7291d678,"",%progbits
 301 0000 789C6366 		.ascii	"x\234cf``Pa\200\002\246~\246z\006\206\011\347\030\030"
 301      60605061 
 301      8002A67E 
 301      A67A0686 
 301      09E71818 
 302 0014 EAEB19E6 		.ascii	"\352\353\031\346-\340``\232\300T\317\210,\300\000\000"
 302      2DE06060 
 302      9AC054CF 
 302      882CC000 
 302      00
 303 0025 B2DD0992 		.ascii	"\262\335\011\222"
 304              		.text
 305              		.section	.gnu.lto_.refs.e3148eae7291d678,"",%progbits
 306 0000 789C6366 		.ascii	"x\234cf```d\200\002\000\000=\000\005"
 306      60606064 
 306      80020000 
 306      3D0005
 307              		.text
 308              		.section	.gnu.lto_.decls.e3148eae7291d678,"",%progbits
 309 0000 789CAD58 		.ascii	"x\234\255XyPSI\032\177\375:\011!\204`-\352LY\263\273"
 309      79505349 
 309      1A7FFD3A 
 309      09218460 
 309      2DEA4C59 
 310 0016 0CB5CBBA 		.ascii	"\014\265\313\272[\343D\321\332\353\237\035\001\035\335"
 310      5BE344D1 
 310      DAEB9F1D 
 310      011DDD
 311 0025 75940DCE 		.ascii	"u\224\015\316NM\355\037Y\006\242\246\026\010\013q\313"
 311      4E4DED1F 
 311      5906A2A6 
 311      16080B71 
 311      CB
 312 0036 FDEF210C 		.ascii	"\375\357!\014\240\200 \3368j@\020P<\270<\006\004\004"
 312      A08020DE 
 312      386A4010 
 312      503CB83C 
 312      060404
 313 0049 E5924B3C 		.ascii	"\345\222K<P\031\345\230QT\024\034\007T\034%\373uw\222"
 313      5019E598 
 313      5154141C 
 313      07541C25 
 313      FB757792 
 314 005d 973C82E3 		.ascii	"\227<\202\343\036\257\352K\277\257\373\327\337\325_"
 314      1EAFEA4B 
 314      BFAFFBD7 
 314      DFD55F
 315 006c F7D72F98 		.ascii	"\367\327/\230\343\270\025\210\343\254\360|0\233\343"
 315      E3B81588 
 315      E3ACF07C 
 315      309BE3
 316 007b 86788EC3 		.ascii	"\206x\216\303\320\027\312\211\017tqw\201\346!n\312C"
 316      D017CA89 
 316      0F747177 
 316      81E6216E 
ARM GAS  /tmp/ccmOgXkr.s 			page 25


 316      CA43
 317 008d FA7D6C78 		.ascii	"\372}lx\015\220\032h\020\350]\322\007\370\225@\017\340"
 317      0D901A68 
 317      10E85DD2 
 317      07F89540 
 317      0FE0
 318 009f 5D07ED00 		.ascii	"]\007\355\000\264a\320\376\024\350\317@\253\201~\014"
 318      B461D0FE 
 318      14E8CF40 
 318      AB817E0C 
 319 00af 340BFA83 		.ascii	"4\013\372\203\240\355\201\366\034\320\034xo\204v\026"
 319      A0ED81F6 
 319      1CD01C78 
 319      6F847616 
 320 00bf B4E7A19D 		.ascii	"\264\347\241\235\001m=\264\276\320^\200v6\264M\320\276"
 320      016D3DB4 
 320      BED05E80 
 320      7636B44D 
 320      D0BE
 321 00d1 056D03B4 		.ascii	"\005m\003\2643\241\275\011\355u\240\257\200n\000\365"
 321      33A1BD09 
 321      ED75A0AF 
 321      806E00F5 
 322 00e1 3AD9FDA9 		.ascii	":\331\375\251\033\273\211/^\022\273\337\205\276\237"
 322      1BBB892F 
 322      5E12BBDF 
 322      85BE9F
 323 00f0 01FD02A8 		.ascii	"\001\375\002\250\322\346\303\0379f#\361Aa\263\215\330"
 323      D2E6C31F 
 323      396623F1 
 323      4161B38D 
 323      D8
 324 0101 456C2276 		.ascii	"El\"v\020\033\210~4M|\276\345\321\231cc\355^\367x\244"
 324      101B887E 
 324      344D7CBE 
 324      E5D19963 
 324      63ED5EF7 
 325 0117 51F911F6 		.ascii	"Q\371\021\366\313\354\346\335\012`\325*\031a\253G\323"
 325      CBECE6DD 
 325      0A60D52A 
 325      1961AB47 
 325      D3
 326 0128 2F29E968 		.ascii	"/)\351h\235\212\360\371\027\263\366 :\\\204\010\177"
 326      9D8AF0F9 
 326      17B3F620 
 326      3A5C8408 
 326      7F
 327 0139 70F7C015 		.ascii	"p\367\300\025\325{\207\005AH\025\352f\210R\253\236\237"
 327      D57B8705 
 327      414815EA 
 327      668852AB 
 327      9E9F
 328 014b 2CD4D079 		.ascii	",\324\320y\375\024WV}o\334\207\316{\207\260}5Uw\025"
 328      FD145756 
 328      7D6FDC87 
 328      CE7B87B0 
 328      7D355577 
ARM GAS  /tmp/ccmOgXkr.s 			page 26


 329 0160 D8930ED5 		.ascii	"\330\223\016\325\326<oT\341w\350{zj\177\213\012\377"
 329      D63C6F54 
 329      E177E87B 
 329      7A6A7F8B 
 329      0AFF
 330 0172 9CBE271C 		.ascii	"\234\276'\034\252J\367\200)\357\252\250\304\276\275"
 330      AA4AF780 
 330      29EFAAA8 
 330      C4BEBD
 331 0181 13F99E94 		.ascii	"\023\371\236\224%\311\340\003]|\363]\341\240\006\005"
 331      25C9E003 
 331      5D7CF35D 
 331      E1A00605 
 332 0191 A8F241FD 		.ascii	"\250\362A\375\343{\331\215\357\010\202\014U \025:\201"
 332      E37BD98D 
 332      EF08820C 
 332      5520153A 
 332      81
 333 01a2 303A82DE 		.ascii	"0:\202\336\003S\350l\362\244\012\302F!+Q\360l\326p\250"
 333      0353E86C 
 333      F2A40AC2 
 333      46212B51 
 333      F06CD670 
 334 01b7 10CD4145 		.ascii	"\020\315AEh\016\207\312Q\000 (\026\225Bg\031t\202\340"
 334      680E87CA 
 334      51002028 
 334      16954267 
 334      197482E0 
 335 01cb 0B2F6B92 		.ascii	"\013/k\222\344H\025\340~\322I7\223\250\011\031\005\273"
 335      E44815E0 
 335      7ED24937 
 335      93A80919 
 335      05BB
 336 01dd 6613132A 		.ascii	"f\023\023*\301\204\343\242\011`\221#./[s\316\250q+\242"
 336      C184E3A2 
 336      09609123 
 336      2E2F5B73 
 336      CEA8712B 
 337 01f2 1E1EC8FA 		.ascii	"\036\036\310\372b\\\216\273\030sp\254\353[%\356aL\376"
 337      625C8EBB 
 337      187370AC 
 337      EB5B25EE 
 337      614CFE
 338 0205 8E9D2572 		.ascii	"\216\235%r\032.%a\363\216\237\371\004\367\261\241\012"
 338      1A2E2561 
 338      F38E9FF9 
 338      04F7B1A1 
 338      0A
 339 0216 4B4913C6 		.ascii	"KI\023\306w\030sq\360\371wj\212\233A\330\372GG\3224"
 339      77187371 
 339      F0F9776A 
 339      8A9B41D8 
 339      FA4747D2 
 340 022b F83E1B2B 		.ascii	"\370>\033+*\310\030\302x\2041{\236\2655\262\370\277"
 340      2AC818C2 
 340      7884317B 
 340      9EB535B2 
ARM GAS  /tmp/ccmOgXkr.s 			page 27


 340      F8BF
 341 023d 0DACE7A6 		.ascii	"\015\254\347\246sIw\325\310\237=\276\001\026\360\363"
 341      734977D5 
 341      C89F3DBE 
 341      0116F0F3 
 342 024d F170E1E4 		.ascii	"\361p\341\344\362m\211B\376\333\324\376\323`\1773\362"
 342      F26D8942 
 342      FEDBD4FE 
 342      D3607F33 
 342      F2
 343 025e 15BD9E3B 		.ascii	"\025\275\236;\207\2431\000?\010\334b-T4\317\247\320"
 343      87A33100 
 343      3F08DC62 
 343      2D5434CF 
 343      A7D0
 344 0270 6A29F42C 		.ascii	"j)\364,A\241_9\240\243\016\350)\267RE\344+\007\262J"
 344      41A15F39 
 344      A0A30EE8 
 344      29B75245 
 344      E42B07B2 
 345 0285 8AFC1249 		.ascii	"\212\374\022I\014\330Tl\307\326\2707\300\011\373\275"
 345      0CD8546C 
 345      C7D6B837 
 345      C009FBBD 
 346 0295 43EE19F7 		.ascii	"C\356\031\367rE\023\322\034bk\245\320:\021\272\025\326"
 346      724513D2 
 346      1C626BA5 
 346      D03A11BA 
 346      15D6
 347 02a7 5BC81284 		.ascii	"[\310\022\204\017\314\034*\201\361\243t\210\240a\321"
 347      0FCC1C2A 
 347      81F1A374 
 347      88A061D1 
 348 02b7 510B6448 		.ascii	"Q\013dH\003\362G\347\200\032\201\316\003\325\003]\000"
 348      03F247E7 
 348      801A81CE 
 348      03D5035D 
 348      00
 349 02c8 6A42FE34 		.ascii	"jB\3764\031H\306\364?*T\010\210L\343l\311\342\330A|"
 349      1948C6F4 
 349      3F2A5408 
 349      884CE36C 
 349      C9E2D841 
 350 02dd 7AFBCE74 		.ascii	"z\373\316to\344\033\340N\023\272\010\012\376ce\351F"
 350      6FE41BE0 
 350      4E13BA08 
 350      0AFE6365 
 350      E946
 351 02ef 256A8549 		.ascii	"%j\205I\307\304\324$\232\355\251y\365U\373O\360\021"
 351      C7C4D424 
 351      9AEDA979 
 351      F555FB4F 
 351      F011
 352 0301 9EA64BFF 		.ascii	"\236\246K\377\253\254\0129.c\314\366\326\255\177\303"
 352      ABAC0A39 
 352      2E63CCF6 
 352      D6AD7FC3 
ARM GAS  /tmp/ccmOgXkr.s 			page 28


 353 0311 67D87B42 		.ascii	"g\330{B\335\321\313\0364\217~K\330\222\222\254\235\036"
 353      DDD1CB1E 
 353      348F7E4B 
 353      D89292AC 
 353      9D1E
 354 0323 B88E8D0D 		.ascii	"\270\216\215\015\325<\024x:\026J\330\373\265\367\253"
 354      D53C1478 
 354      3A164AD8 
 354      FBB5F7AB 
 355 0333 BD70131B 		.ascii	"\275p\023\033;\260\245l\202\035+\261\204}T\3774\325"
 355      3BB0A56C 
 355      821D2BB1 
 355      847D54FF 
 355      34D5
 356 0345 0377B0B1 		.ascii	"\003w\260\261\212\332\362',\211S\011\257\264\344\215"
 356      8ADAF227 
 356      2C895309 
 356      AFB4E48D 
 357 0355 F7CB902F 		.ascii	"\367\313\220/KN\027\377\213\301\377\3034\322\327l\316"
 357      4B4E17FF 
 357      8BC1FFC3 
 357      34D2D76C 
 357      CE
 358 0366 DF02E77B 		.ascii	"\337\002\347{\300\321\233@\327\201\276\002\272\001\324"
 358      C0D19B40 
 358      D781BE02 
 358      BA01D4
 359 0375 6B73DC42 		.ascii	"ks\334B\034/*^)\300\232\022\337\333\300w2\327\021I\227"
 359      1C2F2A5E 
 359      29C09A12 
 359      DFDBC077 
 359      32D71149 
 360 038a 04142CA7 		.ascii	"\004\024,\247\177i\003vH\201\235\310\025\331lGvK\221"
 360      7F690376 
 360      48819DC8 
 360      15D96C47 
 360      764B91
 361 039d 9725C812 		.ascii	"\227%\310\022;\262]\212\254s\315S\301\322f\207^\221"
 361      3BB25D8A 
 361      AC73CD53 
 361      C1D26687 
 361      5E91
 362 03af 42AF4AA1 		.ascii	"B\257J\241\325vh\227\024z\311\011J\027~_1\311\262kn"
 362      D5766897 
 362      147AC909 
 362      4A177E5F 
 362      31C9B26B 
 363 03c4 B20CE58E 		.ascii	"\262\014\345\216\225\234\362\300W\351B\360\015[Z\253"
 363      959CF2C0 
 363      57E942F0 
 363      0D5B5AAB 
 364 03d4 359294B3 		.ascii	"5\222\224\263\207\034\365C\244\3374\352T\353\013H\267"
 364      871CF543 
 364      A4DF34EA 
 364      54EB0B48 
 364      B7
 365 03e5 3E98705B 		.ascii	">\230p[L\267k\316\351Vq(\001\371\332TY\246S\305\275"
ARM GAS  /tmp/ccmOgXkr.s 			page 29


 365      4CB76BCE 
 365      E9567128 
 365      01F9DA54 
 365      59A653C5 
 366 03fa 560F8879 		.ascii	"V\017\210y62\266[\243\336,\036\324h\300i\313rh\020\251"
 366      3632B65B 
 366      A3DE2C1E 
 366      D468C069 
 366      CB726810 
 367 040f 6DC891B3 		.ascii	"m\310\221\263\345\333\3442\236\365\241\277\322\362\226"
 367      E5DBE432 
 367      9EF5A1BF 
 367      D2F296
 368 041e D2F2EA9C 		.ascii	"\322\362\352\234\367[;\250\021\211\302\014\031\012\235"
 368      F75B3BA8 
 368      1189C20C 
 368      190A9D
 369 042d ED34F71B 		.ascii	"\3554\367\033\364\026\374~\215dL\300`QO\225\007\356"
 369      F416FC7E 
 369      8D644CC0 
 369      60514F95 
 369      07EE
 370 043f 6349FBE4 		.ascii	"cI\373\344\345\316\007^~\373\005\313\211\307\267\322"
 370      E5CE075E 
 370      7EFB05CB 
 370      89C7B7D2 
 371 044f 46E6EF11 		.ascii	"F\346\357\021,\033\205I\253\025\321Y\350\216\303g\216"
 371      2C1B8549 
 371      AB15D159 
 371      E88EC367 
 371      8E
 372 0460 BC5363D1 		.ascii	"\274Sc\321]\344\007\023\033\232s{\345\2542\362D\320"
 372      5DE40713 
 372      1B9A737B 
 372      E5AC32F2 
 372      44D0
 373 0472 CDCED201 		.ascii	"\315\316\322\001\015\315\376\367\010\273\363\360\275"
 373      0DCDFEF7 
 373      08BBF3F0 
 373      BD
 374 047f 485C8011 		.ascii	"H\\\200\021\333%\371\033TP\203\022\337\254\006\301\214"
 374      DB25F91B 
 374      54508312 
 374      DFAC06C1 
 374      8C
 375 0490 C9DEE424 		.ascii	"\311\336\344$5.c\3233\312sr\224\3704c\236g\025\024\310"
 375      352E63D3 
 375      33CA7372 
 375      94F83463 
 375      9E671514 
 376 04a5 702D63AA 		.ascii	"p-c\252r\213G\225\270\2111\265-\011\355*\334\316\230"
 376      728B4795 
 376      B88931B5 
 376      2D09ED2A 
 376      DCCE98
 377 04b8 DEECDC42 		.ascii	"\336\354\334B\015\276\304\230\216\311\254'\220\034\330"
 377      0DBEC498 
ARM GAS  /tmp/ccmOgXkr.s 			page 30


 377      8EC9AC27 
 377      901CD8
 378 04c7 A5D46858 		.ascii	"\245\324hX\251\311\351\2713\206\251\331\324\213\035"
 378      A9C9E9B9 
 378      3386A9D9 
 378      D48B1D
 379 04d6 AD7B33E5 		.ascii	"\255{3\345\270\207A\263\006\262/\313p?v)\343~\254\214"
 379      B88741B3 
 379      06B22FCB 
 379      703F7629 
 379      E37EAC8C 
 380 04ea EF1A7E5E 		.ascii	"\357\032~^\241\244\254\325\212I\322\345\335\352\032"
 380      A1A4ACD5 
 380      8A49D2E5 
 380      DDEA1A
 381 04f9 F07414F1 		.ascii	"\360t\024\361\223w\020\251\240\023p\374\216\213y\343"
 381      937710A9 
 381      A01370FC 
 381      8E8B79E3 
 382 0509 E75CC421 		.ascii	"\347\\\304!\034\362\"\210\305\023p\373;\022\213\347"
 382      1CF22288 
 382      C51370FB 
 382      3B128BE7 
 383 0519 100B3F5B 		.ascii	"\020\013?[,\236B\3473V\304\313\007G\322Tv\301\031\005"
 383      2C9E42E7 
 383      3356C4CB 
 383      0747D254 
 383      76C11905 
 384 052d D9B4347F 		.ascii	"\331\2644\177\017\202\307D\301\023\350\265\222_\270"
 384      0F82C744 
 384      C113E8B5 
 384      925FB8
 385 053c 958C4E8D 		.ascii	"\225\214N\215f\016\"<\314\374K\333>\326\302\343Q\312"
 385      660E223C 
 385      CCFC4BDB 
 385      3ED6C2E3 
 385      51CA
 386 054e C836D756 		.ascii	"\3106\327V\317D\376\276\376\266\212\232\362tyb\242\260"
 386      CF44FEBE 
 386      FEB68A9A 
 386      F2747962 
 386      A2B0
 387 0560 FD6DAAF6 		.ascii	"\375m\252\366%\250\265Bn:\244\317\225T\023\213\360A"
 387      25A8B542 
 387      6E3AA4CF 
 387      9554138B 
 387      F041
 388 0572 1CE7947E 		.ascii	"\034\347\224~V\333nK\340\003\320$d\275\300;\316\264"
 388      56DB6E4B 
 388      E003D024 
 388      64BDC03B 
 388      CEB4
 389 0584 8D961B29 		.ascii	"\215\226\033)\212\242\371T\356+\267r\237\210\333\277"
 389      8AA2F954 
 389      EE2BB772 
 389      9F88DBBF 
 390 0594 B3102909 		.ascii	"\263\020)\011b\352\356o}\320\370H\201\307\231\355\351"
ARM GAS  /tmp/ccmOgXkr.s 			page 31


 390      62EAEE6F 
 390      7DD0F848 
 390      81C799ED 
 390      E9
 391 05a5 E3A77AC9 		.ascii	"\343\247z\311\235`&5\276\277\243\260C-\330*\341\267"
 391      9D602635 
 391      BEBFA3B0 
 391      432DD82A 
 391      E1B7
 392 05b7 A0E2737E 		.ascii	"\240\342s~\3464e[\350\2779$\257\333\310\254\330\310"
 392      E634655B 
 392      E8BF3924 
 392      AFDBC8AC 
 392      D8C8
 393 05c9 4F0BCDB6 		.ascii	"O\013\315\266m3\262\327E/\011\230x\231\014^&\362\376"
 393      6D33B2D7 
 393      452F0998 
 393      78990C5E 
 393      26F2FE
 394 05dc 2889773A 		.ascii	"(\211w:C\332S<\340\344\002\310T\333\3632G\323|f\202"
 394      43DA533C 
 394      E0E402C8 
 394      54DBF332 
 394      47D37C66 
 395 05f1 CC846965 		.ascii	"\314\204ier.\002a\316\266\353y\223*\374\214-\\\351\371"
 395      722E0261 
 395      CEB6EB79 
 395      932AFC8C 
 395      2D5CE9F9 
 396 0605 9A442FFC 		.ascii	"\232D/\374\2221\302d\363+o\234 C\316Wb5\273\022\357"
 396      9231C264 
 396      F32B6F9C 
 396      2043CE57 
 396      6235BB12 
 397 061a BB75F9A1 		.ascii	"\273u\371\2417Nfc\3455\251\333T8\2151E\203\035\331\336"
 397      374E6663 
 397      E535A9DB 
 397      54388D31 
 397      45831DD9 
 398 062f 14381758 		.ascii	"\0248\027X\357\274\274\361\007\012{\341\232Z\275\206"
 398      EFBCBCF1 
 398      070A7BE1 
 398      9A5ABD86 
 399 063f C0BE7BD4 		.ascii	"\300\276{\324\276L\236\255\354^\360y;\230\230\003\264"
 399      BE4C9EAD 
 399      EC5EF079 
 399      3B989803 
 399      B4
 400 0650 03280B68 		.ascii	"\003(\013h+\3206\240=@\331@;\201v\001\355v\254~Rb\177"
 400      2BD036A0 
 400      3D40D940 
 400      3B817601 
 400      ED76AC7E 
 401 0667 AB6D711E 		.ascii	"\253mq\036\300\342\214\300\342\020\201\323\334\224\222"
 401      C0E28CC0 
 401      E21081D3 
 401      DC9492
ARM GAS  /tmp/ccmOgXkr.s 			page 32


 402 0676 122D17E9 		.ascii	"\022-\027\351\355\207`G\245X\227\253\032@\277r@7\361"
 402      ED876047 
 402      A55897AB 
 402      1A40BF72 
 402      4037F1
 403 0689 12689D54 		.ascii	"\022h\235Tl\233\003\373\330\275X'l\255\003;,\305\316"
 403      6C9B03FB 
 403      D8BD5827 
 403      6CAD033B 
 403      2CC5CE
 404 069c 75B5A0C5 		.ascii	"u\265\240\305\201|\344\3361\021z\313\001\335,56\215"
 404      817CE4DE 
 404      31117ACB 
 404      01DD2C35 
 404      368D
 405 06ae 7785DE76 		.ascii	"w\205\336v@\323\335C\235l\355s`3\244\330-.b\023\372"
 405      40D3DD43 
 405      9D6CED73 
 405      6033A4D8 
 405      2D2E6213 
 406 06c3 7B0B0D75 		.ascii	"{\013\015uI\030\245@\276\245\272\217\227\303\204\376"
 406      4918A540 
 406      BEA5BA8F 
 406      97C384FE 
 407 06d3 66A7357B 		.ascii	"f\2475{\3506\010N%\373,\275\030\002d\352\305p\377\241"
 407      E836084E 
 407      25FB2CBD 
 407      180264EA 
 407      C570FFA1 
 408 06e7 B1612F14 		.ascii	"\261a/\024\340Kq\367\326*\321>\020t_<\323\310$\372\270"
 408      E04B71F7 
 408      D62AD13E 
 408      10745F3C 
 408      D3C824FA 
 409 06fc CB3DF405 		.ascii	"\313=\364\005\244\334\377\222~\220\365\023\255\311)"
 409      A4DCFF92 
 409      7E90F513 
 409      ADC929
 410 070b DE38936D 		.ascii	"\3368\223m\201\214\352\003O<]\352\357>\336\271\376\036"
 410      818CEA03 
 410      4F3C5DEA 
 410      EF3EDEB9 
 410      FE1E
 411 071d E0D536C3 		.ascii	"\340\3256\303\300\364\333\237\017\247\303\221\254\246"
 411      C0F4DB9F 
 411      0FA7C391 
 411      ACA6
 412 072b A617A769 		.ascii	"\246\027\247i\300\305\\\030\337\317;\214\00783~:\211"
 412      C0C55C18 
 412      DFCF3B8C 
 412      0738337E 
 412      3A89
 413 073d C802463B 		.ascii	"\310\002F;\013E\331\335m\345^8\207\232\303\037;\335"
 413      0B45D9DD 
 413      6DE55E38 
 413      879AC31F 
 413      3BDD
ARM GAS  /tmp/ccmOgXkr.s 			page 33


 414 074f 37AAB41D 		.ascii	"7\252\264\035\372\375\326\026\025h\310\347U(O\324P\211"
 414      FAFDD616 
 414      1568C8E7 
 414      55284FD4 
 414      5089
 415 0761 5EFB4578 		.ascii	"^\373Ex\220w[XO\324\327\317\302\205LGr\356\313bo\233"
 415      90775B58 
 415      4FD4D7CF 
 415      C2854C47 
 415      72EECB62 
 416 0777 0E4BBA17 		.ascii	"\016K\272\027B\205\240\241\340\2155\034r\257\341\312"
 416      4285A0A1 
 416      E08D351C 
 416      72AFE1CA 
 417 0787 95170D98 		.ascii	"\225\027\015\230^O\2108v=\311\314\0349\353A\373\210"
 417      5E4F8838 
 417      763DC9CC 
 417      1C39EB41 
 417      FB88
 418 0799 13453CED 		.ascii	"\023E<\355\034\270\235\266\237\335cH\354\212Y\347\213"
 418      1CB89DB6 
 418      9FDD6348 
 418      EC8A59E7 
 418      8B
 419 07aa 93FBBA54 		.ascii	"\223\373\272T\323^d\216\360\344\"s\230\267]d:\317U\357"
 419      D35E648E 
 419      F0E42273 
 419      98B75D64 
 419      3ACF55EF 
 420 07be F0C127D8 		.ascii	"\360\301'\330\002\226\025u\036\364\266]d\206\217/p\272"
 420      02961575 
 420      1EF4B65D 
 420      64868F2F 
 420      70BA
 421 07d0 C8C02C54 		.ascii	"\310\300,T\302\213\027\031xg\027\231\243<\271\310\264"
 421      C28B1719 
 421      78671799 
 421      A33CB9C8 
 421      B4
 422 07e1 EDC9CF67 		.ascii	"\355\311\317g\027\002\013)\344\310z\262g\200\3755\260"
 422      17020B29 
 422      E4C87AB2 
 422      6780FD35 
 422      B0
 423 07f2 885E103A 		.ascii	"\210^\020:z6\311q#S\262\261\353\341\327>\270\2331B\346"
 423      7A36C971 
 423      2353B2B1 
 423      EBE1D73E 
 423      B89B3142 
 424 0807 5012C657 		.ascii	"P\022\306W\031\263);qH\211o2\346rQV\252\022\337f\314"
 424      19B3293B 
 424      7148896F 
 424      32E67251 
 424      56AA12DF 
 425 081d 44C75025 		.ascii	"D\307P%\306C\214\251\314\034: \303\217\031s\241'\371"
 425      C6438CA9 
 425      CC1C3A20 
ARM GAS  /tmp/ccmOgXkr.s 			page 34


 425      C38F1973 
 425      A127F9
 426 0830 BE023F63 		.ascii	"\276\002?c\314\215\302\224mJle\314\326\202\355\311<"
 426      CC8DC294 
 426      6D4A6C65 
 426      CCD682ED 
 426      C93C
 427 0842 4E91B38B 		.ascii	"N\221\263\213McG\236'Ng\314\370x&\224\246,\306\264\344"
 427      4D63479E 
 427      274E67CC 
 427      F8782694 
 427      A62CC6B4 
 428 0857 EF9DD0E0 		.ascii	"\357\235\320\340\335\214y:\324Y\207\360~\306\364=\353"
 428      DD8C793A 
 428      D45987F0 
 428      7EC6F43D 
 428      EB
 429 0868 AB67DF37 		.ascii	"\253g\3377\363\201\365\231\030\376\246\333\323\376\235"
 429      F381F599 
 429      18FEA6DB 
 429      D3FE9D
 430 0877 EC4F4FF6 		.ascii	"\354OO\366\000\177\262\233\037\267U\216\375\241\270"
 430      007FB29B 
 430      1FB7558E 
 430      FDA1B8
 431 0886 4C20BB9F 		.ascii	"L \273\237l\350R\210S\323kN\265\311\343\3663\245\314"
 431      6CE85288 
 431      53D36B4E 
 431      B5C9E3F6 
 431      33A5CC
 432 0899 2DD2E9F8 		.ascii	"-\322\351\370\331]\032i\227Z-\305n\221\236U\233E\360"
 432      D95D1A69 
 432      975A2DC5 
 432      6E919E55 
 432      9B45F0
 433 08ac 492978CA 		.ascii	"I)x\312!\274E\004\177)\005O9\005SEp\205\024<\245\302"
 433      21BC4504 
 433      7F29054F 
 433      39055345 
 433      7085143C 
 434 08c2 6C12C195 		.ascii	"l\022\301\225\356\315\020C\221!b\317\270\267b\312\027"
 434      EECD1043 
 434      912162CF 
 434      B8B762CA 
 434      17
 435 08d3 F6317E0E 		.ascii	"\3661~\016:N\207\232lGW\033l\242Z8\226\352\200\232\201"
 435      3A4E879A 
 435      6C47571B 
 435      6CA25A38 
 435      96EA809A 
 436 08e8 CE035D00 		.ascii	"\316\003]\000\252\007j\007j\005j\004j\000j\001:\007"
 436      AA076A07 
 436      6A056A04 
 436      6A006A01 
 436      3A07
 437 08fa 74D1A982 		.ascii	"t\321\251\202Z\254\216\005)w\357\235hp\246hp\225\373"
 437      5AAC8E05 
ARM GAS  /tmp/ccmOgXkr.s 			page 35


 437      2977EF9D 
 437      6870A668 
 437      7095FB
 438 090d 0511B1E9 		.ascii	"\005\021\261\351\"\366\264\024;\245\200\356\021\301"
 438      22F6B414 
 438      3BA580EE 
 438      11C1
 439 091b 67A5E01A 		.ascii	"g\245\340\032Q0=\313\276?N\012B\323\224\202@KKZi>\202"
 439      51303DCB 
 439      BE3F4E0A 
 439      42D39482 
 439      404B4B5A 
 440 0932 8D5B8FA8 		.ascii	"\215[\217\250\254S\356\025SY\344\302}\263\341\024\226"
 440      AC53EE15 
 440      5359E4C2 
 440      7DB3E114 
 440      96
 441 0943 7CE5D903 		.ascii	"|\345\331\003\214:!\256\377\217\030S\233sJ\325`s\007"
 441      8C3A21AE 
 441      FF8F1853 
 441      9B734AD5 
 441      607307
 442 0956 883B219E 		.ascii	"\210;!\236\216M\274\370\015h\315\355\376\213K\355\350"
 442      8E4DBCF8 
 442      0D68CDED 
 442      FE8B4BED 
 442      E8
 443 0967 70A91D5D 		.ascii	"p\251\035]\254\030\220\026\300G\373j\257a\227\017Fw"
 443      AC189016 
 443      C047FB6A 
 443      AF61970F 
 443      4677
 444 0979 7F87703F 		.ascii	"\177\207p?\370_\0109\315K\257=\342]\024_rQ\334mS\334"
 444      F85F0839 
 444      CD4BAF3D 
 444      E25D145F 
 444      7251DC6D 
 445 098f 4D1577D7 		.ascii	"M\025w\327%5k\334*\346\336\\+\272\314\373\202\254\275"
 445      25356BDC 
 445      2AE6DE5C 
 445      2BBACCFB 
 445      82ACBD
 446 09a2 96AE5D6A 		.ascii	"\226\256]j\225\2550\244\376\3607\035\272\302\253\310"
 446      95AD30A4 
 446      FEF0371D 
 446      BAC2ABC8 
 447 09b2 2137D25A 		.ascii	"!7\322Z\343C\317|0\311V\034\356?\025\324\264\213T\303"
 447      E343CF7C 
 447      30C9561C 
 447      EE3F15D4 
 447      B48B54C3 
 448 09c6 ABAC0C94 		.ascii	"\253\254\014\224~q\264\334s\3322\320C\313\3005{\031"
 448      7E71B4DC 
 448      73DA32D0 
 448      43CBC035 
 448      7B19
 449 09d8 38DB307E 		.ascii	"8\3330~\311\033\367\261\203\257\351\273+\337\360P\006"
ARM GAS  /tmp/ccmOgXkr.s 			page 36


 449      C91BF7B1 
 449      83AFE9BB 
 449      2BDFF050 
 449      06
 450 09e9 EAA00C1C 		.ascii	"\352\240\014\034\351\3238\312\000Of\241\353Ne\340\272"
 450      E9D338CA 
 450      004F66A1 
 450      EB4E65E0 
 450      BA
 451 09fa BD0CDCE0 		.ascii	"\275\014\334\340\3758\305\207+?\366\013\346~\024o\216"
 451      FD38C587 
 451      2B3FF60B 
 451      E67E146F 
 451      8E
 452 0a0b 5E18A85F 		.ascii	"^\030\250_\033k4\351\343\015\346\365\261z\263r\2751"
 452      1B6B34E9 
 452      E30DE6F5 
 452      B17AB372 
 452      BD31
 453 0a1d C60C7D66 		.ascii	"\306\014}f\225^o\177]\255\215\322\206\307E\007j\327"
 453      955E6F7F 
 453      5DAD8DD2 
 453      86C74507 
 453      6AD7
 454 0a2f 4644CC83 		.ascii	"FD\314\203\227y1\246\030\303<C\370g\306y\213\364\277"
 454      977931A6 
 454      18C33C43 
 454      F867C679 
 454      8BF4BF
 455 0a42 9B17387F 		.ascii	"\233\0278\177\301\242\177,\322\272\014h\2151\021Q\353"
 455      C1A27F2C 
 455      D2BA0C68 
 455      8D311151 
 455      EB
 456 0a53 230DDAE8 		.ascii	"#\015\332\350\360\210u\306\030\203V\037iX\023\276>\312"
 456      F08875C6 
 456      1883561F 
 456      695813BE 
 456      3ECA
 457 0a65 AC37FF2B 		.ascii	"\2547\377+\326\020\377\376:.\344\177\020\032o\216\004"
 457      D610FFFE 
 457      3A2EE47F 
 457      101A6F8E 
 457      04
 458 0a76 D340883C 		.ascii	"\323@\210<\332\024i\210S\230\210\3208\017S|\254\301"
 458      DA146988 
 458      539888D0 
 458      380F537C 
 458      ACC1
 459 0a88 1019278F 		.ascii	"\020\031'\217]\037\033\031\207M\221q\262\3605qQ\344"
 459      5D1F1B19 
 459      874D9171 
 459      B2F03571 
 459      51E4
 460 0a9a 67DD6FDE 		.ascii	"g\335o\336\177_\033\274\316\370\231qU\230\326\024\257"
 460      7F5F1BBC 
 460      CEF89971 
ARM GAS  /tmp/ccmOgXkr.s 			page 37


 460      5598D614 
 460      AF
 461 0aab 5D171EA5 		.ascii	"]\027\036\245\2155\305\231\343\265a\253?Z\030\250]\261"
 461      8D35C599 
 461      E3B561AB 
 461      3F5A18A8 
 461      5DB1
 462 0abd 2244FB61 		.ascii	"\"D\373a\350\362U\377\014$C\372X\240\250\250HP\240\010"
 462      E8F255FF 
 462      0C2443FA 
 462      58A0A8A8 
 462      4850A008 
 463 0ad1 5D1C126E 		.ascii	"]\034\022n\016W\204\006\261&\2305!\254Y\302\232\245"
 463      0E578406 
 463      B1269835 
 463      21AC59C2 
 463      9AA5
 464 0ae3 A4F10C5D 		.ascii	"\244\361\014]\274\"\330\024\263\306\270\326\333>_o\214"
 464      BC22D814 
 464      B3C6B8D6 
 464      DB3E5F6F 
 464      8C
 465 0af4 319AFF3B 		.ascii	"1\232\377;\315\021\234\332im\314\362\217V\205,\321)"
 465      CD119CDA 
 465      696DCCF2 
 465      8F56852C 
 465      D129
 466 0b06 56ADFE34 		.ascii	"V\255\3764t\211\316cUX\350\222%!:y\350\307\241!:\274"
 466      7489CE63 
 466      5558E892 
 466      25213A79 
 466      E8C7A121 
 467 0b1c 1C685588 		.ascii	"\034hU\210\016}B\227n\301\257\035KG^1,\253<\"\312\020"
 467      0E7D4297 
 467      6EC1AF1D 
 467      4B475E31 
 467      2CAB3C22 
 468 0b32 1E8796C9 		.ascii	"\036\207\226\311\202\302t:\331\212\340?\351d\213\227"
 468      82C2743A 
 468      D98AE03F 
 468      E9648B97 
 469 0b42 EA56909F 		.ascii	"\352V\220\237e8H\247S\031M\304\"c\244\336\254f\257\321"
 469      653848A7 
 469      53194DC4 
 469      2263A4DE 
 469      AC66AFD1 
 470 0b56 E1F17F87 		.ascii	"\341\361\177\207T0\232Hx\365\346Y\016\207@\332\3328"
 470      54309A48 
 470      78F5E659 
 470      0E8740DA 
 470      DA38
 471 0b68 D3FA58D2 		.ascii	"\323\372X\322\357\245\013\016\326\257\206\300\207\030"
 471      EFA50B0E 
 471      D6AF86C0 
 471      8718
 472 0b76 D6F0C13A 		.ascii	"\326\360\301:Y\360\322\017u8x\271N\27184(P\027\266\232"
 472      59F0D20F 
ARM GAS  /tmp/ccmOgXkr.s 			page 38


 472      753878B9 
 472      4EB93834 
 472      285017B6 
 473 0b8b BE2C202F 		.ascii	"\276, /\212\305\313\202\226\254\324y\220\001[\273\000"
 473      8AC5CB82 
 473      96ACD479 
 473      90015BBB 
 473      00
 474 0b9c 5A595048 		.ascii	"ZYPH0\314\010\203\216eA\004''\"\002\351\357\302\337"
 474      30CC0883 
 474      8E654104 
 474      27272202 
 474      E9EFC2DF 
 475 0bb0 BB862DC2 		.ascii	"\273\206-\302\024\035m\212\321\0326\230\265\301\037"
 475      141D6D8A 
 475      D11A3698 
 475      B5C11F
 476 0bbf 852D0F83 		.ascii	"\205-\017\203\350\261\000.]\270a\203\226\206j\315\302"
 476      E8B1002E 
 476      5DB86183 
 476      96866ACD 
 476      C2
 477 0bd0 F90B3744 		.ascii	"\371\0137D\300\232)I\330I\334\376\015e\3310Q"
 477      C09A2949 
 477      D849DCFE 
 477      0D65D930 
 477      51
 478              		.text
 479              		.section	.gnu.lto_.symtab.e3148eae7291d678,"",%progbits
 480 0000 5F70616C 		.ascii	"_pal_lld_init\000\000\000\000\000\000\000\000\000\000"
 480      5F6C6C64 
 480      5F696E69 
 480      74000000 
 480      00000000 
 481 0017 0000E600 		.ascii	"\000\000\346\000\000\000_pal_lld_setgroupmode\000\000"
 481      00005F70 
 481      616C5F6C 
 481      6C645F73 
 481      65746772 
 482 0034 00000000 		.ascii	"\000\000\000\000\000\000\000\000\000\000-\001\000\000"
 482      00000000 
 482      00002D01 
 482      0000
 483              		.text
 484              		.section	.gnu.lto_.opts,"",%progbits
 485 0000 272D666E 		.ascii	"'-fno-trapv' '-mcpu=cortex-m4' '-mno-thumb-interwor"
 485      6F2D7472 
 485      61707627 
 485      20272D6D 
 485      6370753D 
 486 0033 6B272027 		.ascii	"k' '-mthumb' '-ggdb' '-O2' '-fomit-frame-pointer' '"
 486      2D6D7468 
 486      756D6227 
 486      20272D67 
 486      67646227 
 487 0066 2D66616C 		.ascii	"-falign-functions=16' '-ffunction-sections' '-fdata"
 487      69676E2D 
ARM GAS  /tmp/ccmOgXkr.s 			page 39


 487      66756E63 
 487      74696F6E 
 487      733D3136 
 488 0099 2D736563 		.ascii	"-sections' '-fno-common' '-flto'\000"
 488      74696F6E 
 488      73272027 
 488      2D666E6F 
 488      2D636F6D 
 489              		.text
 490              		.comm	__gnu_lto_v1,1,1
 491              		.comm	__gnu_lto_slim,1,1
 492              		.ident	"GCC: (GNU Tools for ARM Embedded Processors) 4.9.3 20141119 (release) [ARM/embedded-4_9-br
ARM GAS  /tmp/ccmOgXkr.s 			page 40


DEFINED SYMBOLS
                            *ABS*:00000000 hal_pal_lld.c
                            *COM*:00000001 __gnu_lto_v1
                            *COM*:00000001 __gnu_lto_slim

NO UNDEFINED SYMBOLS
