ARM GAS  /tmp/ccv257N4.s 			page 1


   1              		.syntax unified
   2              		.cpu cortex-m4
   3              		.fpu softvfp
   4              		.eabi_attribute 20, 1
   5              		.eabi_attribute 21, 1
   6              		.eabi_attribute 23, 3
   7              		.eabi_attribute 24, 1
   8              		.eabi_attribute 25, 1
   9              		.eabi_attribute 26, 1
  10              		.eabi_attribute 30, 2
  11              		.eabi_attribute 34, 1
  12              		.eabi_attribute 18, 4
  13              		.thumb
  14              		.file	"hal_pal.c"
  15              		.text
  16              	.Ltext0:
  17              		.section	.gnu.lto_.profile.874381891e8335f5,"",%progbits
  18 0000 789C6366 		.ascii	"x\234cf```a\200\000F\006\015\031\000\000\340\000M"
  18      60606061 
  18      80004606 
  18      0D190000 
  18      E0004D
  19              		.text
  20              		.section	.gnu.lto_.jmpfuncs.874381891e8335f5,"",%progbits
  21 0000 789C6366 		.ascii	"x\234cf\300\016\344\24143\003##c=#\023##s}=\023\230"
  21      C00EE4A1 
  21      34330323 
  21      23633D23 
  21      13232373 
  22 0018 6264064B 		.ascii	"bd\006K\2243\002I\0000\362\002\265"
  22      94330249 
  22      0030F202 
  22      B5
  23              		.text
  24              		.section	.gnu.lto_.inline.874381891e8335f5,"",%progbits
  25 0000 789C6366 		.ascii	"x\234cf\300\016\336Bif\006\006N\016Ff\006F\020\013H"
  25      C00EDE42 
  25      69660606 
  25      4E0E4666 
  25      0646100B 
  26 0015 38800805 		.ascii	"8\200\010\005\016\266\017z\014l\013\344\231\030\030"
  26      0EB60F7A 
  26      0C6C0BE4 
  26      991818
  27 0024 5FB0B340 		.ascii	"_\260\263@H\020\301\001fr\200\010\0010S\000d\006#\003"
  27      4810C101 
  27      66728008 
  27      01305300 
  27      64062303 
  28 0038 1F2F230B 		.ascii	"\037/#\013\330\010FF0\237Y\001l\0267\323\005~\014c\200"
  28      D8084646 
  28      309F5901 
  28      6C1637D3 
  28      057E0C63 
  29 004d 622806B0 		.ascii	"b(\006\260,\220\227\000\261\024\230\030\230w\210+0\000"
  29      2C909700 
  29      B1149818 
ARM GAS  /tmp/ccv257N4.s 			page 2


  29      9877882B 
  29      3000
  30 005f ADB60099 		.ascii	"\255\266\000\231\312\304\300-\214\3440\210\211\234@"
  30      CAC4C02D 
  30      8CE43088 
  30      899C40
  31 006e 09E2DC05 		.ascii	"\011\342\334\005\264F\002d\014\013/\320\223\023\374"
  31      B4460264 
  31      0C0B2FD0 
  31      9313FC
  32 007d 40900100 		.ascii	"@\220\001\000\311\250\037}"
  32      C9A81F7D 
  33              		.text
  34              		.section	.gnu.lto_.pureconst.874381891e8335f5,"",%progbits
  35 0000 789C6366 		.ascii	"x\234cf```g\200\000f\006)F)&I\000\001\273\000^"
  35      60606067 
  35      80006606 
  35      29462926 
  35      490001BB 
  36              		.text
  37              		.section	.gnu.lto_palReadBus.874381891e8335f5,"",%progbits
  38 0000 789C8D90 		.ascii	"x\234\215\220MK[Q\020\206\347=\347\346~\230\226J\227"
  38      4D4B5B51 
  38      1086E73D 
  38      E7E67E98 
  38      964A97
  39 0013 E24290E8 		.ascii	"\342B\220\350\242$\371\013\205\376\200.\374\001\022"
  39      A224F90B 
  39      85FE802E 
  39      FC0112
  40 0022 DD28088A 		.ascii	"\335(\010\212A\350\316k\014\335t#\326\205b\305\026\321"
  40      41E8CE6B 
  40      0CDD7423 
  40      D68562C5 
  40      16D1
  41 0034 B67EC78F 		.ascii	"\266~\307\217\200\256\304\205da\025\021\014q\021\027"
  41      80AEC485 
  41      64611511 
  41      0C711117 
  42 0044 4DA1850A 		.ascii	"M\241\205\012\246\015\304\273\2208s\257\205P7\271p\316"
  42      A60DC4BB 
  42      903873AF 
  42      855037B9 
  42      70CE
  43 0056 DC3967E6 		.ascii	"\3349g\346y\3379\232\036\177-\274\022\212\250\203#4"
  43      79DF399A 
  43      1E7F2DBC 
  43      128AA883 
  43      2334
  44 0068 414D9C10 		.ascii	"AM\234\020\215\331\012\220\037\002\215*\214\342\227"
  44      8DD90A90 
  44      1F028D2A 
  44      8CE297
  45 0077 2A2BECAD 		.ascii	"*+\354\255W\276\205\177*OQ\033q\272?\231\2336%\205!"
  45      57BE857F 
  45      2A4F511B 
  45      71BA3F99 
ARM GAS  /tmp/ccv257N4.s 			page 3


  45      9B362585 
  46 008c 69FE623A 		.ascii	"i\376b:\357t.\272n\352f2\363ff\352#\337(\372\253\010"
  46      EF742EBA 
  46      6EEA6632 
  46      F36666EA 
  46      23DF28FA 
  47 00a2 9FD1822F 		.ascii	"\237\321\202/\020!|E'\227\336\214\025J\226n\207\264"
  47      10217C45 
  47      2797DE8C 
  47      154A966E 
  47      87B4
  48 00b4 5D140AE7 		.ascii	"]\024\012\347fd\201\333\016r[\356K\303S\032\313\320"
  48      666481DB 
  48      0E725BEE 
  48      4BC3531A 
  48      CBD0
  49 00c6 F57D7C44 		.ascii	"\365}|DXAD\312\313\351\273|\330L\273\256\333|\307\256"
  49      584144CA 
  49      CBE9BB7C 
  49      D84CBBAE 
  49      DB7CC7AE 
  50 00da B98CA9AB 		.ascii	"\271\214\251\2530\301q\343\371\201[\253}_\372\2351\232"
  50      30C171E3 
  50      F9815BAB 
  50      7D5FFA9D 
  50      319A
  51 00ec D83F7768 		.ascii	"\330?wh\3565\014\336B!\336L\2237\313\222\324\226\315"
  51      EE350CDE 
  51      4221DE4C 
  51      9337CB92 
  51      D496CD
  52 00ff 21714825 		.ascii	"!qH%^2\353\017N8\352K\244\262\345\243OZ\260U\245Y\364"
  52      5E32EB0F 
  52      4E38EA4B 
  52      A4B2E5A3 
  52      4F5AB055 
  53 0116 AA747A66 		.ascii	"\252tzf\313\244\232\304\303\356\355\374\365\3239\314"
  53      CBA49AC4 
  53      C3EEEDFC 
  53      F5D339CC 
  54 0126 C2537655 		.ascii	"\302SvU)\254\311l|\376\241\362\276\360,\372\302S\016"
  54      29ACC96C 
  54      7CFEA1F2 
  54      BEF02CFA 
  54      C2530E
  55 0139 D631873F 		.ascii	"\3261\207?\342\215\260\201(]\3420\213\200g\324\363\234"
  55      E28DB081 
  55      285DE230 
  55      8B8067D4 
  55      F39C
  56 014b FF794D2C 		.ascii	"\377yM,\210\315\007^\351\370]\326\216\256\270i\276\010"
  56      88CD075E 
  56      E9F85DD6 
  56      8EAEB869 
  56      BE08
  57 015d 23E32365 		.ascii	"#\343#eNl\371\310\324?d\250\021OO\260\355\003\374\007"
  57      4E6CF9C8 
ARM GAS  /tmp/ccv257N4.s 			page 4


  57      D43F64A8 
  57      114F4FB0 
  57      ED03FC07 
  58 0171 DB090045 		.ascii	"\333\011\000E+\000\010\203\363\361\242\031\344\026\333"
  58      2B000883 
  58      F3F1A219 
  58      E416DB
  59 0180 E4D37A0D 		.ascii	"\344\323z\015\273\021\015.\3615\264hd}\215\361\333\267"
  59      BB110D2E 
  59      F135B468 
  59      647D8DF1 
  59      DBB7
  60 0192 AD01C1F1 		.ascii	"\255\001\301\361\2716\025\361\200\344\341\371\355!o"
  60      B93615F1 
  60      80E4E1F9 
  60      ED216F
  61 01a1 CEA6DA62 		.ascii	"\316\246\332b\261\370\253\276\376\236\376\327]\361\301"
  61      B1F8ABBE 
  61      FE9EFED7 
  61      5DF1C1
  62 01b0 64BC2F31 		.ascii	"d\274/1\020O\016\367J\354\036J\014\304zI\367\214$\357"
  62      104F0EF7 
  62      4AEC1E4A 
  62      0CC47A49 
  62      F78C24EF 
  63 01c4 01E1E9D6 		.ascii	"\001\341\351\326\235"
  63      9D
  64              		.text
  65              		.section	.gnu.lto_palWriteBus.874381891e8335f5,"",%progbits
  66 0000 789C8D52 		.ascii	"x\234\215R\317k\023Q\020~\337{\233\335$\233M\253\247"
  66      CF6B1351 
  66      107EDF7B 
  66      9BDD249B 
  66      4DABA7
  67 0013 92534142 		.ascii	"\222SAB\016%\011\376\007\242\320\253\007\377\000izi"
  67      0E2509FE 
  67      07A2D0AB 
  67      07FF0069 
  67      7A69
  68 0025 A0A0183D 		.ascii	"\240\240\030=wS\343\311K\211\227\222Z\004E\264F[[\333"
  68      7753E3C9 
  68      4B899792 
  68      5A0445B4 
  68      465B5BDB 
  69 0039 C4140FC1 		.ascii	"\304\024\017\301\223\340\217R\005%*-h\004=\010\375\021"
  69      93E08F52 
  69      05252A2D 
  69      68043D08 
  69      FD11
  70 004b 48229638 		.ascii	"H\"\2268\363v\013\241^\032\310\2747\363\346\373f\276"
  70      F3760BA1 
  70      5E1AC8BC 
  70      37F3E6FB 
  70      66BE
  71 005d 9955E2FF 		.ascii	"\231U\342\377_\214\376\243J\210\021:\241\004\344\314"
  71      5F8CFEA3 
  71      4A88113A 
ARM GAS  /tmp/ccv257N4.s 			page 5


  71      A104E4CC 
  72 006d 3B21F241 		.ascii	";!\362A\011\360E@LIL\341\227\334\225\230\251\227g\355"
  72      09F04540 
  72      4C494CE1 
  72      97DC9598 
  72      A99767ED 
  73 0081 C47DD775 		.ascii	"\304}\327uw\356V\207n\014u\245\020\373\322\243\301\003"
  73      77EE5687 
  73      6E0C75A5 
  73      10FBD2A3 
  73      C103
  74 0093 24286527 		.ascii	"$(e'\337hZ\352\024\004\335k\213\255\267\366O\331\225"
  74      DF685AEA 
  74      1404DD6B 
  74      8BADB7F6 
  74      4FD995
  75 00a6 186677BD 		.ascii	"\030fw\275\370j\326dW\032\354~l4>\230\361{\256;]\257"
  75      F86AD664 
  75      571AEC7E 
  75      6C343E98 
  75      F17BAE3B 
  76 00bc ADB8678C 		.ascii	"\255\270g\214\256Tx\010E|X@\014\217\020\023\024\022"
  76      AE547808 
  76      457C5840 
  76      0C8F1013 
  76      1412
  77 00ce 28234ED9 		.ascii	"(#N\331K\225\315\222\243\022\232\367\305\\\351\254\007"
  77      4B95CD92 
  77      A3129AF7 
  77      C55CE9AC 
  77      07
  78 00df FCE2010D 		.ascii	"\374\342\001\015<>\0124\004\236 \316\331\273\205\203"
  78      3C3E0A34 
  78      049E20CE 
  78      D9BB8583 
  79 00ef 4FB659A0 		.ascii	"O\266Y\240\246\007\017\016\373\305\"L\320\271t\262\356"
  79      A6070F0E 
  79      FBC5224C 
  79      D0B974B2 
  79      EE
  80 0100 F67ADF57 		.ascii	"\366z\337W\377V\215\023$\230J)\302\006\01408@W\323d"
  80      FF568D13 
  80      24984A29 
  80      C2060C30 
  80      384057D3 
  81 0115 63B10992 		.ascii	"c\261\011\222\261Bl\302d\2026\307\"l\034v\243|\033`"
  81      B1426CC2 
  81      648236C7 
  81      226C1C76 
  81      A37C1B60 
  82 0129 2344934A 		.ascii	"#D\223J\360\354~H\311\247\372\214\351\312\362\366i."
  82      F0EC7E48 
  82      C9A7FA8C 
  82      E9CAF2F6 
  82      692E
  83 013b DA968A5A 		.ascii	"\332\226\212Z\332nnl\006y\0224vr\327:w~;\363\230CW\206"
  83      DA6E6E6C 
ARM GAS  /tmp/ccv257N4.s 			page 6


  83      06791234 
  83      7672D73A 
  83      777E3BF3 
  84 0153 DA92B492 		.ascii	"\332\222\264\222\002\216\337n\335j\014$G\2722\214\247"
  84      028EDF6E 
  84      DD6A0C24 
  84      47BA328C 
  84      A7
  85 0164 98C79E9E 		.ascii	"\230\307\236\2364\226\221\024\304\370\307\364\370\002"
  85      34969114 
  85      C4F8C7F4 
  85      F802
  86 0172 6DD2CA15 		.ascii	"m\322\312\025\340\371\346q\010\015\254hB\236\001\236"
  86      E0F9E671 
  86      080DAC68 
  86      429E019E 
  87 0182 69C2EB1D 		.ascii	"i\302\353\035\237\320\322\234f?g\3608\2346V5\247\236"
  87      9FD0D29C 
  87      663F67F0 
  87      389C3656 
  87      35A79E
  88 0195 EF9AC759 		.ascii	"\357\232\307Y\3649C\036\307\353o\235\375\010\353\266"
  88      F439431E 
  88      C7EB6F9D 
  88      FD08EBB6 
  89 01a5 06052A44 		.ascii	"\006\005*D@5\266,/%LY\014\371\352Cl\335I\270\277\263"
  89      4035B62C 
  89      2F254C59 
  89      0CF9EA43 
  89      6CDD49B8 
  90 01bb 0849F53B 		.ascii	"\010I\365;;D9D\334\217\212\352,\207C-?4\240\271\242"
  90      3B443944 
  90      DC8F8AEA 
  90      2C87432D 
  90      3F34A0B9 
  91 01d0 147A59D4 		.ascii	"\024zY\324z\372\027\020>\272\000B+T}m\31577+\301d\331"
  91      7AFA1710 
  91      3EBA0042 
  91      2B547D6D 
  91      CD37372B 
  92 01e7 2DD08383 		.ascii	"-\320\203\203\347Z\036\255\214\237\336/l\224\"\376S"
  92      E75A1EAD 
  92      8C9FDE2F 
  92      6C9422FE 
  92      53
  93 01f8 143524F7 		.ascii	"\0245$\367h\015$|\035I*)\266\220\257\367F\271\032\357"
  93      680D247C 
  93      1D492A29 
  93      B690AFF7 
  93      46B91AEF 
  94 020c AC4983A6 		.ascii	"\254I\203\246\017\201&3\234J\245\317Md3\331\363\027"
  94      0F812633 
  94      9C4AA5CF 
  94      4D6433D9 
  94      F317
  95 021e D29772E9 		.ascii	"\322\227r\351\211\261\311t\356\3128\237\027/\217M\246"
  95      89B1C974 
ARM GAS  /tmp/ccv257N4.s 			page 7


  95      EECA389F 
  95      172F8F4D 
  95      A6
  96 022f C685CA5C 		.ascii	"\306\205\312\\\313\031\231\354\325\334?s\015\037\020"
  96      CB1999EC 
  96      D5DC3F73 
  96      0D1F10
  97              		.text
  98              		.section	.gnu.lto_palSetBusMode.874381891e8335f5,"",%progbits
  99 0000 789C8D90 		.ascii	"x\234\215\220\317K\224a\020\307\347;\317\273\357\373"
  99      CF4B9461 
  99      10C7E73B 
  99      CFBBEFFB 
 100 0010 B6DB5674 		.ascii	"\266\333Vt\222=\011\261\354A\334\245\377 \350\320\261"
 100      923D09B1 
 100      EC41DCA5 
 100      FF20E8D0 
 100      B1
 101 0021 43176FA2 		.ascii	"C\027o\242\026(\030FKG\361Y3\350\024f\027!\265\203\204"
 101      16281846 
 101      4B47F159 
 101      33E81466 
 101      1721B583 
 102 0036 A6B55B96 		.ascii	"\246\265[\226B\205\260\307.\025!\024o\230\035\332(\241"
 102      4285B0C7 
 102      2E152114 
 102      6F981DDA 
 102      28A1
 103 0048 C04DC95E 		.ascii	"\300M\311^b\261\231\347\245Cy\361\205w\346\231a\276"
 103      62B199E7 
 103      A54379F1 
 103      8577E699 
 103      61BE
 104 005a 9FF96168 		.ascii	"\237\371ah\377\227\223\277\213\211:\304\303\020x\374"
 104      FF9793BF 
 104      8B893AC4 
 104      C31078FC 
 105 006a 15512564 		.ascii	"\025Q%d@\037\004\032a\214`\223\233\214\361\372\342d"
 105      401F041A 
 105      618C6093 
 105      9B8CF1FA 
 105      E264
 106 007c A670D75A 		.ascii	"\246p\327Z\2735\261\332v\255-\026\3316'\030\314\241"
 106      BB35B1DA 
 106      76AD2D16 
 106      D9362718 
 106      CCA1
 107 008e 20255B95 		.ascii	" %[\225\250\021\230\023 y?\255\356\274\314|\345\230"
 107      A8119813 
 107      20793FAD 
 107      EEBCCC7C 
 107      E598
 108 00a0 D1AEE1B3 		.ascii	"\321\256\341\263\211\027\223\276\206\354i\3706\212\326"
 108      891793BE 
 108      86EC69F8 
 108      368AD6
 109 00af FCFCACB5 		.ascii	"\374\374\254\265\243\365\347K\366\224\027\263\301<\214"
ARM GAS  /tmp/ccv257N4.s 			page 8


 109      A3F5E74B 
 109      F69417B3 
 109      C13C8C
 110 00be F0700F39 		.ascii	"\360p\0179, G\222\",\"/\325_\342\315\271\254)8nk\341"
 110      2C204792 
 110      222C222F 
 110      D55FE2CD 
 110      B9AC2938 
 111 00d5 E6543A51 		.ascii	"\346T:QF\211\322\303\375\377\225\036\341\001\362Z\336"
 111      4689D2C3 
 111      FDFF951E 
 111      E101F25A 
 111      DE
 112 00e6 1C6BBDCB 		.ascii	"\034k\275\313\370c2\365\261\326\337\201Q\205\017\361"
 112      F86332F5 
 112      B1D6DF81 
 112      51850FF1 
 113 00f6 B5E375BB 		.ascii	"\265\343u\273\267\367\251\366m\325K\313\306\322\313"
 113      B7F7A9F6 
 113      6DD54BCB 
 113      C6D2CB
 114 0105 8836E589 		.ascii	"\2106\345\211\361Sb\002_L\030h\030\302\001\251!z\275"
 114      F1536202 
 114      5F4C1868 
 114      18C201A9 
 114      217ABD
 115 0118 CC6766F5 		.ascii	"\314gf\365\346=FW\232?O*q\227\215\364\373\330x\375&"
 115      E63D4657 
 115      9A3F4F2A 
 115      71978DF4 
 115      FBD878FD 
 116 012d D43D0D69 		.ascii	"\324=\015i\373\345_w\276g\247q\0331\037\332eFM\306\323"
 116      FBE55F77 
 116      BE67A771 
 116      1B311FDA 
 116      65464DC6 
 117 0142 FCD4CEAD 		.ascii	"\374\324\316\255\350hgG\314i<\3044~\270;\342\021:I\211"
 117      E8686747 
 117      CC693CC4 
 117      347EB83B 
 117      E2113A49 
 118 0157 4878DE41 		.ascii	"Hx\336A\000\031,9\200.\204\307\377\002R\007\001\034"
 118      00192C39 
 118      802E84C7 
 118      FF025207 
 118      011C
 119 0169 C6130770 		.ascii	"\306\023\007p\227YN\000\033A\002P\206\304W\327\375$"
 119      97594E00 
 119      1B410250 
 119      86C457D7 
 119      FD24
 120 017b 0E6428C9 		.ascii	"\016d(\311\322:\\B93k7\252<\374\333^\267a\314\331m\235"
 120      D23A5C42 
 120      39336B37 
 120      AA3CFCDB 
 120      5EB761CC 
 121 0192 032B1826 		.ascii	"\003+\030&9\207\253\227\354\021\332@\245\376\341\214"
ARM GAS  /tmp/ccv257N4.s 			page 9


 121      3987AB97 
 121      EC11DA40 
 121      A5FEE18C 
 122 01a2 93901E11 		.ascii	"\223\220\036\021z<i\330^,\226N\367\017\364\016\234="
 122      7A3C69D8 
 122      5E2C964E 
 122      F70FF40E 
 122      9C3D
 123 01b4 571A2A97 		.ascii	"W\032*\227\372{\006K\345\313}\352\273/\365\014\026\373"
 123      FA7B064B 
 123      E5CB7DEA 
 123      BB2FF50C 
 123      16FB
 124 01c6 C8F45E29 		.ascii	"\310\364^){\027\207\316_\370\003\227x\324\316"
 124      7B1787CE 
 124      5FF80397 
 124      78D4CE
 125              		.text
 126              		.section	.gnu.lto_.symbol_nodes.874381891e8335f5,"",%progbits
 127 0000 789C55C8 		.ascii	"x\234U\310\261\015\2000\020\004\301\375\373\304\315"
 127      B10D8030 
 127      1004C1FD 
 127      FBC4CD
 128 000f 51D3B902 		.ascii	"Q\323\271\002c\211\034Q\014\261{\240\021\344\000\002"
 128      63891C51 
 128      0CB17BA0 
 128      11E40002 
 129 001f 98701258 		.ascii	"\230p\022Xx\251\311\320\007\330\354GA\253\034\277\350"
 129      78A9C9D0 
 129      07D8EC47 
 129      41AB1CBF 
 129      E8
 130 0030 B2BE119B 		.ascii	"\262\276\021\233\234OPk!\225\234\327\035L9\007\025\031"
 130      9C4F506B 
 130      21959CD7 
 130      1D4C3907 
 130      1519
 131              		.text
 132              		.section	.gnu.lto_.refs.874381891e8335f5,"",%progbits
 133 0000 789C6366 		.ascii	"x\234cf```d\200\002\000\000=\000\005"
 133      60606064 
 133      80020000 
 133      3D0005
 134              		.text
 135              		.section	.gnu.lto_.decls.874381891e8335f5,"",%progbits
 136 0000 789CA557 		.ascii	"x\234\245WkPTG\026\276}{\006\206\313\014$j\214E\245"
 136      6B505447 
 136      16BE7D7B 
 136      0686CB0C 
 136      246A8C45 
 137 0015 2A04B728 		.ascii	"*\004\267(wW\035_\225\350\257\270>6\270\253\201\032"
 137      77571D5F 
 137      95E8AFB8 
 137      3E36B8AB 
 137      811A
 138 0027 4D255BFB 		.ascii	"M%[\373cB`Tj\021X\030\267\262\377.\017\005\005\005A"
 138      63426054 
ARM GAS  /tmp/ccv257N4.s 			page 10


 138      6A115818 
 138      B7B2FF2E 
 138      0F050505 
 139 003c 7C20E280 		.ascii	"| \342\200\274EQ\360-\210\321\210\240\010.\242Q\360"
 139      BC4551F0 
 139      2D88D188 
 139      A0082EA2 
 139      51F0
 140 004e 31C0E20B 		.ascii	"1\300\342\013\025PT|1{\272\373\336\2713\343\214\233"
 140      1550547C 
 140      317BBAFB 
 140      DEB933E3 
 140      8C9B
 141 0060 AADCAA9E 		.ascii	"\252\334\252\236\276\247\373\353s\276\363\350\276=\230"
 141      BEA7FBEB 
 141      73BEF3E8 
 141      BE3D98
 142 006f E3B80CC4 		.ascii	"\343\270\014\304q6x.\177\310q\337\361\034\247\202\261"
 142      7136782E 
 142      7FC871DF 
 142      F11CA782 
 142      B1
 143 0080 304E7988 		.ascii	"0Ny\210\354\003\030?h\343\241}\202\270w\0362\257\203"
 143      EC03183F 
 143      68E3A17D 
 143      82B8771E 
 143      32AF83
 144 0093 DE0F9A16 		.ascii	"\336\017\232\026\332Ahj\030{\012\375g\320B\240\375\205"
 144      DA41686A 
 144      187B0AFD 
 144      67D042A0 
 144      FD85
 145 00a5 E882B167 		.ascii	"\350\202\261g\320\017A;\001\355\265\244\337\006\255"
 145      D00F413B 
 145      01EDB5A4 
 145      DF06AD
 146 00b4 8F288279 		.ascii	"\217(\202y\204hGu\222\376\217.\366\010\017\177\211\243"
 146      84684775 
 146      92FE8F2E 
 146      F6080F7F 
 146      89A3
 147 00c6 6C8FD822 		.ascii	"l\217\330\"6=\331{-\331\354\224\354\252%\233\304\026"
 147      363DD97B 
 147      2DD9EC94 
 147      ECAA259B 
 147      C416
 148 00d8 31F208BA 		.ascii	"1\362\010\272\253\354\225\352'\3754\027\273\343=\330"
 148      ABEC95EA 
 148      27FD3417 
 148      BBE33DD8 
 149 00e8 FDF03D7E 		.ascii	"\375\360=~\036\224lO\0079\000\032v\261\313sJL\311\320"
 149      1E946C4F 
 149      0739001A 
 149      76B1CB73 
 149      4A4CC9D0 
 150 00fc 1C179B43 		.ascii	"\034\027\233C<:\266o\370\242\357=\036\371\011\201D<"
 150      3C3AB66F 
ARM GAS  /tmp/ccv257N4.s 			page 11


 150      F8A2EF3D 
 150      1EF90981 
 150      443C
 151 010e 9EDDB4CD 		.ascii	"\236\335\264\315\013D\255\240\"bv{K\255/\346\021y\337"
 151      0B44ADA0 
 151      2262767B 
 151      4BAD2FE6 
 151      1179DF
 152 0121 BDADBB43 		.ascii	"\275\255\273C\230\\)\212b\232xj\004)*\032N\2164\012"
 152      985C298A 
 152      629A786A 
 152      04292A1A 
 152      4E8E340A 
 153 0135 783C0565 		.ascii	"x<\005e\244Y\233\005\374)}O,=\221\341\015\272>\023("
 153      A4599B05 
 153      FC297D4F 
 153      2C3D91E1 
 153      0DBA3E13 
 154 014a ECF68E97 		.ascii	"\354\366\216\227\305>T$\345\340\017C|\323\035q\267\037"
 154      C53E5424 
 154      E5E00F43 
 154      7CD31D71 
 154      B71F
 155 015c 0A168A41 		.ascii	"\012\026\212A\351`gv\343'\242\250B\373\221\200\252\020"
 155      E9606776 
 155      E327A2A8 
 155      42FB9180 
 155      AA10
 156 016e 46956832 		.ascii	"F\225h2\361\202\254&O\232(&\211Y\311\242O\223\037\207"
 156      F182AC26 
 156      4F9A2826 
 156      8959C9A2 
 156      4F931F87 
 157 0182 CA50002A 		.ascii	"\312P\000*G\001\034\252F\301\200\240X\264\027\006\367"
 157      47011CAA 
 157      46C180A0 
 157      58B41706 
 157      F7
 158 0193 C120283E 		.ascii	"\301 (>\373\346d\212\032\011\301\356\027\325\270YD)"
 158      FBE6648A 
 158      1A09C1EE 
 158      17D5B859 
 158      4429
 159 01a5 D8766F1D 		.ascii	"\330vo\035O(\034\000\012{\024\012\300Hv\226\337w\364"
 159      4F281C00 
 159      0A7B140A 
 159      C0487696 
 159      DF77F4
 160 01b8 F68046A6 		.ascii	"\366\200F\246\234q\267\301\220$\316E\007\001_\241\340"
 160      9C71B7C1 
 160      9024CE45 
 160      07015FA1 
 160      E0
 161 01c9 0FA0F772 		.ascii	"\017\240\367r\256u\313\031\355o\330\263\316\207f\342"
 161      AE75CB19 
 161      ED6FD8B3 
 161      CE8766E2 
ARM GAS  /tmp/ccv257N4.s 			page 12


 162 01d9 7B22BE58 		.ascii	"{\"\276X3\270N\240\231\320\022\361\352\215\003\267\325"
 162      33B84EA0 
 162      99D012F1 
 162      EA8D03B7 
 162      D5
 163 01ea F80DA291 		.ascii	"\370\015\242\221=\323T\330\245\246P+O\344\316\266\003"
 163      3DD354D8 
 163      A5A6502B 
 163      4FE4CEB6 
 163      03
 164 01fb DD7E143B 		.ascii	"\335~\024;\231\210[*\357E\342$\226\265G\247\213\177"
 164      99885B2A 
 164      EF45E224 
 164      96B547A7 
 164      8B7F
 165 020d 148047F2 		.ascii	"\024\200G\362\257\013\003\254\030\355Z\233\242\305\231"
 165      AF0B03AC 
 165      18ED5A9B 
 165      A2C599
 166 021c 6CF986DA 		.ascii	"l\371\206\332\274<\015\316e\302HVI\211\012\3473\241"
 166      BC3C0DCE 
 166      65C24856 
 166      49890AE7 
 166      33A1
 167 022e 38774B95 		.ascii	"8wK\225\232\332\324\020\361Da\305\200\006\027\263\271"
 167      9ADAD410 
 167      F14461C5 
 167      800617B3 
 167      B9
 168 023f 86E6C48B 		.ascii	"\206\346\304\213\002\256d\302\205\236\221\247Z\012\374"
 168      02AE64C2 
 168      859E91A7 
 168      5A0AFC
 169 024e 80885DD9 		.ascii	"\200\210]\331\205e~x\037\233k\035\315z\342\215k\234"
 169      85657E78 
 169      1F9B6B1D 
 169      CD7AE28D 
 169      6B9C
 170 0260 817E0C98 		.ascii	"\201~\014\230\367K\3370\246\353\250\217\271\347wd\252"
 170      F74BDF30 
 170      A6EBA88F 
 170      B9E77764 
 170      AA
 171 0271 F14106CD 		.ascii	"\361A\006\315\352\316\276\254\302\365\274S\235\005\262"
 171      EACEBEAC 
 171      C2F5BC53 
 171      9D05B2
 172 0280 3ADBDA3F 		.ascii	":\333\332?rPCE\233\015\223\224\025\335\274\324\355c"
 172      72504345 
 172      9B0D9394 
 172      15DDBCD4 
 172      ED63
 173 0292 AFB2C37D 		.ascii	"\257\262\303}\210\244\270\005R\326\244\244,\3201c\020"
 173      88A4B805 
 173      52D6A4A4 
 173      2CD03163 
 173      10
ARM GAS  /tmp/ccv257N4.s 			page 13


 174 02a3 2C753944 		.ascii	",u9D\352,\004\245\221D\352\002D*P\212T3\014\236gUV\333"
 174      EA2C04A5 
 174      9144EA02 
 174      442A508A 
 174      54330C9E 
 175 02bb F3385D90 		.ascii	"\3638]\220\025\333vg\323\332i\005\305\347\024\305-\350"
 175      15DB7667 
 175      D3DA6905 
 175      C5E714C5 
 175      2DE8
 176 02cd BD9A2FBA 		.ascii	"\275\232/\272\325\214\216\014d\366 \334\304\374K\337"
 176      D58C8E0C 
 176      64F620DC 
 176      C4FC4BDF 
 177 02dd 3CDCCCE3 		.ascii	"<\334\314\343\026*\250\3267\324\215CAc\203\202-\240"
 177      162AA8D6 
 177      37D48D43 
 177      41638382 
 177      2DA0
 178 02ef 6F3023F5 		.ascii	"o0#\365\371\242\344dq\363\004j\266\015\314\266\243\261"
 178      F9A2E464 
 178      71F3046A 
 178      B60DCCB6 
 178      A3B1
 179 0301 8AF64901 		.ascii	"\212\366I\001\300\340\017\360\303m\002\212b\226E\234"
 179      C0E00FF0 
 179      C36D028A 
 179      6296459C 
 180 0311 1BAF1400 		.ascii	"\033\257\024\000G\301`\032u\000\213\377\240 t\031\005"
 180      47C1601A 
 180      75008BFF 
 180      A0207419 
 180      05
 181 0322 51AE44B7 		.ascii	"Q\256D\267\345z\252W\3714\252\367\222[\275g\211\012"
 181      E57AAA57 
 181      F934AAF7 
 181      925BBD67 
 181      890A
 182 0334 BA6FAC6D 		.ascii	"\272o\254meHC\020\234\344\265r6\234\177\320\370\310"
 182      65484310 
 182      9CE4B572 
 182      369C7FD0 
 182      F8C8
 183 0346 0BB733EE 		.ascii	"\013\2673\356\031\317\216tiQP\3208J\336\332Z\326\252"
 183      19CF8E74 
 183      695150D0 
 183      384ADEDA 
 183      5AD6AA
 184 0359 159BA6D1 		.ascii	"\025\233\246\321\335\3663\230\270\206\306)\305\251P"
 184      DDF63398 
 184      B886C629 
 184      C5A950
 185 0368 B7100B9D 		.ascii	"\267\020\013\235w\325\247\222\030\213+\236\241\331\324"
 185      77D5A792 
 185      188B2B9E 
 185      A1D9D4
 186 0377 CB6471AE 		.ascii	"\313dq\256\331\321K\002&^^\007/\257\202\227\277H^R\352"
ARM GAS  /tmp/ccv257N4.s 			page 14


 186      D9D14B02 
 186      265E5E07 
 186      2FAF8297 
 186      BF485E52 
 187 038c 1753BD45 		.ascii	"\027S\275ED \357r/\312\034H\367\037\007:\023=\352\344"
 187      4420EF72 
 187      2FCA1C48 
 187      F71F073A 
 187      133DEAE4 
 188 03a0 9C14C29A 		.ascii	"\234\024\302\232\234kE\243\002\356`\211\333\376\242"
 188      9C6B45A3 
 188      02EE6089 
 188      DBFEA2
 189 03af A5D19F56 		.ascii	"\245\321\237V\360\004\"\036\370\371d\262/\276\316\346"
 189      F004221E 
 189      F8F964B2 
 189      2FBECEE6 
 190 03bf C4D1A6B7 		.ascii	"\304\321\246\267:|\213\011\362!\254e\207\360\316\233"
 190      3A7C8B09 
 190      F221AC65 
 190      87F0CE9B 
 191 03cf 971FEA70 		.ascii	"\227\037\352p/\233\253=\231\226#\220}@\204\362\236\326"
 191      2F9BAB3D 
 191      99962390 
 191      7D4084F2 
 191      9ED6
 192 03e1 6C1D054E 		.ascii	"l\035\005N\002QWT\364\354\201\027\032\033\244<\301,"
 192      02515754 
 192      F4EC8117 
 192      1A1BA43C 
 192      C12C
 193 03f3 D122A57B 		.ascii	"\321\"\245{\024\350\036\243t{\245D\017@\010\356\001"
 193      14E81EA3 
 193      747BA544 
 193      0F4008EE 
 193      01
 194 0404 E3C7D0EE 		.ascii	"\343\307\320\356C\373/\264>hw\241=\202v\007\332\003"
 194      43FB2FB4 
 194      3E6877A1 
 194      3D827607 
 194      DA03
 195 0416 68FDD01E 		.ascii	"h\375\320\036\332\213!%\331z^\312\325\011\310\325)H"
 195      DA8B2125 
 195      D97A5ECA 
 195      D509C8D5 
 195      2948
 196 0428 0051684F 		.ascii	"\000QhO@\003\265Q\206\002$\264\345B\231\227\204\375"
 196      4003B551 
 196      860224B4 
 196      E5429997 
 196      84FD
 197 043a C9157B1A 		.ascii	"\311\025{\0329$\026\2407\354\320\233\256\320\033\256"
 197      392416A0 
 197      37ECD09B 
 197      AED01BAE 
 198 044a 6A5BECD8 		.ascii	"j[\354\3303\356\325:`\033\354\330:W\354$g\006\315v\344"
 198      33EED53A 
ARM GAS  /tmp/ccv257N4.s 			page 15


 198      601BECD8 
 198      3A57EC24 
 198      6706CD76 
 199 045f 49F78E29 		.ascii	"I\367\216)\320\233v\350-W\350m\027\350-;\324\352\036"
 199      D09B76E8 
 199      2D57E86D 
 199      17E82D3B 
 199      D4EA1E
 200 0472 EAC0F5B6 		.ascii	"\352\300\365\266\035\333\355\212\355qR\233h\355*3\235"
 200      1DDBED8A 
 200      ED71529B 
 200      68ED2A33 
 200      9D
 201 0483 4AC1A813 		.ascii	"J\301\250\023\312\257\313}\274\354\024\254M\0169\253"
 201      CAAFCB7D 
 201      BCEC14AC 
 201      4D0E39AB 
 202 0493 771B8432 		.ascii	"w\033\2042e\013\327\227y\301>\350u\263\207\371\202\322"
 202      650BD797 
 202      79C13EE8 
 202      75B387F9 
 202      82D2
 203 04a5 E17E5F14 		.ascii	"\341~_\024<\226\342\356\255\320\240!Pt\\9\342\310\""
 203      3C96E2EE 
 203      ADD0A021 
 203      50745C39 
 203      E2C822
 204 04b8 FAB8AB3D 		.ascii	"\372\270\253=4\010%\367[\312\017\252\376\345\371\265"
 204      340825F7 
 204      5BCA0FAA 
 204      FEE5F9B5 
 205 04c8 A93AFC50 		.ascii	"\251:\374P\372\"\325\355z\342\243]\257|Y)\035eg>EZ\211"
 205      FA22D5ED 
 205      7AE2A35D 
 205      AF7C5929 
 205      1D65673E 
 206 04df 1850BFB5 		.ascii	"\030P\277\265\246?\003Nh-\245^\221\356\007.>\203\371"
 206      A63F034E 
 206      682DA55E 
 206      91EE072E 
 206      3E83F9
 207 04f2 270A7980 		.ascii	"'\012y\2003\362\2364\242a \355\250\024\275\316h\253"
 207      33F29E34 
 207      A26120ED 
 207      A814BDCE 
 207      68AB
 208 0504 41F805A3 		.ascii	"A\370\005\243St\243\357\005\306\243L\270z\277j\217/"
 208      5374A3EF 
 208      05C6A34C 
 208      B87ABF6A 
 208      8F2F
 209 0516 4EC64E9F 		.ascii	"N\306N\237\245\020\347\353O\210r\375\251(\310\177\317"
 209      A510E7EB 
 209      4F8872FD 
 209      A928C87F 
 209      CF
 210 0527 2DE50DD8 		.ascii	"-\345\015\330\015\221>\015/a\360\225\375\226\322{\347"
ARM GAS  /tmp/ccv257N4.s 			page 16


 210      0D913E0D 
 210      2F61F095 
 210      FD96D27B 
 210      E7
 211 0538 47388FD0 		.ascii	"G8\217\320k\310\353\210\342I\210\375\222\202\252\356"
 211      6BC8EB88 
 211      E24988FD 
 211      9282AAEE 
 212 0548 D676629C 		.ascii	"\326vb\234Ey\250\367\226\216\024#zH8\035\016\207@\345"
 212      4579A8F7 
 212      968E1423 
 212      7A48381D 
 212      0E8740E5 
 213 055c 611AB151 		.ascii	"a\032\261Q);I|0\262A\344\023\371 $\362\312\227`\260"
 213      293B497C 
 213      30B241E4 
 213      13F92024 
 213      F2CA9760 
 214 0571 FA62D9A2 		.ascii	"\372b\331\242\234d\261x\002\015\336s09\352i?\301w\343"
 214      9C64B178 
 214      020DDE73 
 214      3039EA69 
 214      3FC177E3 
 215 0585 6809A966 		.ascii	"h\011\251fB\356\255+\322i?\001\264\212B\311\355\351"
 215      42EEAD2B 
 215      D2693F01 
 215      B48A42C9 
 215      EDE9
 216 0597 855BA50E 		.ascii	"\205[\245\016\365\231WB\352s\324]}V\226\277Y\353#\327"
 216      F5995742 
 216      EA73D45D 
 216      7D5696BF 
 216      59EB23D7 
 217 05ab E7319306 		.ascii	"\3471\223\006\245\360c\321\021%0\243\356\352Sv\037%"
 217      A5F063D1 
 217      112530A3 
 217      EEEA5376 
 217      1F25
 218 05bd 83D7EF8B 		.ascii	"\203\327\357\213\000\204\263\373\355\203V_\247\222#"
 218      0084B3FB 
 218      ED83565F 
 218      A79223
 219 05cc 1694925B 		.ascii	"\026\224\222[\303k%d\313\315\3159\032\025\317\306\320"
 219      C36B2564 
 219      CBCDCD39 
 219      1A15CFC6 
 219      D0
 220 05dd DFE91D3A 		.ascii	"\337\351\035:\371Df\275\356\343\\\351\323\364\201\212"
 220      F94466BD 
 220      EEE35CE9 
 220      D3F4818A 
 221 05ed FAAB2C4E 		.ascii	"\372\253,N\345?\206\337\265\274\212i\350x\272~\016\256"
 221      E53F86DF 
 221      B5BC8A69 
 221      E878BA7E 
 221      0EAE
 222 05ff 631574B9 		.ascii	"c\025t\271\275\346\032\012,\020-\373\0073\253{\3426"
ARM GAS  /tmp/ccv257N4.s 			page 17


 222      BDE61A0A 
 222      2C102DFB 
 222      0733AB7B 
 222      E236
 223 0611 410A44AB 		.ascii	"A\012D\253\315\366)]\204\322x\331C\216\274S\262h\035"
 223      CDF6295D 
 223      84D278D9 
 223      438EBC53 
 223      B2681D
 224 0624 1F080B1B 		.ascii	"\037\010\013\033\273r\3561\032\304\026\243\361\270\277"
 224      BB72EE31 
 224      1AC416A3 
 224      F1B8BF
 225 0633 AC57A1B6 		.ascii	"\254W\241\266\236\247\203\375\365\231\005ZGna\343\035"
 225      9EA783FD 
 225      F599055A 
 225      476E61E3 
 225      1D
 226 0644 A865506A 		.ascii	"\250ePj\3512\265\342\222\272\016/|O\252\356\366\254"
 226      E932B5E2 
 226      92BA0E2F 
 226      7C4FAAEE 
 226      F6AC
 227 0656 AD02E566 		.ascii	"\255\002\345f=~\006\316$\361\015\271m\221%h\203\003"
 227      3D7E06CE 
 227      24F10DB9 
 227      6D912568 
 227      8303
 228 0668 B10D32B1 		.ascii	"\261\0152\261\215\224\330\376\323\247?\302\303T\003"
 228      8D94D8FE 
 228      D3A73FC2 
 228      C35403
 229 0677 BFB6F04D 		.ascii	"\277\266\360M\205\316~\223N\355\2457\351M\274\2002\371"
 229      85CE7E93 
 229      4EEDA537 
 229      E94DBC80 
 229      32F9
 230 0689 5F7B93CE 		.ascii	"_{\223\316\342\335\336`;:^\235\301\324U\242\216\271"
 230      E2DDDE60 
 230      3B3A5E9D 
 230      C1D455A2 
 230      8EB9
 231 069b 5FDD7EFD 		.ascii	"_\335~\375\245\326\356~6s\177{R\351\003\317\356o\246"
 231      A5D6EE7E 
 231      36737F7B 
 231      52E903CF 
 231      EE6FA6
 232 06ae EEE7C8EE 		.ascii	"\356\347\310\356o:\325\\\341\217\3372\367-7\006\277"
 232      6F3AD55C 
 232      E18FDF32 
 232      F72D3706 
 232      BF
 233 06bf 9633F36A 		.ascii	"\2263\363j\332v\321\222$\216\332l\210.B\271\016\001"
 233      DA76D192 
 233      248EDA6C 
 233      882E42B9 
 233      0E01
ARM GAS  /tmp/ccv257N4.s 			page 18


 234 06d1 C89503B0 		.ascii	"\310\225\003\260\205\006\300\035\265\314\314\307\365"
 234      8506C01D 
 234      B5CCCCC7 
 234      F5
 235 06de DEF66C6D 		.ascii	"\336\366lme\324\272o\245\027\250\351 \331s\333\330\340"
 235      65D4BA6F 
 235      A517A8E9 
 235      20D973DB 
 235      D8E0
 236 06f0 ABC33B2F 		.ascii	"\253\303;/\011\036\371\346Q\276\333e\276m?\325\345\372"
 236      091EF9E6 
 236      51BEDB65 
 236      BE6D3FD5 
 236      E5FA
 237 0702 E37415E5 		.ascii	"\343t\025\345[\327\336;\254\005\302V\022\352Z\355\266"
 237      5BD7DE3B 
 237      AC05C256 
 237      12EA5AED 
 237      B6
 238 0713 1AF1344D 		.ascii	"\032\3614M\031Bd\031\332\341\300x\207\3148\2372n\332"
 238      19426419 
 238      DAE1C078 
 238      87CC389F 
 238      326EDA
 239 0726 B3F37B5C 		.ascii	"\263\363{\\H\265\250z\363\367\037\366G\301\001\0014"
 239      48B5A87A 
 239      F3F71FF6 
 239      47C10101 
 239      34
 240 0737 696990AF 		.ascii	"ii\220\257B\360b\247\264\200=\333`|\344K2\001\257\032"
 240      42F062A7 
 240      B4803DDB 
 240      607CE44B 
 240      3201AF1A 
 241 074b DAD3E40D 		.ascii	"\332\323\344\015f\213x\002\207&\007\240\337C\346\012"
 241      668B7802 
 241      872607A0 
 241      DF43E60A 
 242 075b 2073648A 		.ascii	" sd\212C\026>\000\355\342i\336zr\206\326\251\005\011"
 242      43163E00 
 242      EDE269DE 
 242      7A7286D6 
 242      A90509
 243 076e 9DF6FFD0 		.ascii	"\235\366\377\320iu\233K\331\377\245\357\210x7\253\274"
 243      69759B4B 
 243      D9FFA5EF 
 243      887837AB 
 243      BC
 244 077f 9AFDCDF0 		.ascii	"\232\375\315\360\245\237\211WC\027\331_\"\201F\356\345"
 244      A59F8957 
 244      4317D95F 
 244      228146EE 
 244      E5
 245 0790 B9442FA2 		.ascii	"\271D/\242Z\224\267\260\326q\023\226R\345\223\002P\011"
 245      5A94B7B0 
 245      D6711396 
 245      52E59302 
ARM GAS  /tmp/ccv257N4.s 			page 19


 245      5009
 246 07a2 D3DD9452 		.ascii	"\323\335\224R\331\246\033\223%\235\027\201\210\372\271"
 246      D9A61B93 
 246      259D1781 
 246      88FAB9
 247 07b1 1B6C17F3 		.ascii	"\033l\027\363\364\\\342\307\310\213\350?\246\207\266"
 247      F45CE2C7 
 247      C88BE83F 
 247      A687B6
 248 07c0 667F4774 		.ascii	"f\177Gt\321\373\320}\331\271\203\030\227\262\274<"
 248      D1FBD07D 
 248      D9B98318 
 248      97B2BC3C 
 249 07d0 7D9277C4 		.ascii	"}\222w\304\033W3\241d\360P\251\357\304B\361\222e0s\240"
 249      1B5733A1 
 249      64F050A9 
 249      EFC442F1 
 249      92653073 
 250 07e5 67426296 		.ascii	"gBb\226\025\364\331l_\"T\316\217A\025\220#\330\336\016"
 250      15F4D96C 
 250      5F2254CE 
 250      8F411590 
 250      23D8DE0E 
 251 07f9 8A2B49E0 		.ascii	"\212+I\340Q)\3429\264\207\237H\376\275\017\025l\321"
 251      5129E239 
 251      B4879F48 
 251      FEBD0F15 
 251      6CD1
 252 080b 79F6B24A 		.ascii	"y\366\262J\366\262\230yy\356Jb\243\217\253\227\312w"
 252      F6B29879 
 252      79EE4A62 
 252      A38FAB97 
 252      CA77
 253 081d 612FE55D 		.ascii	"a/\345]%\363.m\177\276K\355\352\245Gtj\373\231\\5\256"
 253      25F32E6D 
 253      7FBE4BED 
 253      EAA54774 
 253      6AFB995C 
 254 0833 678EDD4F 		.ascii	"g\216\335O}\232\247\241\216Y\352v\213\252mb\0129\306"
 254      7D9AA7A1 
 254      8E59EA76 
 254      8BAA6D62 
 254      0A39C6
 255 0846 D03EC92B 		.ascii	"\320>\311+8\033\034\024U+^\355\247^\365?\253I\3258\035"
 255      381B1C14 
 255      552B5EED 
 255      A75EF53F 
 255      AB49D538 
 256 085b BFA46415 		.ascii	"\277\244d\025\267\016\260\343\227\364\200\336\265\261"
 256      B70EB0E3 
 256      97F480DE 
 256      B5B1
 257 0869 E6A5172D 		.ascii	"\346\245\027-\2138z\351.\354z\301\376E\372\021\361a"
 257      8B387AE9 
 257      2EEC7AC1 
 257      FE45FA11 
 257      F161
ARM GAS  /tmp/ccv257N4.s 			page 20


 258 087b 8DA55143 		.ascii	"\215\245QCE\035\021/\255\031\325x\216\327!9^\007Y\274"
 258      451D112F 
 258      AD19D578 
 258      8ED72139 
 258      5E0759BC 
 259 088f 4AAAF247 		.ascii	"J\252\362G|]\343U\003\351\250\245\3518L#pH\216\300\026"
 259      7C5DE355 
 259      03E9A8A5 
 259      E9384C23 
 259      70488EC0 
 260 08a4 EBDB0C2F 		.ascii	"\353\333\014/\327xyD\267o\274q[\207/\260x=\314\277\262"
 260      D7787944 
 260      B76FBC71 
 260      5B872FB0 
 260      783DCCBF 
 261 08b9 4E60F1EA 		.ascii	"N`\361\352w\210\327\021)^p\2248(:\252\304\353\030?\221"
 261      7788D711 
 261      295E7094 
 261      38283AAA 
 261      C4EB183F 
 262 08ce D346C5C6 		.ascii	"\323F\305\306\305\306\233W\205'\374\303h\366\372\352"
 262      C5C69B57 
 262      8527FCC3 
 262      68F6FAEA 
 263 08de EB6F02E7 		.ascii	"\353o\002\347s\232\325Q1\346\2313\214f\301h\224_\227"
 263      739AD551 
 263      31E69933 
 263      8C66C168 
 263      945F97
 264 08f1 E9A3F5E1 		.ascii	"\351\243\365\341\361\253f\350WDDL\201\227)1\2611\246"
 264      F1AB66E8 
 264      5744444C 
 264      81972931 
 264      B131A6
 265 0904 29A6F01F 		.ascii	")\246\360\037\242\246\3142\316\2312c\332\364Y\377\234"
 265      A2A6CC32 
 265      CE993263 
 265      DAF459FF 
 265      9C
 266 0915 A5779AD0 		.ascii	"\245w\232\320G\305DD\257\2164\351W\205G\254\214\212"
 266      47C54444 
 266      AF8E34E9 
 266      578547AC 
 266      8C8A
 267 0927 31E98D91 		.ascii	"1\351\215\221\246\345\341\253\243\315F\363\277\343L"
 267      A6E5E1AB 
 267      A3CD46F3 
 267      BFE34C
 268 0936 09535772 		.ascii	"\011SWr\013~\203\322\004s$P\003%_L\235\252\237\2772"
 268      0B7E83D2 
 268      04732450 
 268      03255F4C 
 268      9DAA9FBF 
 269 094b EA87A8D0 		.ascii	"\352\207\250\320\245\372\330\004\375\312\360h=\361("
 269      A5FAD804 
 269      FDCAF068 
 269      3DF128
ARM GAS  /tmp/ccv257N4.s 			page 21


 270 095a 41BF74D9 		.ascii	"A\277t\331\222\2313\364\213\027/\320\177\025\266(\364"
 270      929933F4 
 270      8B172FD0 
 270      7F15B628 
 270      F4
 271 096b 5F33C894 		.ascii	"_3\310\2241\016Ztt$\254S/\012\235\267:A\233`^\005\376"
 271      310E5A74 
 271      7424AC53 
 271      2F0A9DB7 
 271      3A419B60 
 272 0982 AD888B8A 		.ascii	"\255\210\213\2125\232\325KB\027,4x\205.\373[\330B\203"
 272      359AD54B 
 272      42172C34 
 272      78852EFB 
 272      5BD84283 
 273 0996 77E8D2B0 		.ascii	"w\350\322\260\205\013\027\030\324a\337\204-0\340E\320"
 273      850B1718 
 273      D461DF84 
 273      2D30E045 
 273      D0
 274 09a7 421718D0 		.ascii	"B\027\030\320\2674:\323?\267G\207\274\342\004\223Y\035"
 274      B7343AD3 
 274      3FB74787 
 274      BCE20493 
 274      591D
 275 09b9 116D0A8F 		.ascii	"\021m\012\217G!\252yK\015\006\325\342\371\1775\250\376"
 275      4721AA79 
 275      4B0D06D5 
 275      E2F97F35 
 275      A8FE
 276 09cb F467C362 		.ascii	"\364g\303b\362\023\202\347\031\014\002\213tT$\304\231"
 276      F21382E7 
 276      190C028B 
 276      745424C4 
 276      99
 277 09dc BDA848D4 		.ascii	"\275\250H\324\265D\207qyx\202y6L\304._\016\252~\367"
 277      B5448771 
 277      79788279 
 277      364CC42E 
 277      5F0EAA7E 
 278 09f1 AE4BB2DB 		.ascii	"\256K\262\333\222\017\300_\200\316`\012\217\004'\002"
 278      920FC05F 
 278      80CE600A 
 278      8F042702 
 279 0a01 DFC527C4 		.ascii	"\337\305'\304G\330\261\021\234/t\337\306G\231M\000\326"
 279      47D8B111 
 279      9C2F74DF 
 279      C647994D 
 279      00D6
 280 0a13 44C5AE8A 		.ascii	"D\305\256\212\2154\031\315:\030\\j2\303\320\022\220"
 280      8D3419CD 
 280      3A185C6A 
 280      32C3D012 
 280      90
 281 0a24 3F924363 		.ascii	"?\222Cc\004\002+\342cW\307\021\224*bex\274\306h\\\276"
 281      04022BE2 
 281      6357C711 
ARM GAS  /tmp/ccv257N4.s 			page 22


 281      942A6265 
 281      78BCC668 
 282 0a3a 3A26C268 		.ascii	":&\302h\324\311/S?\237\363\305lGi\366L'i\366\377\000"
 282      D4C92F53 
 282      3F9FF3C5 
 282      6C4769F6 
 282      4C2769F6 
 283 0a50 6EC7F99F 		.ascii	"n\307\371\237"
 284              		.text
 285              		.section	.gnu.lto_.symtab.874381891e8335f5,"",%progbits
 286 0000 70616C52 		.ascii	"palReadBus\000\000\000\000\000\000\000\000\000\000\000"
 286      65616442 
 286      75730000 
 286      00000000 
 286      00000000 
 287 0015 00090100 		.ascii	"\000\011\001\000\000palWriteBus\000\000\000\000\000"
 287      0070616C 
 287      57726974 
 287      65427573 
 287      00000000 
 288 002a 00000000 		.ascii	"\000\000\000\000\000\000\000\016\001\000\000palSetB"
 288      0000000E 
 288      01000070 
 288      616C5365 
 288      7442
 289 003c 75734D6F 		.ascii	"usMode\000\000\000\000\000\000\000\000\000\000\000\000"
 289      64650000 
 289      00000000 
 289      00000000 
 289      0000
 290 004e 16010000 		.ascii	"\026\001\000\000_pal_lld_setgroupmode\000\000\002\000"
 290      5F70616C 
 290      5F6C6C64 
 290      5F736574 
 290      67726F75 
 291 006b 00000000 		.ascii	"\000\000\000\000\000\000\000\000\034\001\000\000"
 291      00000000 
 291      1C010000 
 292              		.text
 293              		.section	.gnu.lto_.opts,"",%progbits
 294 0000 272D666E 		.ascii	"'-fno-trapv' '-mcpu=cortex-m4' '-mno-thumb-interwor"
 294      6F2D7472 
 294      61707627 
 294      20272D6D 
 294      6370753D 
 295 0033 6B272027 		.ascii	"k' '-mthumb' '-ggdb' '-O2' '-fomit-frame-pointer' '"
 295      2D6D7468 
 295      756D6227 
 295      20272D67 
 295      67646227 
 296 0066 2D66616C 		.ascii	"-falign-functions=16' '-ffunction-sections' '-fdata"
 296      69676E2D 
 296      66756E63 
 296      74696F6E 
 296      733D3136 
 297 0099 2D736563 		.ascii	"-sections' '-fno-common' '-flto'\000"
 297      74696F6E 
ARM GAS  /tmp/ccv257N4.s 			page 23


 297      73272027 
 297      2D666E6F 
 297      2D636F6D 
 298              		.text
 299              		.comm	__gnu_lto_v1,1,1
 300              		.comm	__gnu_lto_slim,1,1
 301              		.ident	"GCC: (GNU Tools for ARM Embedded Processors) 4.9.3 20141119 (release) [ARM/embedded-4_9-br
ARM GAS  /tmp/ccv257N4.s 			page 24


DEFINED SYMBOLS
                            *ABS*:00000000 hal_pal.c
                            *COM*:00000001 __gnu_lto_v1
                            *COM*:00000001 __gnu_lto_slim

NO UNDEFINED SYMBOLS
