ARM GAS  /tmp/cct9LeFg.s 			page 1


   1              		.syntax unified
   2              		.cpu cortex-m4
   3              		.fpu softvfp
   4              		.eabi_attribute 20, 1
   5              		.eabi_attribute 21, 1
   6              		.eabi_attribute 23, 3
   7              		.eabi_attribute 24, 1
   8              		.eabi_attribute 25, 1
   9              		.eabi_attribute 26, 1
  10              		.eabi_attribute 30, 2
  11              		.eabi_attribute 34, 1
  12              		.eabi_attribute 18, 4
  13              		.thumb
  14              		.file	"nvic.c"
  15              		.text
  16              	.Ltext0:
  17              		.section	.gnu.lto_.profile.92f60903d0844680,"",%progbits
  18 0000 789C6366 		.ascii	"x\234cf```a\200\000F\006)1\000\000\276\0009"
  18      60606061 
  18      80004606 
  18      29310000 
  18      BE0039
  19              		.text
  20              		.section	.gnu.lto_.jmpfuncs.92f60903d0844680,"",%progbits
  21 0000 789C6366 		.ascii	"x\234cf\300\016\244\2404\013\003\023##s}=#\020\3243"
  21      C00EA4A0 
  21      340B0313 
  21      2323737D 
  21      3D2310D4 
  22 0015 41D8CC20 		.ascii	"A\330\314 6\003\000(\334\0036"
  22      36030028 
  22      DC0336
  23              		.text
  24              		.section	.gnu.lto_.inline.92f60903d0844680,"",%progbits
  25 0000 789C6D8C 		.ascii	"x\234m\214\313\015\2000\014C\235\017i\340\302\010\335"
  25      CB0D8030 
  25      0C439D0F 
  25      69E0C208 
  25      DD
  26 0011 801199A5 		.ascii	"\200\021\231\245#1\012#`\240\2528`)J\"\373\331\360\257"
  26      23310A23 
  26      60A0AA38 
  26      60294A22 
  26      FBD9F0AF 
  27 0025 BD6F0796 		.ascii	"\275o\007\226YT\2047\307\343\334\020\255*\364X\035\374"
  27      59548437 
  27      C7E3DC10 
  27      AD2AF458 
  27      1DFC
  28 0037 9246D2CA 		.ascii	"\222F\322\312\302\014\023\346\255\276\011\232\3764("
  28      C20C13E6 
  28      ADBE099A 
  28      FE3428
  29 0046 2617B92B 		.ascii	"&\027\271+\214\324\007\247\014%:8\274\001\342\002F;"
  29      8CD407A7 
  29      0C253A38 
  29      BC01E202 
ARM GAS  /tmp/cct9LeFg.s 			page 2


  29      463B
  30 0058 0CFC     		.ascii	"\014\374"
  31              		.text
  32              		.section	.gnu.lto_.pureconst.92f60903d0844680,"",%progbits
  33 0000 789C6366 		.ascii	"x\234cf``\340d\200\000\026\006)F)&)f)\000\002\305\000"
  33      6060E064 
  33      80001606 
  33      29462926 
  33      29662900 
  34 0017 7F       		.ascii	"\177"
  35              		.text
  36              		.section	.gnu.lto_nvicEnableVector.92f60903d0844680,"",%progbits
  37 0000 789C9552 		.ascii	"x\234\225R\337K\223Q\030>\317\371\276\355\233\233Zt"
  37      DF4B9351 
  37      183ECFF9 
  37      BEED9B9B 
  37      5A74
  38 0012 132CA26E 		.ascii	"\023,\242n\304+\367E\027\335V\010\335IR\177A\355\306"
  38      C42BF745 
  38      17DD5608 
  38      DD49527F 
  38      41EDC6
  39 0025 413AD188 		.ascii	"A:\321\210\356<sc^\024(\3368\222\335\244\321\217\345"
  39      EE3C7363 
  39      5E1428DE 
  39      3892DDA4 
  39      D18FE5
  40 0038 6C2B2B4D 		.ascii	"l++M\341C\260\274(m\264H\206L\242\005\366\343\"M\230"
  40      E143B0BC 
  40      286DB448 
  40      864CA205 
  40      F6E3224D 
  41 004d 83CADEF7 		.ascii	"\203\312\336\367l\321\205^\324`\347\234\367\307\363"
  41      6CD1855E 
  41      D460E79C 
  41      F7C7F3
  42 005c 3ECF73CE 		.ascii	">\317s\316g\210\335??\375O\032B\234\240\035\206\200"
  42      6788DD3F 
  42      3FFD4F1A 
  42      429CA01D 
  42      8680
  43 006e 1C5A1222 		.ascii	"\034Z\022\"\342\221\000\037\004D\237D\037>\311\015\211"
  43      E291001F 
  43      04449F44 
  43      1F3EC90D 
  43      89
  44 007f 212795F0 		.ascii	"!'\225\3605\337RJ}\033^\216\264;\250H!\276\313\352\034"
  44      35DF524A 
  44      7D1B5E8E 
  44      B43BA848 
  44      21BECBEA 
  45 0094 DC4633F5 		.ascii	"\334F3\365\344W>\304M\343\030\004\235\247\323[\257|"
  45      E4573EC4 
  45      4DE31804 
  45      9DA7D35B 
  45      AF7C
  46 00a6 EBB22271 		.ascii	"\353\262\"q\224\303\231\341\305\204\233Cir85\227~\276"
ARM GAS  /tmp/cct9LeFg.s 			page 3


  46      94C399E1 
  46      C5849B43 
  46      69723835 
  46      977EBE
  47 00b9 AF694CA9 		.ascii	"\257iL\251~g1\253N\231\025i\340\016\014\232\207\273"
  47      7E6731AB 
  47      4E991569 
  47      E00E0C9A 
  47      87BB
  48 00cb F0E31EFC 		.ascii	"\360\343\036\374\202R\002)4Q\367\353\033[y\3238\256"
  48      82520229 
  48      3451F7EB 
  48      1B5B79D3 
  48      38AE
  49 00dd E7E6D22F 		.ascii	"\347\346\322/\3635\344\352\037\344\375=\220\023h\342"
  49      F335E4EA 
  49      1FE4FD3D 
  49      901368E2 
  50 00ed F68DD8CF 		.ascii	"\366\215\330\317w>w\214d\357\257\252E\032n\320>y\300"
  50      773E778C 
  50      64EFAFAA 
  50      451A6ED0 
  50      3E79C0
  51 0100 513B3B63 		.ascii	"Q;;cS\263\031\263\001\340vI@\323\340\305\005&\266\350"
  51      53B319B3 
  51      01E07649 
  51      40D3E0C5 
  51      0526B6E8 
  52 0114 E8F2D0E2 		.ascii	"\350\362\320\342\256\343\305K\213%D\211\206\360\345"
  52      AEE3C54B 
  52      8B254489 
  52      86F0E5
  53 0123 7C949277 		.ascii	"|\224\222w\243\200\376\225\201_e\203\347\226\245,K\210"
  53      A380FE95 
  53      815F6583 
  53      E796A52C 
  53      4B88
  54 0135 02A2ABEE 		.ascii	"\002\242\253\356jlP\212T\214\347\326r\006\273\367\230"
  54      6A6C508A 
  54      548CE7D6 
  54      7206BBF7 
  54      98
  55 0146 029324B1 		.ascii	"\002\223$\261\200\371ap\013\0257\277\250\244\311\305"
  55      80F96170 
  55      0B1537BF 
  55      A8A4C9C5 
  56 0156 3A351F55 		.ascii	":5\037U\215\254z\255\264\234\363\350\224\340\360\346"
  56      8DAC7AAD 
  56      B49CF3E8 
  56      94E0F0E6 
  57 0166 DBEDCF8D 		.ascii	"\333\355\317\215I\214F\224r\254\212\364\342\0019\315"
  57      498C4694 
  57      72AC8AF4 
  57      E20139CD 
  58 0176 D0182E56 		.ascii	"\320\030.V\306\257\373ZR*F\017\342C\026Il\352G\241\312"
  58      C6AFFB5A 
  58      522A460F 
ARM GAS  /tmp/cct9LeFg.s 			page 4


  58      E2431649 
  58      6CEA47A1 
  59 018b B591DCB6 		.ascii	"\265\221\334\266\307\236P\261\210s\210\250\361\020-"
  59      C79E50B1 
  59      887388A8 
  59      F1102D
  60 019a 65E9D2EF 		.ascii	"e\351\322\357\365\0106\211c\245\305\370R\242\275*\326"
  60      F5083689 
  60      63A5C5F8 
  60      52A2BD2A 
  60      D6
  61 01ab A22AC1BE 		.ascii	"\242*\301\276\276\031\235\251gr\267K`J\213\355/\016"
  61      BE199DA9 
  61      6772B74B 
  61      604A8BED 
  61      2F0E
  62 01bd FC90D526 		.ascii	"\374\220\325&\017\217 \334v\315a\035\245\0104;8\270"
  62      0F8F20DC 
  62      76CD611D 
  62      A508343B 
  62      38B8
  63 01cf 6069D011 		.ascii	"`i\320\021\201\307\032\024]\215\227j\327\342\245\216"
  63      81C71A14 
  63      5D8D976A 
  63      D7E2A58E 
  64 01df 17C9F5AC 		.ascii	"\027\311\365\254\266iA\340\011\374\004\325\327\360\376"
  64      B66941E0 
  64      09FC04D5 
  64      D7F0FE
  65 01ee 60ED1EFE 		.ascii	"`\355\036\376\325e=\236j\227\330\345\362pE6`\232]Z\332"
  65      D5653D9E 
  65      6A97D8E5 
  65      F2704536 
  65      609A5D5A 
  66 0203 E50CBBF4 		.ascii	"\345\014\273\364j\226\314\302\206\353\277y\236i\036"
  66      6A96CCC2 
  66      86EBBF79 
  66      9E691E
  67 0212 B937CFEC 		.ascii	"\2717\317\354_\236\271*O\021\021g\344\014\263p\266D"
  67      5F9EB92A 
  67      4F111167 
  67      E40CB370 
  67      B644
  68 0224 02E90321 		.ascii	"\002\351\003!tK `\267v\204.\206\316\236\267\303\275"
  68      744B2060 
  68      B776842E 
  68      86CE9EB7 
  68      C3BD
  69 0236 76C7854B 		.ascii	"v\307\205Kvw\270\347r\257\035\014wv\206\273\354\323"
  69      7677B8E7 
  69      72AF1D0C 
  69      777686BB 
  69      ECD3
  70 0248 E7DA5ADB 		.ascii	"\347\332Z\333\256\332]WB\301@P\240\313\354\356\011\205"
  70      AEDA5D57 
  70      42C14050 
  70      A0CBECEE 
ARM GAS  /tmp/cct9LeFg.s 			page 5


  70      0985
  71 025a 7F035FA8 		.ascii	"\177\003_\250/j"
  71      2F6A
  72              		.text
  73              		.section	.gnu.lto_nvicDisableVector.92f60903d0844680,"",%progbits
  74 0000 789C8D91 		.ascii	"x\234\215\221\313k\023Q\024\306\357wf2IM\250\342\306"
  74      CB6B1351 
  74      14C6EF77 
  74      6632494D 
  74      A8E2C6
  75 0013 1211DD94 		.ascii	"\022\021\335\224\256\222\253\377\201RpW\024\375\013"
  75      AE92ABFF 
  75      81527057 
  75      14FD0B
  76 0022 349B066C 		.ascii	"4\233\006l\"V\304]o\232\030\027\012-\335X)\331\264\276"
  76      2256C45D 
  76      6F9A1817 
  76      0A2DDD58 
  76      29D9B4BE 
  77 0036 D3A63535 		.ascii	"\323\24655>\212\302P\360\265P)\266(E\"b\224\372X4Uh"
  77      3E8AC250 
  77      F0B55029 
  77      B6284522 
  77      6294FA58 
  78 004d 06947ACE 		.ascii	"\006\224z\316\214\013\241\033\007\346\3369\347\376\276"
  78      8C0BA11B 
  78      07E6DE39 
  78      E7FEBE
  79 005c F39D33D7 		.ascii	"\363\2353\327R\233\2378\277iRj\037\357\260\024h\370"
  79      529B9F38 
  79      BF69526A 
  79      1FEFB014 
  79      68F8
  80 006e A552B908 		.ascii	"\245R\271\010\001\362\241\240\006\010\003\370BM\302"
  80      01F2A1A0 
  80      060803F8 
  80      424DC2
  81 007d B05B1E8D 		.ascii	"\260[\036\215v]5\306\254\216\317v\234\353\360X\366\203"
  81      765D35C6 
  81      AC8ECF76 
  81      9CEBF058 
  81      F683
  82 008f 8232B88E 		.ascii	"\2022\270\216.F\026\337~,\332\326^(\376~P\371\371\""
  82      2E4616DF 
  82      7E2CDAD6 
  82      5E28FE7E 
  82      50F9F922 
  83 00a3 BA421E61 		.ascii	"\272B\036a\217\204s#\317F\035\011\311\226\260\366\250"
  83      8F847323 
  83      CF461D09 
  83      C996B0F6 
  83      A8
  84 00b4 F2646BE7 		.ascii	"\362dk\347\2041\203\356\363\252\331o{d\341\006,\256"
  84      843183EE 
  84      F3AAD96F 
  84      7B64E106 
  84      2CAE
ARM GAS  /tmp/cct9LeFg.s 			page 6


  85 00c6 879B88E3 		.ascii	"\207\233\210\343\026\342\212S\012et\012\336,\374~\023"
  85      16E28A53 
  85      0A65740A 
  85      DE2CFC7E 
  85      13
  86 00d7 750AECBD 		.ascii	"u\012\354\275-\360\304$\034\360>\275\3355\033\033\023"
  86      2DF0C424 
  86      1CF03EBD 
  86      DD351B1B 
  86      13
  87 00e8 D7266B76 		.ascii	"\327&kv\033 8\261\320\266x\011\331\262\204xq\224j\260"
  87      1B2038B1 
  87      D0B67809 
  87      D9B28478 
  87      71946AB0 
  88 00fc 4826FA44 		.ascii	"H&\372D$\273\265\214|\275\370\371\362a\251\263N\264"
  88      24BBB58C 
  88      7CBDF8F9 
  88      F261A9B3 
  88      4EB4
  89 010e CE1684EF 		.ascii	"\316\026\204\357\257\307\346b\322#\2530\305-,c\260~"
  89      AFC7E662 
  89      D223AB30 
  89      C52D2C63 
  89      B07E
  90 0120 FE170590 		.ascii	"\376\027\005\220\305\020g\362-'\210mN\261\350\341\320"
  90      C51067F2 
  90      2D27886D 
  90      4EB1E8E1 
  90      D0
  91 0131 D0E3B02F 		.ascii	"\320\343\260/\332\255P\361E\371w\305\206\025@!&\236"
  91      DAAD50F1 
  91      45F977C5 
  91      86154021 
  91      269E
  92 0143 9656AAB6 		.ascii	"\226V\252\266\020\3341\246\021g)C\363#\037v\010\303"
  92      10DC31A6 
  92      11672943 
  92      F3231F76 
  92      08C3
  93 0155 C0DA3753 		.ascii	"\300\3327S\362\201\260\231\317\233v\031\370}\343\325"
  93      F281B099 
  93      CF9B7619 
  93      F87DE3D5 
  94 0165 42C44F29 		.ascii	"B\304O)\011\307\227Z_\333K\030\313\031\343\206=\212"
  94      09C7975A 
  94      5FDB4B18 
  94      CB19E386 
  94      3D8A
  95 0177 60867FD2 		.ascii	"`\206\177\322m6\223C\357\312\305h\242l\012\360\250\015"
  95      6D369343 
  95      EFCAC568 
  95      A26C0AF0 
  95      A80D
  96 0189 5594B0E6 		.ascii	"U\224\260\346\337\012\237\\\270\264\320\212\350)S\310"
  96      DF0A9F5C 
  96      B8B4D08A 
ARM GAS  /tmp/cct9LeFg.s 			page 7


  96      E82953C8 
  97 0199 B9BB3CDA 		.ascii	"\271\273<\332\202Y$xX\377\302\356@sw\322\307\352\314"
  97      82592478 
  97      58FFC2EE 
  97      407377D2 
  97      C7EACC
  98 01ac 62D3FADB 		.ascii	"b\323\372\333\311\377\372DQ\363}\260\311g\247G1\334"
  98      C9FFFA44 
  98      51F37DB0 
  98      C967A747 
  98      31DC
  99 01be 151FF83E 		.ascii	"\025\037\370>\367\240\377\035'\306\251\373\\\257\216"
  99      F7A0FF1D 
  99      27C6A9FB 
  99      5CAF8E
 100 01cd 9CBB7450 		.ascii	"\234\273tP\\\205j0\314\267\302\235%\222I\335\335\233"
 100      5C856A30 
 100      CCB7C29D 
 100      259249DD 
 100      DD9B
 101 01df 3E9E3E74 		.ascii	">\236>tTg\373u\357\261\023\372d\366\324\351~\235\312"
 101      5467FB75 
 101      EFB113FA 
 101      64F6D4E9 
 101      7E9DCA
 102 01f2 F6F56533 		.ascii	"\366\365e3\372\300\221\236\356\236\263:s&\235J\246\024"
 102      FAC0919E 
 102      EE9EB33A 
 102      73269D4A 
 102      A614
 103 0204 327F0097 		.ascii	"2\177\000\227?\347s"
 103      3FE773
 104              		.text
 105              		.section	.gnu.lto_nvicSetSystemHandlerPriority.92f60903d0844680,"",%progbits
 106 0000 789C6D51 		.ascii	"x\234mQ=hSQ\024>\337\271//\321\250\025\247\022\027\227"
 106      3D685351 
 106      143EDFB9 
 106      2F2FD1A8 
 106      15A71217 
 107 0015 D029798E 		.ascii	"\320)y\216\035\034\224\016NE\320\315\255F!\2016\257"
 107      1D1C940E 
 107      4E45D0CD 
 107      AD462181 
 107      36AF
 108 0027 A4226EBD 		.ascii	"\244\"n\275i\237t\221R:\0255\010F\261\2326\265U\020"
 108      699F7491 
 108      523A1535 
 108      0846B19A 
 108      36B55510 
 109 003b 9D9E0E52 		.ascii	"\235\236\016R\212V\003\205J(\206B\224\212\213\375\201"
 109      8A560385 
 109      4A288642 
 109      948A8BFD 
 109      81
 110 004c F0A0359E 		.ascii	"\360\2405\236\373B'\275p\177\316\317\367\235\357\334"
 110      FB4227BD 
 110      707FCECF 
ARM GAS  /tmp/cct9LeFg.s 			page 8


 110      F79DEFDC 
 111 005c A3E8DF95 		.ascii	"\243\350\337\225\220\275\011\242srC\021xj\225\250\030"
 111      90BD09A2 
 111      73724311 
 111      786A95A8 
 111      18
 112 006d 63C03C08 		.ascii	"c\300<\0104\312\030\305O\336fL\371\225\231x\317\023"
 112      34CA18C5 
 112      4FDE664C 
 112      F9959978 
 112      CF13
 113 007f ADF5EF47 		.ascii	"\255\365\357G\257\273\357t\007L\264\313\035\032<E\217"
 113      AFBBEF74 
 113      074CB4CB 
 113      1D1A3C45 
 113      8F
 114 0090 A43C9C5D 		.ascii	"\244<\234]\237\353RgA\362~S\335\373\024\337\342\200"
 114      9FEB5267 
 114      41F27E53 
 114      DDFB14DF 
 114      E280
 115 00a2 71C6986F 		.ascii	"q\306\230o\247\227glc\262e\314\305}o\037\311\262\326"
 115      A797676C 
 115      63B265CC 
 115      C57D6F1F 
 115      C9B2D6
 116 00b5 63FEC692 		.ascii	"c\376\306\222>o\005\2540\013%|x\206\004\236#A\342\""
 116      3E6F05AC 
 116      300B257C 
 116      7886049E 
 116      2341E222 
 117 00c9 549094EC 		.ascii	"T\220\224\354/\367\366\326,\325\033\362\326\252\037"
 117      2FF7F6D6 
 117      2CD51BF2 
 117      D6AA1F
 118 00d8 D7BA3AC8 		.ascii	"\327\272:\310?\207\310\271\377 \347\2214\351\333\336"
 118      3F87C8B9 
 118      FF20E791 
 118      34E9DBDE 
 119 00e8 C17ADCF6 		.ascii	"\301z\334\366D\365\311\203C\301\250\302\226\236i\341"
 119      44F5C983 
 119      43C1A8C2 
 119      969E69E1 
 120 00f8 94AFDBED 		.ascii	"\224\257\333\355\362\207w\245(\242\200\201\260\200-"
 120      F28777A5 
 120      28A28081 
 120      B0802D
 121 0107 658E084C 		.ascii	"e\216\010Lq\242\246 \314_|g6\267\252c\354\353\304\217"
 121      71A2A620 
 121      CC5F7C67 
 121      36B7AA63 
 121      ECEBC48F 
 122 011b 07570D49 		.ascii	"\007W\015I\213\271\305\240:\3067\354\216\255\304%U\037"
 122      8BB9C5A0 
 122      3AC637EC 
 122      8EADC425 
 122      551F
ARM GAS  /tmp/cct9LeFg.s 			page 9


 123 012d D71A3565 		.ascii	"\327\0325e\272\215X\204\005\221T\307\373i\230\024\011"
 123      BA8D5884 
 123      059154C7 
 123      FB699814 
 123      09
 124 013e FEDA996C 		.ascii	"\376\332\231l\0345A[\327\307\365\011\243\262\321\374"
 124      1C35415B 
 124      D7C7F509 
 124      A3B2D1FC 
 125 014e 5C8B852E 		.ascii	"\\\213\205.\012\177g\245\275r\254\204\373E\255};\340"
 125      0A7F67A5 
 125      BD72AC84 
 125      FB45AD7D 
 125      3BE0
 126 0160 285E4867 		.ascii	"(^Hg\213Bc\202\223\273\313\233GR\025\355!\340\030\226"
 126      8B426382 
 126      93BBCB9B 
 126      475215ED 
 126      21E01896 
 127 0174 50C24E38 		.ascii	"P\302N8\005\011UW\313w\217;\363\332+\372\247\2456^\""
 127      05095557 
 127      CB778F3B 
 127      F3DA2BFA 
 127      A7A5365E 
 128 0189 D5E24838 		.ascii	"\325\342H8\240WpD\035}C\321/]4B\214\267)\342\245'\201"
 128      A0577044 
 128      1D7D43D1 
 128      2F5D3442 
 128      8CB729E2 
 129 01a0 A7D269A7 		.ascii	"\247\322i\247/\233\273\226\273t\305qG\234\354\300\240"
 129      2F9BBB96 
 129      BB74C571 
 129      479CECC0 
 129      A0
 130 01b1 33EC166E 		.ascii	"3\354\026n\2168\031wh\310\315;\027.\367\367\365\337"
 130      8E381977 
 130      68C8CD3B 
 130      172EF7F7 
 130      F5DF
 131 01c3 76F2B772 		.ascii	"v\362\267r\231t\206\242\331\201\374\365\301\033\005"
 131      997486A2 
 131      D981FCF5 
 131      C11B05
 132 01d2 6BB89073 		.ascii	"k\270\220s\377\002\215\375\273\226"
 132      FF028DFD 
 132      BB96
 133              		.text
 134              		.section	.gnu.lto_nvicClearPending.92f60903d0844680,"",%progbits
 135 0000 789C6551 		.ascii	"x\234eQMkSQ\020\2353\367\345%%R\305U\011\210.,]%W\377"
 135      4D6B5351 
 135      109D33F7 
 135      E5252552 
 135      C5550988 
 136 001a 81D285AB 		.ascii	"\201\322\205\253\242\350/\320l\032\260\211X\021w\275"
 136      A2E82FD0 
 136      6C1AB089 
 136      581177BD 
ARM GAS  /tmp/cct9LeFg.s 			page 10


 137 002a 69625D58 		.ascii	"ib]Xh\351\306B\311F-~\304\246Zqa\265\360((\335\250D"
 137      68E9C642 
 137      C9462D7E 
 137      C4A65A71 
 137      61B5F028 
 138 0042 2B4A91B8 		.ascii	"+J\221\270h\004\277\026\266V\232\267\320:\363\236;\037"
 138      6804BF16 
 138      B6569AB7 
 138      D03AF39E 
 138      3B1F
 139 0054 BCB977CE 		.ascii	"\274\271w\316=\347\314\314\275\206\376\3772\362\377"
 139      3DE7CCCC 
 139      BD86FEFF 
 139      32F2FF
 140 0063 02D16159 		.ascii	"\002\321aYa\010<\371\222\250\234b@7\004\032a\214\340"
 140      61083CF9 
 140      92A89C62 
 140      4037041A 
 140      618CE0
 141 0076 0B6F3026 		.ascii	"\013o0&\203\372t\272o\3269\367\343\365\223\236\313="
 141      83FA74BA 
 141      6FD639F7 
 141      E3F5939E 
 141      CB3D
 142 0088 2113FDE4 		.ascii	"!\023\375\344\330\006\267\320'\224\325\367\353c\236"
 142      D806B7D0 
 142      2794D5F7 
 142      EB639E
 143 0097 390492FD 		.ascii	"9\004\222\375\343\306\326\213\364g\016\031\0074]\234"
 143      E3C6D68B 
 143      F4670E19 
 143      07345D9C 
 144 00a7 5A99F635 		.ascii	"Z\231\3665eO\323GK\215\347\273{o87\032\254,\270#^\310"
 144      654FD347 
 144      4B8DE7BB 
 144      7B6F3837 
 144      1AAC2CB8 
 145 00be 06B761C4 		.ascii	"\006\267a\304\017w\220\301]dH B\035\275J\337\250\376"
 145      0F7790C1 
 145      5D644820 
 145      421DBD4A 
 145      DFA8FE
 146 00d1 7E97F6AB 		.ascii	"~\227\366\253R{O\\\023\367\340K\3334\2777p;;\353\263"
 146      527B4F5C 
 146      13F7E04B 
 146      DB34BF37 
 146      703B3BEB 
 147 00e6 E34B5E17 		.ascii	"\343K^\027\240t\026\241g$$<\015\011\015\276bDmQ\352"
 147      A07416A1 
 147      6724243C 
 147      0D090DBE 
 147      62446D51 
 148 00fb 589F9875 		.ascii	"X\237\230u5k\250\264\306\376\324N\250\3316\363\266\324"
 148      356BA8B4 
 148      C6FED44E 
 148      A8D936F3 
 148      B6D4
ARM GAS  /tmp/cct9LeFg.s 			page 11


 149 010d 617C7F33 		.ascii	"a|\1773\263\270K\033\025)\346\244\2175\214\266\256\254"
 149      B3B84B1B 
 149      1529E6A4 
 149      8F358CB6 
 149      AEAC
 150 011f 9A986484 		.ascii	"\232\230d\204$H\245\343\307\271'\220\210\236NL<KF\242"
 150      2448A5E3 
 150      C7B92790 
 150      889E4E4C 
 150      3C4B46A2 
 151 0133 FD844624 		.ascii	"\375\204F$\252|\370GI\340`F\210\261\317\026\307\240"
 151      AA7CF847 
 151      49E06046 
 151      88B1CF16 
 151      C7A0
 152 0145 E2822C4F 		.ascii	"\342\202,OAsq\330\374\346j\236:\370n\271\342\272u\350"
 152      417371D8 
 152      FCE66A9E 
 152      3AF86EB9 
 152      E2BA75E8 
 153 0159 8FED57CD 		.ascii	"\217\355W\315T\004\221\246\327\337v\276v\3270Sv.H\206"
 153      540491A6 
 153      D7DF76BE 
 153      76D73053 
 153      762E4886 
 154 016d 9CC4BC5C 		.ascii	"\234\304\274\\\324}\251\245\207\341\315\361t\266\356"
 154      D47DA9A5 
 154      87E1CDF1 
 154      74B6EE
 155 017c AA083985 		.ascii	"\252\0109\205\007\250a3z\0319\271z\255\331I\3319W-\007"
 155      07A86133 
 155      7A1939B9 
 155      7AADD949 
 155      D939572D 
 156 0191 FB42EEC2 		.ascii	"\373B\356\302\002\2622k\364h\017a\245\023j\241\0344"
 156      02B2326B 
 156      F4680F61 
 156      A5136AA1 
 156      1C34
 157 01a3 8F691F8A 		.ascii	"\217i\037\212\266e@\271\034ads9\333?X8S8~\312\226\206"
 157      B66540B9 
 157      1C616473 
 157      39DB3F58 
 157      3853387E 
 158 01ba EDE0E9B3 		.ascii	"\355\340\351\263\366\\\351\374\205a\233/\015\015\225"
 158      F65CE9FC 
 158      85619B2F 
 158      0D0D95
 159 01c9 8AF6E8C9 		.ascii	"\212\366\350\311\201\376\201K\266x\261\220\317\345\011"
 159      81FE814B 
 159      B678B190 
 159      CFE509
 160 01d8 C5BF674D 		.ascii	"\305\277gM\274K"
 160      BC4B
 161              		.text
 162              		.section	.gnu.lto_.symbol_nodes.92f60903d0844680,"",%progbits
 163 0000 789C6366 		.ascii	"x\234cf``pc\200\002\246>\246z\006\206\011\347\030\030"
ARM GAS  /tmp/cct9LeFg.s 			page 12


 163      60607063 
 163      8002A63E 
 163      A67A0686 
 163      09E71818 
 164 0014 EAEB19E6 		.ascii	"\352\353\031\346-\340``\352g\252gD\021\230\300T\317"
 164      2DE06060 
 164      EA67AA67 
 164      441198C0 
 164      54CF
 165 0026 84223091 		.ascii	"\204\"0\221\251\236\031Y\200\001\000\256\276\023\""
 165      A99E1959 
 165      800100AE 
 165      BE1322
 166              		.text
 167              		.section	.gnu.lto_.refs.92f60903d0844680,"",%progbits
 168 0000 789C6366 		.ascii	"x\234cf```d\200\002\000\000=\000\005"
 168      60606064 
 168      80020000 
 168      3D0005
 169              		.text
 170              		.section	.gnu.lto_.decls.92f60903d0844680,"",%progbits
 171 0000 789CBD58 		.ascii	"x\234\275XkPTG\026\236\276=\0140\014\340\352\256\246"
 171      6B505447 
 171      169EBE3D 
 171      0C300CE0 
 171      EAAEA6
 172 0013 A86CAD31 		.ascii	"\250l\2551UT\262\025\035c\334l\362+!`V\266\312\204\035"
 172      5554B215 
 172      1D63DC6C 
 172      F22B2160 
 172      56B6CA84 
 173 0028 8C7FF607 		.ascii	"\214\177\366\007!8\211T!\2708n%\377.\016\321A@\011\202"
 173      21388954 
 173      21B8386E 
 173      25FF2E0E 
 173      D1414009 
 174 003d A23C1C05 		.ascii	"\242<\034\005\344\255\274DA\336*\242\200\200\242\200"
 174      E4ADBC44 
 174      41DE2AA2 
 174      8080A280 
 175 004d 280C3E00 		.ascii	"(\014>\000\001\005\005\005\204\205=\335}\357<\256\003"
 175      01050505 
 175      84853DDD 
 175      7DEF3CAE 
 175      03
 176 005e 9BAADDDA 		.ascii	"\233\252\335\332[\234;sn\177}\372;\347\236>}\030,\223"
 176      5B9C3B73 
 176      6E7F7DFA 
 176      3BE79E3E 
 176      7D182C93 
 177 0072 C952904C 		.ascii	"\311R\220L\266\000W\354*\231l\007'\2239\3003?\231\345"
 177      B60057EC 
 177      2A996C07 
 177      279339C0 
 177      333F99E5 
 178 0086 92839481 		.ascii	"\222\203\224\201T\200T\202T\313\336\274\310\270\233"
 178      54805482 
ARM GAS  /tmp/cct9LeFg.s 			page 13


 178      54CBDEBC 
 178      C8B89B
 179 0095 308F7CAA 		.ascii	"0\217|\252@\012AV\202\274\003\362W\220\315 WA\226\301"
 179      400A4156 
 179      82BC03F2 
 179      5790CD20 
 179      574196C1 
 180 00a9 7A6E2013 		.ascii	"zn \023\360\275\035\244\011\004\203\270\3003\016D\206"
 180      F0BD1DA4 
 180      090483B8 
 180      C0330E44 
 180      86
 181 00ba E81FB529 		.ascii	"\350\037\265)\275\010\007W;\353X\257!\332\027mO\010"
 181      BD080757 
 181      3BEB58AF 
 181      21DA176D 
 181      4F08
 182 00cc EB72048F 		.ascii	"\353r\004\217\330:H\260%\275\210\177\316\213\370Al\004"
 182      D83A48B0 
 182      25BD887F 
 182      CE8BF841 
 182      6C04
 183 00de C2C46F41 		.ascii	"\302\304oA\326\0106\276\026>+\031m\331.dk\217\304J\271"
 183      D60836BE 
 183      163E2B19 
 183      6DD92E64 
 183      6B8FC44A 
 184 00f3 045F2957 		.ascii	"\004_)W2\235\023l\332\213\363s\016\225\237\231lq\031"
 184      329D136C 
 184      DA8BF373 
 184      0E959F99 
 184      6C7119
 185 0106 E2909B72 		.ascii	"\342\220\233r5Q+\342\033\223\024\240\252\224r\242\326"
 185      35512BE2 
 185      1B9314A0 
 185      AA9472A2 
 185      D6
 186 0117 544F3728 		.ascii	"TO7(1\230\200\357\351I\375\035\312\017ry\2367\360\265"
 186      319880EF 
 186      E949FD1D 
 186      CA0F7279 
 186      9E37F0B5 
 187 012b 5DC86222 		.ascii	"]\310b\"\306`\272\246\304\313)(\342\364\305\030G\230"
 187      C660BAA6 
 187      C4CB2928 
 187      E2F4C518 
 187      4798
 188 013d FF8E920E 		.ascii	"\377\216\222\016\365%\317d8S\225\244\204;<\342\032\007"
 188      F525CF64 
 188      385395A4 
 188      843B3CE2 
 188      1A07
 189 014f F87437E4 		.ascii	"\370t7\344\251\314\000C\343U\361\015o\363\274\034\235"
 189      A9CC0043 
 189      E355F10D 
 189      6FF3BC1C 
 189      9D
ARM GAS  /tmp/cct9LeFg.s 			page 14


 190 0160 454A9487 		.ascii	"EJ\224\2070\312E\037\020\332d6\271\014<\277\227\217"
 190      30CA451F 
 190      10DA6436 
 190      B90C3CBF 
 190      978F
 191 0172 D3F3CE8D 		.ascii	"\323\363\316\215n2\224\205<P6\362\220\2413\310\023\020"
 191      6E329485 
 191      3C5036F2 
 191      90A133C8 
 191      1310
 192 0184 148BF2E1 		.ascii	"\024\213\362\341a\001<\004\303W\346\252#\035\220\322"
 192      61013C04 
 192      C357E6AA 
 192      231D90D2 
 193 0194 D3FEA422 		.ascii	"\323\376\244\";\223(\205\341\364\243+\011\205B\240\220"
 193      3B932885 
 193      E1F4A32B 
 193      098542A0 
 193      90
 194 01a5 63A1008C 		.ascii	"c\241\000\214\314\016\032\012\012+\235\345\360\302)"
 194      CC0E1A0A 
 194      0A2B9DE5 
 194      F0C229
 195 01b4 E8EF3432 		.ascii	"\350\35742\307\333\362\223U\346g\305\210>,8\364\362"
 195      C7DBF293 
 195      55E667C5 
 195      883E2C38 
 195      F4F2
 196 01c6 B26A5522 		.ascii	"\262jU\"\230%\004\226\311\221\337J3\003\031*E\260%P"
 196      98250496 
 196      C991DF4A 
 196      3303192A 
 196      45B02550 
 197 01da 099233AB 		.ascii	"\011\2223\253\305\035yiJ|\036\321\270\025vt\347\342"
 197      C51D7969 
 197      4A7C1ED1 
 197      B8157674 
 197      E7E2
 198 01ec D569BCB1 		.ascii	"\325i\274\261p<)+\015\037\343\215{\371\371\205\005D"
 198      703C292B 
 198      0D1FE38D 
 198      7BF9F985 
 198      0544
 199 01fe 67A17366 		.ascii	"g\241sf^2\362\235\362Beh\365\"\334zJ\346\237\271/J\343"
 199      5E32F29D 
 199      F2426568 
 199      F522DC7A 
 199      4AE69FB9 
 200 0215 02A5715E 		.ascii	"\002\245q^\244\321\034\263\377\212\012\277b4\252\232"
 200      A4D11CB3 
 200      FF8A0ABF 
 200      6234AA9A 
 201 0225 EA5E3950 		.ascii	"\352^9P\032\306\343\351\212F\276va\34132\001\225[1("
 201      1AC6E3E9 
 201      8A46BE76 
 201      61E13332 
 201      01955B31 
ARM GAS  /tmp/cct9LeFg.s 			page 15


 202 023a 17195450 		.ascii	"\027\031TP\006\011\027\312\365\256\330\300\222\244\360"
 202      060917CA 
 202      F5AED8C0 
 202      92A4F0
 203 0249 6992DE91 		.ascii	"i\222\336\221\031\2500\033 .\\\2642pQ4PI\015t\307\360"
 203      19A8301B 
 203      202E5CB4 
 203      32705134 
 203      50490D74 
 204 025f D3729CC9 		.ascii	"\323r\234\311\014\314\324N\215\010\006\356\3330\250"
 204      0CCCD44E 
 204      8D0806EE 
 204      DB30A8
 205 026e B2325025 		.ascii	"\2622P%\032\250\246\006\304\244[\311\222\356`\323\361"
 205      1AA8A606 
 205      C4A45BC9 
 205      92EE60D3 
 205      F1
 206 027f 3A4CD505 		.ascii	":L\325\005j\362h{\327y9.c\366\017\364\3444;\342j\252"
 206      6AF2687B 
 206      D779392E 
 206      63F60FF4 
 206      E4343BE2 
 207 0295 70F10F27 		.ascii	"p\361\017'3\221\2302\343\361<~K\206>\360@\357C\276\\"
 207      33919832 
 207      E3F13C7E 
 207      4B863EF0 
 207      40EF43BE 
 208 02aa 867C5929 		.ascii	"\206|Y)\344K\015\304\256V\314\227\252\327&D\362\345"
 208      E44B0DC4 
 208      AE56CC97 
 208      AAD72644 
 208      F2E5
 209 02bc 1284BBDE 		.ascii	"\022\204\273\336\222/+\315\351\302\231:3\377f\337h\303"
 209      922F2BCD 
 209      E9C2993A 
 209      33FF66DF 
 209      68C3
 210 02ce 624687D3 		.ascii	"bF\207\323\233~G\214^\001\243u\026\243\227\254\222\360"
 210      9B7E478C 
 210      5E01A375 
 210      16A397AC 
 210      92F0
 211 02e0 4E4CC451 		.ascii	"NL\304Q\254\004\243\372_a\024]EJ\2303\030\315O\312\351"
 211      AC04A3FA 
 211      5F61145D 
 211      454A9833 
 211      18CD4FCA 
 212 02f5 E6369AA8 		.ascii	"\3466\232\250\367\255\327\027\014nt{G\276M\364\375\327"
 212      F7ADD717 
 212      0C6E747B 
 212      47BE4DF4 
 212      FDD7
 213 0307 3BBB15B8 		.ascii	";\273\025\270\221\205\346i}\306\217l\201_\265{`\306"
 213      9185E669 
 213      7DC68F6C 
 213      815FB57B 
ARM GAS  /tmp/cct9LeFg.s 			page 16


 213      60C6
 214 0319 C5E69CB3 		.ascii	"\305\346\234\263\034\265\317s\326\305D\305\212\311T"
 214      1CB5CF73 
 214      D6C544C5 
 214      8AC954
 215 0328 BA690451 		.ascii	"\272i\004Q\325\221\250\246\3718\336\235,\300\013\013"
 215      D591A8A6 
 215      F938DE9D 
 215      2CC00B0B 
 216 0338 C080555E 		.ascii	"\300\200U^\266\022g\321{\036\350\0063^R<\325\352\266"
 216      B61267D1 
 216      7B1EE806 
 216      335E523C 
 216      D5EAB6
 217 034b 3C8EC279 		.ascii	"<\216\302y~\265\216&x3\300[(\274\015-\027'\321\"4<9"
 217      7EB58E26 
 217      7833C05B 
 217      28BC0D2D 
 217      1727D122 
 218 0362 E7608D6E 		.ascii	"\347`\215nZ\012\335\233[q\331\005\337d~7<\251>\250b"
 218      5A0ADD9B 
 218      5B71D905 
 218      DF647E37 
 218      3CA93EA8 
 219 0377 5E28680E 		.ascii	"^(h\016\327\344E9S\332\337\022\365^\333\355<\026\263"
 219      D7E44539 
 219      53DADF12 
 219      F55EDBED 
 219      3C16B3
 220 038a 55449D7F 		.ascii	"UD\235\177h\230pX\334\213;\242\027\267\231\027\325\205"
 220      68987058 
 220      DC8B3BA2 
 220      17B79917 
 220      D585
 221 039c A3C71452 		.ascii	"\243\307\024R/n\001\274\203\302;)\257;\"\257\214\256"
 221      2F6E01BC 
 221      83C23B29 
 221      AF3B22AF 
 221      8CAE
 222 03ae 43291877 		.ascii	"C)\030w2^\373S\026N\271\342~\246$V\246\3043R<\325[\322"
 222      325EFB53 
 222      164EB9E2 
 222      7EA62456 
 222      A6C43352 
 223 03c6 52CF633C 		.ascii	"R\317c<\300\006/\267\367\344\261\252m\244\272\341\312"
 223      C0062FB7 
 223      F7E4B1AA 
 223      6DA4BAE1 
 223      CA
 224 03d7 749B1C8F 		.ascii	"t\233\034\217\261A\361%\251\204\2274P\320\220\356\206"
 224      B141F125 
 224      A9849734 
 224      50D090EE 
 224      86
 225 03e8 2705DF5B 		.ascii	"'\005\337[\332\037\261Wd\244\203\257\236\324\235v\304"
 225      DA1FB157 
 225      64A483AF 
ARM GAS  /tmp/cct9LeFg.s 			page 17


 225      9ED49D76 
 225      C4
 226 03f9 F3C25E3C 		.ascii	"\363\302^<\034\225\310\314\362\230\350\013eI\327\\\261"
 226      1C95C8CC 
 226      F298E80B 
 226      6549D75C 
 226      B1
 227 040a 1ED3C1E6 		.ascii	"\036\323\301\346c\031\031*6\223\016\3664\307\315\252"
 227      6319192A 
 227      36930EF6 
 227      34C7CDAA 
 228 041a 702C1B3C 		.ascii	"p,\033<4\336\036+\260\245\025\351i\346\3340KD\336\215"
 228      34DE1E2B 
 228      B0A515E9 
 228      69E6DC30 
 228      4B44DE8D 
 229 042e 729A2ECB 		.ascii	"r\232.\313b1ey\311\277>\"\204\374\317\264\270\326\036"
 229      62316579 
 229      C9BF3E22 
 229      84FCCFB4 
 229      B8D61E
 230 0441 69735E3C 		.ascii	"is^<\306\303b\214\237\260\030w\334HKx#S\006\001>D\341"
 230      C6C3628C 
 230      9FB01877 
 230      DC484B78 
 230      23530601 
 231 0458 2334C6C3 		.ascii	"#4\306\303b\214g\347s\306\\q<#\232Y;\025\315\202c\244"
 231      628C67E7 
 231      73C65C71 
 231      3C239A59 
 231      3B15CD82 
 232 046e 44B36BE2 		.ascii	"D\263k\342\263\004\242\3564\314\307L\245\214\3508\305"
 232      B304A2EE 
 232      34CCC74C 
 232      A58CE838 
 232      C5
 233 047f 47761A5A 		.ascii	"Gv\032Z\035\251>F\365\254g\267\012\235\026g\372\\d:"
 233      1DA93E46 
 233      F5AC67B7 
 233      0A9D1667 
 233      FA5C643A 
 234 0493 CE984EF7 		.ascii	"\316\230N\367\236\257r\2670Et\303?\003\370\030\205\277"
 234      9EAF72B7 
 234      304574C3 
 234      3F03F818 
 234      85BF
 235 04a5 A04C9F8B 		.ascii	"\240L\237\213L\347\253g\232T\326\350\253K\241Ot<OV\341"
 235      4CE7AB67 
 235      9A54D6E8 
 235      AB4BA14F 
 235      743C4F56 
 236 04ba 146C93D3 		.ascii	"\024l\223\323*!\247\307\215\027\372\235\231_')`!s\364"
 236      2A21A7C7 
 236      8D17FA9D 
 236      995F2729 
 236      602173F4 
 237 04ce B01305C4 		.ascii	"\260\023\005\304\375\226\350\247\366V\014\272R]\357"
ARM GAS  /tmp/cct9LeFg.s 			page 18


 237      FD96E8A7 
 237      F6560CBA 
 237      525DEF
 238 04dd 40F4BCD9 		.ascii	"@\364\274\331[#K\244\371\214\350\3304s,\366n\211\\\372"
 238      5B234BA4 
 238      F98CE8D8 
 238      34732CF6 
 238      6E895CFA 
 239 04f1 065E017A 		.ascii	"\006^\001z\212\242_S\2463\"\323;W\356\336s\305'\030"
 239      8AA25F53 
 239      A63322D3 
 239      3B57EEDE 
 239      73C52718 
 240 0505 D3ECD2DB 		.ascii	"\323\354\322\333&\226\201\343\264J\214O\317\335t\306"
 240      269681E3 
 240      B44A8C4F 
 240      CFDD74C6 
 241 0515 396C509F 		.ascii	"9lP\237\337;\243dn\220z\345>\223\035\375\007\264F\274"
 241      DF3BA364 
 241      6E907AE5 
 241      3E931DFD 
 241      07B446BC 
 242 0529 56909BA7 		.ascii	"V\220\233\247\221\024\320\336\330a\377x\236\317x\213"
 242      9114D0DE 
 242      D861FF78 
 242      9ECF788B 
 243 0539 AC8566A1 		.ascii	"\254\205f\241\204\032\270\025f\006h\216\322\370#\334"
 243      841AB815 
 243      6606688E 
 243      D2F823DC 
 244 0549 64463E32 		.ascii	"dF>2\302\030\253n\\\217\332\001yS@\212\225\002\\\262"
 244      C218AB6E 
 244      5C8FDA01 
 244      7953408A 
 244      95025CB2 
 245 055d 02EA8D39 		.ascii	"\002\352\2159g\025\200$\265\344_\002\322\\\023\347%"
 245      67158024 
 245      B5E45F02 
 245      D25C13E7 
 245      25
 246 056e 3693459B 		.ascii	"6\223E\233\375R\233\017\254\221<o<H\220\260\363Q\227"
 246      FD529B0F 
 246      AC913C6F 
 246      3C4890B0 
 246      F35197
 247 0581 8014EB81 		.ascii	"\200\024\353\201P\254,\310\343\"\262O\2124I\220)\"\362"
 247      50AC2CC8 
 247      E322B24F 
 247      8A344990 
 247      2922F2
 248 0594 A114F948 		.ascii	"\241\024\371H\202L\022\221=R\344=\211G\251\242G\217"
 248      824C1291 
 248      3D52E43D 
 248      8947A9A2 
 248      478F
 249 05a6 A51E0D58 		.ascii	"\245\036\015X\220\277\010/\375s\235\0145\302\3705:D"
 249      90BF082F 
ARM GAS  /tmp/cct9LeFg.s 			page 19


 249      FD739D0C 
 249      35C2F835 
 249      3A44
 250 05b8 D0705AA0 		.ascii	"\320pZ\240X\316\023\361\334\032\244\007\211\001\331"
 250      58CE13F1 
 250      DC1AA407 
 250      8901D9
 251 05c7 07720024 		.ascii	"\007r\000$\022d/\310\317 \373A\242@\242A\026\320\032"
 251      12642FC8 
 251      CF20FB41 
 251      A240A241 
 251      16D01A
 252 05da 14C1ADA1 		.ascii	"\024\301\255\241\207\036e\233F8\300\016F\243\002\007"
 252      871E659B 
 252      4638C00E 
 252      46A30207 
 253 05ea 715FA3A7 		.ascii	"q_\243\247\022\266\307D\266\367\245l{%\310\023\352\244"
 253      12B6C744 
 253      B6F7A56C 
 253      7B25C813 
 253      EAA4
 254 05fc F5680290 		.ascii	"\365h\002\220\223\002R\334S\350\245\004yH\264\331-\265"
 254      930252DC 
 254      53E8A504 
 254      7948B4D9 
 254      2DB5
 255 060e 79D78224 		.ascii	"y\327\202$'\270)\372\254\202G\004\"\023\273\024s?0\372"
 255      27B829FA 
 255      AC824704 
 255      2213BB14 
 255      733F30FA 
 256 0622 726ED60D 		.ascii	"rn\326\015\255\360\264\027)t\010\002\364\277\010\026"
 256      ADF0B417 
 256      29740802 
 256      F4BF0816 
 257 0632 25917B08 		.ascii	"%\221{\0109\241\203`\355\272\245\207 \224\304\036\342"
 257      39A18360 
 257      EDBAA587 
 257      2094C41E 
 257      E2
 258 0643 F42FD946 		.ascii	"\364/\331F\205\352\200\245A\246`\313\256\216\343T\264"
 258      85EA80A5 
 258      41A660CB 
 258      AE8EE354 
 258      B4
 259 0654 AD824F40 		.ascii	"\255\202O@W\366F\015\263\232ar\"\263\257/\034\216p\240"
 259      57F6460D 
 259      B39A6172 
 259      22B3AF2F 
 259      1C8E70A0 
 260 0668 9B31866E 		.ascii	"\2331\206n\316\342\301\330}\356\270\237\355\324\003"
 260      CEE2C1D8 
 260      7DEEB89F 
 260      EDD403
 261 0677 FA6BB94A 		.ascii	"\372k\271J\261{0\374\252\356\241\252\365L\275;\036f"
 261      B17B30FC 
 261      AAEEA1AA 
ARM GAS  /tmp/cct9LeFg.s 			page 20


 261      F54CBD3B 
 261      1E66
 262 0689 F39B266B 		.ascii	"\363\233&k\013\235\3618S^\216\325\337w\302/\231\222"
 262      0B9DF138 
 262      535E8ED5 
 262      DF77C22F 
 262      9992
 263 069b 9178249F 		.ascii	"\221x$\237-KY\2246\353\253\025\3705\033+\215:\327\242"
 263      2D4B5994 
 263      36EBAB15 
 263      F8351B2B 
 263      8D3AD7A2 
 264 06af C0D03851 		.ascii	"\300\3208Q\023\017\246'X\315[F\031\035Ih@8\222\215\211"
 264      130FA627 
 264      58CD5B46 
 264      191D4968 
 264      4038928D 
 265 06c4 67BA1B3B 		.ascii	"g\272\033;\323\247~\036\217buEE\324\301\270\354\263"
 265      D3A77E1E 
 265      8F627545 
 265      45D4C1B8 
 265      ECB3
 266 06d6 6CA60BFD 		.ascii	"l\246\013\375'\350y\332\021\327\305k\237\221\023j\337"
 266      27E879DA 
 266      11D7C56B 
 266      9F91136A 
 266      DF
 267 06e7 098EFA91 		.ascii	"\011\216\372\221\332\326\231\354*-\352\251\234\007J"
 267      DAD699EC 
 267      2A2DEAA9 
 267      9C074A
 268 06f6 E308FC24 		.ascii	"\343\010\374$\267\\\234D\033\202\331\336\233.\322\242"
 268      B75C9C44 
 268      1B82D9DE 
 268      9B2ED2A2 
 269 0706 BE28BA66 		.ascii	"\276(\272f\362\305\202\01360'\216M57\270S\232o\021\265"
 269      F2C5820B 
 269      3630278E 
 269      4D3537B8 
 269      539A6F11 
 270 071b ADE1528F 		.ascii	"\255\341R\217\013\216ac\006^_\240\304\361L\311~p#\236"
 270      0B8E6163 
 270      065E5FA0 
 270      C4F14CC9 
 270      7E70239E 
 271 072f 15F3F768 		.ascii	"\025\363\367hI}4\222\354\212\217\262\261\341S\331]p"
 271      497D3492 
 271      EC8A8FB2 
 271      B1E153D9 
 271      5D70
 272 0741 4C30A56F 		.ascii	"L0\245o\252\257\236\035g\353\211Z\2677\265\314\005\237"
 272      AAAF9E1D 
 272      67EB895A 
 272      B737B5CC 
 272      059F
 273 0753 646383A3 		.ascii	"dc\203\243\361cr\234\305\224\210\332\202[\014\370\011"
 273      F163729C 
ARM GAS  /tmp/cct9LeFg.s 			page 21


 273      C59488DA 
 273      825B0CF8 
 273      09
 274 0764 3D6B5E9C 		.ascii	"=k^\234\332\347\204\363\331Xqzf\031\213\355\3474\356"
 274      DAE784F3 
 274      D958717A 
 274      66198BED 
 274      E734EE
 275 0777 D1450B8E 		.ascii	"\321E\013\216\213G\257P\214\336\3734x\021\251\231&,"
 275      8B47AF50 
 275      8CDEFB34 
 275      7811A999 
 275      262C
 276 0789 84C3289E 		.ascii	"\204\303(\236\034g!\034I4\034E4\034\205b8\256\035N\035"
 276      1C67211C 
 276      49341C45 
 276      341C8562 
 276      38AE1D4E 
 277 079e 5458A313 		.ascii	"TX\243\023\270%\320\345\365\235\363.\270\310\226\245"
 277      B825D0E5 
 277      F59DF32E 
 277      B8C896A5 
 278 07ae 8AB19CD3 		.ascii	"\212\261\234\323\363%\316\370\034\033+/\212\233a\247"
 278      F325CEF8 
 278      1C1B2B2F 
 278      8A9B61A7 
 279 07be FC66A2D6 		.ascii	"\374f\242\326\033\370\223*\\.\267i\274\334\204\306\353"
 279      1BF8932A 
 279      5C2EB769 
 279      BCDC84C6 
 279      EB
 280 07cf E0       		.ascii	"\340"
 281 07d0 998C09F6 		.ascii	"\231\214\011\366\022h\333\223}\362^3^\334\333\012\321"
 281      1268DB93 
 281      7DF25E33 
 281      5EDCDB0A 
 281      D1
 282 07e1 DB722157 		.ascii	"\333r!WF\332r\335\245\007\345\005p \231:p\221:P!:p`"
 282      46DA72DD 
 282      A507E505 
 282      7020993A 
 282      70913A50 
 283 07f9 A6A8065B 		.ascii	"\246\250\006[\243\211\273\213\242\307\212\263\241\001"
 283      A389BB8B 
 283      A2C78AB3 
 283      A101
 284 0807 A812DE5E 		.ascii	"\250\022\336^\365(\317\032\033?\353\016\321M\350\020"
 284      F528CF1A 
 284      1B3FEB0E 
 284      D14DE810 
 285 0817 139B2EDC 		.ascii	"\023\233.\334g\033\200\236\376\271\217\212\206\226h"
 285      671B809E 
 285      FEB98F8A 
 285      869668
 286 0826 63EA442F 		.ascii	"c\352D/\262\331\316\2558U\272]\352D\015\320\252\245"
 286      B2D9CEAD 
 286      3855BA5D 
ARM GAS  /tmp/cct9LeFg.s 			page 22


 286      EA440DD0 
 286      AAA5
 287 0838 B4EA29AD 		.ascii	"\264\352)\255:\221\326\253\331\274\3017\234X\024=z\347"
 287      3A91D6AB 
 287      D9BCC137 
 287      9C58143D 
 287      7AE7
 288 084a 52B40AD7 		.ascii	"R\264\012\3273'N\034,\236a\015\350.\242\356;\032\331"
 288      33274E1C 
 288      2C9E610D 
 288      E82EA2EE 
 288      3B1AD9
 289 085d 22C757D9 		.ascii	"\"\307W\331XiM\311\013\266g\015D_u\246o\240\324\311"
 289      58694DC9 
 289      0BB6670D 
 289      445F75A6 
 289      6FA0D4C9 
 290 0871 D21BACB1 		.ascii	"\322\033\254\261\356\022<\311Yn\272\327z]\305\013\247"
 290      EE123CC9 
 290      596EBAD7 
 290      7A5DC50B 
 290      A7
 291 0882 790A8751 		.ascii	"y\012\207Q\217\365i\316\"\232\205\314'\177\217\371\344"
 291      8FF569CE 
 291      229A85CC 
 291      277F8FF9 
 291      E4
 292 0893 3F6E1F6B 		.ascii	"?n\037ki\022f\315\320\006)\364\252\004\332m\206\036"
 292      691266CD 
 292      D00629F4 
 292      AA04DA6D 
 292      861E
 293 08a5 954293AC 		.ascii	"\225B\223\254\241\011\021\306\247\344\354)\346\226\243"
 293      A10911C6 
 293      A7E4EC29 
 293      E696A3
 294 08b4 120129E6 		.ascii	"\022\001)\3469*\225\030\0355\033=#5Z`\343V\202\3368"
 294      392A9518 
 294      1D351B3D 
 294      23355A60 
 294      E35682DE 
 295 08c9 46B1E415 		.ascii	"F\261\344\025\234\227b\313lC\020a\274O\316\311S\300"
 295      9C9762CB 
 295      6C431061 
 295      BC4FCEC9 
 295      53C0
 296 08db 205D808A 		.ascii	" ]\200\212e\012e\330p\325\033[\315V\023\245V\337\263"
 296      650A65D8 
 296      70D51B5B 
 296      CD5613A5 
 296      56DFB3
 297 08ee 453E3323 		.ascii	"E>3#\317\331_\337\342\326\210\331\255|\373nY\240]f\350"
 297      CFD95FDF 
 297      E2D688D9 
 297      AD7CFB6E 
 297      59A05D66 
 298 0903 11BBEB5B 		.ascii	"\021\273\353[\275\327>3\364\264\024\232em\025z\217\327"
ARM GAS  /tmp/cct9LeFg.s 			page 23


 298      BDD73E33 
 298      F4B4149A 
 298      656D157A 
 298      8FD7
 299 0915 E40D407E 		.ascii	"\344\015@~\322>\215 \305\254EWl\303\032a\234!\320K\000"
 299      D23E8D20 
 299      C5AC4557 
 299      6CC31A61 
 299      9C21D04B 
 300 092a BDCC49A0 		.ascii	"\275\314I\240\035\310\226\352]\363\372\307\354g\200"
 300      1DC896EA 
 300      5DF3FAC7 
 300      EC6780
 301 0939 15D72133 		.ascii	"\025\327!36\333>W+\354\260\031\233'\305\346J\261O\314"
 301      36DB3E57 
 301      2BECB019 
 301      9B27C5E6 
 301      4AB14FCC 
 302 094d D81CFBD8 		.ascii	"\330\034\373\3307:\273_\300\235x:\324#4+\275\320\254"
 302      373ABB5F 
 302      C09D783A 
 302      D423342B 
 302      BDD0AC
 303 0960 B4411372 		.ascii	"\264A\023r\013\244\011\244\023\344\032H#H+\310}\220"
 303      0BA409A4 
 303      13E41A48 
 303      23482BC8 
 303      7D90
 304 0972 0E902E90 		.ascii	"\016\220.\220\273 \335 7AZ@\232A\332An\200\334\003\271"
 304      BB20DD20 
 304      37415A40 
 304      9A41DA41 
 304      6E80DC03 
 305 0987 03721BE4 		.ascii	"\003r\033\344\272\271\363\203\220N\223\220VBH\253\004"
 305      BAB9F383 
 305      904E9390 
 305      564248AB 
 305      04
 306 0998 8E62E143 		.ascii	"\216b\341C\325\222\267\337kv'S\352\016k\250\231\353"
 306      D592B7DF 
 306      6B762753 
 306      EA0E6BA8 
 306      99EB
 307 09aa B4456AA1 		.ascii	"\264Ej\241}Z\217\275>-\262;\325\250@\236+(n.\314\011"
 307      7D5A8FBD 
 307      3E2DB23B 
 307      D5A8409E 
 307      2B286E2E 
 308 09c0 99C0D261 		.ascii	"\231\300\322a\316\334I\365\210\235\224\275\300\240>"
 308      CEDC49F5 
 308      889D94BD 
 308      C0A03E
 309 09cf 88C7FF23 		.ascii	"\210\307\377#6P\372\242\022n\227\272\330\264q&\2336"
 309      3650FAA2 
 309      126E97BA 
 309      D8B47126 
 309      9B36
ARM GAS  /tmp/cct9LeFg.s 			page 24


 310 09e1 AE5F68E3 		.ascii	"\256_h\343\372i\033\327\230\227\372-n\241ES\3760\245"
 310      FA691BD7 
 310      9897FA2D 
 310      6EA14553 
 310      FE30A5
 311 09f4 B0CC1D79 		.ascii	"\260\314\035yzx\320\237_\015\374\347h\000v\342\003\016"
 311      7A78D09F 
 311      5F0DFCE7 
 311      680076E2 
 311      030E
 312 0a06 5B02214B 		.ascii	"[\002!K\202\347\323\237\221\001\370\352D?\355\374\224"
 312      82E7D39F 
 312      9101F8EA 
 312      443FEDFC 
 312      94
 313 0a17 F5105C1C 		.ascii	"\365\020\\\034\240\307\302c\210\300#v\272=8\374<\212"
 313      A0C7C263 
 313      88C02376 
 313      BA3D38FC 
 313      3C8A
 314 0a29 FED348D0 		.ascii	"\376\323H\320\206\377\204\336\327\271\257\023\3233i"
 314      86FF84DE 
 314      D7B9AF13 
 314      D33369
 315 0a38 8856F4E4 		.ascii	"\210V\364\344\023\235\317X\327\362{z`W\016\275d\007"
 315      139DCF58 
 315      D7F27B7A 
 315      60570EBD 
 315      6407
 316 0a4a 2DFDA94A 		.ascii	"-\375\251J\337\035\261w\211_\217F\304#j\230\031o\031"
 316      DF1DB177 
 316      895F8F46 
 316      C4236A98 
 316      196F19
 317 0a5d AA895558 		.ascii	"\252\211UX\267Y\304\321!X\374\011M\236Qz\352\214\210"
 317      B759C4D1 
 317      2158FC09 
 317      4D9E517A 
 317      EA8C88
 318 0a70 A74E7EEE 		.ascii	"\247N~\356\304q\233\377\313\007\227B?\216O\034\307\370"
 318      C4719BFF 
 318      CB079742 
 318      3F8E4F1C 
 318      C7F8
 319 0a82 263B8762 		.ascii	"&;\207b\343\016<v\303=\2022\\\020\372\356I\276\315X"
 319      E30E3C76 
 319      C33D8232 
 319      5C10FAEE 
 319      49BECD58 
 320 0a96 98B43F2C 		.ascii	"\230\264?,\"\316\004\326\310\357\227\350)\244\3613\310"
 320      22CE04D6 
 320      C8EF97E8 
 320      29A4F133 
 320      C8
 321 0aa7 A44AB4DA 		.ascii	"\244J\264\332\312\354\030\211;:\2158\031\032\347\336"
 321      CAEC1889 
 321      3B3A8D38 
ARM GAS  /tmp/cct9LeFg.s 			page 25


 321      191AE7DE 
 322 0ab7 9539ED09 		.ascii	"\2259\355\011\016\325}\264!@\247\370\313W\337\254\366"
 322      0ED57DB4 
 322      2140A7F8 
 322      CB57DFAC 
 322      F6
 323 0ac8 96290302 		.ascii	"\226)\003\002\304'[\325!\352\300\360\235\033\324?\004"
 323      C4275BD5 
 323      21EAC0F0 
 323      9D1BD43F 
 323      04
 324 0ad9 05AD852F 		.ascii	"\005\255\205/kC\303B\265k\265\201\337\005\257\335\030"
 324      6B43C342 
 324      B56BB581 
 324      DF05AFDD 
 324      18
 325 0aea F0E9DA0D 		.ascii	"\360\351\332\015\353?\334\370\217\215j\233\001uphP\310"
 325      EB3FDCF8 
 325      8F8D6A9B 
 325      01757068 
 325      50C8
 326 0afc 9EED5AF5 		.ascii	"\236\355Z\365\316\300\240\035\301\241Zu\300v\355\367"
 326      CEC0A01D 
 326      C1A15A75 
 326      C076EDF7 
 327 0b0c 817B4274 		.ascii	"\201{Bt\001\272\237viw\257\333!\363\371/\214\356\326"
 327      01BA9F76 
 327      6977AFDB 
 327      21F3F92F 
 327      8CEED6
 328 0b1f 6D076A60 		.ascii	"m\007j`dY\350?\203\2036\205\006~\027\242\335\246\015"
 328      6459E83F 
 328      83833685 
 328      067E17A2 
 328      DDA60D
 329 0b32 D28585AF 		.ascii	"\322\205\205\257]\267N\355\275#\370\273\340\257\375"
 329      5DB74EED 
 329      BD23F8BB 
 329      E0AFFD
 330 0b41 D561BBD5 		.ascii	"\325a\273\325;\002C\324\273\302\302u\273\325Aa;w\206"
 330      3B0243D4 
 330      BBC2C275 
 330      BBD54161 
 330      3B7786
 331 0b54 85AABD34 		.ascii	"\205\252\2754[\274\267\374\250&\323\326\005\311~C>}"
 331      5BBCB7FC 
 331      A826D3D6 
 331      05C97E43 
 331      3E7D
 332 0b66 82775BE6 		.ascii	"\202w[\346\277M\236\370ku\376?\355\326iwn\016\014\335"
 332      BF4D9EF8 
 332      6B75FE3F 
 332      EDD66977 
 332      6E0E0CDD 
 333 0b7a 1EA20DF7 		.ascii	"\036\242\015\367\013\017\016\013\017\326\375DW\363\016"
 333      0B0F0E0B 
 333      0FD6FD44 
ARM GAS  /tmp/cct9LeFg.s 			page 26


 333      57F30E
 334 0b89 D10686FB 		.ascii	"\321\006\206\373iC\201\301\017\216$B\237\004\350\234"
 334      694381C1 
 334      0F8E2442 
 334      9F04E89C 
 335 0b99 59ACC8B7 		.ascii	"Y\254\310\267\257\266\371z\007l\005\037\345\276\376"
 335      AFB6F97A 
 335      076C051F 
 335      E5BEFE
 336 0ba8 9B34CE9A 		.ascii	"\2334\316\232Mp\337\266\311g\275\334\327{\223\306I\303"
 336      4D70DFB6 
 336      C967BDDC 
 336      D77B93C6 
 336      49C3
 337 0bba B40F61D0 		.ascii	"\264\017a\320\3172\270\001\006\255\324\217\344\276^"
 337      CF32B801 
 337      06ADD48F 
 337      E4BE5E
 338 0bc9 5F58D48D 		.ascii	"_X\324\215\234\257\237Y\371\223\334\177\253\257f\203"
 338      9CAF9F59 
 338      F993DC7F 
 338      ABAF6683 
 339 0bd9 AD97826F 		.ascii	"\255\227\202o\332\037uj\357-\376\276\376\3468\005\205"
 339      DA1F756A 
 339      EF2DFEBE 
 339      FEE63805 
 339      85
 340 0bea 856B0382 		.ascii	"\205k\003\202vn\204H9\371{\177Ay9x\373}\343\353\003"
 340      766E8448 
 340      39F97B7F 
 340      41793978 
 340      FB7DE3EB 
 341 0bff 2BFA6BE4 		.ascii	"+\372k\344\333\266~\255q\360\362\325xk\260?\2107\371"
 341      DBB67EAD 
 341      71F0F2D5 
 341      786BB03F 
 341      8837F9
 342 0c12 DCECE7E0 		.ascii	"\334\354\347\340\277\231\014z\177\011\267\315\344\346"
 342      BF990C7A 
 342      7F09B7CD 
 342      E4E6
 343 0c20 0337872D 		.ascii	"\0037\207-[\276\364\322\310\277 7/\320\261\337\227\032"
 343      5BBEF4D2 
 343      C8BF2037 
 343      2FD0B1DF 
 343      971A
 344 0c32 EC03E2E5 		.ascii	"\354\003\342\345\243\221\303\230\006\\\362\322\200q"
 344      A391C398 
 344      065CF2D2 
 344      8071
 345 0c40 2F6F8D3C 		.ascii	"/o\215<hG`\270S@\300\367{B\203\002\002\\\305/\353>\376"
 345      684760B8 
 345      5340C0F7 
 345      7B428302 
 345      025CC52F 
 346 0c57 F4938FFF 		.ascii	"\364\223\217\377\015\377\311\216o"
 346      0DFFC98E 
ARM GAS  /tmp/cct9LeFg.s 			page 27


 346      6F
 347              		.text
 348              		.section	.gnu.lto_.symtab.92f60903d0844680,"",%progbits
 349 0000 6E766963 		.ascii	"nvicEnableVector\000\000\000\000\000\000\000\000\000"
 349      456E6162 
 349      6C655665 
 349      63746F72 
 349      00000000 
 350 0019 000000B6 		.ascii	"\000\000\000\266\000\000\000nvicDisableVector\000\000"
 350      0000006E 
 350      76696344 
 350      69736162 
 350      6C655665 
 351 0033 00000000 		.ascii	"\000\000\000\000\000\000\000\000\000\000\272\000\000"
 351      00000000 
 351      0000BA00 
 351      00
 352 0040 006E7669 		.ascii	"\000nvicSetSystemHandlerPriority\000\000\000\000\000"
 352      63536574 
 352      53797374 
 352      656D4861 
 352      6E646C65 
 353 0062 00000000 		.ascii	"\000\000\000\000\000\000\000\274\000\000\000nvicCle"
 353      000000BC 
 353      0000006E 
 353      76696343 
 353      6C65
 354 0074 61725065 		.ascii	"arPending\000\000\000\000\000\000\000\000\000\000\000"
 354      6E64696E 
 354      67000000 
 354      00000000 
 354      00000000 
 355 0088 00BE0000 		.ascii	"\000\276\000\000\000"
 355      00
 356              		.text
 357              		.section	.gnu.lto_.opts,"",%progbits
 358 0000 272D666E 		.ascii	"'-fno-trapv' '-mcpu=cortex-m4' '-mno-thumb-interwor"
 358      6F2D7472 
 358      61707627 
 358      20272D6D 
 358      6370753D 
 359 0033 6B272027 		.ascii	"k' '-mthumb' '-ggdb' '-O2' '-fomit-frame-pointer' '"
 359      2D6D7468 
 359      756D6227 
 359      20272D67 
 359      67646227 
 360 0066 2D66616C 		.ascii	"-falign-functions=16' '-ffunction-sections' '-fdata"
 360      69676E2D 
 360      66756E63 
 360      74696F6E 
 360      733D3136 
 361 0099 2D736563 		.ascii	"-sections' '-fno-common' '-flto'\000"
 361      74696F6E 
 361      73272027 
 361      2D666E6F 
 361      2D636F6D 
 362              		.text
ARM GAS  /tmp/cct9LeFg.s 			page 28


 363              		.comm	__gnu_lto_v1,1,1
 364              		.comm	__gnu_lto_slim,1,1
 365              		.ident	"GCC: (GNU Tools for ARM Embedded Processors) 4.9.3 20141119 (release) [ARM/embedded-4_9-br
ARM GAS  /tmp/cct9LeFg.s 			page 29


DEFINED SYMBOLS
                            *ABS*:00000000 nvic.c
                            *COM*:00000001 __gnu_lto_v1
                            *COM*:00000001 __gnu_lto_slim

NO UNDEFINED SYMBOLS
