ARM GAS  /tmp/ccDNU8dD.s 			page 1


   1              		.syntax unified
   2              		.cpu cortex-m4
   3              		.fpu softvfp
   4              		.eabi_attribute 20, 1
   5              		.eabi_attribute 21, 1
   6              		.eabi_attribute 23, 3
   7              		.eabi_attribute 24, 1
   8              		.eabi_attribute 25, 1
   9              		.eabi_attribute 26, 1
  10              		.eabi_attribute 30, 2
  11              		.eabi_attribute 34, 1
  12              		.eabi_attribute 18, 4
  13              		.thumb
  14              		.file	"board.c"
  15              		.text
  16              	.Ltext0:
  17              		.section	.gnu.lto_.profile.34d81e303d529bfb,"",%progbits
  18 0000 789C6366 		.ascii	"x\234cf```a\200\000F\006>f\000\000\223\000\032"
  18      60606061 
  18      80004606 
  18      3E660000 
  18      93001A
  19              		.text
  20              		.section	.gnu.lto_.jmpfuncs.34d81e303d529bfb,"",%progbits
  21 0000 789C6366 		.ascii	"x\234cf\300\0168\2414\023\210`\004b\000\001S\000\020"
  21      C00E38A1 
  21      34138860 
  21      04620001 
  21      530010
  22              		.text
  23              		.section	.gnu.lto_.inline.34d81e303d529bfb,"",%progbits
  24 0000 789C6366 		.ascii	"x\234cf\300\016\264\2414\023\003\003\013\017#\210b`"
  24      C00EB4A1 
  24      34130303 
  24      0B0F2388 
  24      6260
  25 0012 5B200FA2 		.ascii	"[ \017\242\030\030\271@\004\0033\023\2520\003\000,\231"
  25      1818B940 
  25      04033313 
  25      AA300300 
  25      2C99
  26 0024 01E6     		.ascii	"\001\346"
  27              		.text
  28              		.section	.gnu.lto_.pureconst.34d81e303d529bfb,"",%progbits
  29 0000 789C6366 		.ascii	"x\234cf```e\200\000&\006\011F\006\000\000\331\000$"
  29      60606065 
  29      80002606 
  29      09460600 
  29      00D90024 
  30              		.text
  31              		.section	.gnu.lto___early_init.34d81e303d529bfb,"",%progbits
  32 0000 789C6366 		.ascii	"x\234cf\300\004R@\274\010\210-\200\230\221\231\201\221"
  32      C0045240 
  32      BC08882D 
  32      80989199 
  32      8191
  33 0012 69C23906 		.ascii	"i\3029\006\206F\016&FF\020\203\201\221\241\236\211\261"
ARM GAS  /tmp/ccDNU8dD.s 			page 2


  33      86460E26 
  33      46461083 
  33      8191A19E 
  33      89B1
  34 0024 9EF125D3 		.ascii	"\236\361%\323G&\306\011\007V\317\340V_\332\320\320\360"
  34      4726C609 
  34      0756CFE0 
  34      565FDAD0 
  34      D0F0
  35 0036 61D36689 		.ascii	"a\323f\211V\211\237L\014\014\237\231 \3060.gTg\000\252"
  35      56899F4C 
  35      0C0C9F99 
  35      20C6302E 
  35      67546700 
  36 004b F9D8F2F7 		.ascii	"\371\330\362\367:7[\013P\215\000D\216q\005#\033#\220"
  36      3A375B0B 
  36      508D0044 
  36      8E710523 
  36      1B2390
  37 005e 5E2F74A0 		.ascii	"^/t\240\341\377\377\307s\336lfaf`x\002\224\002\231\377"
  37      E1FFFFC7 
  37      73DE6C66 
  37      61666078 
  37      02940299 
  38 0073 94890944 		.ascii	"\224\211\011D3\337al>\260\373\030#H1\310\224y\227\373"
  38      33DF616C 
  38      3EB0FB18 
  38      234831C8 
  38      947997FB 
  39 0087 D631D5FE 		.ascii	"\3261\325\376n\350h\340\370\311\304\370\231\011h\000"
  39      6EE868E0 
  39      F8C9C4F8 
  39      99096800 
  40 0097 E34AC65A 		.ascii	"\343J\306Z\206\237@\345\367\030\033\017\354u\003\253"
  40      869F40E5 
  40      F7181B0F 
  40      EC7503AB 
  41 00a7 640019C4 		.ascii	"d\000\031\304\0102\000h\234\231\236\236\276sFfR\246"
  41      08320068 
  41      9C999E9E 
  41      BE734666 
  41      52A6
  42 00b9 7FB07E7E 		.ascii	"\177\260~~\261~Fb\216~R~bQJ\261~pH|p\210\257\261\221"
  42      B17E4662 
  42      8E7E527E 
  42      62514AB1 
  42      7E70487C 
  43 00d2 9B71BC8B 		.ascii	"\233q\274\213g\260\263\177\230kP$DN/\231\001\000r1L"
  43      67B0B37F 
  43      986B5024 
  43      444E2F99 
  43      01007231 
  44 00e7 0D       		.ascii	"\015"
  45              		.text
  46              		.section	.gnu.lto_boardInit.34d81e303d529bfb,"",%progbits
  47 0000 789C6366 		.ascii	"x\234cf\300\004R@\\\002\304\026@\314\310\314\300\310"
  47      C0045240 
ARM GAS  /tmp/ccDNU8dD.s 			page 3


  47      5C02C416 
  47      40CCC8CC 
  47      C0C8
  48 0012 34E11C03 		.ascii	"4\341\034\003C#\007\023##\210\301\300\310P\317\304X"
  48      43230713 
  48      232388C1 
  48      C0C850CF 
  48      C458
  49 0024 CFF892E9 		.ascii	"\317\370\222\351#\023\343\204\003\253gp\253/mhh\370"
  49      2313E384 
  49      03AB6770 
  49      AB2F6D68 
  49      68F8
  50 0036 D07451A2 		.ascii	"\320tQ\242U\342'\023\003\303g&\2101\214\313\031\325"
  50      55E22713 
  50      03C36726 
  50      88318CCB 
  50      19D5
  51 0048 19806A3E 		.ascii	"\031\200j>\266\374\275\316\315\326\002T#\000\221c\\"
  51      B6FCBDCE 
  51      CDD60254 
  51      23009163 
  51      5C
  52 0059 C1C8C608 		.ascii	"\301\310\306\010\244\327\013\035h\370\377\177\361\364"
  52      A4D70B1D 
  52      68F8FF7F 
  52      F1F4
  53 0067 39175980 		.ascii	"9\027Y\200\302O\200\030d\376S&&\020\315|\217\221\021"
  53      C24F8018 
  53      64FE5326 
  53      2610CD7C 
  53      8F9111
  54 007a A41064D2 		.ascii	"\244\020d\322\023&F\220\020P\201\231\236\236\276sFf"
  54      13264690 
  54      10508199 
  54      9E9EBE73 
  54      4666
  55 008c 52A67FB0 		.ascii	"R\246\177\260~~\261~Fb\216~R~bQJ\261~pH|p\210\257\261"
  55      7E7EB17E 
  55      46628E7E 
  55      527E6251 
  55      4AB17E70 
  56 00a6 919B71BC 		.ascii	"\221\233q\274\213g\260\263\177\230kP$DN/\231\001\000"
  56      8B67B0B3 
  56      7F986B50 
  56      24444E2F 
  56      990100
  57 00b9 835739FE 		.ascii	"\203W9\376"
  58              		.text
  59              		.section	.gnu.lto_.symbol_nodes.34d81e303d529bfb,"",%progbits
  60 0000 789C6366 		.ascii	"x\234cf``pa\200\002\246~\246z\006\206\011\347\030\030"
  60      60607061 
  60      8002A67E 
  60      A67A0686 
  60      09E71818 
  61 0014 EAEB19E6 		.ascii	"\352\353\031\346-\340``\232\300T\317\210,\300\332\307"
  61      2DE06060 
ARM GAS  /tmp/ccDNU8dD.s 			page 4


  61      9AC054CF 
  61      882CC0DA 
  61      C7
  62 0025 C4B010A8 		.ascii	"\304\260\020\250\210q\"S=\023D\202\241\241\201\203\201"
  62      88712253 
  62      3D134482 
  62      A1A18183 
  62      81
  63 0036 1908973C 		.ascii	"\031\010\227<\370\307\310\000\000q\200\021\354"
  63      F8C7C800 
  63      00718011 
  63      EC
  64              		.text
  65              		.section	.gnu.lto_.refs.34d81e303d529bfb,"",%progbits
  66 0000 789C6366 		.ascii	"x\234cf```d\200\002\000\000=\000\005"
  66      60606064 
  66      80020000 
  66      3D0005
  67              		.text
  68              		.section	.gnu.lto_.decls.34d81e303d529bfb,"",%progbits
  69 0000 789CA556 		.ascii	"x\234\245V{PTU\030\277\347\336}\300\272\242#\323c\234"
  69      7B505455 
  69      18BFE7DE 
  69      7DC0BAA2 
  69      23D3639C 
  70 0014 264D6798 		.ascii	"&Mg\230r\2045t\250\246\231^P\346\214%\223\226\323\364"
  70      72843574 
  70      A8A6995E 
  70      50E68C25 
  70      9396D3F4 
  71 0028 C7B6B2AB 		.ascii	"\307\266\262\253\354\264\262\333\26249\323\037\207G"
  71      ECB4B2DB 
  71      B23439D3 
  71      1F8747
  72 0037 85B82A6A 		.ascii	"\205\270*j>P\223\025WWp\201MI@\020\026-YA\013\013L*"
  72      3E509315 
  72      57577081 
  72      4D494010 
  72      162D5941 
  73 004f 74C5024D 		.ascii	"t\305\002MI0TT\220\276s\316\275\273p%\255\351\316\234"
  73      49305454 
  73      90BE73CE 
  73      BDBB7025 
  73      ADE9CE9C 
  74 0063 7BEE77BE 		.ascii	"{\356w\276\337\367\373\036\347;\367^\201\343\270|\030"
  74      DFF7FB1E 
  74      E73BF75E 
  74      81E3B87C 
  74      18
  75 0074 C370558E 		.ascii	"\303pU\216\343\270\307y\216\023@N\346\302\027\221\275"
  75      E3B8C779 
  75      8E13404E 
  75      E6C21791 
  75      BD
  76 0085 30CA60F8 		.ascii	"0\312`\370` \030*\304\215\272\274\\\330N\015\272bq\235"
  76      6020182A 
  76      C48DBABC 
ARM GAS  /tmp/ccDNU8dD.s 			page 5


  76      5CD84E0D 
  76      BA62719D 
  77 0099 17753EEE 		.ascii	"\027u>\356\336\253L\344\222|!qM~\365\361\250\272\254"
  77      DEAB4CE4 
  77      927C2171 
  77      4D7EF5F1 
  77      A8BAAC
  78 00ac FFE4B88B 		.ascii	"\377\344\270\213<\212\322L%\342\241\365\201-*\020\265"
  78      3C8AD24C 
  78      25E2A1F5 
  78      812D2A10 
  78      B5
  79 00bd 1A05116B 		.ascii	"\032\005\021k\356t\266*\036\331\210\341\312\317\306"
  79      EE74B62A 
  79      1ED988E1 
  79      CACFC6
  80 00cc 131528F9 		.ascii	"\023\025(\371a\344A\223\321^4\031X\213\321#p\177O\301"
  80      61E44193 
  80      D15E3419 
  80      588BD123 
  80      707F4FC1 
  81 00e0 988EACBB 		.ascii	"\230\216\254\273\326\203\004\036\221\347][\316\267j"
  81      D683041E 
  81      91E75D5B 
  81      CEB76A
  82 00ef 66968059 		.ascii	"f\226\200Y.\366\017\240\260\273\274\323\236\027\246"
  82      2EF60FA0 
  82      B0BBBCD3 
  82      9E17A6
  83 00fe EEC02E5F 		.ascii	"\356\300._o\331\301\317\204\002\354\312\302w\207\207"
  83      6FD9C1CF 
  83      8402ECCA 
  83      C2778787 
  84 010e 11E54225 		.ascii	"\021\345B%H@\373\320L\0321<\263\320\275h*\330\225\024"
  84      4840FBD0 
  84      4C1A313C 
  84      B3D0BD68 
  84      2AD89514 
  85 0122 AE6D530B 		.ascii	"\256mS\013oPro\177]\265\032H|>W\356nU\000\373\207\207"
  85      6F50726F 
  85      7F5DB51A 
  85      487C3E57 
  85      EE6E5500 
  86 0139 5FA4F6A5 		.ascii	"_\244\366\245#\354K%\3732j\357\361\234.U\012\213\251"
  86      23EC4B25 
  86      FB326AEF 
  86      F19C2E55 
  86      0A8BA9
  87 014c FDA5EC60 		.ascii	"\375\245\354`\257\012\354\203\270\367\314\205\242\207"
  87      AF0AEC83 
  87      B8F7CC85 
  87      A287
  88 015a B6ECC747 		.ascii	"\266\354\307Gr\360 D\201(K\371\010\226r\211\305GYj\257"
  88      72F02044 
  88      81284BF9 
  88      08967289 
  88      C547596A 
ARM GAS  /tmp/ccDNU8dD.s 			page 6


  89 016f 3A4F45D0 		.ascii	":OE\320b\3715\204\311\335\234_\200h\265\366R\346\232"
  89      62F93584 
  89      C9DD9C5F 
  89      8068B5F6 
  89      52E69A
  90 0182 81839E28 		.ascii	"\201\203\236(\252\017Ry\177\355\305\353\023\250\376"
  90      AA0F5279 
  90      7FEDC5EB 
  90      13A8FE
  91 0191 31229EAB 		.ascii	"1\"\236\253\253\351R\011\333\020\325\325\327\015\034"
  91      ABE95209 
  91      DB10D5D5 
  91      D70D1C
  92 01a0 D308654C 		.ascii	"\323\010eLp\346\006\217k\204J&d\356\251q\252\301\352"
  92      70E6068F 
  92      6B844A26 
  92      64EEA971 
  92      AAC1EA
  93 01b3 090D2DD9 		.ascii	"\011\015-\331\271m\267\334\221T$\2554\001\226\370@\027"
  93      B96DB7DC 
  93      915424AD 
  93      340196F8 
  93      4017
  94 01c5 DE158562 		.ascii	"\336\025\205b4n(po\236\247\363\365l\374\022\252A\032"
  94      346E2870 
  94      6F9EA7F3 
  94      F56CFC12 
  94      AA411A
  95 01d8 54198A9D 		.ascii	"T\031\212\235Z\223+\027\343,\262y\221\201(.\264w\350"
  95      5A932B17 
  95      E32CB279 
  95      9181282E 
  95      B477E8
  96 01eb 108A0104 		.ascii	"\020\212\001\004\305\242*X\254\206E \376v\260.G\211"
  96      C5A22A58 
  96      AC864520 
  96      FE76B02E 
  96      4789
  97 01fd 3431631B 		.ascii	"41c\033\035\036\303\210\206P^\274\371a\214\025\250\026"
  97      1D1EC388 
  97      86505EBC 
  97      F9618C15 
  97      A816
  98 020f 4238180E 		.ascii	"B8\030\016\001\"\012m\374`\323\326j\255\360+k\217\302"
  98      01220A6D 
  98      FC60D3D6 
  98      6AADF02B 
  98      6B8FC2
  99 0222 FCEDD795 		.ascii	"\374\355\327\225B\247\330+\375-}\021\302%&\2707n\362"
  99      42A7D82B 
  99      FD2D7D11 
  99      C22526B8 
  99      376EF2
 100 0235 2A69C522 		.ascii	"*i\305\"\210XT^\275X\350c\252\012\227\267Q\020n2\241"
 100      8858545E 
 100      BD58E863 
 100      AA0A97B7 
ARM GAS  /tmp/ccDNU8dD.s 			page 7


 100      51106E32 
 101 024a B973E02F 		.ascii	"\271s\340/-\305M\244\275\327\263oU\224p\207\351\366"
 101      2DC54DA4 
 101      BDD7B36F 
 101      55947087 
 101      E9F6
 102 025c EE5EDD2D 		.ascii	"\356^\335-\010X\240B\301\315\023\307\330\026<\012b\344"
 102      0858A042 
 102      C1CD13C7 
 102      D8163C0A 
 102      62E4
 103 026e CA869C2E 		.ascii	"\312\206\234.-\232\306\256\350\030\027\344\331\273\272"
 103      2D9AC6AE 
 103      E81817E4 
 103      D9BBBA
 104 027d F4EEBC0D 		.ascii	"\364\356\274\015\331\330\375(\215\277\036\342\377\036"
 104      D9D8FD28 
 104      8DBF1EE2 
 104      FF1E
 105 028b 4587B37E 		.ascii	"E\207\263~\222\264\272\2074<G\340\256a\217*0\213B\217"
 105      92B4BA87 
 105      343C47E0 
 105      AE618F2A 
 105      308B428F 
 106 029f CAA1DFD0 		.ascii	"\312\241\337\320c1#\004\275\032\202\326\215\311\032"
 106      63312304 
 106      BD1A82D6 
 106      8DC91A
 107 02ae 460E8590 		.ascii	"F\016\205\220G\344\310\006$\013`e\261\204\375v\354\000"
 107      47E4C806 
 107      240B6065 
 107      B184FD76 
 107      EC00
 108 02c0 4660EF84 		.ascii	"F`\357\204x\375c\363\206CX\025\242=&\2076\206\241\353"
 108      78FD63F3 
 108      86435815 
 108      A23D2687 
 108      3686A1EB 
 109 02d4 E8BB00E3 		.ascii	"\350\273\000\343\227\034\034:\000\372\012\252\"h\330"
 109      971C1C3A 
 109      00FA0AAA 
 109      2268D8
 110 02e3 74D4021D 		.ascii	"t\324\002\035\322\204\246\241\000\214\2230\232a\034"
 110      D284A6A1 
 110      008C9330 
 110      9A611C
 111 02f2 877102C6 		.ascii	"\207q\002\306wh\032m\006\3221\301\036\217\012#b\306"
 111      77681A6D 
 111      06D231C1 
 111      1E8F0A23 
 111      62C6
 112 0304 49674DEA 		.ascii	"IgM\352\024\336yr\223s<\212\216\031\313\023\372\001"
 112      14DE7972 
 112      93733C8A 
 112      8E19CB13 
 112      FA01
 113 0316 1CFC6767 		.ascii	"\034\374ggNs\004:\005F_\207[\223x\226Z\263m\350\344"
ARM GAS  /tmp/ccDNU8dD.s 			page 8


 113      4E73043A 
 113      05465F87 
 113      5B937896 
 113      5AB36DE8 
 114 032b E3C261D6 		.ascii	"\343\302a\326.\301\241\374\012\245\360\015\023\276h"
 114      2EC1A1FC 
 114      0AA5F00D 
 114      13BE68
 115 033a 5AF7BED0 		.ascii	"Z\367\276\320\314\2363\375\245?\252i\037=K\337A\336"
 115      CC9E33FD 
 115      A53FAA69 
 115      1F3D4BDF 
 115      41DE
 116 034c FC4D6AE1 		.ascii	"\374Mj\341\007\246\353\256\273\202y\252K\246\357\227"
 116      07A6EBAE 
 116      BB8279AA 
 116      4BA6EF97 
 117 035c FA4BB5E3 		.ascii	"\372K\265\343\204v\246+\\\263\377\026{\241\332\210\330"
 117      8476A62B 
 117      5CB3FF16 
 117      7BA1DA88 
 117      D8
 118 036d 73E446AE 		.ascii	"s\344F\256Z\0102]E\375\201k\254\211s\211\034\341*\272"
 118      5A08325D 
 118      45FD816B 
 118      AC897389 
 118      1CE12ABA 
 119 0381 1E54A068 		.ascii	"\036T\240h\326\234\243\362\377\012\362\337O+\335!&\377"
 119      D69CA3F2 
 119      FF0AF2DF 
 119      4F2BDD21 
 119      26FF
 120 0393 1B247F16 		.ascii	"\033$\177\026\022=\017\343\034\214\0130\2020:\305\304"
 120      123D0FE3 
 120      1C8C0B30 
 120      82303AC5 
 120      C4
 121 03a4 5D24F1BD 		.ascii	"]$\361\275\305ob\330S\222\373\217\220;\261\015UrT\003"
 121      C56F62D8 
 121      5392FB8F 
 121      903BB10D 
 121      55725403 
 122 03b8 6257D553 		.ascii	"bW\325S\"\260M\016<\215F#\003\022\262]\216\374Y\206"
 122      22B04D0E 
 122      3C8D4623 
 122      0312B25D 
 122      8EFC5986 
 123 03cc F44AC856 		.ascii	"\364J\310V9\262qt\237b\327\011\011\372\213\034\372\253"
 123      39B27174 
 123      9F62D709 
 123      09FA8B1C 
 123      FAAB
 124 03de 1C5A2B41 		.ascii	"\034Z+A\177\222C\317\214\200\322\215\377\262\230tY\307"
 124      7F9243CF 
 124      8C80D28D 
 124      FFB29874 
 124      59C7
ARM GAS  /tmp/ccDNU8dD.s 			page 9


 125 03f0 185D8676 		.ascii	"\030]\206v\366{+\325B7\335\010\376\350\232\246\332("
 125      F67B2BD5 
 125      4237DD08 
 125      FEE89AA6 
 125      DA28
 126 0402 59CB4925 		.ascii	"Y\313I%G\335P\351\177[u\352\3656\264[\027\030\374\036"
 126      47DD50E9 
 126      7F5B75EA 
 126      F536B45B 
 126      1718FC1E 
 127 0416 6EB78E91 		.ascii	"n\267\216\221\355V\261'\023E\213\256\\\377\344\212\273"
 127      ED56B127 
 127      13458BAE 
 127      5CFFE48A 
 127      BB
 128 0427 AF1FA0F9 		.ascii	"\257\037\240\371\251\373\267BA\350c\235\3248\330\263"
 128      A9FBB742 
 128      41E8639D 
 128      D438D8B3 
 129 0437 5D312547 		.ascii	"]1%G\361%\216\240\312L\337\251A\366\011\301-Y\255<Y"
 129      F1258EA0 
 129      CA4CDFA9 
 129      41F609C1 
 129      2D59AD3C 
 130 044c 1A387E3E 		.ascii	"\0328~>G\311\226\006\262\273\004\262\344\377\275\336"
 130      47C99606 
 130      B2BB04B2 
 130      E4FFBDDE 
 131 045c CD50AD45 		.ascii	"\315P\255E\255.\025Y\332|y\240\"B\374\330PL\255\323"
 131      AD2E1559 
 131      DA7C79A0 
 131      2242FCD8 
 131      504CADD3 
 132 0470 F9471433 		.ascii	"\371G\0243\303\376\022%Y\012\024]\371E\305\226\374\317"
 132      C3FE1225 
 132      590A145D 
 132      F945C596 
 132      FCCF
 133 0482 9385ACFA 		.ascii	"\223\205\254\372\362\362\011\011\0258\327\365,\335\030"
 133      F2F20909 
 133      1538D7F5 
 133      2CDD18
 134 0491 72282F43 		.ascii	"r(/CN\344`\222\357\0049\234W`&\007\264\007frH\377\204"
 134      4EE46092 
 134      EF04399C 
 134      57602607 
 134      B4076672 
 135 04a8 991CD4AB 		.ascii	"\231\034\324\2530\303aE\275\364\003\204\0126U\177\302"
 135      30C36145 
 135      BDF40384 
 135      0A36557F 
 135      C2
 136 04b9 A81B68D4 		.ascii	"\250\033h\324'V\025\026\360t\301O\023\375\2712\340f"
 136      27561516 
 136      F074C14F 
 136      13FDB932 
 136      E066
ARM GAS  /tmp/ccDNU8dD.s 			page 10


 137 04cb BEFDE769 		.ascii	"\276\375\347i|\237\372\266\235e_\307\215y\255,\276\366"
 137      7C9FFAB6 
 137      9D655FC7 
 137      8D79AD2C 
 137      BEF6
 138 04dd 030D8D82 		.ascii	"\003\015\215\202\0302v\321\377\230c\015\273o#Y\204\327"
 138      183276D1 
 138      FF98630D 
 138      BB6F2359 
 138      84D7
 139 04ef C408FF12 		.ascii	"\304\010\377\022#\354\027#\274.\213\360\206\030a\025"
 139      23EC1723 
 139      BC2E8BF0 
 139      86186115 
 140 04ff 8BB0BDBC 		.ascii	"\213\260\275\274c\217T\020\214\311\347\030]\276z\261"
 140      638F5410 
 140      8CC9E718 
 140      5DBE7AB1 
 141 050f 06D1A5B6 		.ascii	"\006\321\245\266\222\266\031de\345\366\365\373\344\376"
 141      92B61964 
 141      65E5F6F5 
 141      FBE4FE
 142 051e AA641519 		.ascii	"\252d\025\031\020\375\335\222\371\253\032\355\257\377"
 142      10FDDD92 
 142      F9AB1AED 
 142      AFFF
 143 052c 90BF6DBC 		.ascii	"\220\277m\274D\316\022\254\256\372|m\324\003\330\253"
 143      44CE12AC 
 143      AEFA7C6D 
 143      D403D8AB 
 144 053c 44F63BF7 		.ascii	"D\366;\367g\337\335\262\326\243e\365\304b\371\\9g\262"
 144      67DFDDB2 
 144      D6A365F5 
 144      C462F95C 
 144      3967B2
 145 054f 5936FECC 		.ascii	"Y6\376\314A\372\277\201\032\3122\333\031jcI\033\375"
 145      41FABF81 
 145      1ACA32DB 
 145      196A6349 
 145      1BFD
 146 0561 30AF69DE 		.ascii	"0\257i\336\332\300j<L\367\345Ti\321-y\013\014\311B\272"
 146      DAC06A3C 
 146      4CF7E554 
 146      69D12D79 
 146      0B0CC942 
 147 0576 2B86342C 		.ascii	"+\2064,\206\204\3711C:\023\314j\032G\251\251\357\033"
 147      8684F931 
 147      433A13CC 
 147      6A1A47A9 
 147      A9EF1B
 148 0589 AB763A35 		.ascii	"\253v:5Tl\221\362\337q|\250-\362\001\371g\361\314Y6"
 148      546C91F2 
 148      DF717CA8 
 148      2DF201F9 
 148      67F1CC59 
 149 059e 7FDFFCDD 		.ascii	"\177\337\374\335\253\373z\264\224j\026\272\010T\344"
 149      ABFB7AB4 
ARM GAS  /tmp/ccDNU8dD.s 			page 11


 149      946A16BA 
 149      0854E4
 150 05ad D0F5A104 		.ascii	"\320\365\241\004z\360n\302L\016\037t\016=\200\2030\223"
 150      7AF06EC2 
 150      4C0E1F74 
 150      0E3D8083 
 150      3093
 151 05bf 4398C927 		.ascii	"C\230\311'\220\203\210r\370\004B\321\261\341\373\276"
 151      90838872 
 151      F80442D1 
 151      B1E1FBBE 
 152 05cf C8E93BB1 		.ascii	"\310\351;\261\317\325[6\350F\231\344\237\026\223_RJ"
 152      CFD55B36 
 152      E84699E4 
 152      9F16935F 
 152      524A
 153 05e1 7889BD04 		.ascii	"x\211\275\004F\274\301\311\312\037h\012\207>\005{\364"
 153      46BCC1C9 
 153      CA1F680A 
 153      873E057B 
 153      F4
 154 05f2 193F1D38 		.ascii	"\031?\0358\316n\361\347)\264y\341\277.\372'\032\376"
 154      CE6EF1E7 
 154      29B479E1 
 154      BF2EFA27 
 154      1AFE
 155 0604 D3FE9CD7 		.ascii	"\323\376\234\327J\257\022x\344\264z\275\311`\267\254"
 155      4AAF1278 
 155      E4B47ABD 
 155      C960B7AC 
 156 0614 D09BD3CC 		.ascii	"\320\233\323\314\016\325\3347\337\236\232\310%\304\305"
 156      0ED5DC37 
 156      DF9E9AC8 
 156      25C4C5
 157 0623 E91253CD 		.ascii	"\351\022S\315K\314\013\026\352\254\351\272T\203E\267"
 157      4BCC0B16 
 157      EAACE9BA 
 157      548345B7 
 158 0633 C46AB01B 		.ascii	"\304j\260\033\323u\013\027\351\027.zcv\374k\263\365"
 158      D3750B17 
 158      E9172E7A 
 158      6376FC6B 
 158      B3F5
 159 0645 49F31626 		.ascii	"I\363\026&.x\347\325\267\336e\272\270\024.\222>\314"
 159      2E78E7D5 
 159      B7DE65BA 
 159      B8142E92 
 159      3ECC
 160 0657 039E89E9 		.ascii	"\003\236\211\351\216\345\263\343\365)\026k\312\007\224"
 160      8EE5B3E3 
 160      F529166B 
 160      CA0794
 161 0666 38FE5E46 		.ascii	"8\376^F\233\325\356 \204\300\246\0239?\376\230h\364"
 161      9BD5EE20 
 161      84C0A613 
 161      393FFE98 
 161      68F4
ARM GAS  /tmp/ccDNU8dD.s 			page 12


 162 0678 168B312E 		.ascii	"\026\2131.\225\233\3048\226\331\314V}\272\311\221a\323"
 162      959BC438 
 162      96D9CC56 
 162      7DBAC991 
 162      61D3
 163 068a 3B2232CC 		.ascii	";\"2\314i\016Xsh\364z\351q\221\316\2423\330\227\307"
 163      690E5873 
 163      68F47AE9 
 163      7191CEA2 
 163      33D897C7 
 164 069e EB96A5A4 		.ascii	"\353\226\245\244\304\302Cl\2325\315\024k2,1\307\316"
 164      C4C2436C 
 164      9A35CD14 
 164      6B322C31 
 164      C7CE
 165 06b0 D13F171B 		.ascii	"\321?\027\033?\353\3519\037\316\321\215R\350\314i)\226"
 165      3FEBE939 
 165      1FCED18D 
 165      52E8CC69 
 165      2996
 166 06c2 0CA349B7 		.ascii	"\014\243I\267\334\220\222jN3\351\364F\323RC\206\305"
 166      DC90926A 
 166      4E33E9F4 
 166      46D35243 
 166      86C5
 167 06d4 A177ACB0 		.ascii	"\241w\254\260\231\322\301w\322\377 Mw\030!4 Q.\267\032"
 167      99D2C177 
 167      D2FF204D 
 167      77182134 
 167      20512EB7 
 168 06e9 4D769595 		.ascii	"Mv\225\225\220\332\325\326t\233\311d\264+m\0316\243"
 168      90DAD5D6 
 168      749BC964 
 168      B42B6D19 
 168      36A3
 169 06fb 5DB01AED 		.ascii	"]\260\032\355\012\303R\273\205\334R\237\271\177q\346"
 169      0AC352BB 
 169      85DC529F 
 169      B97F71E6 
 170 070b CF4FD2CD 		.ascii	"\317O\322\315M\236\267\340\243xZ\035[\250B\252\344\227"
 170      4D9EB7E0 
 170      A3785A1D 
 170      5BA842AA 
 170      E497
 171 071d 930C0E83 		.ascii	"\223\014\016\203*\371\0256%\262)\211M\257\262\35152"
 171      2AF91536 
 171      25B22989 
 171      4DAFB2E9 
 171      3532
 172 072f 4526BF3C 		.ascii	"E&\277<?\321\232\266\324\274l\0221\227\322M\241K\223"
 172      3FD19AB6 
 172      D4BC6C12 
 172      3197D24D 
 172      A14B93
 173 0742 E3EC5623 		.ascii	"\343\354V#\200\342\356U\375\015\303yF-"
 173      80E2EE55 
 173      FD0DC379 
ARM GAS  /tmp/ccDNU8dD.s 			page 13


 173      462D
 174              		.text
 175              		.section	.gnu.lto_.symtab.34d81e303d529bfb,"",%progbits
 176 0000 5F5F6561 		.ascii	"__early_init\000\000\000\000\000\000\000\000\000\000"
 176      726C795F 
 176      696E6974 
 176      00000000 
 176      00000000 
 177 0016 0000AC00 		.ascii	"\000\000\254\000\000\000boardInit\000\000\000\000\000"
 177      0000626F 
 177      61726449 
 177      6E697400 
 177      00000000 
 178 002a 00000000 		.ascii	"\000\000\000\000\000\000\000\256\000\000\000pal_def"
 178      000000AE 
 178      00000070 
 178      616C5F64 
 178      6566
 179 003c 61756C74 		.ascii	"ault_config\000\000\000\000\000\000\000\000\000\000"
 179      5F636F6E 
 179      66696700 
 179      00000000 
 179      00000000 
 180 0051 00000601 		.ascii	"\000\000\006\001\000\000stm32_clock_init\000\000\002"
 180      00007374 
 180      6D33325F 
 180      636C6F63 
 180      6B5F696E 
 181 006a 00000000 		.ascii	"\000\000\000\000\000\000\000\000\000\260\000\000\000"
 181      00000000 
 181      00B00000 
 181      00
 182              		.text
 183              		.section	.gnu.lto_.opts,"",%progbits
 184 0000 272D666E 		.ascii	"'-fno-trapv' '-mcpu=cortex-m4' '-mno-thumb-interwor"
 184      6F2D7472 
 184      61707627 
 184      20272D6D 
 184      6370753D 
 185 0033 6B272027 		.ascii	"k' '-mthumb' '-ggdb' '-O2' '-fomit-frame-pointer' '"
 185      2D6D7468 
 185      756D6227 
 185      20272D67 
 185      67646227 
 186 0066 2D66616C 		.ascii	"-falign-functions=16' '-ffunction-sections' '-fdata"
 186      69676E2D 
 186      66756E63 
 186      74696F6E 
 186      733D3136 
 187 0099 2D736563 		.ascii	"-sections' '-fno-common' '-flto'\000"
 187      74696F6E 
 187      73272027 
 187      2D666E6F 
 187      2D636F6D 
 188              		.text
 189              		.comm	__gnu_lto_v1,1,1
 190              		.comm	__gnu_lto_slim,1,1
ARM GAS  /tmp/ccDNU8dD.s 			page 14


 191              		.ident	"GCC: (GNU Tools for ARM Embedded Processors) 4.9.3 20141119 (release) [ARM/embedded-4_9-br
ARM GAS  /tmp/ccDNU8dD.s 			page 15


DEFINED SYMBOLS
                            *ABS*:00000000 board.c
                            *COM*:00000001 __gnu_lto_v1
                            *COM*:00000001 __gnu_lto_slim

NO UNDEFINED SYMBOLS
