ARM GAS  /tmp/ccGYr8a4.s 			page 1


   1              		.syntax unified
   2              		.cpu cortex-m4
   3              		.fpu softvfp
   4              		.eabi_attribute 20, 1
   5              		.eabi_attribute 21, 1
   6              		.eabi_attribute 23, 3
   7              		.eabi_attribute 24, 1
   8              		.eabi_attribute 25, 1
   9              		.eabi_attribute 26, 1
  10              		.eabi_attribute 30, 2
  11              		.eabi_attribute 34, 1
  12              		.eabi_attribute 18, 4
  13              		.thumb
  14              		.file	"chdynamic.c"
  15              		.text
  16              	.Ltext0:
  17              		.section	.gnu.lto_.profile.8e3269aeb9924be,"",%progbits
  18 0000 789C6366 		.ascii	"x\234cf```a\200\000F\206\014\003\000\001t\000\241"
  18      60606061 
  18      80004686 
  18      0C030001 
  18      7400A1
  19              		.text
  20              		.section	.gnu.lto_.jmpfuncs.8e3269aeb9924be,"",%progbits
  21 0000 789C6366 		.ascii	"x\234cf\300\016\246Ci&\0066F0\260g\254\007\001&\006"
  21      C00EA643 
  21      69260636 
  21      4630B067 
  21      AC070126 
  22 0015 46C60EA6 		.ascii	"F\306\016\246\217L\214\307\347\276\330\304\362\202\351"
  22      8F4C8CC7 
  22      E7BED8C4 
  22      F282E9
  23 0024 27508081 		.ascii	"'P\200\201q9\243\024H\254q\331\356\036v\220\030#\003"
  23      7139A314 
  23      48AC71D9 
  23      EE1E7690 
  23      182303
  24 0037 03E30A46 		.ascii	"\003\343\012F)\240\024\0033s9\220b.\0072AJ\226L\235"
  24      29A01403 
  24      33733990 
  24      622E0732 
  24      414A964C 
  25 004c B68615A4 		.ascii	"\266\206\025\244\204\211\203\201q%H\011+\330xyT\323"
  25      84898381 
  25      71254809 
  25      2BD87879 
  25      54D3
  26 005e 675D7FFA 		.ascii	"g]\177\372\205\031l:Ph\025\320t\230q\214`\343\030\000"
  26      85196C3A 
  26      506815D0 
  26      7498718C 
  26      60E31800 
  27 0072 0F32232E 		.ascii	"\0172#."
  28              		.text
  29              		.section	.gnu.lto_.inline.8e3269aeb9924be,"",%progbits
  30 0000 789C6366 		.ascii	"x\234cf\300\016\302\2414\023\203\204\224\021#\003\223"
ARM GAS  /tmp/ccGYr8a4.s 			page 2


  30      C00EC2A1 
  30      34138384 
  30      94112303 
  30      93
  31 0011 C48A2D8C 		.ascii	"\304\212-\214\014l\013\344\231@\202\314<@\211\011~`"
  31      0C6C0BE4 
  31      994082CC 
  31      3C408909 
  31      7E60
  32 0023 9A918195 		.ascii	"\232\221\201\225\017(2\301\017\310g\204\250\225\276"
  32      0F2832C1 
  32      0FC86784 
  32      A895BE
  33 0032 768A9181 		.ascii	"v\212\221\201\375\226\032\026\265`\022\310\003\000\371"
  33      FD961A16 
  33      B56012C8 
  33      0300F9
  34 0041 D90AEB   		.ascii	"\331\012\353"
  35              		.text
  36              		.section	.gnu.lto_.pureconst.8e3269aeb9924be,"",%progbits
  37 0000 789C6366 		.ascii	"x\234cf```e\200\000&\006+F+\000\001y\000\200"
  37      60606065 
  37      80002606 
  37      2B462B00 
  37      01790080 
  38              		.text
  39              		.section	.gnu.lto_chThdCreateFromHeap.8e3269aeb9924be,"",%progbits
  40 0000 789C8D55 		.ascii	"x\234\215U{L\223W\024\277\347\336\257\017\241PtsS\376"
  40      7B4C9357 
  40      14BFE7DE 
  40      AF0FA150 
  40      747353FE 
  41 0014 81851193 		.ascii	"\201\205\021\223mP\223\021\227%\313\346\302\037{\005"
  41      6D509311 
  41      9725CBE6 
  41      C21F7B05 
  42 0024 97C8FE37 		.ascii	"\227\310\3767X;!\261\322\264\370L\214_\261:7e\017_\003"
  42      583B21B1 
  42      D2B4F84C 
  42      8C5FB13A 
  42      37650F5F 
  43 0039 15DF0F36 		.ascii	"\025\337\0176\260:\320\251\250\243\350,\210\2500y)\210"
  43      B03AD0A9 
  43      A8A3E82C 
  43      88A83079 
  43      2988
  44 004b 457C4F27 		.ascii	"E|O'\025f\255:\3319\367C\007\025\2225i\332\357\236\337"
  44      1566AD3A 
  44      D939F743 
  44      07159235 
  44      69DAEF9E 
  45 0060 EF77EE3D 		.ascii	"\357w\356=\347w\317'\330\213\2374\374~ad,\210\277\240"
  45      E777CF27 
  45      D88B9F34 
  45      FC7E6164 
  45      2C88BFA0 
  46 0074 63C0BF3F 		.ascii	"c\300\277?\313\230\333\310\271R'\230\032%\374u\214\251"
ARM GAS  /tmp/ccGYr8a4.s 			page 3


  46      CB98DBC8 
  46      B9522798 
  46      1A25FC75 
  46      8CA9
  47 0086 26018AB6 		.ascii	"&\001\212\266\256\000\320\037\006l1\027\012,\206[<\310"
  47      AE00D01F 
  47      066C3117 
  47      0A2C865B 
  47      3CC8
  48 0098 E1B0B7EF 		.ascii	"\341\260\267\357L\364M\036\346,\221\341c\345\252\332"
  48      4CF44D1E 
  48      E62C91E1 
  48      63E5AADA 
  49 00a8 423D3D82 		.ascii	"B==\202B\217\255-\205\255\243&\354T\325\374\236m\007"
  49      428FAD2D 
  49      85ADA326 
  49      EC54D5FC 
  49      9E6D07
  50 00bb 6615ADD9 		.ascii	"f\025\255\331\202\021\316z9\203\335\020\017%\020Oz?"
  50      8211CE7A 
  50      3983DD10 
  50      0F25104F 
  50      7A3F
  51 00cd C1048476 		.ascii	"\301\004\204v\355\012\267\030\305\353@\264\346\015\315"
  51      ED0AB718 
  51      C5EB40B4 
  51      E60DCD
  52 00dc 8F74C9DB 		.ascii	"\217t\311\333\221\346\353,W'+a.\340g\020\203y\270\304"
  52      91E6EB2C 
  52      57272B61 
  52      2EE06710 
  52      8379B8C4 
  53 00f0 A0149211 		.ascii	"\240\024\222\021\335p\312\335n\026oHf\337\275\023m&"
  53      DD70CADD 
  53      6E166F48 
  53      66DFBD13 
  53      6D26
  54 0102 8DF94463 		.ascii	"\215\371Dc*P\026\311T\030\354\221\314\247\227\276\353"
  54      2A5016C9 
  54      5418EC91 
  54      CCA797BE 
  54      EB
  55 0113 D5098B64 		.ascii	"\325\011\213d\336\372Z]\256\227\314@iw\213I\3758\314"
  55      DEFA5A5D 
  55      AE97CC40 
  55      69778B49 
  55      FD38CC
  56 0126 75E08DA4 		.ascii	"u\340\215\244b\231\366jI\327\3675)\"MR\033\275\365M"
  56      6299F66A 
  56      49D7F735 
  56      29224D52 
  56      1BBDF54D 
  57 013a 662D6958 		.ascii	"f-iXK\252\207}\221L=\203_$\363dIu5\210w%sw\305\266\236"
  57      4BAA877D 
  57      914C3D83 
  57      5F24F364 
  57      49753588 
ARM GAS  /tmp/ccGYr8a4.s 			page 4


  58 0155 582D6959 		.ascii	"X-iY\367y\231\324\000\345\221T\003\203\012I\365\024"
  58      F77999D4 
  58      00E59154 
  58      03830A49 
  58      F514
  59 0167 AC9922DE 		.ascii	"\254\231\"\336\223L\365J\373\332h-\347--\247\021\366"
  59      934CF54A 
  59      FBDA682D 
  59      E72D2DA7 
  59      11F6
  60 0179 47128D0C 		.ascii	"G\022\215\014\016@2\301\335\276\202\246\0301YR\227\034"
  60      0E4032C1 
  60      DDBE82A6 
  60      18315952 
  60      971C
  61 018b 72579992 		.ascii	"rW\231\222\266R\322=\333kLj\255\352\011\364\367'`g\340"
  61      B652D23D 
  61      DB6B4C6A 
  61      ADEA09F4 
  61      F7276067 
  62 01a0 D7A10ADA 		.ascii	"\327\241\012\332\007)\305\217\202SD\272d\037.\361n3"
  62      0729C58F 
  62      825344BA 
  62      641F2EF1 
  62      6E33
  63 01b2 6B6CEF76 		.ascii	"kl\357v\377 \266\021\016\215\300\256UW\247\211\217$"
  63      FF20B611 
  63      0E8DC0AE 
  63      5557A789 
  63      8F24
  64 01c4 BB7EC5E6 		.ascii	"\273~\305\346\".\355\342\223\317E\241z\277Y\372e\034"
  64      222EEDE2 
  64      93CF45A1 
  64      7ABF59FA 
  64      651C
  65 01d6 3D6E6E5C 		.ascii	"=nn\\y\324\210\342>5p\254\373\263\377\264GA\245\246"
  65      79D488E2 
  65      3E3570AC 
  65      FBB3FFB4 
  65      4741A5A6 
  66 01ea 7D04B58F 		.ascii	"}\004\265\217\016\326\016z\376i\215\326{TU\215\203\203"
  66      0ED60E7A 
  66      FE698DD6 
  66      7B54558D 
  66      8383
  67 01fc 900487F1 		.ascii	"\220\004\207\361{\014\222\310ch\255\337@\017\214\211"
  67      7B0C92C8 
  67      6368ADDF 
  67      400F8C89 
  68 020c C191BD63 		.ascii	"\301\221\275c|j\177\177EKW\201e\023\217\007\254\022"
  68      7C6A7F7F 
  68      454B5781 
  68      65138F07 
  68      AC12
  69 021e 5A849CA4 		.ascii	"Z\204\234\244\003r\005\326\032\201F\2406Gc0*\006\250"
  69      037205D6 
  69      1A8146A0 
ARM GAS  /tmp/ccGYr8a4.s 			page 5


  69      36476330 
  69      2A06A8
  70 0231 6F66A016 		.ascii	"of\240\026\214\006\252\347XFz\214]\305\024t#\256\241"
  70      8C06AAE7 
  70      58467A8C 
  70      5DC51474 
  70      23AEA1
  71 0244 A5F15774 		.ascii	"\245\361Wt\3002_\320/(i\210\033po\233\316\177\353\345"
  71      C0325FD0 
  71      2F286988 
  71      1B706F9B 
  71      CE7FEBE5 
  72 0258 8B1EABCB 		.ascii	"\213\036\253\313Uc\230G\367r\334\012T\301\"\026\342"
  72      55639847 
  72      F772DC0A 
  72      54C12216 
  72      E2
  73 0269 4A88EB10 		.ascii	"J\210\353\020\260c\355\2722\035\235\336\204\235\362"
  73      B063EDBA 
  73      321D9DDE 
  73      849DF2
  74 0278 417C98C7 		.ascii	"A|\230\307\260\026\340r\333\270\013Ta\315\340i[r\243"
  74      B016E072 
  74      DBB80B54 
  74      61CDE069 
  74      5B72A3
  75 028b 403FA00A 		.ascii	"@?\240\012\023\264\263_C\373\343\375\024\027!\177]\260"
  75      13B4B35F 
  75      43FBE3FD 
  75      1417217F 
  75      5DB0
  76 029d 33A8A330 		.ascii	"3\250\2430\012V\025\037\351\322\245\224b5\214d_<\356"
  76      0A56151F 
  76      E9D2A594 
  76      62358C64 
  76      5F3CEE
  77 02b0 7DAA0383 		.ascii	"}\252\003\203jH\011\241\035\020\276\012\206\303FiX "
  77      6A4809A1 
  77      1D10BE0A 
  77      86C34669 
  77      5820
  78 02c2 EC71C21A 		.ascii	"\354q\302\032\020\273\244p\231\177c\224\2269\032\227"
  78      10BBA470 
  78      997F6394 
  78      96391A97 
  79 02d2 70D35261 		.ascii	"p\323Ra\244\204\003\"\262\362'H$\232\340\353\206M\250"
  79      A4840322 
  79      B2F22748 
  79      249AE0EB 
  79      864DA8
  80 02e5 D7B082B0 		.ascii	"\327\260\202\260\277\0236fd\254A\303*\204=IX\363\020"
  80      BF133666 
  80      64AC41C3 
  80      2A843D49 
  80      58F310
  81 02f8 ECFA7B77 		.ascii	"\354\372{w;\214\317\260F\015\253#\254\237\260\243\261"
  81      3B8CCFB0 
ARM GAS  /tmp/ccGYr8a4.s 			page 6


  81      460DAB23 
  81      AC9FB0A3 
  81      B1
  82 0309 A2F97164 		.ascii	"\242\371qd\225\336Ru\215\020\237J\337\375\331\264ug"
  82      95DE5275 
  82      8D109F4A 
  82      DFFDD9B4 
  82      7567
  83 031b 9474714F 		.ascii	"\224tqO\311\211\333\246\262r\325\347\331\242>\375\240"
  83      C989DBA6 
  83      B272D5E7 
  83      D9A23EFD 
  83      A0
  84 032c 5F84792C 		.ascii	"_\204y,\324\014gd\250\205$\232S\005\177W\000\365,6\221"
  84      D40C6764 
  84      A885249A 
  84      53057F57 
  84      00F52C36 
  85 0341 C1298CB6 		.ascii	"\301)\214\266C\376\225\037\276\251O\033b\306\200g\236"
  85      43FE951F 
  85      BEA94F1B 
  85      62C68067 
  85      9E
  86 0352 745F2F56 		.ascii	"t_/Vch\240m\305\023\034\"u\024\022\021\241\206e\227"
  86      6368A06D 
  86      C5131C22 
  86      75141211 
  86      A1866597 
  87 0366 C6531606 		.ascii	"\306S\026\006\247)\254D\370\233A=\350q\037g\310\324"
  87      A729AC44 
  87      F89B413D 
  87      E8711F67 
  87      C8D4
  88 0378 80C7C2F0 		.ascii	"\200\307\302\360\345;\017W\213\204\033P\254\026&\206"
  88      E53B0F57 
  88      8B841B50 
  88      AC162686 
  89 0388 B12EB8B4 		.ascii	"\261.\270\264\266\375\261;J\301&\300YH\220wd\375\322"
  89      B6FDB13B 
  89      4AC126C0 
  89      59489077 
  89      64FDD2
  90 039b 1F8B4CB8 		.ascii	"\037\213L\270\002\347@\221[f\320\000\012\006\352\276"
  90      02E74091 
  90      5B66D000 
  90      0A06EABE 
  91 03ab DAF24049 		.ascii	"\332\362@I\270=\300\226Ej\270\343\257\034%\331\215\304"
  91      B83DC096 
  91      456AB8E3 
  91      AF1C25D9 
  91      8DC4
  92 03bd 863F7090 		.ascii	"\206?p\220w\200'\26034Q3\302\330Hc\217\356\245j\303"
  92      778027B0 
  92      33345133 
  92      C2D84863 
  92      8FEEA56A 
  93 03d2 79343686 		.ascii	"y46\206\232\256?\366\2330\244\252\276\367\303|\014u"
ARM GAS  /tmp/ccGYr8a4.s 			page 7


  93      9AAE3FF6 
  93      9B30A4AA 
  93      BEF7C37C 
  93      0C75
  94 03e4 83780C9A 		.ascii	"\203x\014\232`Q\230\277D\315Pc\244\301\017\222\301\307"
  94      605198BF 
  94      44CD5063 
  94      A4C10F92 
  94      C1C7
  95 03f6 52277BF6 		.ascii	"R'{\366\335k\024\003\315\274|\365\\\243\361\246|M\220"
  95      DD6B1403 
  95      CDBC7CF5 
  95      5CA3F1A6 
  95      7C4D90
  96 0409 DC81879B 		.ascii	"\334\201\207\233\357\306\024\303\0067\352\351\302\374"
  96      EFC614C3 
  96      0637EAE9 
  96      C2FC
  97 0417 65644033 		.ascii	"ed@3\235\000c\033\373V_0\247\274\031\306\245\026(\206"
  97      9D00631B 
  97      FB565F30 
  97      A7BC19C6 
  97      A5162886 
  98 042b FB386271 		.ascii	"\3738bq\037\255\220\202\261\232\342\233\345\012\311"
  98      1FAD9082 
  98      B19AE29B 
  98      E50AC9
  99 043a BC82A56A 		.ascii	"\274\202\245jCB\007,\365U\325H\313\260\310\023\274\332"
  99      4342072C 
  99      F555D548 
  99      CBB0C813 
  99      BCDA
 100 044c 4B54B820 		.ascii	"KT\270 \257&\235\317\275\353\310J\003\261\307\341\362"
 100      AF269DCF 
 100      BDEBC84A 
 100      03B1C7E1 
 100      F2
 101 045d 45BA97E3 		.ascii	"E\272\227\343\237\273h\210s\036\374?\347\264K\347<?"
 101      9FBB6888 
 101      731EFC3F 
 101      E7B44BE7 
 101      3C3F
 102 046f 5A2C2E75 		.ascii	"Z,.u\214\354\234\205\003\3161\274\320\377K\324\377\010"
 102      8CEC9C85 
 102      03CE31BC 
 102      D0FF4BD4 
 102      FF08
 103 0481 3B9D3E87 		.ascii	";\235>\207\305\355$\2741\322N\376\277\306Sj\006\227"
 103      C5ED24BC 
 103      31D24EFE 
 103      BFC6536A 
 103      0697
 104 0493 87B75340 		.ascii	"\207\267S@\332\251k\220\235v\334\015T\352\2379\245C"
 104      DAA96B90 
 104      9D76DC0D 
 104      54EA9F39 
 104      A543
ARM GAS  /tmp/ccGYr8a4.s 			page 8


 105 04a5 3AE58A74 		.ascii	":\345\212tJ\244-\272A\221SH\221\223\357\"\034o\223\023"
 105      4AA42DBA 
 105      41915348 
 105      9193EF22 
 105      1C6F9313 
 106 04b9 81DA4D2F 		.ascii	"\201\332M/\247\352\013!\375\244\375\352r\300\321\315"
 106      A7EA0B21 
 106      FDA4FDEA 
 106      72C0D1CD 
 107 04c9 E02A4C62 		.ascii	"\340*Lb\235\340\216\303\352\342\200\271\016@-\344\336"
 107      9DE08EC3 
 107      EAE280B9 
 107      0E402DE4 
 107      DE
 108 04da 3E3FC772 		.ascii	">?\307r\213\262c&\034\245@B\250\377Zj\252%=;gz\316\347"
 108      8BB26326 
 108      1CA54042 
 108      A8FF5A6A 
 108      AA253D3B 
 109 04f2 99965C97 		.ascii	"\231\226\\\227\305\231gq9\255\026k\366\214\005\263\263"
 109      C5996771 
 109      39AD166B 
 109      F68C05B3 
 109      B3
 110 0503 EC39D654 		.ascii	"\3549\326T+\323e\333\262\034\016\305\225\263\320\246"
 110      2BD365DB 
 110      B21C0EC5 
 110      95B3D0A6 
 111 0513 E09A4D71 		.ascii	"\340\232Mq8sr\271\343K\221\345\234\311\363\034b\236"
 111      387372B9 
 111      E34B91E5 
 111      9CC9F31C 
 111      629E
 112 0525 CBC1F366 		.ascii	"\313\301\363f\350\346f\315\232c\263\014U\263\346\332"
 112      E8E666CD 
 112      9A63B30C 
 112      55B3E6DA 
 113 0535 EDB9B32D 		.ascii	"\355\271\263-\216\\g\236\313\362\341\324\214\364\214"
 113      8E5C679E 
 113      CBF2E1D4 
 113      8CF48C
 114 0544 F9286DCD 		.ascii	"\371(m\315u\332\246\315}\307\236\232\315\336\036\026"
 114      75DAA6CD 
 114      7DC79E9A 
 114      CDDE1E16 
 115 0554 6F9B9F67 		.ascii	"o\233\237gI\317\310\374$\323\2223\333:k\316\014\233"
 115      49CFC8FC 
 115      24D39233 
 115      DB3A6BCE 
 115      0C9B
 116 0566 C56A77E5 		.ascii	"\305jw\345\270\246\315\264Z\221\363\342\216\237\243"
 116      B8A6CDB4 
 116      5A91F3E2 
 116      8E9FA3
 117 0575 B25D0B5C 		.ascii	"\262]\013\\\210\210\313\310\234\2328=\313e\303\235\276"
 117      8888CBC8 
 117      9C9A383D 
ARM GAS  /tmp/ccGYr8a4.s 			page 9


 117      CB65C39D 
 117      BE
 118 0586 95983C91 		.ascii	"\225\230<\221q'3\330m\366\\\347\002\366/\304\3472\015"
 118      712733D8 
 118      6DF65CE7 
 118      02F62FC4 
 118      E7320D
 119              		.text
 120              		.section	.gnu.lto_chThdCreateFromMemoryPool.8e3269aeb9924be,"",%progbits
 121 0000 789C8D55 		.ascii	"x\234\215U\355O\223W\024\277\347\336\247/\264\305\242"
 121      ED4F9357 
 121      14BFE7DE 
 121      A72FB4C5 
 121      A2
 122 0011 1B9BB20F 		.ascii	"\033\233\262\017\2600\302\207\011\325\214\270%K\346"
 122      B030C287 
 122      09D58CB8 
 122      254BE6
 123 0020 36BF6C31 		.ascii	"6\277l1h\"\177\300\202\265\023\022+\244E\247\037\214"
 123      68227FC0 
 123      82B51312 
 123      2BA445A7 
 123      1F8C
 124 0032 4FA1BE45 		.ascii	"O\241\276E\331\026\337\006nLD\231N\034*\370\212:\213"
 124      D916DF06 
 124      6E4C4499 
 124      4E1C2AF8 
 124      8A3A8B
 125 0045 2F9521BE 		.ascii	"/\225!\276\240 *\202\225\201\233\023'\010\023;\246\354"
 125      A0202A82 
 125      95819B13 
 125      2708133B 
 125      A6EC
 126 0057 9CFB00D2 		.ascii	"\234\373\000\322\002\313\232\364\345\271\347\367;\367"
 126      02CB9AF4 
 126      E5B9E7F7 
 126      3BF7
 127 0065 9CF3FBDD 		.ascii	"\234\363\373\335[\301F\277R\360\275\333\310\330\003"
 127      5BC146BF 
 127      52F0BDDB 
 127      C8D803
 128 0074 FC061D03 		.ascii	"\374\006\035\003\376\365e\306<F\316\225Z\301T\223\360"
 128      FEF565C6 
 128      3C46CE95 
 128      5AC15493 
 128      F0
 129 0085 D732A65A 		.ascii	"\3272\246Z\004(\332\272\002@?\030\260\225\\(\260\022"
 129      0428DABA 
 129      02403F18 
 129      B0955C28 
 129      B012
 130 0097 1EF06E0E 		.ascii	"\036\360n\016\307\313{/\231\177\347A\316\342\030>Vm"
 130      C7CB7B2F 
 130      997FE741 
 130      CEE2183E 
 130      566D
 131 00a9 AC29D0D3 		.ascii	"\254)\320\323#(\364\330t\243\240)\"\261TUs\27366.*\334"
ARM GAS  /tmp/ccGYr8a4.s 			page 10


 131      2328F4D8 
 131      74A3A029 
 131      22B15455 
 131      73BB3636 
 132 00c0 5C8C11CE 		.ascii	"\\\214\021\316z8\203\335\020\003{ \206\362\375\010\211"
 132      7A3883DD 
 132      10037B20 
 132      86F2FD08 
 132      89
 133 00d1 08F5D4AF 		.ascii	"\010\365\324\257\313\263\210\267\200h\367v\235)\206"
 133      CBB388B7 
 133      8068F776 
 133      9D2986
 134 00e0 849D48F3 		.ascii	"\204\235H\363uV\250\037*A.`/\210\221<\\bP\006\011\210"
 134      7556A81F 
 134      2A412E60 
 134      2F88913C 
 134      5C625006 
 135 00f6 7ED1F255 		.ascii	"~\321\362U\217N$J\346\203u\352Z\275\306\334\260S\377"
 135      8F4E244A 
 135      E68375EA 
 135      5ABDC6DC 
 135      B053FF
 136 0109 49902BB0 		.ascii	"I\220+\260/\234\2500\370I\022\257n\353mP\304TI\254/"
 136      2F9CA830 
 136      F84912AF 
 136      6EEB6D50 
 136      C45449AC 
 137 011e AF6BB04A 		.ascii	"\257k\260Jb`oi\223EE\252\016\312\303\2518\245\375\222"
 137      62606F69 
 137      934545AA 
 137      0ECAC3A9 
 137      38A5FD92 
 138 0132 7A7E4F75 		.ascii	"z~Ou5\210\351\222\272\273\262\244k\202\266g\277V\255"
 138      3588E992 
 138      BABBB2A4 
 138      6B82B667 
 138      BF56AD
 139 0145 1E0E8433 		.ascii	"\036\016\2043\365\014\016J\2467\177\363\034\221\"\211"
 139      F50C0E4A 
 139      A6377FF3 
 139      1C912289 
 140 0155 6A5BF316 		.ascii	"j[\363\026\263F\314\227\305\032\240\"\234g`P\011\011"
 140      B346CC97 
 140      C51AA022 
 140      9C676050 
 140      0909
 141 0167 84F6F8F2 		.ascii	"\204\366\370\362\033\"\305{\222\231w\314s\332\022\277"
 141      1B22C57B 
 141      929977CC 
 141      73DA12BF 
 142 0177 83AA2D2B 		.ascii	"\203\252-+\275`QkTo`` \026\207\013\207B3h/\244\024\375"
 142      BD60516B 
 142      546F6060 
 142      2016870B 
 142      87423368 
 143 018f DD3D47BC 		.ascii	"\335=G\274/\331\307\367\224\227X5\366\276R\377\010\266"
ARM GAS  /tmp/ccGYr8a4.s 			page 11


 143      2FD9C7F7 
 143      94975835 
 143      F6BE52FF 
 143      08B6
 144 01a1 018E8CC3 		.ascii	"\001\216\214\303\256Q7\245\210\231\222]\267~{!\227\212"
 144      AE5137A5 
 144      8899925D 
 144      B77E7B21 
 144      978A
 145 01b3 FBE47361 		.ascii	"\373\344sa_\235\337*%\237L\217\333\3537\2344br\237\032"
 145      5F9DDF2A 
 145      259F4C8F 
 145      DBEB379C 
 145      3462729F 
 146 01c8 38D531FB 		.ascii	"8\3251\373en#\034\323r\037\307\334U#sw{\2377\231\365"
 146      656E231C 
 146      D3721FC7 
 146      DC552373 
 146      777B9F37 
 147 01de 5E5555A3 		.ascii	"^UU\243\3400\304\303Q\210\177\216\270\023\020ONA\203"
 147      E030C4C3 
 147      51887F8E 
 147      B813104F 
 147      4E4183
 148 01f1 9C043D30 		.ascii	"\234\004=0&\206\202\024\331?\311\247\016\014T6\226T"
 148      26868214 
 148      D93FC9A7 
 148      0E0C5436 
 148      9654
 149 0203 4EEB4C78 		.ascii	"N\353Lx\003pP\2504\371\001\347\214\020\003\220\304&"
 149      037050A8 
 149      34F901E7 
 149      8C100390 
 149      C426
 150 0215 5C8E30E3 		.ascii	"\\\2160\343\207)\022H7+\220\006\023\201&\032\315(\035"
 150      87291248 
 150      372B9006 
 150      1381261A 
 150      CD281D
 151 0228 63EDB803 		.ascii	"c\355\270\003\331\272\003}\211\337\342\016x}\335\265"
 151      D9BA037D 
 151      89DFE20E 
 151      787DDDB5 
 152 0238 82F6ECE3 		.ascii	"\202\366\354\343z\254\356\373\353_\226\363\025\375\352"
 152      7AACEEFB 
 152      EB5F96F3 
 152      15FDEA
 153 0247 5AD518E4 		.ascii	"Z\325\030\344\346\036\216\225\300)X\301\3728\012ma7"
 153      E61E8E95 
 153      C02958C1 
 153      FA380A6D 
 153      6137
 154 0259 80CBFA70 		.ascii	"\200\313\372pS\304\263F\360\336\314\373m\213~\220\017"
 154      53C4B346 
 154      F0DECCFB 
 154      6D8B7E90 
 154      0F
ARM GAS  /tmp/ccGYr8a4.s 			page 12


 155 026a 895A9F1D 		.ascii	"\211Z\237\035\350V<N\3426\344n\355n}\242\2430\346>]"
 155      E8563C4E 
 155      E236E46E 
 155      ED6E7DA2 
 155      A330E63E 
 156 027f 74E29E2E 		.ascii	"t\342\236.\251\014;7\222S\261\257'\3240\203\237!\251"
 156      A90C3B37 
 156      9253B1AF 
 156      27D43083 
 156      9F21A9
 157 0292 0FA547F8 		.ascii	"\017\245G\370F\030\013k\322\260@\330\323\204\325\023"
 157      46180B6B 
 157      D2B040D8 
 157      D384D513 
 158 02a2 F6C8C1F6 		.ascii	"\366\310\301\366\212\010mg\0232\356\266_\2517\2220B"
 158      8A086D67 
 158      1332EEB6 
 158      5FA93792 
 158      3042
 159 02b4 8EF9F0B3 		.ascii	"\216\371\360\263\355\217\"\213\340[\217\252\372\346"
 159      ED8F228B 
 159      E05B8FAA 
 159      FAE6
 160 02c2 06792436 		.ascii	"\006y$6\000>\322\001c\337\365n\272e\225\311}\263\203"
 160      003ED201 
 160      63DFF56E 
 160      BA6595C9 
 160      7DB383
 161 02d5 7C025443 		.ascii	"|\002TC\021<\341r\370g \011s\347\025\254\236\252e6\343"
 161      113CE172 
 161      F8672009 
 161      73E715AC 
 161      9EAA6536 
 162 02ea 66985FD6 		.ascii	"f\230_\3266^+\203\345\011\342\237\245\362\314\004\337"
 162      365E2B83 
 162      E509E29F 
 162      A5F2CC04 
 162      DF
 163 02fb 3A662B3A 		.ascii	":f+:\015\253\020\366\034a#\307\307\3525\254\216\260"
 163      0DAB10F6 
 163      1C6123C7 
 163      C7EA35AC 
 163      8EB0
 164 030d E7096B0D 		.ascii	"\347\011k\015\301n{\374\350\216q\010k\320\260z\302\372"
 164      C16E7BFC 
 164      E88E7108 
 164      6BD0B07A 
 164      C2FA
 165 031f 093B11B5 		.ascii	"\011;\021\265\312\215\242n{\312\324\315B|,\335\373\260"
 165      CA8DA26E 
 165      7BCAD4CD 
 165      427C2CDD 
 165      FBB0
 166 0331 6147A949 		.ascii	"aG\251I\236\205\256\202\263\177X\366U\250>o\261\372"
 166      9E85AE82 
 166      B37F58F6 
 166      55A83E6F 
ARM GAS  /tmp/ccGYr8a4.s 			page 13


 166      B1FA
 167 0343 62E68008 		.ascii	"b\346\200\010r+\\\030\3538@\015\304\323%\225\377W%\320"
 167      722B5C18 
 167      EB38400D 
 167      C4D32595 
 167      FF5725D0 
 168 0357 78AD710C 		.ascii	"x\255q\014~\301h3\344\266u\257\251K\011\261t\300{\024"
 168      7EC16833 
 168      E4B675AF 
 168      A94B09B1 
 168      74C07B14 
 169 036b A4837B70 		.ascii	"\244\203{p\234\241\221c\353\377\301\373\244\226B\","
 169      9CA19163 
 169      EBFFC1FB 
 169      A4964222 
 169      2C
 170 037c 746075CB 		.ascii	"t`u\313\024\332\206\301E\012+a\307\204A\035`cp\211\016"
 170      14DA86C1 
 170      450A2B61 
 170      C784411D 
 170      60637089 
 171 0391 06B0CB40 		.ascii	"\006\260\313@jw>\333$b\357B\221Z\020\027\344\262\317"
 171      6A773EDB 
 171      2462EF42 
 171      915A1017 
 171      E4B2CF
 172 03a4 2DCDFD1E 		.ascii	"-\315\375\036\223\202*\302e\210\225:o[\365M\241\005"
 172      93822AC2 
 172      6588953A 
 172      6F5BF54D 
 172      A105
 173 03b6 57E00A28 		.ascii	"W\340\012(\262f\006WA\301@\355\232\342\247Jl\333 {\""
 173      B2660657 
 173      41C140ED 
 173      9AE2A74A 
 173      6CDB207B 
 174 03cb 61AF76FA 		.ascii	"a\257v\372\253\"$\273\236\330p\015\257t<\035\201\322"
 174      AB2224BB 
 174      9ED8700D 
 174      AF743C1D 
 174      81D2
 175 03dd A3D33527 		.ascii	"\243\3235'D\207\237\216I=$\015\\\307\323\201\241\206"
 175      44879F8E 
 175      493D240D 
 175      5CC7D381 
 175      A186
 176 03ef FBFD7E0B 		.ascii	"\373\375~\013\206\320S\037\004\371+$\007\361\0304\300"
 176      86D0531F 
 176      04F92B24 
 176      07F11834 
 176      C0
 177 0400 8A207F95 		.ascii	"\212 \177\225\324P#\345\3319Lg'\232\244\354:\360\370"
 177      D45023E5 
 177      D9394C67 
 177      279AA4EC 
 177      3AF0F8
 178 0413 9A185473 		.ascii	"\232\030Ts\330\276|\224}uA\036\215\014h\014\261\357"
ARM GAS  /tmp/ccGYr8a4.s 			page 14


 178      D8BE7C94 
 178      7D75411E 
 178      8D0C680C 
 178      B1EF
 179 0425 DB41FE1A 		.ascii	"\333A\376\032\334\220\3165\220LM\220D-7u\364\012J\363"
 179      DC90CE35 
 179      904C4D90 
 179      442D3775 
 179      F40A4AF3 
 180 0439 3AB67D13 		.ascii	":\266}\023\011\362\014\276\334\346\277\362\226<<\327"
 180      09F20CBE 
 180      DCE6BFF2 
 180      963C3CD7 
 181 0449 3681F21A 		.ascii	"6\201\362\032\340\226\314k\244\274\267\311M4\213U\276"
 181      E096CC6B 
 181      A4BCB7C9 
 181      4D348B55 
 181      BE
 182 045a FA8BD27B 		.ascii	"\372\213\322{,|\022\223{\310x\320,\357\011\232\223\347"
 182      2C7C1293 
 182      7BC878D0 
 182      2CEF099A 
 182      93E7
 183 046c 87131B0C 		.ascii	"\207\023\033\014T\305\024\\\276\0031A\0363l\307\020"
 183      54C5145C 
 183      BE033141 
 183      1E336CC7 
 183      10
 184 047d 0B3EFD7F 		.ascii	"\013>\375\177\026l\221\026\034\036\221\025\227Z\307"
 184      166C9116 
 184      1C1E9115 
 184      975AC7
 185 048c B5E0AEAA 		.ascii	"\265\340\256\252!\013\032F\031\351.\031)\314\227\027"
 185      210B1A46 
 185      19E92E19 
 185      29CC9717 
 186 049c AFA04A01 		.ascii	"\257\240J\001\302\033\303}\351\377s\012\355\315\340"
 186      C21BC37D 
 186      E9FF730A 
 186      EDCDE0
 187 04ab DED8BE6C 		.ascii	"\336\330\276l\223\276\374u\204/w=\012T\351\207,\327"
 187      93BEFC75 
 187      842F773D 
 187      0A54E987 
 187      2CD7
 188 04bd 2A2DD72E 		.ascii	"*-\327.-\027\356\257\016P\344M\251\310{\3706\234\271"
 188      2D17EEAF 
 188      0E50E44D 
 188      A9C87BF8 
 188      369CB9
 189 04d0 29EF16F2 		.ascii	")\357\026\362\015\375WV\337\352\323\3178\244\256\005"
 189      0DFD5756 
 189      DFEAD3CF 
 189      38A4AE05 
 190 04e0 FC2B6170 		.ascii	"\374+ap\037f\260V\360D\341x\361\022\274\017@\232\361"
 190      1F66B056 
 190      F044E178 
ARM GAS  /tmp/ccGYr8a4.s 			page 15


 190      F112BC0F 
 190      409AF1
 191 04f3 F2DE5A8E 		.ascii	"\362\336Z\216\363\026'[,x\261\003%\302\374o&'\333fe"
 191      F316275B 
 191      2C78B103 
 191      25C2FC6F 
 191      2627DB66 
 192 0508 64CECF9C 		.ascii	"d\316\317\234\233f\313r\333\\96\267\313n\263g,X\276"
 192      9B66CB72 
 192      DB5C3936 
 192      B7CB6EB3 
 192      672C58BE 
 193 051c 38DD9969 		.ascii	"8\335\231iO\2663\356\314V\360\267C\311vef\361\354\317"
 193      4FB633EE 
 193      CC56F0B7 
 193      43C97665 
 193      66F1ECCF 
 194 0530 45BA6B21 		.ascii	"E\272k!\317\311\026_\270\263y\316\002\335\322\364EK"
 194      CFC9165F 
 194      B8B379CE 
 194      02DDD2F4 
 194      454B
 195 0542 1CB6D02C 		.ascii	"\034\266\320,\366,\2473k\261-;\313\225\343\266}4/uV"
 195      F62CA733 
 195      6BB12D3B 
 195      CB95E3B6 
 195      7D342F75 
 196 0557 EA324C69 		.ascii	"\3522Li\317r9>[\372\25639\203\2753&\336\261,\3076+5"
 196      CF72393E 
 196      5BFAAE33 
 196      3983BD33 
 196      26DEB12C 
 197 056f EDD3345B 		.ascii	"\355\3234[\346b\373\242%\013\0346\273\323\235\351\376"
 197      E662FBA2 
 197      250B1C36 
 197      BBD39DE9 
 197      FE
 198 0580 6CA1DD8E 		.ascii	"l\241\335\216\234\321\225\016\2432\334\313\335\210\210"
 198      9CD1950E 
 198      A332DCCB 
 198      DD8888
 199 058f 4A4D9B17 		.ascii	"JM\233\0277?\335\355\300J\247\306%Lc\334\305\014N\207"
 199      373FDDED 
 199      C04AA7C6 
 199      254C63DC 
 199      C50C4E87 
 200 05a3 33CBB59C 		.ascii	"3\313\265\234\375\013x\233M\324"
 200      FD0B789B 
 200      4DD4
 201              		.text
 202              		.section	.gnu.lto_.symbol_nodes.8e3269aeb9924be,"",%progbits
 203 0000 789C4DC9 		.ascii	"x\234M\311\275\015\203P\014F\321\373\331 1\005\253\232"
 203      BD0D8350 
 203      0C46D1FB 
 203      D9203105 
 203      AB9A
 204 0012 2252A454 		.ascii	"\"R\244T\024\324\021\005\243P3\003\033\344O)A8\"\305"
ARM GAS  /tmp/ccGYr8a4.s 			page 16


 204      14D41105 
 204      A3503303 
 204      1BE44F29 
 204      413822C5 
 205 0026 7363DF63 		.ascii	"sc\337c\007\006\376c\017\005\364\013Dp\037\033\354\251"
 205      0706FE63 
 205      0F05F40B 
 205      44701F1B 
 205      ECA9
 206 0038 5009FA28 		.ascii	"P\011\372(\354\004\272.\373\255\360\262_\212\252\354"
 206      EC04BA2E 
 206      FBADF0B2 
 206      5F8AAAEC 
 207 0048 AFA22EDA 		.ascii	"\257\242.\332\251\230\326]\236\327t\335Z\307\270\334"
 207      A998D65D 
 207      9ED774DD 
 207      5AC7B8DC 
 208 0058 72AB3E3D 		.ascii	"r\253>=?\363\317e\314\351\034~\335*\235"
 208      3FF3CF65 
 208      CCE91C7E 
 208      DD2A9D
 209              		.text
 210              		.section	.gnu.lto_.refs.8e3269aeb9924be,"",%progbits
 211 0000 789C6366 		.ascii	"x\234cf```d\200\002\000\000=\000\005"
 211      60606064 
 211      80020000 
 211      3D0005
 212              		.text
 213              		.section	.gnu.lto_.decls.8e3269aeb9924be,"",%progbits
 214 0000 789CB55A 		.ascii	"x\234\265Z{T\224\311\225\357\372\252_4\015$\242\223"
 214      7B5494C9 
 214      95EFFAAA 
 214      5F340D24 
 214      A293
 215 0012 899B6427 		.ascii	"\211\233d'$\313&\2733b\0227\217=\273\233LL6\223M&3\033"
 215      24CB26BB 
 215      33621237 
 215      8F3DBB9B 
 215      4C4C3693 
 216 002a 93DD3D27 		.ascii	"\223\335='\347\244\3034=\302\016\257t\267\343\270\377"
 216      E7A4C334 
 216      3DC20EAF 
 216      74B7E3B8 
 216      FF
 217 003b ECC74B91 		.ascii	"\354\307K\221\207\"*\257\021l\005\344\255\200\212\310"
 217      87222AAF 
 217      116C05E4 
 217      AD808AC8 
 218 004b 43101441 		.ascii	"C\020\024A@QQ\004\344!\017\005Q\004AAD\330[U_w\177\335"
 218      40515104 
 218      E4210F05 
 218      51044141 
 218      44D85B55 
 219 0063 7C8DEED9 		.ascii	"|\215\356\331\263\234S|u\253~u\353\336[\367\336\252"
 219      B39C537C 
 219      75AB7E75 
 219      EBDE5BF7 
ARM GAS  /tmp/ccGYr8a4.s 			page 17


 219      DEAA
 220 0075 FABEC632 		.ascii	"\372\276\3062\231l\014\311d\313\360\367o\033d\262E\245"
 220      996C0CC9 
 220      64CBF0F7 
 220      6F1B64B2 
 220      45A5
 221 0087 4C86A1ED 		.ascii	"L\206\241\355C\031{\276\001\005\232d\357\311\330\037"
 221      43197BBE 
 221      01059A64 
 221      EFC9D81F 
 222 0097 A9D700FE 		.ascii	"\251\327\000\376\006\224\333P&\241\314B\231G\262\025"
 222      0694DB50 
 222      26A1CC42 
 222      9947B215 
 223 00a7 7F04B71E 		.ascii	"\177\004\267\036\236\236P\264P\376\010t*\224H(\217\200"
 223      9E9E50B4 
 223      50FE0874 
 223      2A944828 
 223      8F80
 224 00b9 AE837212 		.ascii	"\256\203r\022\352\037\300\363><\027\340\371\034\261"
 224      EA1FC0F3 
 224      3E3C17E0 
 224      F91CB1
 225 00c8 B99EC0B3 		.ascii	"\271\236\300\263\006\236\213\360D\234L\306A\301P\036"
 225      069E8BF0 
 225      449C4CC6 
 225      41C1501E 
 226 00d8 02FD6B28 		.ascii	"\002\375k(n\210\311&\347\230L\267\200V\301s\000\236"
 226      6E88C926 
 226      E7984CB7 
 226      8056C173 
 226      009E
 227 00ea 77A10C41 		.ascii	"w\241\014A\351\2072\010e\030\312\177\2201\202LD^\025"
 227      E9873208 
 227      6518CA7F 
 227      9031824C 
 227      445E15
 228 00fd 8C7383E2 		.ascii	"\214s\203\342\3051\035\210._\204\2727\267R\017\242\353"
 228      C5311D88 
 228      2E5F84BA 
 228      37B7520F 
 228      A2EB
 229 010f 5F38E9D1 		.ascii	"_8\351\321\352B\007\";\321c-\360y\006t\213\240\357\377"
 229      EA420722 
 229      3BD1632D 
 229      F0790674 
 229      8BA0EFFF 
 230 0123 56173791 		.ascii	"V\0277\221.M.\364\371P\300\335\020\354\277\232Ndy\276"
 230      2E4D2EF4 
 230      F950C0DD 
 230      10ECBF9A 
 230      4E6479BE 
 231 0137 EAA4DB34 		.ascii	"\352\244\3334\207r\353\347\342\2711\016yj,rB\027V\306"
 231      8772EBE7 
 231      E2B9310E 
 231      796A2C72 
 231      421756C6 
ARM GAS  /tmp/ccGYr8a4.s 			page 18


 232 014b BD5003AD 		.ascii	"\275P\003\255\325\374\214\220\005\345%\223\034\346\020"
 232      D5FC8C90 
 232      05E52593 
 232      1CE610
 233 015a A967A7DD 		.ascii	"\251g\247\335\355\324\274]\310\363|,_\177\033\331y\014"
 233      EDD4BC5D 
 233      C8F37C2C 
 233      5F7F1BD9 
 233      790C
 234 016c 1F6EBDE7 		.ascii	"\037n\275\347\205\327PPyvn\205\033\345\367\023B\346"
 234      85D75050 
 234      79766E85 
 234      1BE5F713 
 234      42E6
 235 017e 1C4C2956 		.ascii	"\034L)VPvjBN\356J\275\311\341\257PdFK\257\027~\233V"
 235      50766A42 
 235      4EEE4ABD 
 235      C9E1AF50 
 235      64464BAF 
 236 0196 EF651F3F 		.ascii	"\357e\037?\352\211\377\221\326\317\036\237mw\247\014"
 236      EA89FF91 
 236      D6CF1E9F 
 236      6D77A70C 
 237 01a6 DE226455 		.ascii	"\336\"dUrs\232\2222\240\342M,\354IR\343\237R\344\321"
 237      72739A92 
 237      32A0E24D 
 237      2CEC4952 
 237      E39F52E4 
 238 01bb 13F3D35A 		.ascii	"\023\363\323Z\374\013Z\277\265w\242S\213\337\247\365"
 238      FC0B5ABF 
 238      B577A253 
 238      8BDFA7F5 
 239 01cb BA73F34D 		.ascii	"\272s\363M\032\374{ZO\210\035l\321\340?\322z\304\261"
 239      1AFC7B5A 
 239      4F881D6C 
 239      D1E03FD2 
 239      7AC4B1
 240 01de EA0415B0 		.ascii	"\352\004\025\260\372\272\206J=\360\371\363\0347J\022"
 240      FABA864A 
 240      3DF0F9F3 
 240      1C374A12 
 241 01ee D7F78226 		.ascii	"\327\367\202&\256\371\036\237\355\211|59\240\343Tw\366"
 241      AEF91E9F 
 241      ED897C35 
 241      39A0E354 
 241      77F6
 242 0200 D07B51FC 		.ascii	"\320{Q\374OP5\322\2403\010\243B\3646\250KG\223\277X"
 242      4F5035D2 
 242      A03308A3 
 242      42F436A8 
 242      4B4793BF 
 243 0215 9E8FE493 		.ascii	"\236\217\344\223\242x\267fO\031*C\353Q9Z/CU\310\027"
 243      A278B766 
 243      4F192A43 
 243      EB51395A 
 243      2F4355C8 
 244 022a 10148B2A 		.ascii	"\020\024\213*\241\361,4\002\343\213\213\347\242\025"
ARM GAS  /tmp/ccGYr8a4.s 			page 19


 244      A1F12C34 
 244      02E38B8B 
 244      E7A215
 245 0239 48E32B3D 		.ascii	"H\343+=\250Vb\020\025a)7\365\015\236\227\243\032\020"
 245      A8566210 
 245      15612937 
 245      F50D9E97 
 245      A31A10
 246 024c A1C22E02 		.ascii	"\241\302.\002Hd\265=\2273\036Y\244\260\212\034\277{"
 246      4864B53D 
 246      97331E59 
 246      A4B08A1C 
 246      BF7B
 247 025e 2890885C 		.ascii	"(\220\210\\\007\370\323v|\015ZU\346s\2222\243\216\214"
 247      07F8D376 
 247      7C0D5A55 
 247      E6739232 
 247      A38E8C
 248 0271 D94E393E 		.ascii	"\331N9>\307\326>\177\364\305\224\033ndDS\373\265\021"
 248      C7D63E7F 
 248      F4C5941B 
 248      6E644453 
 248      FBB511
 249 0284 C47C8623 		.ascii	"\304|\206#\364\221\341\313\255\356t\215\276I\310\244"
 249      F491E1CB 
 249      ADEE748D 
 249      BE49C8A4 
 250 0294 BCFA2677 		.ascii	"\274\372&w\334\301\260\327\237\234\345U\370\016%\270"
 250      DCC1B0D7 
 250      9F9CE555 
 250      F80E25B8 
 251 02a4 C46B034B 		.ascii	"\304k\003Kr\344\253\245\302\266\027\315|\026\001\302"
 251      72E4ABA5 
 251      C2B617CD 
 251      7C1601C2 
 252 02b4 5E425A74 		.ascii	"^BZt\321.\354\007Z&k\234]V\364\341\033vi\233@\332\017"
 252      D12EEC07 
 252      5A266B9C 
 252      5D56F4E1 
 252      1B76699B 
 253 02cb B4021A26 		.ascii	"\264\002\032&x\3067\305y\341}\230\316\0267\023}^\213"
 253      78C637C5 
 253      79E17D98 
 253      CE163713 
 253      7D5E8B
 254 02de 0F30E271 		.ascii	"\0170\342qmK\246\027Ne\304\330\364\330-O\234\301\210"
 254      6D4BA617 
 254      4E65C4D8 
 254      F4D82D4F 
 254      9CC188
 255 02f1 FD0FEA87 		.ascii	"\375\017\352\207<q&#Z\207\346g\264T\372/P\257\252\033"
 255      3C712623 
 255      5A87E667 
 255      B454FA2F 
 255      50AFAA1B 
 256 0305 8ED2620B 		.ascii	"\216\322b\013\353\353M\332\231\357\206\263\031\221>"
 256      EBEB4DDA 
ARM GAS  /tmp/ccGYr8a4.s 			page 20


 256      99EF86B3 
 256      19913E
 257 0314 D7D6E445 		.ascii	"\327\326\344E\201o\022\262\370Hz\205\033\316c}\223-"
 257      816F12B2 
 257      F8487A85 
 257      1BCE637D 
 257      932D
 258 0326 C5431C2E 		.ascii	"\305C\034.\302\016.\254\245.\354>[P}D\213|\330\237\267"
 258      C20E2EAC 
 258      A52EEC3E 
 258      5B507D44 
 258      8B7CD89F 
 259 033b 8FAF8F05 		.ascii	"\217\257\217\005T\233\352/\231\373\227\344(>\347Mj\200"
 259      549BEA2F 
 259      99FB97E4 
 259      283EE74D 
 259      6A80
 260 034d 1630402F 		.ascii	"\0260@/\362\266\253\371-\310\233\204\002%\011\3342^"
 260      F2B6ABF9 
 260      2DC89B84 
 260      022509DC 
 260      325E
 261 035f A46CDE48 		.ascii	"\244l\336H\241W\234\241\355\310\011\373\300\206\275"
 261      A1579CA1 
 261      EDC809FB 
 261      C086BD
 262 036e EA8CEDA0 		.ascii	"\352\214\355\240\330\277\261A\007l\320Vgh\2113\333~"
 262      D8BFB141 
 262      076CD056 
 262      67688933 
 262      DB7E
 263 0380 1BF6B234 		.ascii	"\033\366\2624\326\316\366\241\015z\335\031z\303\011"
 263      D6CEF6A1 
 263      0D7ADD19 
 263      7AC309
 264 038f 7AC7066D 		.ascii	"z\307\006m\226\264\001E\356\003\207\341\223x\376'f\031"
 264      96B40145 
 264      EE0387E1 
 264      9378FE27 
 264      6619
 265 03a1 6A80EE46 		.ascii	"j\200\356F\322}A\300\203+\240>\360\212\036\344\203:"
 265      D27D41C0 
 265      832BA03E 
 265      F08A1EE4 
 265      833A
 266 03b3 A1DC86D2 		.ascii	"\241\334\206\322\005\245\037\312M(\267\240\334\201\322"
 266      05A51FCA 
 266      4D28B7A0 
 266      DC81D2
 267 03c2 8D7CA867 		.ascii	"\215|\250g\321i'l\323^\223\266\021S\234x\352\340\331"
 267      D169276C 
 267      D35E93B6 
 267      11539C78 
 267      EAE0D9
 268 03d5 78258F08 		.ascii	"x%\217\010F&\270\235\360G\030\015\216\025]\326\362\002"
 268      4626B89D 
 268      F047180D 
ARM GAS  /tmp/ccGYr8a4.s 			page 21


 268      8E155DD6 
 268      F202
 269 03e7 AB36E9A5 		.ascii	"\2536\351\245\241*\200_\334\217\211\315Qh\305\216-\006"
 269      A12A805F 
 269      DC8F89CD 
 269      5168C58E 
 269      2D06
 270 03f9 CBD000D2 		.ascii	"\313\320\000\322\012\031\365hif\214\006\367Sw\302\371"
 270      0A19F568 
 270      69668C06 
 270      F75377C2 
 270      F9
 271 040a 1D275F80 		.ascii	"\035'_\200\377x\373R\277io=\266\203\371\015\300\321"
 271      FF78FB52 
 271      BF696F3D 
 271      B683F90D 
 271      C0D1
 272 041c 20CC38B4 		.ascii	" \3148\264\232\315\242\250\315l\335\347\005<\261\331"
 272      9ACDA2A8 
 272      CD6CDDE7 
 272      053CB1D9 
 273 042c 30D8ECAE 		.ascii	"0\330\354\256`\023\252gz\014\321sh\205\236 P\315BJ\274"
 273      6013AA67 
 273      7A0CD173 
 273      68859E20 
 273      50CD424A 
 274 0441 1BBECBFC 		.ascii	"\033\276\313\374;#\177xR\216G\03113\2268\257\301\023"
 274      3B237F78 
 274      528E4719 
 274      31339638 
 274      AFC113
 275 0454 8C682ECA 		.ascii	"\214h.\312\374\023\236\246u\371\360\241\322\012/\344"
 275      FC139EA6 
 275      75F9F0A1 
 275      D20A2FE4 
 276 0464 BB7E3DCD 		.ascii	"\273~=\315M\261\020\351\023\220\226\356#,\332\200\322"
 276      4DB110E9 
 276      139096EE 
 276      232CDA80 
 276      D2
 277 0475 A07DFEC7 		.ascii	"\240}\376\307\244\003\252j\372\2449j*\231\307o\312\320"
 277      A403AA6A 
 277      FAA4396A 
 277      2A99C76F 
 277      CAD0
 278 0487 DBEBD1B7 		.ascii	"\333\353\321\267A\3501\020\224t\311\320\003\320c\234"
 278      41E83110 
 278      9474C9D0 
 278      03D0639C 
 279 0497 A5A7A1FD 		.ascii	"\245\247\241\375\323\273\025\032\001\035\373*tZ\\Z\254"
 279      D3BB151A 
 279      011DFB2A 
 279      745A5C5A 
 279      AC
 280 04a8 D6C1F40F 		.ascii	"\326\301\364\017A\030\273\351\037\331L\277\324\267w"
 280      4118BBE9 
 280      1FD94CBF 
ARM GAS  /tmp/ccGYr8a4.s 			page 22


 280      D4B777
 281 04b7 46819F31 		.ascii	"F\201\2371}j\307\223\2525\370\005#\016LU\336v\303;\345"
 281      7D6AC793 
 281      AA35F805 
 281      230E4C55 
 281      DE76C33B 
 282 04cc 94986ECF 		.ascii	"\224\230n\317\274\340\211\367\312\035v\026\037\266\263"
 282      BCE089F7 
 282      CA1D7616 
 282      1FB6B3
 283 04db 3CDFB53B 		.ascii	"<\337\265;ZC\311e\353\037M\177\227c\366\345j\255\273"
 283      5A43C965 
 283      EB1F4D7F 
 283      9763F6E5 
 283      6AADBB
 284 04ee 80258AFF 		.ascii	"\200%\212\377bD\331Wd\250\030\204 \361\203\236\202\340"
 284      6244D957 
 284      64A81884 
 284      20F1839E 
 284      82E0
 285 0500 3E421E7E 		.ascii	">B\036~\002\2153\326m\240{x\222\356D\263 \362\264=S"
 285      028D33D6 
 285      6DA07B78 
 285      92EE44B3 
 285      20F2B43D 
 286 0515 FAD87781 		.ascii	"\372\330w\201\276\323-/\025\2569\317\271\342\274\224"
 286      BED32D2F 
 286      15AE39CF 
 286      B9E2BC94 
 287 0525 9B453798 		.ascii	"\233E7\230g\300y\312\316yV\264\301\244\317\3644\257"
 287      67C079CA 
 287      CE7956B4 
 287      C1A4CFF4 
 287      34AF
 288 0537 22F47357 		.ascii	"\"\364sW\254\333\213\346>\214\004\241\347\201\365c;"
 288      ACDB8BE6 
 288      3E8C04A1 
 288      E781F563 
 288      3B
 289 0548 EB6776D6 		.ascii	"\353gv\326(ni\250\315\335aQ\346\035\026e\301\266(\227"
 289      286E69A8 
 289      CDDD6151 
 289      E61D1665 
 289      C1B62897 
 290 055c D26E6471 		.ascii	"\322ndq8\203Y{\361et\252\027>\302\210\324k\267\317\310"
 290      3883597B 
 290      F16574AA 
 290      173EC288 
 290      D46BB7CF 
 291 0571 712123E2 		.ascii	"q!#\342z\013\332T\270\334qQ\336`\213\262\2475\343<\246"
 291      7A0BDA54 
 291      B8DC7151 
 291      DE608BB2 
 291      A735E33C 
 292 0586 245B8CE4 		.ascii	"$[\214\344\341\331\\d\325\313\321\337\"9_\2001\235\226"
 292      E1D95C64 
 292      D5CBD1DF 
ARM GAS  /tmp/ccGYr8a4.s 			page 23


 292      22395F80 
 292      319D96
 293 0599 411A9EB3 		.ascii	"A\032\236\263.D\366\336\257\020sEp\032\264d\327\351"
 293      2E44F6DE 
 293      AF107345 
 293      701AB464 
 293      D7E9
 294 05ab 0DBBB506 		.ascii	"\015\273\265\006\273r\377U\232i\264+\246K\271\255\353"
 294      BB72FF55 
 294      9A69B42B 
 294      A64BB9AD 
 294      EB
 295 05bc 08D32860 		.ascii	"\010\323(`\372\322\316\024\346\260s=2\267U\232\353N"
 295      FAD2CE14 
 295      E6B0733D 
 295      32B7559A 
 295      EB4E
 296 05ce 575CE30B 		.ascii	"W\\\343\013\006\276F\270\306\000\327E;\327(;W\024\235"
 296      06BE46B8 
 296      C600D745 
 296      3BD7283B 
 296      57149D
 297 05e1 F3ECA51C 		.ascii	"\363\354\245\034\3270k\265\337L\213\361\300\015\224"
 297      D7306BB5 
 297      DF4C8BF1 
 297      C00D94
 298 05f0 E06EBEDC 		.ascii	"\340n\276\334\351-=_\234\213\371,\213<\257\226\241\335"
 298      E92D3D5F 
 298      9C8BF92C 
 298      8B3CAF96 
 298      A1DD
 299 0602 305B2C27 		.ascii	"0[,'9[v}\326e9\276\314f;\264kvA\216;\330l\247\022\007"
 299      395B767D 
 299      D66539BE 
 299      CC663BB4 
 299      6B76418E 
 300 061c 62B0F474 		.ascii	"b\260\364t{\\M\267D\247K\204\351\022\244\247\253;x\356"
 300      7B5C4DB7 
 300      44A74B84 
 300      E912A4A7 
 300      AB3B78EE 
 301 0630 991ADF96 		.ascii	"\231\032\337\226;l\361\236l\213?\3254\320\356\201\373"
 301      3B6CF19E 
 301      6C8B3FD5 
 301      34D0EE81 
 301      FB
 302 0641 585FF5FD 		.ascii	"X_\365\375\310n\025\036f\304\374\203\373\017\021\236"
 302      C86E151E 
 302      66C4FC83 
 302      FB0F119E 
 303 0651 60C4F1BE 		.ascii	"`\304\361\276\306\3550H\251!\211t\236F\361\177Cs\313"
 303      C6ED3048 
 303      A9218974 
 303      9E46F17F 
 303      4373CB
 304 0664 8DAB1D0A 		.ascii	"\215\253\035\012\332N\232TD\203\347\027*O(\231\006\374"
 304      DA4E9A54 
ARM GAS  /tmp/ccGYr8a4.s 			page 24


 304      4483E717 
 304      2A4F2899 
 304      06FC
 305 0676 CAF3552A 		.ascii	"\312\363U*(\241\024\2248\300\255G\007m\3564|\230\272"
 305      28A11494 
 305      38C0AD47 
 305      076DEE34 
 305      7C98BA
 306 0689 530AA8B1 		.ascii	"S\012\250\261\337\256\206\322\276\360\335\247\217T\331"
 306      DFAE86D2 
 306      BEF0DDA7 
 306      8F54D9
 307 0698 0EA44B31 		.ascii	"\016\244K1]\324Q\322\001\236l\207\247p\366\323\235\304"
 307      5DD451D2 
 307      019E6C87 
 307      A770F6D3 
 307      9DC4
 308 06aa EC6912B3 		.ascii	"\354i\022\263\003\347\243\327\207\343\220\355\334X\300"
 308      03E7A3D7 
 308      87E390ED 
 308      DC58C0
 309 06b9 CE8D9F03 		.ascii	"\316\215\237\003\347}v\316\351\253s\316\220\344\214"
 309      E77D76CE 
 309      E9AB73CE 
 309      90E48C
 310 06c8 92BABA97 		.ascii	"\222\272\272\227\324\370)\263agA\207\305\013/2\342v"
 310      D4F829B3 
 310      61674187 
 310      C50B2F32 
 310      E276
 311 06da F7854C15 		.ascii	"\367\205L\025\216Q\260C\322\201\374\213Z\234\300\210"
 311      8E51B043 
 311      D281FC8B 
 311      5A9CC088 
 312 06ea C693D53F 		.ascii	"\306\223\325?\307\207Y=}\357\211T\016\3472\242\264\256"
 312      C787593D 
 312      7DEF8954 
 312      0EE732A2 
 312      B4AE
 313 06fc 6837BB4E 		.ascii	"h7\273N\374\211\220s1S\2735\364d\245\245\353\332\362"
 313      FC899073 
 313      3153BB35 
 313      F464A5A5 
 313      EBDAF2
 314 070f A05F854B 		.ascii	"\240_\205K\030\364\314\243\334\024\005\256\242\004W"
 314      18F4CCA3 
 314      DC1405AE 
 314      A20457
 315 071e 9E7931DD 		.ascii	"\236y1\335MP\317\222\210\021\312\003\325r_[\265c\322"
 315      4D50CF92 
 315      8811CA03 
 315      D5725F5B 
 315      B563D2
 316 0731 AA15E41C 		.ascii	"\252\025\344\034HT\341z6\337\374\225\221B\025\276\300"
 316      4854E17A 
 316      36DFFC95 
 316      914215BE 
ARM GAS  /tmp/ccGYr8a4.s 			page 25


 316      C0
 317 0742 88833587 		.ascii	"\210\2035\207\222\231\234<\245\247\372\223\026<p+\353"
 317      92999C3C 
 317      A5A7FA93 
 317      163C702B 
 317      EB
 318 0753 9C8828EC 		.ascii	"\234\210(\354\307\270\223\021)E\231\013J\334\303\210"
 318      C7B89311 
 318      2945990B 
 318      4ADCC388 
 319 0763 E30FA60F 		.ascii	"\343\017\246\017(\360\020#\312\306{\336\301\343L\376"
 319      28F01023 
 319      CAC67BDE 
 319      C1E34CFE 
 320 0773 F4D9D1CB 		.ascii	"\364\331\321\313\310\345\205\241\214\223\2760X\342A"
 320      C8E585A1 
 320      8C93BE30 
 320      58E241
 321 0782 D352D0F4 		.ascii	"\323R\320\364\004\267\362\360\0173d\3369vX\213\237\262"
 321      04B7F2F0 
 321      0F3364DE 
 321      3976588B 
 321      9FB2
 322 0794 E9A62AA7 		.ascii	"\351\246*\247\357z\342EF,e'T#\274\304\210\273'\356\217"
 322      EF7AE245 
 322      462C6527 
 322      5423BCC4 
 322      88BB27EE 
 323 07a9 73385149 		.ascii	"s8QI\211\266\343\335\245^8\223\021\371CW\222=\250\375"
 323      89B6E3DD 
 323      A55E3893 
 323      11F94357 
 323      923DA8FD 
 324 07bd BF452F7B 		.ascii	"\277E/{#=\275n8\227\365]}\224\265\254\306\307\031"
 324      233DBD6E 
 324      3897F55D 
 324      7D94B5AC 
 324      C6C719
 325 07d0 313037D0 		.ascii	"107\320\240\242\300\215\324\002\267\252\236\250\361"
 325      A0A2C08D 
 325      D402B7AA 
 325      9EA8F1
 326 07df 19D61751 		.ascii	"\031\326\027Q_r\203\365\375\220\256\351\343\275\265"
 326      5F7283F5 
 326      FD90AEE9 
 326      E3BDB5
 327 07ee 0A5CC7FA 		.ascii	"\012\\\307\372\362&',Z\334\254t\270Kj\351]\362\037z"
 327      F226272C 
 327      5ADCAC74 
 327      B84B6AE9 
 327      5DF21F7A 
 328 0802 E3AA6EBA 		.ascii	"\343\252n\272\013\347h_\037-=LC\305\307\327\333\233"
 328      0BE7685F 
 328      1F2D3D4C 
 328      43C5C7D7 
 328      DB9B
 329 0814 1DADE1A1 		.ascii	"\035\255\341\241\325\2226\241\370h\327\222f\255\326"
ARM GAS  /tmp/ccGYr8a4.s 			page 26


 329      D59236A1 
 329      F868D792 
 329      66ADD6
 330 0823 97FEF990 		.ascii	"\227\376\371\220\2037?\225Um\371\332\331r\276>\032S"
 330      83373F95 
 330      556DF9DA 
 330      D972BE3E 
 330      1A53
 331 0835 7FCF0453 		.ascii	"\177\317\004S=\342\326J\235\240\350A\261&\227\034\024"
 331      3DE2D64A 
 331      9DA0E841 
 331      B126971C 
 331      14
 332 0846 C98DAA1E 		.ascii	"\311\215\252\036\322\350\030\347\372\324;5^=\265e?="
 332      D2E818E7 
 332      FAD43B35 
 332      5E3DB565 
 332      3F3D
 333 0858 9AF5735A 		.ascii	"\232\365sZT\014\214{W\201\227fU\317\177-\235\2674 \324"
 333      540C8C7B 
 333      57819766 
 333      55CF7F2D 
 333      9DB73420 
 334 086d 0C70CBAA 		.ascii	"\014p\313\252r\300!4\357\012=g\022\231\017\255\216\265"
 334      72C02134 
 334      EF0A3D67 
 334      12990FAD 
 334      8EB5
 335 087f 547D1B80 		.ascii	"T}\033\200\2030w%\307D\266m\327g8\307\263\355TQ\255"
 335      83307725 
 335      C744B66D 
 335      D76738C7 
 335      B3ED5451 
 336 0894 C5A30592 		.ascii	"\305\243\005\222)\205\037\267o\024\235\234\267\375\220"
 336      29851FB7 
 336      6F149D9C 
 336      B7FD90
 337 08a3 0B36AB79 		.ascii	"\0136\253y\243\212\331\014NJh\322\331\022\242k\205x"
 337      A38AD90C 
 337      4E4A68D2 
 337      D912A26B 
 337      8578
 338 08b5 3B1F00BD 		.ascii	";\037\000\275\354\3339hi;~_- V}\002\375\325\234\023"
 338      ECDB3968 
 338      693B7E5F 
 338      2D20567D 
 338      02FDD59C 
 339 08ca AF1ACE71 		.ascii	"\257\032\316q\001\022m\320\343\257X\2521\272Tpj@/\244"
 339      01126DD0 
 339      E3AF58AA 
 339      31BA5470 
 339      6A402FA4 
 340 08de 05647A8B 		.ascii	"\005dz\213/\023y\000\310'\200\253\020Rd\0049\030\317"
 340      2F137900 
 340      C82780AB 
 340      10526404 
 340      3918CF
ARM GAS  /tmp/ccGYr8a4.s 			page 27


 341 08f1 42FD26E7 		.ascii	"B\375&\347\203\316Ci\207r\015\312](\227\240\264B\271"
 341      83CE4369 
 341      87720DCA 
 341      5D2897A0 
 341      B442B9
 342 0904 02E53694 		.ascii	"\002\3456\224!(}P\036C\271\010\345\005\224\026(w\240"
 342      21287D50 
 342      1E43B908 
 342      E5059416 
 342      2877A0
 343 0917 7470B6CB 		.ascii	"tp\266\313\006?X\233\313\326\216\234\274G\244\275Ht"
 343      063F589B 
 343      CBD68E9C 
 343      BC47A4BD 
 343      4874
 344 0929 CF7A34AA 		.ascii	"\317z4\252H\333H7\356]\202m\204\335Ptu\022\326nq\013"
 344      48DB4837 
 344      EE5D826D 
 344      84DD5074 
 344      7512D66E 
 345 093f 49DB6D00 		.ascii	"I\333m\000)\260/\335\230x\351\300\313\362\377\232y\031"
 345      29B02FDD 
 345      9878E9C0 
 345      CBF2FF9A 
 345      7919
 346 0951 DC9ACF39 		.ascii	"\334\232\3179\033\273\316\311\330u\324\204\304}G\235"
 346      1BBBCEC9 
 346      D875D484 
 346      C47D479D 
 347 0961 E56C779A 		.ascii	"\345lw\232}\274\272\364Wd\366\021\000\225\330\363M\257"
 347      7DBCBAF4 
 347      5764F611 
 347      0095D8F3 
 347      4DAF
 348 0973 7576C9FB 		.ascii	"uv\311\373\3070\230vZ0\363s\250?\020\314\304\300\026"
 348      C7309876 
 348      5A30F373 
 348      A83F10CC 
 348      C4C016
 349 0986 0AB639EB 		.ascii	"\012\2669\353\011\020\241S\000?\005\3608\330uAdW\320"
 349      0910A153 
 349      003F05F0 
 349      38D87541 
 349      6457D0
 350 0999 EDE1BA08 		.ascii	"\355\341\272\010\252\033\361\336S\310\311\331\035\243"
 350      AA1BF1DE 
 350      53C8C9D9 
 350      1DA3
 351 09a7 A274A1F6 		.ascii	"\242t\241\366\024vD\367\254\202\036\257\036sB\367\272"
 351      147644F7 
 351      AC821EAF 
 351      1E7342F7 
 351      BA
 352 09b8 44132B8F 		.ascii	"D\023+\217|)\225\037\254G\364\010\024/\265no\333\302"
 352      7C29951F 
 352      AC47F408 
 352      142FB56E 
ARM GAS  /tmp/ccGYr8a4.s 			page 28


 352      6FDBC2
 353 09cb 73224F29 		.ascii	"s\"O)\004\362\021\327\036-\366\322\243\260\005e\303"
 353      04F211D7 
 353      1E2DF6D2 
 353      A3B00565 
 353      C3
 354 09dc 4AA11C8E 		.ascii	"J\241\034\216\011M,2\007\026\271\005\026\031u0!\033"
 354      094D2C32 
 354      0716B905 
 354      16197530 
 354      211B
 355 09ee 500803C8 		.ascii	"P\010\003\310z\241\"!\011\221\001\3630\240\013\0064"
 355      7AA12221 
 355      099101F3 
 355      30A00B06 
 355      34
 356 09ff 40B9C789 		.ascii	"@\271\307\211\356\302\275\005\326\024W+\035\2146\347"
 356      EEC2BD05 
 356      D614572B 
 356      1D8C36E7 
 357 0a0f E42D8729 		.ascii	"\344-\207)\226\310|\322\031{C\344\310\342,\320\306\211"
 357      96C87CD2 
 357      197B43E4 
 357      C8E22CD0 
 357      C689
 358 0a21 2FB9C4B7 		.ascii	"/\271\304\267\230\253\270\302\240\373 \250\035&\326"
 358      98ABB8C2 
 358      A0FB20A8 
 358      1D26D6
 359 0a30 CB66FE26 		.ascii	"\313f\376&\200\254\342\032\221\203\315\027Y\310\021"
 359      80ACE21A 
 359      9183CD17 
 359      59C811
 360 0a3f 3EF7A45D 		.ascii	">\367\244]\331\036r\203K\271W\334y\010:r\240\334+\265"
 360      D91E7283 
 360      4BB957DC 
 360      79083A72 
 360      A0DC2BB5 
 361 0a53 78499C28 		.ascii	"xI\234(\352F\264\315$c\336 ~aw\374iG\307wZ\210\353 "
 361      EA46B4CD 
 361      2463DE20 
 361      7E6177FC 
 361      6947C777 
 362 0a6b E42B1682 		.ascii	"\344+\026\202\237Z\250\255\371\025\333@\310q%_X\354"
 362      9F5AA8AD 
 362      F915DB40 
 362      C871255F 
 362      58EC
 363 0a7d 55F69B79 		.ascii	"U\366\233ya\277y\010Z\226\"\311\375\306!\327\227j\213"
 363      61BF7908 
 363      5A9622C9 
 363      FDC621D7 
 363      976A8B
 364 0a90 89E4242F 		.ascii	"\211\344$/\037\266K\336\317iWJn\313\214E\202\365\376"
 364      1FB64BDE 
 364      CF69574A 
 364      6ECB8C45 
ARM GAS  /tmp/ccGYr8a4.s 			page 29


 364      82F5FE
 365 0aa3 1F3223D9 		.ascii	"\0372#\331X,\353\204\215\245_\320\241\223\223|\235A"
 365      582CEB84 
 365      8DA55FD0 
 365      A193937C 
 365      9D41
 366 0ab5 3D35DD96 		.ascii	"=5\335\226\236\010rz\025\344\"\215\261\031@\026\270"
 366      9E08727A 
 366      15E4228D 
 366      B1194016 
 366      B8
 367 0ac6 8E31B107 		.ascii	"\2161\261\007\2168x\351Cf\222d\211\034&\243\334\210"
 367      8E3878E9 
 367      43669264 
 367      891C26A3 
 367      DC88
 368 0ad8 359E8135 		.ascii	"5\236\2015.\200F\365P\246\2404B\351\2062\001\3452\224"
 368      2E8046F5 
 368      50A6A034 
 368      42E98632 
 368      01E53294 
 369 0aec 49B14366 		.ascii	"I\261Cf\0260\207$\307\263\362W\354\337\3054\310\210"
 369      16308724 
 369      C7B3F257 
 369      ECDFC534 
 369      C888
 370 0afe 7F553807 		.ascii	"\177U8\007\331\031\307\204=x\365\022c\013\311=\353U"
 370      D919C784 
 370      3D78F512 
 370      630BC93D 
 370      EB55
 371 0b10 C9C42917 		.ascii	"\311\304)\027\237\346\260d.vxA\345`\225'\314*b@\217"
 371      9FE6B064 
 371      2E767841 
 371      E5609527 
 371      CC2A6240 
 372 0b25 03608601 		.ascii	"\003`\206\001\350\333\244*\3726\211lF\216o\223\350A"
 372      E8DBA42A 
 372      FA36896C 
 372      468E6F93 
 372      E841
 373 0b37 15CEFAF4 		.ascii	"\025\316\372\364\210\261\262k\260p\253\232\250!\321"
 373      88B1B26B 
 373      B070AB9A 
 373      A821D1
 374 0b46 05F151BA 		.ascii	"\005\361Q\272\231\274S\350\221\034\011\3610\262\231"
 374      99BC53E8 
 374      911C09F1 
 374      30B299
 375 0b55 BC51EE95 		.ascii	"\274Q\356\225\354\206\034=\270\226\334\237\246WtSK\026"
 375      EC861C3D 
 375      B896DC9F 
 375      A6577453 
 375      4B16
 376 0b67 8832C649 		.ascii	"\2102\306II?\024%\214f\321j\236u^\243*Q\322$7\314\266"
 376      493F1425 
 376      8C66D16A 
ARM GAS  /tmp/ccGYr8a4.s 			page 30


 376      9E755EA3 
 376      2A51D224 
 377 0b7e 8213EC13 		.ascii	"\202\023\354\023\013O_\227\307\304\364\301\241\347\216"
 377      0B4F5F97 
 377      C7C4F4C1 
 377      A1E78E
 378 0b8d 8A1DBC27 		.ascii	"\212\035\274';\3239\374\200\0215\307\312\024\370\231"
 378      3BD339FC 
 378      801135C7 
 378      CA14F899 
 379 0b9d CAE1F5C5 		.ascii	"\312\341\365\305{\216_+\336\263\177\255\270Zt\362\256"
 379      7B8E5F2B 
 379      DEB37FAD 
 379      B85A74F2 
 379      AE
 380 0bae D6E51D21 		.ascii	"\326\345\035!\012\373\002\230\335\021x\274\036E`\341"
 380      0AFB0298 
 380      DD1178BC 
 380      1E4560E1 
 381 0bbe D6F9B2AE 		.ascii	"\326\371\262\256\364\253'H\026\210\304\032\264l\317"
 381      F4AB2748 
 381      1688C41A 
 381      B46CCF
 382 0bcd 02EFD9EF 		.ascii	"\002\357\331\357\011\015W+S\020\371\030E8\374\201~x"
 382      090D572B 
 382      5310F918 
 382      4538FC81 
 382      7E78
 383 0bdf 39579631 		.ascii	"9W\2261\256\244MdX4\246\215Wr\"+\264_:(8\327\027\344"
 383      AEA44D64 
 383      5834A68D 
 383      5772222B 
 383      B45F3A28 
 384 0bf7 C40BEDCE 		.ascii	"\304\013\355\316\260\023\177\011\376\307\000\2242\255"
 384      B0137F09 
 384      FEC70094 
 384      32AD
 385 0c05 1F2F2B74 		.ascii	"\037/+t\303\035j\366\276\274\2626Y\345\360\352\007\320"
 385      C31D6AF6 
 385      BEBCB236 
 385      59E5F0EA 
 385      07D0
 386 0c17 A2B1B1D8 		.ascii	"\242\261\261\330\376\212\237k{\022\223\204\254\237\015"
 386      FE8A9F6B 
 386      7B129384 
 386      AC9F0D
 387 0c26 6A6FD468 		.ascii	"jo\324h\013\210\370q\000\331\205m\342\303\010\331\012"
 387      0B88F871 
 387      00D9856D 
 387      E2C308D9 
 387      0A
 388 0c37 F7153345 		.ascii	"\367\0253E\273\301\"b\276\250~\220\177\344\201\023\335"
 388      BBC12262 
 388      BEA87E90 
 388      7FE48113 
 388      DD
 389 0c48 A8449772 		.ascii	"\250D\227r\263f\0248\205\021\007\032\357=\325\340\034"
ARM GAS  /tmp/ccGYr8a4.s 			page 31


 389      B3661438 
 389      8511071A 
 389      EF3DD5E0 
 389      1C
 390 0c59 465C7B76 		.ascii	"F\\{vp\011\341RF\234\035Y\270\242\304\025\214\230lO"
 390      7009E152 
 390      469C1D59 
 390      B8A2C415 
 390      8C986C4F 
 391 0c6d CA55E31A 		.ascii	"\312U\343\032F\034iN^\324\340\363\214\350h\211\350\365"
 391      461C694E 
 391      5ED4E0F3 
 391      8CE86889 
 391      E8F5
 392 0c7f C24D8C58 		.ascii	"\302M\214X,\344\037kp+#\262\353OT\253q\207@4\344\335"
 392      2CE41F6B 
 392      702B23B2 
 392      EB4F54AB 
 392      71874034 
 393 0c95 52E22E4A 		.ascii	"R\342.J\274\231\020\377\350)\207\326j\327\322;\014\273"
 393      BC9910FF 
 393      E82987D6 
 393      6AD7D23B 
 393      0CBB
 394 0ca7 D5B09B0D 		.ascii	"\325\260\233\015\271\275\320Td\201\020N\363\024\355"
 394      B9BDD054 
 394      6481104E 
 394      F314ED
 395 0cb6 8359A053 		.ascii	"\203Y\240S\032f\351\250\010\352G\261\017:\004\345\010"
 395      1A66E9A8 
 395      08EA47B1 
 395      0F3A04E5 
 395      08
 396 0cc7 5E19CB19 		.ascii	"^\031\313\031X\034\252\251\330\236\341V\260M\004\273"
 396      581CAAA9 
 396      D89EE156 
 396      B04D04BB 
 397 0cd7 BE2EDB14 		.ascii	"\276.\333\024\274V\3046\235\261\265\355$\204\355\"l"
 397      BC56C436 
 397      9DB1B5ED 
 397      2484ED22 
 397      6C
 398 0ce8 82641B45 		.ascii	"\202d\033E\231\300*\007\263\214S\010\365|`\231\013\345"
 398      99C02A07 
 398      B38C5308 
 398      F57C6099 
 398      0BE5
 399 0cfa 732CDA04 		.ascii	"s,\332\004\253\273*=\317F\322-\201\344\344\203 \012"
 399      ABBB2A3D 
 399      CF46D22D 
 399      81E4E483 
 399      200A
 400 0d0c 1D63DD49 		.ascii	"\035c\335I\333\035vA~\360D\266\202`\017\003&I\020[\342"
 400      DB1D7641 
 400      7EF044B6 
 400      82600F03 
 400      2649105B 
ARM GAS  /tmp/ccGYr8a4.s 			page 32


 401 0d21 9446534B 		.ascii	"\224FSKZ\224\027\244$b\207\227v\277\007\346\242\354"
 401      5A9417A4 
 401      24628797 
 401      76BF07E6 
 401      A2EC
 402 0d33 9339EC09 		.ascii	"\2239\354\011\020\242S\202\335\267\200\247x\203t<\246"
 402      10A25382 
 402      DDB780A7 
 402      7883743C 
 402      A6
 403 0d44 CAE8D444 		.ascii	"\312\350\324D\245bP)\017\324\311\306\256\017\2652d\021"
 403      A5625029 
 403      0FD4C9C6 
 403      AE0FB532 
 403      6411
 404 0d56 D025802E 		.ascii	"\320%\200.\000\3641\221\362\203\325L\031\202\331\357"
 404      00F43191 
 404      F283D54C 
 404      1982D9EF 
 405 0d66 5A199A82 		.ascii	"Z\031\232\202\212\032wy\360\261QJ\372\322t\317+\300"
 405      8A1A7779 
 405      F0B1514A 
 405      FAD274CF 
 405      2BC0
 406 0d78 C7B359BE 		.ascii	"\307\263Y\276\"\301\273\0273kI%7\351u[\342\360+\327"
 406      22C1BB17 
 406      336B4925 
 406      37E9755B 
 406      E2F02BD7 
 407 0d8c CDD2D6A8 		.ascii	"\315\322\326\250$\322\020\323\035\020\326\314&\215\363"
 407      24D210D3 
 407      1D10D6CC 
 407      268DF3
 408 0d9b F7A1AA6C 		.ascii	"\367\241\252l\245 L2f\332\272\314\264%\215Lrp,\272\351"
 408      A5204C32 
 408      66DABACC 
 408      B4258D4C 
 408      72702CBA 
 409 0db0 AF94DCAE 		.ascii	"\257\224\334\256\345eAK\222\032\342\005\031\\a\317\012"
 409      E565414B 
 409      921AE205 
 409      195C61CF 
 409      0A
 410 0dc1 7C210ED0 		.ascii	"|!\016\320>I!\354~\323\022E\2662\342(R\373\3250RS\017"
 410      3E4921EC 
 410      7ED31245 
 410      B632E228 
 410      52FBD530 
 411 0dd8 91E82BD6 		.ascii	"\221\350+\326\253\211\300R;`%Fd\316\225\237Z\354\311"
 411      AB89C052 
 411      3B602546 
 411      64CE959F 
 411      5AECC9
 412 0deb 17B2294B 		.ascii	"\027\262)K\276su\027\247\225\342<+\372 \012\327$\232"
 412      BE737517 
 412      A795E23C 
 412      2BFA200A 
ARM GAS  /tmp/ccGYr8a4.s 			page 33


 412      D7249A
 413 0dfe 678F5BF3 		.ascii	"g\217[\363\354\375\213m\235\0368VC\023L\361\3763\365"
 413      ECFD8B6D 
 413      9D1E3856 
 413      43134CF1 
 413      FE33F5
 414 0e11 8EAFD84F 		.ascii	"\216\257\330O8\344\3312q\236\255\255-\212R[\363l~\267"
 414      38E4D932 
 414      719EADAD 
 414      2D8A525B 
 414      F36C7EB7 
 415 0e25 459B4FF2 		.ascii	"E\233O\362\354Ibx{,\224I\345Y1ST\016\036\"\346+\245"
 415      EC496278 
 415      7B2C9449 
 415      E5593153 
 415      540E1E22 
 416 0e3c 51476A42 		.ascii	"QGjB\242;m\"\354O\261\355$f\271'\001\323F\372\001\233"
 416      A23B6D22 
 416      EC4FB1ED 
 416      2466B927 
 416      01D346FA 
 417 0e52 3566352C 		.ascii	"5f5,\334\326\322F\362\346\241\2025\366\326v\027kl\273"
 417      DCD6D246 
 417      F2E6A182 
 417      35F6D676 
 417      176B6CBB 
 418 0e66 D119D698 		.ascii	"\321\031\326\230[\0233\311x\2225\255d\215#\225;\237"
 418      5B1333C9 
 418      789235AD 
 418      648D2395 
 418      3B9F
 419 0e78 BB894DD7 		.ascii	"\273\211M\327\357\360N\242\212\332\356\254\325v\311"
 419      EFF04EA2 
 419      8ADAEEAC 
 419      D576C9
 420 0e87 27BBE0A6 		.ascii	"'\273\340\246W\301lWvp\357\204\372\255,\336R:\225\321"
 420      57C16C57 
 420      7670EF84 
 420      FAAD2CDE 
 420      523A95D1 
 421 0e9b 9BEFF139 		.ascii	"\233\357\36199\246\362\213\313\313\010\221a\250\332"
 421      39A6F28B 
 421      CBCB0891 
 421      61A8DA
 422 0eaa 661319A9 		.ascii	"f\023\031\251S\233\240\032\374\026a\223W>\250\305\017"
 422      539BA01A 
 422      FC166193 
 422      573EA8C5 
 422      0F
 423 0ebb 199BD38B 		.ascii	"\031\233\323\213\226E\005^\240\204<\277|\250X\203\274"
 423      9645055E 
 423      A0843CBF 
 423      7CA85883 
 423      BC
 424 0ecc B53EBE92 		.ascii	"\265>\276\222G\262s\300\263N\010\264\0060\343y\211|"
 424      47B273C0 
 424      B34E08B4 
ARM GAS  /tmp/ccGYr8a4.s 			page 34


 424      0630E379 
 424      897C
 425 0ede 5BE790C6 		.ascii	"[\347\220\306\353\261\355\245\312\324\236\276\021\341"
 425      EBB1EDA5 
 425      CAD49EBE 
 425      11E1
 426 0eec 3E502F04 		.ascii	">P/\004K\335*N=\277QM\372W:\340\331\224\356R\005>\343"
 426      4BDD2A4E 
 426      3DBF514D 
 426      FA573AE0 
 426      D994EE52 
 427 0f03 4E0456A4 		.ascii	"N\004V\244\246\234\316\362Bd\033\362\225\272\221\312"
 427      A69CCEF2 
 427      42641BF2 
 427      95BA91CA 
 428 0f13 D00541DC 		.ascii	"\320\005A\334f\020\367\022\344\204&(\027\261\350\340"
 428      6610F712 
 428      E4842628 
 428      17B1E8E0 
 429 0f23 9BE01494 		.ascii	"\233\340\024\224\027\260\353+\215%\316\226\030\032\235"
 429      17B0EB2B 
 429      8D25CE96 
 429      181A9D
 430 0f32 A1CE8961 		.ascii	"\241\316\211a\267\020\300V]W\202\355\272\306f\223\000"
 430      B710C056 
 430      5D5782ED 
 430      BAC66693 
 430      00
 431 0f43 BE20A12D 		.ascii	"\276 \241-W\260\334\233\356\211\274%\265C\227A\251\325"
 431      57B0DC9B 
 431      EE89BC25 
 431      B5439741 
 431      A9D5
 432 0f55 14A4CCF7 		.ascii	"\024\244\314\367@\220\267\000\250\326\036$\027\254{"
 432      4090B700 
 432      A8D61E24 
 432      17AC7B
 433 0f64 0A39C8E5 		.ascii	"\0129\310\345\224E8~zlqX\301Vl\375\312\365\3128i\223"
 433      9445387E 
 433      7A6C7158 
 433      C1566CFD 
 433      CAF5CA38 
 434 0f7a 8A9376A9 		.ascii	"\212\223v\2518\271\302\032\373o\035j`\2150\013\272\312"
 434      38B9C21A 
 434      FB6F1D6A 
 434      608D300B 
 434      BACA
 435 0f8c 1A1F441C 		.ascii	"\032\037D\034\274\305\271\016\211k4$:\254!\021\237g"
 435      BCC5B90E 
 435      896B3424 
 435      3AAC2111 
 435      9F67
 436 0f9e 39A3     		.ascii	"9\243"
 437 0fa0 C08DD41B 		.ascii	"\300\215\324\033\320\371\310\252\333\330\032\0229\353"
 437      D0F9C8AA 
 437      DBD81A12 
 437      39EB
ARM GAS  /tmp/ccGYr8a4.s 			page 35


 438 0fae C42101C3 		.ascii	"\304!\001\303\320uQH\\\267\206\304\015\032\022\345\013"
 438      D0755148 
 438      5CB786C4 
 438      0D1A12E5 
 438      0B
 439 0fbf D5CB2C62 		.ascii	"\325\313,b\311{\017\246\334\355\344c\373T\264\215H\320"
 439      C97B0FA6 
 439      DCEDE463 
 439      FB54B48D 
 439      48D0
 440 0fd1 C9A41B6F 		.ascii	"\311\244\033o>\274\207s\231\353nQ\341nZ\205K\330=\027"
 440      3EBC8773 
 440      99EB6E51 
 440      E16E5A85 
 440      4BD83D17 
 441 0fe5 A7C27D4C 		.ascii	"\247\302}L\270\256\354\350\223\034\0107H\337\361\376"
 441      B8AEECE8 
 441      931C0837 
 441      48DFF1FE 
 442 0ff5 535A39DF 		.ascii	"SZ9\337`\025\016\206\241.\221"
 442      60150E86 
 442      A12E91
 443 1000 705D56E1 		.ascii	"p]V\341nS\341\332\342\017\247\263\023z=\373\250x\364"
 443      6E53E1DA 
 443      E20FA7B3 
 443      137A3DFB 
 443      A878F4
 444 1013 D8718C1F 		.ascii	"\330q\214\0370\266\323\347\356\317+\361\024#.\025\326"
 444      30B6D3E7 
 444      EECF2BF1 
 444      14232E15 
 444      D6
 445 1024 5F90E3A7 		.ascii	"_\220\343\247\214\210N<\360\033\374\202\326\325{\216"
 445      8C884E3C 
 445      F01BFC82 
 445      D6D57B8E 
 446 1034 24557A59 		.ascii	"$UzY_N{\323p\314\357>\345Q\302\356\266\326\327\307\243"
 446      5F4E7BD3 
 446      70CCEF3E 
 446      E551C2EE 
 446      B6D6D7C7 
 447 1049 2B7D5FE4 		.ascii	"+}_\344\321\351\215\255\324\243\255\257XGW\333\276\262"
 447      D1E98DAD 
 447      D4A3ADAF 
 447      584757DB 
 447      BEB2
 448 105b 1996B8C5 		.ascii	"\031\226\270\305\035\354\204u<\"\301\335S`L^\215\366"
 448      1DEC8475 
 448      3C22C1DD 
 448      53604C5E 
 448      8DF6
 449 106d 38839D7F 		.ascii	"8\203\235\177iR\220m}\213\332\353\014u\216\326Z\012"
 449      6952906D 
 449      7D8BDAEB 
 449      0C758ED6 
 449      5A0A
 450 107f 0567ED93 		.ascii	"\005g\355\223\226@\364\033\212D\032\201\243+\"P\034"
ARM GAS  /tmp/ccGYr8a4.s 			page 36


 450      9640F41B 
 450      8A441A81 
 450      A32B2250 
 450      1C
 451 1090 76DD704D 		.ascii	"v\335pMa/jG\205\230\033\201\230\033\200x\273\013e\010"
 451      612F6A47 
 451      85981B81 
 451      981B8078 
 451      BB0B6508 
 452 10a4 4A3F9441 		.ascii	"J?\224A(\303B\374\301\"\274h\214\250\360\304\313t\025"
 452      28C342FC 
 452      C122BC68 
 452      8CA8F0C4 
 452      CB7415
 453 10b7 B8CAFDA5 		.ascii	"\270\312\375\2457\265N\301l\345\212\306\200\331\353"
 453      37B54EC1 
 453      6CE58AC6 
 453      80D9EB
 454 10c6 32A6329F 		.ascii	"2\2462\237\203\300\276\017\003\356\331\003{T\024\330"
 454      83C0BE0F 
 454      03EED903 
 454      7B5414D8 
 455 10d6 892FFA73 		.ascii	"\211/\372s4\336\302T\026WS\311^\245\300p\322\364\011"
 455      34DEC254 
 455      165753C9 
 455      5EA5C070 
 455      D2F409
 456 10e9 EC901FC6 		.ascii	"\354\220\037\306\035\362\303\003[~\270\036\375b\232"
 456      1DF2C303 
 456      5B7EB81E 
 456      FD629A
 457 10f8 E5076813 		.ascii	"\345\007h\023bh\260\251\345)v\035\314\017i\274LX\343"
 457      6268B0A9 
 457      E529761D 
 457      CC0F69BC 
 457      4C58E3
 458 110b E5E8EEA8 		.ascii	"\345\350\356\250sZ\274_K\335\367BA\322\014\246\3612"
 458      735ABC5F 
 458      4BDDF742 
 458      41D20CA6 
 458      F132
 459 111d 7825EF92 		.ascii	"x%\357\222\326\322\314\327//\377\230\216A\217D\301\362"
 459      D6D2CCD7 
 459      2F2FFF98 
 459      8E418F44 
 459      C1F2
 460 112f C81A2C93 		.ascii	"\310\032,\2234X^y9|\314\002\371\362\303S\303\032\333"
 460      34585E79 
 460      397CCC02 
 460      F9F2C353 
 460      C31ADB
 461 1142 763CC51A 		.ascii	"v<\305\032\237[\016\225{\272\2741>\241\322N[\245\215"
 461      9F5B0E95 
 461      7BBABC31 
 461      3EA1D24E 
 461      5BA58D
 462 1155 79DCD923 		.ascii	"y\334\331#\307\005L\332\235\361\271\215Z\026\335\325"
ARM GAS  /tmp/ccGYr8a4.s 			page 37


 462      C7054CDA 
 462      9DF1B98D 
 462      5A16DDD5 
 463 1165 5D96B5E9 		.ascii	"]\226\265\351\242\350\206ahF$\360\214U\340Y*\360\361"
 463      A2E88661 
 463      684624F0 
 463      8C55E059 
 463      2AF0F1
 464 1178 AE8258CE 		.ascii	"\256\202X\316\226\004\231\304\211\311\247\023\344.\345"
 464      960499C4 
 464      89C9A713 
 464      E42EE5
 465 1187 7846E578 		.ascii	"xF\345xj\225c\242b\350\245'\256ar\234\213\332w\330\223"
 465      6A9563A2 
 465      62E8A527 
 465      AE61729C 
 465      8BDA77D8 
 466 119c CA51BAA7 		.ascii	"\312Q\272\247\257t]:\177$\222_\"?\360 \243\320\234H"
 466      AF745D3A 
 466      7F24925F 
 466      223FF020 
 466      A3D09C48 
 467 11b0 8C39AB18 		.ascii	"\2149\253\030\363T\214\226\354\231.O\207u~\342p\024"
 467      F3548C96 
 467      EC992E4F 
 467      87757EE2 
 467      7014
 468 11c2 7BCED699 		.ascii	"{\316\326\231<\001\235\3215:\213\351\267/\372\316 ."
 468      3C019DD1 
 468      353A8BE9 
 468      B72FFACE 
 468      202E
 469 11d4 BE6C59A5 		.ascii	"\276lY\245\021}\254\204\016\321\330\027\230\374\336"
 469      117DAC84 
 469      0ED1D817 
 469      98FCDE
 470 11e3 E55BF48D 		.ascii	"\345[\364\215%\331\013\306R2\334\326$\011\327\217\267"
 470      25D90BC6 
 470      5232DCD6 
 470      2409D78F 
 470      B7
 471 11f4 10FDE54D 		.ascii	"\020\375\345M\022lj\013\230\240\027\361\032\353\030"
 471      126C6A0B 
 471      98A017F1 
 471      1AEB18
 472 1203 4A88BEC9 		.ascii	"J\210\276\311y\012\337\344\262\007'\020\235]E\217E1"
 472      790ADFE4 
 472      B2072710 
 472      9D5D458F 
 472      4531
 473 1215 95959E94 		.ascii	"\225\225\236\224T\0222'g*\305\303\2650\274\\\020f\031"
 473      54123227 
 473      672AC5C3 
 473      B530BC5C 
 473      106619
 474 1228 53691E45 		.ascii	"Si\036EM\224(\005ix\2534/!T\226\2504\021\3625\326A\224"
 474      4D942805 
ARM GAS  /tmp/ccGYr8a4.s 			page 38


 474      6978AB34 
 474      2F215496 
 474      A83411F2 
 475 1240 20CA973C 		.ascii	" \312\227<\357V;\376Z\307\301T\221rf*x\002\272\262$"
 475      EF563BFE 
 475      5AC7C154 
 475      9172662A 
 475      7802BAB2 
 476 1255 61A7C601 		.ascii	"a\247\306\001}\337!\200\242\004t\024EO\016\356\214v"
 476      7DDF2180 
 476      A2047414 
 476      454F0EEE 
 476      8C76
 477 1267 E47DCB81 		.ascii	"\344}\313\201w\264\200\216\246\350\352\027C\235r\227"
 477      77B4808E 
 477      A6E8EA17 
 477      439D7297 
 478 1277 BB518C9C 		.ascii	"\273Q\214\234\370\311\037\00479\237\221\227\352\206"
 478      F8C91F04 
 478      37399F91 
 478      97EA86
 479 1286 9B999BE4 		.ascii	"\233\231\233\344\337Y\356#\301U_:U8S\351Wl\333)#\242"
 479      DF59EE23 
 479      C1555F3A 
 479      553853E9 
 479      576CDB29 
 480 129c 11198776 		.ascii	"\021\031\207v\312\355\236\002u\346)\273\344\304SF:\247"
 480      CAED9E02 
 480      75E629BB 
 480      E4C45346 
 480      3AA7
 481 12ae 790D9E65 		.ascii	"y\015\236e\214\216=\252\031s\243\214J\373\333\037h\323"
 481      8C8E3DAA 
 481      1973A38C 
 481      4AFBDB1F 
 481      68D3
 482 12c0 790BF3B7 		.ascii	"y\013\363\267\237R.\261\".\261V.\273)\227\330\222\322"
 482      9F522EB1 
 482      222EB156 
 482      2EBB2997 
 482      D892D2
 483 12d3 1A37EAF6 		.ascii	"\0327\352\366\344\347\243\314\355{O.Mz\271T'\236\252"
 483      E4E7A3CC 
 483      ED7B4F2E 
 483      4D7AB954 
 483      279EAA
 484 12e6 132717F4 		.ascii	"\023'\027\364Y\032\334\313\273\341%&\306\221\361\356"
 484      591ADCCB 
 484      BBE12526 
 484      C691F1EE 
 485 12f6 BD1A9CE0 		.ascii	"\275\032\234\340A\211G\227\226N*\2005J\244SBK\324\376"
 485      41894797 
 485      964E2A80 
 485      354AA453 
 485      424BD4FE 
 486 130a FA59C4D4 		.ascii	"\372Y\304\324\255zZ\371\315\347\"u\277N\370\242\004"
 486      AD7A5AF9 
ARM GAS  /tmp/ccGYr8a4.s 			page 39


 486      CDE72275 
 486      BF4EF8A2 
 486      04
 487 131b ABA0680F 		.ascii	"\253\240h\017\360'$\223u/\225\265\242g_\272\026_a\334"
 487      F0272493 
 487      752F95B5 
 487      A2675FBA 
 487      165F61DC 
 488 132f 972A5216 		.ascii	"\227*R\0268\253\351\3627\2554]\222H\351$+\243}\224Q"
 488      38ABE9F2 
 488      37AD345D 
 488      9248E924 
 488      2BA37D94 
 489 1344 5647DFB8 		.ascii	"VG\337\270\034\367\010\214\242:\006\024V\323=s6]\262"
 489      1CF7088C 
 489      A23A0614 
 489      56D33D73 
 489      365DB2
 490 1357 884BB295 		.ascii	"\210K\262\225\313~\312\245\255\372\324:\007\027y\346"
 490      CB7ECAA5 
 490      ADFAD43A 
 490      071779E6 
 491 1367 E0220704 		.ascii	"\340\"\007\004\0279@]\344\371\376\346\"\366\343\222"
 491      1739405D 
 491      E4F9FEE6 
 491      22F6E392 
 492 1377 0E366B59 		.ascii	"\0166kY\335\034\373=)\365\376\221\202}\313,\220\277"
 492      DD1CFB3D 
 492      29F5FE91 
 492      827DCB2C 
 492      90BF
 493 1389 4C4F64C5 		.ascii	"LOd\305W\362\221\353\330I\263\306N\252\234\216\256\035"
 493      57F291EB 
 493      D849B3C6 
 493      4EAA9C8E 
 493      AE1D
 494 139b 68685239 		.ascii	"hhR9\307\316A\371z\224\"\247o[h\354\320A\004}\261%\373"
 494      C7CE41F9 
 494      7A9422A7 
 494      6F5B68EC 
 494      D041047D 
 495 13b2 B443A43D 		.ascii	"\264C\244=\\\015=\232|p\012\343{\314V\247\333\247[<"
 495      5C0D3D9A 
 495      7C700AE3 
 495      7BCC56A7 
 495      DBA75B3C 
 496 13c6 F1634664 		.ascii	"\361cFd5\324_\343\276q\204\357\260\3001\257r\335~>2"
 496      35D45FE3 
 496      BE7184EF 
 496      B0C031AF 
 496      72DD7E3E 
 497 13db 01CE33CB 		.ascii	"\001\3163\313?\376K\224!_\203>\007\303\301\241N\304"
 497      3FFE4B94 
 497      215F833E 
 497      07C3C1A1 
 497      4EC4
 498 13ed F810311F 		.ascii	"\370\0201\037:\206\300#2\345\337\220\251\315\201F\203"
ARM GAS  /tmp/ccGYr8a4.s 			page 40


 498      3A86C023 
 498      32E5DF90 
 498      A9CD8146 
 498      83
 499 13fe 7F80CEAC 		.ascii	"\177\200\316\254\374\305o~\377\326f\231\233>P\307\232"
 499      FCC56F7E 
 499      FFD66699 
 499      9B3E50C7 
 499      9A
 500 140f BCD8C3A4 		.ascii	"\274\330\303\244\373\3636\3036\203\316\374\005[\217"
 500      FBF336C3 
 500      3683CEFC 
 500      055B8F
 501 141e D0240F35 		.ascii	"\320$\0175|f\226\207\033\015\237*(\2552\207\033\203"
 501      7C669687 
 501      1B0D9F2A 
 501      28AD3287 
 501      1B83
 502 1430 C27466F5 		.ascii	"\302tf\365\266\240P\363\367\276\2533kt:k\365w~\301~"
 502      B6A050F3 
 502      F7BEAB33 
 502      6B743A6B 
 502      F5777EC1 
 503 1445 FEC690EF 		.ascii	"\376\306\220\357\372m\325\353\337\201\312;\241a\241"
 503      FA6DD5EB 
 503      DF81CA3B 
 503      A161A1
 504 1454 86770CFE 		.ascii	"\206w\014\376\037\005\275\263I\367\243w\276\273\361"
 504      1F05BDB3 
 504      49F7A377 
 504      BEBBF1
 505 1463 3B9BFEBC 		.ascii	";\233\376\274\311\317\241\303/(T\037\274-\300\340\027"
 505      C9CFA1C3 
 505      2F28541F 
 505      BC2DC0E0 
 505      17
 506 1474 E2AF0F0C 		.ascii	"\342\257\017\014\0125\370\351\002\014\037\373o\0136"
 506      0A35F8E9 
 506      020C1FFB 
 506      6F0B36
 507 1483 EBCC3BC2 		.ascii	"\353\314;\302\015\246\015\201\262\237\375\037\230\232"
 507      0DA60D81 
 507      B29FFD1F 
 507      989A
 508 1491 CC01201A 		.ascii	"\314\001 \0320\371\373\015\033\3746\007\006}\024\364"
 508      30F9FB0D 
 508      1BFC3607 
 508      067D14F4 
 509 14a1 C116BF30 		.ascii	"\301\026\2770\223\237>,$$,\324/<\314h6\371\275\373\333"
 509      939F3E2C 
 509      24242CD4 
 509      2F3CCC68 
 509      36F9BDFB 
 510 14b6 F737BFFF 		.ascii	"\3677\277\377\031i\013\017\0126\030M~\277\330\274\331"
 510      19690B0F 
 510      0A36184D 
 510      7EBFD8BC 
ARM GAS  /tmp/ccGYr8a4.s 			page 41


 510      D9
 511 14c7 4F1F689D 		.ascii	"O\037h\235_N\364\325\022\250N\037\026j\006k\270S\002"
 511      5F4EF4D5 
 511      12A84E1F 
 511      166A066B 
 511      B85302
 512 14da 18EBCD9F 		.ascii	"\030\353\315\237\251\215\206\2550\267\316\374\267\257"
 512      A98D86AD 
 512      30B7CEFC 
 512      B7AF
 513 14e8 3143A03E 		.ascii	"1C\240>\314h\000\226\234q\023g\374;\316\370}\316\370"
 513      CC680096 
 513      9C711367 
 513      FC3BCEF8 
 513      7DCEF8
 514 14fb 03CEF843 		.ascii	"\003\316\370C\316\370#l\374\316F(\337\341\202\215~\257"
 514      CEF8236C 
 514      FCCE4628 
 514      DFE1828D 
 514      7EAF
 515 150d CB48F7E9 		.ascii	"\313H\367\351\017B\0103S8\006A\024\241\206\355\006\243"
 515      0F420833 
 515      53380641 
 515      14A186ED 
 515      06A3
 516 151f 222C38C0 		.ascii	"\",8\300`\224\353\003\375\215\362P\377\020\203\306d"
 516      6094EB03 
 516      FD8DF250 
 516      FF1083C6 
 516      64
 517 1530 FEC43F38 		.ascii	"\376\304?8hk\250\260`\337\337d[0RUn\367\377\310\337"
 517      686BA8B0 
 517      60DFDF64 
 517      5B305255 
 517      6EF7FFC8 
 518 1545 64509B4D 		.ascii	"dP\233Mf\1773\254\276\212t\374Pgvc\020\250)h\217\312"
 518      667F33AC 
 518      BE8A74FC 
 518      50677663 
 518      10A82968 
 519 155b 1C121600 		.ascii	"\034\022\026\000\375\212\217\203\375\267\232Tf\243\341"
 519      FD8A8F83 
 519      FDB79A54 
 519      66A3E1
 520 156a 6393CE2C 		.ascii	"c\223\316,'\017E\210i+\014\024<\000\006\0125\2451`\007"
 520      270F4588 
 520      692B0C14 
 520      3C00060A 
 520      35A53160 
 521 157f 74A90D9F 		.ascii	"t\251\015\237\005\231\3650X\271\335\034\366\321\177"
 521      0599F530 
 521      58B9DD1C 
 521      F6D17F
 522 158e 86AF113C 		.ascii	"\206\257\021<\021\206\032\214\206P=a\272\335l6\206\253"
 522      11861A8C 
 522      86503D61 
 522      BADD6C36 
ARM GAS  /tmp/ccGYr8a4.s 			page 42


 522      86AB
 523 15a0 4C865033 		.ascii	"L\206P3\014\320\202\003\232\014!\376\341\201\240\242"
 523      0CD08203 
 523      9A0C21FE 
 523      E181A0A2 
 524 15b0 421F0A8E 		.ascii	"B\037\012\216\200\341?\014\207\326p5\364\206l\203EP"
 524      80E13F0C 
 524      87D67035 
 524      F4866C83 
 524      4550
 525 15c2 846D0F35 		.ascii	"\204m\0175\030U\264N\3640\207\230?\013w7|J\230\370\233"
 525      1855B44E 
 525      F4308798 
 525      3F0B7737 
 525      7C4A98F8 
 526 15d7 3E8126C3 		.ascii	">\201&\303vRA\333<\255\356\034\034d\002f^\"\007'-\252"
 526      765241DB 
 526      3CADEE1C 
 526      1C640266 
 526      5E220727 
 527 15ed EDFE41E6 		.ascii	"\355\376A\346\240\320\255j\230\233:\270\332\020n\010"
 527      A0D0AD6A 
 527      989B3AB8 
 527      DA106E08 
 528 15fd 05B7D9AA 		.ascii	"\005\267\331\252\002\226\004\001K\354\037L\234@\021"
 528      02960401 
 528      4BEC1F4C 
 528      9C4011
 529 160c 121E1616 		.ascii	"\022\036\026\026\354\343\270>F\263\315\333\364\201&"
 529      ECE3B83E 
 529      46B3CDDB 
 529      F48126
 530 161b 7D60002C 		.ascii	"}`\000,\311\327W\201\000S@\370\256\306d\207\311\352"
 530      C9D75781 
 530      005340F8 
 530      AEC66487 
 530      C9EA
 531 162d 7BAB3102 		.ascii	"{\2531\002s\000\302#\304\020\022f\334\241\0134\370\207"
 531      7300C223 
 531      C4101266 
 531      DCA10B34 
 531      F887
 532 163f EBCCEE22 		.ascii	"\353\314\356\"Ji\012\372/\260\356o_+|\202\203>\"\000"
 532      4A690AFA 
 532      2FB0EE6F 
 532      5F2B7C82 
 532      833E2200 
 533 1653 A730DAB4 		.ascii	"\2470\332\264\341G\033\276'\016&\210M\230S\013\263l"
 533      E1471BBE 
 533      270E2688 
 533      4D98530B 
 533      B36C
 534 1665 35983FDE 		.ascii	"5\230?\336\026\252\327\231\245\3355\314D8\212\2646\204"
 534      16AAD799 
 534      A5DD35CC 
 534      44388AB4 
 534      3684
ARM GAS  /tmp/ccGYr8a4.s 			page 43


 535 1677 08BEAF0E 		.ascii	"\010\276\257\0167\206}\032\004N\352AE\206\177P\007\311"
 535      37867D1A 
 535      044EEA41 
 535      45867F50 
 535      07C9
 536 1689 4594827A 		.ascii	"E\224\202z\254\"\334\177\253\301$\377\330h0\310I\247"
 536      AC22DC7F 
 536      ABC124FF 
 536      D86830C8 
 536      49A7
 537 169b 9CE823DF 		.ascii	"\234\350#\337f2\004(\031\014\203)\337~\255\331\311p"
 537      66320428 
 537      190C8329 
 537      DF7EADD9 
 537      C970
 538 16ad 985A2588 		.ascii	"\230Z%\210\374W\253XUp\015@{\353\003\177\027\030\260"
 538      FC57AB58 
 538      55700D40 
 538      7BEB037F 
 538      1718B0
 539 16c0 1948B3E1 		.ascii	"\031H\263\341\237\215a!\357\001\223\225\353a2\352aT"
 539      9F8D6121 
 539      EF019395 
 539      EB6132EA 
 539      6154
 540 16d2 C00E08B6 		.ascii	"\300\016\010\266 \375\006\275m=\210\247\350H\246\200"
 540      20FD06BD 
 540      6D3D88A7 
 540      E848A680 
 541 16e2 071377E3 		.ascii	"\007\023w\343\353\032\212\214!\002\270C\274\030\364"
 541      EB1A8A8C 
 541      2102B843 
 541      BC18F4
 542 16f1 661DD1FB 		.ascii	"f\035\321\373\313N\302\274Og\371\020\220\020/[\364\201"
 542      CB4EC2BC 
 542      4F67F910 
 542      90102F5B 
 542      F481
 543 1703 FFEEFF89 		.ascii	"\377\356\377\211a[\370\026\305v\022\316\362\355\340"
 543      615BF816 
 543      C57612CE 
 543      F2EDE0
 544 1712 C00AA26B 		.ascii	"\300\012\242k8\3667n\365\026B.\300`\322\033\203\302"
 544      38F6376E 
 544      F516422E 
 544      C060D21B 
 544      83C2
 545 1724 CD6160EE 		.ascii	"\315a`\356u\"~[\266\231\210\307\033\002~\271F\037H\264"
 545      75227E5B 
 545      B69988C7 
 545      1B027EB9 
 545      461F48B4 
 546 1738 7C373838 		.ascii	"|788L\377.Y\003C\200\273>\220\314B\233`\327\330\262"
 546      4CFF2E59 
 546      034380BB 
 546      3E90CC42 
 546      9B60D7D8 
ARM GAS  /tmp/ccGYr8a4.s 			page 44


 547 174d C3F4EB30 		.ascii	"\303\364\3530\375'\253\372\345\016\"\274\033\315\221"
 547      FD27ABFA 
 547      E50E22BC 
 547      1BCD91
 548 175c 30E8130F 		.ascii	"0\350\023\017\035\304\263Y\367\323w\267\374\374\303"
 548      1DC4B359 
 548      F7D377B7 
 548      FCFCC3
 549 176b DFFED2C3 		.ascii	"\337\376\322\303?x\273\377\016\023d\211`\310\366\337"
 549      3F78BBFF 
 549      0E136489 
 549      60C8F6DF 
 550 177b 93B409A4 		.ascii	"\223\264\011\244X\277\315\357o\371\345\026;\327\020"
 550      58BFCDEF 
 550      6FF9E516 
 550      3BD710
 551 178a 53904907 		.ascii	"S\220I\007\016J\314B\245\370}(\341\3152\3616ZW\353t"
 551      0E4ACC42 
 551      A5F87D28 
 551      E1CD32F1 
 551      365A57EB 
 552 179f 7479751E 		.ascii	"tyu\036\326\312\206\357o\332\370\203\377\0019\246\270"
 552      D6CA86EF 
 552      6FDAF883 
 552      FF0139A6 
 552      B8
 553 17b0 5B       		.ascii	"["
 554              		.text
 555              		.section	.gnu.lto_.symtab.8e3269aeb9924be,"",%progbits
 556 0000 63685468 		.ascii	"chThdCreateFromHeap\000\000\000\000\000\000\000\000"
 556      64437265 
 556      61746546 
 556      726F6D48 
 556      65617000 
 557 001b 00000000 		.ascii	"\000\000\000\000\274\001\000\000chThdCreateFromMemo"
 557      BC010000 
 557      63685468 
 557      64437265 
 557      61746546 
 558 0036 7279506F 		.ascii	"ryPool\000\000\000\000\000\000\000\000\000\000\000\000"
 558      6F6C0000 
 558      00000000 
 558      00000000 
 558      0000
 559 0048 D3010000 		.ascii	"\323\001\000\000chSchWakeupS\000\000\002\000\000\000"
 559      63685363 
 559      6857616B 
 559      65757053 
 559      00000200 
 560 005e 00000000 		.ascii	"\000\000\000\000\000\000\330\001\000\000chThdCreate"
 560      0000D801 
 560      00006368 
 560      54686443 
 560      72656174 
 561 0073 53757370 		.ascii	"SuspendedI\000\000\002\000\000\000\000\000\000\000\000"
 561      656E6465 
 561      64490000 
ARM GAS  /tmp/ccGYr8a4.s 			page 45


 561      02000000 
 561      00000000 
 562 0088 00EE0100 		.ascii	"\000\356\001\000\000chHeapAllocAligned\000\000\002\000"
 562      00636848 
 562      65617041 
 562      6C6C6F63 
 562      416C6967 
 563 00a3 00000000 		.ascii	"\000\000\000\000\000\000\000\000\364\001\000\000chP"
 563      00000000 
 563      F4010000 
 563      636850
 564 00b2 6F6F6C41 		.ascii	"oolAlloc\000\000\002\000\000\000\000\000\000\000\000"
 564      6C6C6F63 
 564      00000200 
 564      00000000 
 564      000000
 565 00c5 00F80100 		.ascii	"\000\370\001\000\000"
 565      00
 566              		.text
 567              		.section	.gnu.lto_.opts,"",%progbits
 568 0000 272D666E 		.ascii	"'-fno-trapv' '-mcpu=cortex-m4' '-mno-thumb-interwor"
 568      6F2D7472 
 568      61707627 
 568      20272D6D 
 568      6370753D 
 569 0033 6B272027 		.ascii	"k' '-mthumb' '-ggdb' '-O2' '-fomit-frame-pointer' '"
 569      2D6D7468 
 569      756D6227 
 569      20272D67 
 569      67646227 
 570 0066 2D66616C 		.ascii	"-falign-functions=16' '-ffunction-sections' '-fdata"
 570      69676E2D 
 570      66756E63 
 570      74696F6E 
 570      733D3136 
 571 0099 2D736563 		.ascii	"-sections' '-fno-common' '-flto'\000"
 571      74696F6E 
 571      73272027 
 571      2D666E6F 
 571      2D636F6D 
 572              		.text
 573              		.comm	__gnu_lto_v1,1,1
 574              		.comm	__gnu_lto_slim,1,1
 575              		.ident	"GCC: (GNU Tools for ARM Embedded Processors) 4.9.3 20141119 (release) [ARM/embedded-4_9-br
ARM GAS  /tmp/ccGYr8a4.s 			page 46


DEFINED SYMBOLS
                            *ABS*:00000000 chdynamic.c
                            *COM*:00000001 __gnu_lto_v1
                            *COM*:00000001 __gnu_lto_slim

NO UNDEFINED SYMBOLS
