ARM GAS  /tmp/ccsxQzym.s 			page 1


   1              		.syntax unified
   2              		.cpu cortex-m4
   3              		.fpu softvfp
   4              		.eabi_attribute 20, 1
   5              		.eabi_attribute 21, 1
   6              		.eabi_attribute 23, 3
   7              		.eabi_attribute 24, 1
   8              		.eabi_attribute 25, 1
   9              		.eabi_attribute 26, 1
  10              		.eabi_attribute 30, 2
  11              		.eabi_attribute 34, 1
  12              		.eabi_attribute 18, 4
  13              		.thumb
  14              		.file	"chtm.c"
  15              		.text
  16              	.Ltext0:
  17              		.section	.gnu.lto_.profile.4e147875fe00285,"",%progbits
  18 0000 789C6366 		.ascii	"x\234cf```a\200\000F\206\030W\000\001q\000\252"
  18      60606061 
  18      80004686 
  18      18570001 
  18      7100AA
  19              		.text
  20              		.section	.gnu.lto_.jmpfuncs.4e147875fe00285,"",%progbits
  21 0000 789C6366 		.ascii	"x\234cf\300\016r\2414+\003##c=#\210`\002\021,\014\014"
  21      C00E72A1 
  21      342B0323 
  21      23633D23 
  21      88600211 
  22 0017 8C20C4CA 		.ascii	"\214 \304\312\310\360\221\211\361\376\354\237K8_0\375"
  22      C8F09189 
  22      F1FEEC9F 
  22      4B385F30 
  22      FD
  23 0028 6462F80F 		.ascii	"db\370\017\004\374\014\214\313\031\245\024\200\342\215"
  23      04FC0C8C 
  23      CB19A514 
  23      80E28D
  24 0037 CB76F7B0 		.ascii	"\313v\367\260\203\305\201jW0J9\200\210\004\020\321\300"
  24      83C5816A 
  24      57304A39 
  24      80880410 
  24      D1C0
  25 0049 882C0D32 		.ascii	"\210,\0152j%\243\024+\320h\346\372z\006\000\363\"\034"
  25      6A25A314 
  25      2BD068E6 
  25      FA7A0600 
  25      F3221C
  26 005c CB       		.ascii	"\313"
  27              		.text
  28              		.section	.gnu.lto_.inline.4e147875fe00285,"",%progbits
  29 0000 789C6366 		.ascii	"x\234cf\300\016\230\030!4+\003\003'\007#\003\023\333"
  29      C00E9818 
  29      21342B03 
  29      03270723 
  29      0313DB
  30 0013 073D069E 		.ascii	"\007=\006\236\011~L 1F\006V\026\240\012\346\035\342"
ARM GAS  /tmp/ccsxQzym.s 			page 2


  30      097E4C20 
  30      31460656 
  30      16A00AE6 
  30      1DE2
  31 0025 0CEC1DEA 		.ascii	"\014\354\035\352`!&\006Iq\240ZF\006\346\004\020\341"
  31      60212606 
  31      4971A05A 
  31      4606E604 
  31      10E1
  32 0037 00221A18 		.ascii	"\000\"\032\030A\244\002\210`\340\2218\266\205\221\201"
  32      41A40288 
  32      60E09138 
  32      B6859181 
  33 0047 679A3B13 		.ascii	"g\232;\023\003\343\013v\026&\006\240f\026\020\223\003"
  33      03E30B76 
  33      162606A0 
  33      66161093 
  33      03
  34 0058 2CC0C1C0 		.ascii	",\300\301\300t\201_\200\011L\202\370\012`Q\005\020\341"
  34      74815F80 
  34      094C82F8 
  34      0A605105 
  34      10E1
  35 006a 00663A80 		.ascii	"\000f:\200,a\221\020P\004:E\350B\017#\003\333\002y\210"
  35      2C619110 
  35      50043A45 
  35      E8420F23 
  35      03DB0279 
  36 007f C5DC20F7 		.ascii	"\305\334 \367@HV\006\0111\006\026\270#\220\355\347\022"
  36      40485606 
  36      09310616 
  36      B82390ED 
  36      E712
  37 0091 FBB68491 		.ascii	"\373\266\204\221\201\357Y\030\212\375@\3538\300\226"
  37      81EF5918 
  37      8AFD40EB 
  37      38C096
  38 00a0 72804405 		.ascii	"r\200D\005\300r(\366\203\000\000e\277 \267"
  38      C07228F6 
  38      83000065 
  38      BF20B7
  39              		.text
  40              		.section	.gnu.lto_.pureconst.4e147875fe00285,"",%progbits
  41 0000 789C6366 		.ascii	"x\234cf``\340f\200\000V\006)F)&)\026\011V)\000\004\026"
  41      6060E066 
  41      80005606 
  41      29462926 
  41      29160956 
  42 0018 00A0     		.ascii	"\000\240"
  43              		.text
  44              		.section	.gnu.lto_chTMObjectInit.4e147875fe00285,"",%progbits
  45 0000 789C9591 		.ascii	"x\234\225\221\277K#Q\020\307\337w\336\272F\302\241X"
  45      BF4B2351 
  45      10C7DF77 
  45      DEBA46C2 
  45      A158
  46 0012 49103C04 		.ascii	"I\020<\004\2618\222\375\027\016,,-\356?\2704Z\310\211"
ARM GAS  /tmp/ccsxQzym.s 			page 3


  46      B13892FD 
  46      170E2C2C 
  46      2DEE3FB8 
  46      345AC889 
  47 0026 49EF4B48 		.ascii	"I\357KH:A\321FP\271\302S\317\363G\022=\365b\232\255"
  47      3A41D146 
  47      50B9C253 
  47      CFF34712 
  47      3DF5629A 
  48 003b C446452C 		.ascii	"\304FE,D\013m\342\251\205\260z\001\335B\342\314*\342"
  48      440B6DE2 
  48      A985B07A 
  48      01DD42E2 
  48      CC2AE2
  49 004e 61631E3C 		.ascii	"ac\036<\346\315\354\314\347;3\253\325\333\023\341\233"
  49      E6CDECCC 
  49      E73B33AB 
  49      D5DB13E1 
  49      9B
  50 005f 26A5DAD9 		.ascii	"&\245\332\331B+\320\350\236R\251\020\001\362PPC\204"
  50      422BD0E8 
  50      9E52A910 
  50      01F25050 
  50      4384
  51 0071 215CD10D 		.ascii	"!\\\321\015a\324]\234\010w\316\032c\274\261bK\266\305"
  51      61D45D9C 
  51      0877CE1A 
  51      63BCB162 
  51      4BB6C5
  52 0084 E7B27FF4 		.ascii	"\347\262\177\364\204\301<:9\3456\273p\025\326mP\374"
  52      84C13C3A 
  52      39E536BB 
  52      7015D66D 
  52      50FC
  53 0096 2EAE5476 		.ascii	".\256Tv\303\227\344\023>\212\2735\2663a\213K\226\270"
  53      C397E413 
  53      3E8ABB35 
  53      B633618B 
  53      4B96B8
  54 00a9 8723DB99 		.ascii	"\207#\333\231P\307\2141i\367x\325|\266|\322\370\011"
  54      50C78C31 
  54      69F778D5 
  54      7CB67CD2 
  54      F809
  55 00bb CD3C2C20 		.ascii	"\315<, \202_\210(\016),\242C\322o2\017Ga;\303\332MO"
  55      825F8828 
  55      0E292CA2 
  55      43D26F32 
  55      0F47613B 
  56 00d3 9A58820D 		.ascii	"\232X\202\015\266\271f\327T\2533\271\341\222%MK\272"
  56      B6B966D7 
  56      54AB33B9 
  56      E192254D 
  56      4BBA
  57 00e5 2A738274 		.ascii	"*s\202t\177N$V\237 \355y\347\205:\251a\326Yy\377 $\235"
  57      7F4E2456 
  57      9F20ED79 
ARM GAS  /tmp/ccsxQzym.s 			page 4


  57      E7853AA9 
  57      61D65979 
  58 00fd 6825E8F5 		.ascii	"h%\350\365\373\357\327\037\2461\2312\306\265}\262\356"
  58      FBEFD71F 
  58      A6319932 
  58      C6B57DB2 
  58      EE
  59 010e 88B0CCF2 		.ascii	"\210\260\314\362\362m\2522~\334\030\375\344S\035V0\215"
  59      F26DAA32 
  59      7EDC18FD 
  59      E4531D56 
  59      308D
  60 0120 DB605AE4 		.ascii	"\333`Z\344\020\025\314\244\377\243A0v\225O\243B\236"
  60      1015CCA4 
  60      FFA34130 
  60      76954FA3 
  60      429E
  61 0132 8B442AFF 		.ascii	"\213D*\377\367E\352\235\354B\300\226q\260\032\260Ss"
  61      F745EA9D 
  61      EC42C096 
  61      71B01AB0 
  61      5373
  62 0144 A5E1FA80 		.ascii	"\245\341\372\200\315\241\265g\256W3\367w\300\015\326"
  62      CDA1B567 
  62      AE5733F7 
  62      77C00DD6 
  63 0154 B58EE80B 		.ascii	"\265\216\350\013(\177Q\033\250\036\033\001H\013h\363"
  63      287F511B 
  63      A81E1B01 
  63      480B68F3 
  64 0164 15C8AB11 		.ascii	"\025\310\253\021\024\302\237\000d\011\250\370\377\244"
  64      14C29F00 
  64      6409A8F8 
  64      FFA4
  65 0172 0D1CDAE2 		.ascii	"\015\034\332\342\202S\244\334B\267Pe\327e\336\012\377"
  65      8253A4DC 
  65      42B75065 
  65      D765DE0A 
  65      FF
  66 0183 421EA135 		.ascii	"B\036\2415\026s\272z\373\276\366\365|q\276%\234\301"
  66      1673BA7A 
  66      FBBEF6F5 
  66      7C71BE25 
  66      9CC1
  67 0195 A493188C 		.ascii	"\244\223\030\214;\361\336d\177,\256t\262\177\340\021"
  67      3BF1DE64 
  67      7F2CAE74 
  67      B27FE011 
  68 01a5 2C1CEE76 		.ascii	",\034\356v"
  69              		.text
  70              		.section	.gnu.lto_chTMStartMeasurementX.4e147875fe00285,"",%progbits
  71 0000 789C6591 		.ascii	"x\234e\221\317K\024a\030\307\237\3573\3434\264\246\321"
  71      CF4B1461 
  71      18C79FEF 
  71      33E334B4 
  71      A6D1
  72 0012 7189EA22 		.ascii	"q\211\352\"\036dw\216^\013\017\235$\260?\240p\010\326"
ARM GAS  /tmp/ccsxQzym.s 			page 5


  72      1E64778E 
  72      5E0B0F9D 
  72      24B03FA0 
  72      7008D6
  73 0025 C334B2BB 		.ascii	"\3034\262\273D\207\300we\355$\270X\304FI\221H\256[Z"
  73      4487C077 
  73      65ED24B8 
  73      58C44649 
  73      9148AE5B 
  74 003a 96458134 		.ascii	"\226E\2014t\320 \372EA\376\302\012V\320\303\206\277"
  74      74D020FA 
  74      4541FEC2 
  74      0A56D0C3 
  74      86BF
  75 004c 4087087B 		.ascii	"@\207\010{\336\261C\332\300\360\276\317\373|\347\363"
  75      DEB143DA 
  75      C0F0BECF 
  75      FB7CE7F3 
  76 005c FD3EEF18 		.ascii	"\375>\357\030\364\377\023\227w\006Dm\262\302 p\341="
  76      F4FF1397 
  76      7706446D 
  76      B2C22070 
  76      E13D
  77 006e 51CE6640 		.ascii	"Q\316f@o\010\324\305\350\302\012\2571\012A\271\030k"
  77      6F08D4C5 
  77      E8C20AAF 
  77      310A41B9 
  77      186B
  78 0080 1C524AAD 		.ascii	"\034RJ\255\336\233\274\242\256\237\017\231h\203w9\270"
  78      DE9BBCA2 
  78      AE9F0F99 
  78      68837739 
  78      B8
  79 0091 8F46D1AC 		.ascii	"\217F\321\254\367\224Vb\306q\220\354_\214n\276\213-"
  79      F7945662 
  79      C67190EC 
  79      5F8C6EBE 
  79      8B2D
  80 00a3 73C838A1 		.ascii	"s\3108\241\313\227\375o\212\226.\331\324\345\347\276"
  80      CB97FD6F 
  80      8A962ED9 
  80      D4E5E7BE 
  81 00b3 A9BCDD30 		.ascii	"\251\274\3350\250Tw\020\216\253\223f\310\006\206a\010"
  81      A8547710 
  81      8EAB9366 
  81      C8068661 
  81      08
  82 00c4 0F25C431 		.ascii	"\017%\3041\2028\311\021\241\214\006-_\313\377\376\032"
  82      8238C911 
  82      A18C062D 
  82      5FCBFFFE 
  82      1A
  83 00d5 B3F2627E 		.ascii	"\263\362b~x\327\023\017`In\032;\022\250\235\235\301"
  83      78D7130F 
  83      60496E1A 
  83      3B12A89D 
  83      9DC1
ARM GAS  /tmp/ccsxQzym.s 			page 6


  84 00e7 570B9366 		.ascii	"W\013\223f\215\244\026\271)\037\232D\025Q\351\031\226"
  84      8DA416B9 
  84      291F9A44 
  84      1551E919 
  84      96
  85 00f8 98F56ACC 		.ascii	"\230\365j\314\341\365\263p\250\367y\355\036\332\367"
  85      E1F5B370 
  85      A8F779ED 
  85      1EDAF7
  86 0107 9E5FDB88 		.ascii	"\236_\333\210`\033\214\375Fx\010K\234Fam\261)\275\351"
  86      601B8CFD 
  86      4678084B 
  86      9C46616D 
  86      B129BDE9 
  87 011b D2C8D57A 		.ascii	"\322\310\325z=B\215\272\253T\235\226\177\253|\370dG"
  87      3D428DBA 
  87      AB549D96 
  87      7FAB7CF8 
  87      6447
  88 012d 47A4CBEA 		.ascii	"G\244\313\352\302\307\252=\200[\271\202\262C\2660&\243"
  88      C2C7AA3D 
  88      805BB982 
  88      B243B630 
  88      26A3
  89 013f 3C925174 		.ascii	"<\222Qt\257\367F\341\313\301DY\345s\253o\213?S\010\371"
  89      AFF746E1 
  89      CBC14459 
  89      E573AB6F 
  89      8B3F5308 
  90 0154 001E6300 		.ascii	"\000\036c\000\353\0224r\3028\0224\207\356\376\233?\216"
  90      EB123472 
  90      C2381234 
  90      87EEFE9B 
  90      3F8E
  91 0166 E944FFE2 		.ascii	"\351D\377\342\215\0101\261}\247zH\343\225\012\254\220"
  91      8D0831B1 
  91      7DA77A48 
  91      E3950AAC 
  91      90
  92 0177 ED2D663C 		.ascii	"\355-f<\371\213\277\275ym\266>\321$\263\343iD\325\267"
  92      F98BBFBD 
  92      796DB63E 
  92      D124B3E3 
  92      6944D5B7 
  93 018b 83092424 		.ascii	"\203\011$$;-\"\027\314\237\326P\375\263*\322\223+\021"
  93      3B2D2217 
  93      CC9FD650 
  93      FDB32AD2 
  93      932B11
  94 019e DFA3C9A4 		.ascii	"\337\243\311\244\323\222\352h\3578s\326\3613N:\353d"
  94      D392EA68 
  94      EF3873D6 
  94      F1334E3A 
  94      EB64
  95 01b0 D2AEE3A6 		.ascii	"\322\256\343\246\262^\322%#\353u:{\005\256\357y\376"
  95      B25ED225 
  95      23EB753A 
ARM GAS  /tmp/ccsxQzym.s 			page 7


  95      7B05AEEF 
  95      79FE
  96 01c2 45A7D34F 		.ascii	"E\247\323Og3\316\251\266\326\226\326\313\242v\375\364"
  96      6733CEA9 
  96      B6D696D6 
  96      CBA276FD 
  96      F4
  97 01d3 8573979A 		.ascii	"\205s\227\232\275d\212\376\000\265\265\307\024"
  97      BD648AFE 
  97      00B5B5C7 
  97      14
  98              		.text
  99              		.section	.gnu.lto_chTMStopMeasurementX.4e147875fe00285,"",%progbits
 100 0000 789C9554 		.ascii	"x\234\225T]lTE\024\2363s\357\354vw\273k|0\2461bBHMH"
 100      5D6C5445 
 100      149E3373 
 100      EFEC7677 
 100      BB6B7C30 
 101 001b F7FA667C 		.ascii	"\367\372f|\303\360f$&\362\300\223?q\003)\017\313\222"
 101      C3F06624 
 101      26F2C093 
 101      3F710329 
 101      0FCB92
 102 002e 76A33E48 		.ascii	"v\243>H\230m\227\322\230\006\232\202\246Q~\374\003Z"
 102      986D97D2 
 102      98069A82 
 102      A6517EFC 
 102      035A
 103 0040 BA165BA4 		.ascii	"\272\026[\244X\354\317\202\225\026(\205\322\025cC\260"
 103      58ECCF82 
 103      95162885 
 103      D2156343 
 103      B0
 104 0051 8612E1A1 		.ascii	"\206\022\341\241\206-M\312\215\322\365\234\231\033\350"
 104      862D4DCA 
 104      8DD2F59C 
 104      991BE8
 105 0060 C23E6C37 		.ascii	"\302>l7\331s\357\2349\363}\337\375\316\271W\260\247"
 105      D973EF9C 
 105      39F37DDF 
 105      FDCEB957 
 105      B0A7
 106 0072 7F6FE2FF 		.ascii	"\177o\342\377\025\037c\357\340\025|\014x\353\004c)?"
 106      151F63EF 
 106      E0157C0C 
 106      78EB0463 
 106      293F
 107 0084 E7A2B99A 		.ascii	"\347\242\271\232\251\200E1$\3002i\213\3339\007\323r"
 107      A9804531 
 107      24C03269 
 107      8BDB3907 
 107      D372
 108 0096 E0454CDB 		.ascii	"\340EL\333 MZ\002\320\015\003\266\223\013\313\226\260"
 108      204D5A02 
 108      D00D03B6 
 108      930BCB96 
 108      B0
ARM GAS  /tmp/ccsxQzym.s 			page 8


 109 00a7 13EEF23C 		.ascii	"\023\356\362<\207\326lW{\260\372\210R\352\336\374\360"
 109      87D66C57 
 109      7BB0FA88 
 109      52EADEFC 
 109      F0
 110 00b8 276AFFFB 		.ascii	"'j\377\373.g\354>7\314p\014\252\261f~W\347\335\240X"
 110      2E67EC3E 
 110      37CC700C 
 110      AAB1667E 
 110      57E7DDA0 
 111 00cd 050CEFFB 		.ascii	"\005\014\357\373\273\027.\007\357p\227\303K\264<\323"
 111      BB172E07 
 111      EF7097C3 
 111      4BB43CD3 
 112 00dd 36D62E69 		.ascii	"6\326.i\311-ZN\355=\237\366\257\371V\251\206\354\203"
 112      C92D5A4E 
 112      ED3D9FF6 
 112      AFF956A9 
 112      86EC83
 113 00f0 5EB5CE72 		.ascii	"^\265\316r\271\200\016\020\210\007\235P\005\307\241"
 113      B9800E10 
 113      88079D50 
 113      05C7A1
 114 00ff 8A618A41 		.ascii	"\212a\212A\027\254\241\362|\372\341\357A\231F\362g\014"
 114      17ACA1F2 
 114      7CFAE1EF 
 114      419946F2 
 114      670C
 115 0111 27644002 		.ascii	"'d@\002^O<\233U\205\302\255\241\314\244\365\034\307"
 115      5E4F3C9B 
 115      5585C2AD 
 115      A1CCA4F5 
 115      1CC7
 116 0123 2396A060 		.ascii	"#\226\240`\001\035\224xk\373h\355\247PA!@!\210A\206"
 116      011D9478 
 116      6BFB68ED 
 116      A7504121 
 116      40218841 
 117 0138 28545208 		.ascii	"(TR\010S.B\201\261Y\004\247\307\277\3159]\3054\234\353"
 117      532E4281 
 117      B15904A7 
 117      C7BFCD39 
 117      5DC5349C 
 118 014d 738FB49C 		.ascii	"s\217\264\234\016\025\211\230\371\356\033\320\022\356"
 118      0E158998 
 118      F9EE1BD0 
 118      12EE
 119 015b 7378521E 		.ascii	"sxR\036|\017\022\365u\203\\\344\022\367F;\2177E\350"
 119      7C0F12F5 
 119      75835CE4 
 119      12F7463B 
 119      8F3745E8 
 120 016f C17DEA2B 		.ascii	"\301}\352+\245\302T\376\347\354\225I\277N1Z\316\335"
 120      A5C254FE 
 120      E7EC9549 
 120      BF4E315A 
 120      CEDD
ARM GAS  /tmp/ccsxQzym.s 			page 9


 121 0181 B83AE73F 		.ascii	"\270:\347?\010_\246Z\225\337\345~8\201\006\374\200\006"
 121      085FA65A 
 121      95DFE57E 
 121      388106FC 
 121      8006
 122 0193 D05ECBE7 		.ascii	"\320^\313\347\255\271@M\227J\247\356]j\377\247\026\\"
 122      ADB9404D 
 122      974AA7EE 
 122      5D6AFFA7 
 122      165C
 123 01a5 5E013D70 		.ascii	"^\001=p\020\346Q\247f\202^\250a\323\320\320\327\177"
 123      10E651A7 
 123      66825EA8 
 123      61D3D0D0 
 123      D77F
 124 01b7 A14392A4 		.ascii	"\241C\222\244E.\360\334\241\251=\335|\307\277\252\231"
 124      452EF0DC 
 124      A1A93DDD 
 124      7CC7BFAA 
 124      99
 125 01c8 20030FC9 		.ascii	" \003\017\311\262\345\304\001\275\354H\245\017\000\021"
 125      B2E5C401 
 125      BDEC48A5 
 125      0F0011
 126 01d7 2BAA0AC2 		.ascii	"+\252\012\302I\330\001?z\304K\231\275\275\022\211\225"
 126      49D8013F 
 126      7AC44B99 
 126      BDBD1289 
 126      95
 127 01e8 CABEEBF2 		.ascii	"\312\276\353\362\020\234\322\244`p\006\207\257-YfS\240"
 127      109CD2A4 
 127      60700687 
 127      AF2D5966 
 127      53A0
 128 01fa C7D00735 		.ascii	"\307\320\0075\363\\\267\3454\252\271\016\234\204`]\246"
 128      F35CB7E5 
 128      34AAB90E 
 128      9C84605D 
 128      A6
 129 020b E5D36381 		.ascii	"\345\323c\201\325_c\227g\012\267FCjL\245g\012\205U%"
 129      D55F6397 
 129      670AB746 
 129      436A4CA5 
 129      670A8555 
 130 0220 9AED8DD1 		.ascii	"\232\355\215\321O\260z\021\333p\035\032\262\373.\202"
 130      4FB07A11 
 130      DB701D1A 
 130      B2FB2E82 
 131 0230 8792534B 		.ascii	"\207\222SK#\266\330\250\235\356Zp\025/\205hC\177I\304"
 131      23B6D8A8 
 131      9DEE5A70 
 131      152F8568 
 131      437F49C4 
 132 0244 3384289F 		.ascii	"3\204(\237@\314\374}rZ\210M\032\361\277\335G;\2404\342"
 132      40CCFC7D 
 132      725A884D 
 132      1AF1BFDD 
ARM GAS  /tmp/ccsxQzym.s 			page 10


 132      473BA034 
 133 0259 CF251107 		.ascii	"\317%\021\007\010Qh\317\363\003\262\250\373\232\002"
 133      085168CF 
 133      F303B2A8 
 133      FB9A02
 134 0268 F789959E 		.ascii	"\367\211\225\236\305\233\021\376\324\214\014\352\031"
 134      C59B11FE 
 134      D48C0CEA 
 134      19
 135 0275 19A26EF1 		.ascii	"\031\242n\361\345}\021\332\336S\017\016\317U>\352K%"
 135      E57D11DA 
 135      DE530F0E 
 135      CF553EEA 
 135      4B25
 136 0287 3A02C35E 		.ascii	":\002\303^[\016,\354\373#\242\235\237qC.\017CV\367E"
 136      5B0E2CEC 
 136      FB23A29D 
 136      9F71432E 
 136      0F4356F7 
 137 029c 184838AB 		.ascii	"\030H8\253\207\241\261\255i\034\014\272\317\020L~q\264"
 137      87A1B1AD 
 137      691C0CBA 
 137      CF104C7E 
 137      71B4
 138 02ae 510F6118 		.ascii	"Q\017a\030\347\366\034b\241\3726]R.]V\322\341_\212\330"
 138      E7F61C62 
 138      A1FA365D 
 138      522E5D56 
 138      D2E15F8A 
 139 02c3 46A00619 		.ascii	"F\240\006\031\264\023=\203\257\031B\1779\200k\311\335"
 139      B4133D83 
 139      AF19427F 
 139      39806BC9 
 139      DD
 140 02d4 5F3596E5 		.ascii	"_5\226\345a\2357\312\3677\315r\003T\201mC8\223\034\267"
 140      619D37CA 
 140      F737CD72 
 140      0354816D 
 140      4338931C 
 141 02e9 4C32A0F3 		.ascii	"L2\240\363\332\374\266\277\302+\325o\303h\021\347\030"
 141      DAFCB6BF 
 141      C22BD56F 
 141      C36811E7 
 141      18
 142 02fa E90F984E 		.ascii	"\351\017\230N\016\2565\014\301r\001q'\002\0274\236\355"
 142      0EAE350C 
 142      C1720171 
 142      27021734 
 142      9EED
 143 030c E15D34AF 		.ascii	"\341]4\257\342\315\335\013\3363\204\014<\366\343\206"
 143      E2CDDD0B 
 143      DE33840C 
 143      3CF6E386 
 144 031c 9741B020 		.ascii	"\227A\260 \346W\356\277\246\273TD7N\362+\215\375CQ\203"
 144      E657EEBF 
 144      A6BB5444 
 144      374EF22B 
ARM GAS  /tmp/ccsxQzym.s 			page 11


 144      8DFD4351 
 145 0331 1F2EDBFE 		.ascii	"\037.\333\376\313\032KzX\023(\3757HO4V=2:\254\307\375"
 145      CB1A4B7A 
 145      581328FD 
 145      37484F34 
 145      563D323A 
 146 0348 36BADD5C 		.ascii	"6\272\335\\-Ho~\350\345\0259\376<\321\\)\242\271j\034"
 146      2D486F7E 
 146      E8E51539 
 146      FE3CD15C 
 146      29A2B96A 
 147 035d 2758CBFB 		.ascii	"'X\313\373\276\242\367\303\236\370H\331\342'5\252\317"
 147      BEA2F7C3 
 147      9EF848D9 
 147      E22735AA 
 147      CF
 148 036e 43BD66C4 		.ascii	"C\275f\304\217/\023\037\361\304\333,\347h\361=#y\261"
 148      8F2F131F 
 148      F1C4DB2C 
 148      E768F13D 
 148      2379B1
 149 0381 72F55345 		.ascii	"r\365SE<\271\307\352\245V\177\023R\331\317\336\240\227"
 149      3CB9C7EA 
 149      A5567F13 
 149      52D9CFDE 
 149      A097
 150 0393 9CD87072 		.ascii	"\234\330pr)\213\337\301\027\242Qg}\355\326\017\266\276"
 150      298BDFC1 
 150      17A25167 
 150      7DEDD60F 
 150      B6BE
 151 03a5 B5D149D4 		.ascii	"\265\321I\324;uI\247\276.\346\304j\223\361h\214\211"
 151      3B7549A7 
 151      BE2EE6C4 
 151      6A93F168 
 151      8C89
 152 03b7 647CBB53 		.ascii	"d|\273S\\\020K\304\343\211m\316\366D]\262\336y\375\355"
 152      5C104BC4 
 152      E3896DCE 
 152      F6445DB2 
 152      DE79FDED 
 153 03cb 0DEB377C 		.ascii	"\015\3537|\214\325\261D\335\346\367>|5\036\255eb[\342"
 153      8CD5B144 
 153      DDE6F73E 
 153      7C351EAD 
 153      65625BE2 
 154 03df 2399D8B2 		.ascii	"#\231\330\262\245~s\362\177\344\036\243\277"
 154      A57E73F2 
 154      7FE41EA3 
 154      BF
 155              		.text
 156              		.section	.gnu.lto__tm_init.4e147875fe00285,"",%progbits
 157 0000 789C8553 		.ascii	"x\234\205S\337K\223Q\030>\317\371\266\317\3512#\272"
 157      DF4B9351 
 157      183ECFF9 
 157      B6CFE932 
 157      23BA
ARM GAS  /tmp/ccsxQzym.s 			page 12


 158 0012 10098A46 		.ascii	"\020\011\212Fx\021sw\376\003A7]D\364\0374\002\275\220"
 158      78117377 
 158      FE034137 
 158      5D44F41F 
 158      3402BD90 
 159 0026 427717C3 		.ascii	"Bw\027\3033\233`i&^)\246%Tj[\376NSS?]\251\225\031\032"
 159      339B6069 
 159      265E29A6 
 159      25546A5B 
 159      FE4E5353 
 160 0040 6696E42E 		.ascii	"f\226\344.\264\022\202\334\014\344\243t\275\347l,\177"
 160      B41282DC 
 160      0CE4A374 
 160      BDE76C2C 
 160      7F
 161 0051 30FB609C 		.ascii	"0\373`\234\357\335\367>\317\373\274\317{^\215\355\177"
 161      EFDDF73E 
 161      CFFBBCCF 
 161      7B5E8DED 
 161      7F
 162 0062 72E83764 		.ascii	"r\3507da\3544\235\320\030x\315\014c>\033\007\344\013"
 162      61EC349D 
 162      D01878CD 
 162      0C633E1B 
 162      07E40B
 163 0075 032BE528 		.ascii	"\003+\345(\305\032\217p\324\030\201:{\356C!\304\372"
 163      C51A8F70 
 163      D418813A 
 163      7BEE4321 
 163      C4FA
 164 0087 5C4F7679 		.ascii	"\\Ovy\266\311\031\333\340q\032\264 \227Q\316\317\231"
 164      B6C919DB 
 164      E0711AB4 
 164      209751CE 
 164      CF99
 165 0099 CA9BD04E 		.ascii	"\312\233\320N@\276OW\336\253\347\337\271\311a\250\270"
 165      40BE4F57 
 165      DEABE7DF 
 165      B9C961A8 
 165      B8
 166 00aa 7E737A22 		.ascii	"~sz\"K\306<[\206#\276@u\246\243Y\030\"\334\024:/*n\030"
 166      4BC63C5B 
 166      8623BE40 
 166      75A6A359 
 166      1822DC14 
 167 00c3 E24F2CA6 		.ascii	"\342O,\246\231\\C+4\"F\033r\360\0309\011\245\004\211"
 167      995C432B 
 167      3422461B 
 167      72F01839 
 167      09A50489 
 168 00d7 F8B716EC 		.ascii	"\370\267\026\354\272\237\024\034A\000\216xu\004\241"
 168      BA9F141C 
 168      41008E78 
 168      7504A1
 169 00e6 830EF94F 		.ascii	"\203\016\371O\307QC\304b\0333\263\345\216\006\236\251"
 169      C75143C4 
 169      621B33B3 
ARM GAS  /tmp/ccsxQzym.s 			page 13


 169      E58E069E 
 169      A9
 170 00f7 3393536B 		.ascii	"3\223Sk+\224%\233Y\345\\\236\332'\224\255\257\317\373"
 170      2B94259B 
 170      59E55C9E 
 170      DA2794AD 
 170      AFCFFB
 171 010a AC1248A4 		.ascii	"\254\022H\244M\357\253\333\271\367\267\250\0206\223"
 171      4DEFABDB 
 171      B9F7B7A8 
 171      103693
 172 0119 5BB778BC 		.ascii	"[\267x\274\324\362\312\273Y\233\024kUa\253\317\177\027"
 172      D4F2CABB 
 172      599B146B 
 172      5561ABCF 
 172      7F17
 173 012b 8D68F009 		.ascii	"\215h\360\011\231\245\343\011\274h\227\322\350\333v"
 173      99A5E309 
 173      BC6897D2 
 173      E8DB76
 174 013a F04EB7EE 		.ascii	"\360N\267\356\014\220*\303j\3624tPb\224'$\017\217\316"
 174      0C902AC3 
 174      6AF23474 
 174      50629427 
 174      240F8FCE 
 175 014e 6D5BE21F 		.ascii	"m[\342\037\3110\033:\341\214rH\331]p\322w\337\243\241"
 175      C9301B3A 
 175      E18C7248 
 175      D95D70D2 
 175      77DFA3A1 
 176 0162 AA345987 		.ascii	"\2524Y\207\204\242\233\030?\240L\\LH\213\226\267\255"
 176      84A29B18 
 176      3FA04C5C 
 176      4C488B96 
 176      B7AD
 177 0174 D9B553CA 		.ascii	"\331\265S\312\275\201\366_o\355\312\315\2232\034\254"
 177      BD81F65F 
 177      6FEDCACD 
 177      93321CAC 
 178 0184 9DAAD395 		.ascii	"\235\252\323\225\231\026\031\006\253n\265d\220\231\242"
 178      99161906 
 178      AB6EB564 
 178      9099A2
 179 0193 2CDC18BA 		.ascii	",\334\030\272b\370\357\213\355X\014&OGO\334\313^\362"
 179      62F8EF8B 
 179      ED580C26 
 179      4F474FDC 
 179      CB5EF2
 180 01a6 F269D24B 		.ascii	"\362i\322K\364\301A\250\272\333\241\037\026j]\210p\320"
 180      F4C141A8 
 180      BADBA11F 
 180      166A5D88 
 180      70D0
 181 01b8 2D93C942 		.ascii	"-\223\311BY\232\241\037^\246|Z\355\262\3562\336X\234"
 181      599AA11F 
 181      5EA67C5A 
 181      EDB2EE32 
ARM GAS  /tmp/ccsxQzym.s 			page 14


 181      DE589C
 182 01cb 80442BDB 		.ascii	"\200D+\33378\366\214\205\341\031\301\031\006\224\376"
 182      3738F68C 
 182      85E119C1 
 182      190694FE 
 183 01db 49DF7C7F 		.ascii	"I\337|\177\232j>\374&\004\331>\025\210\322\030T\026"
 183      9A6A3EFC 
 183      2604D93E 
 183      1588D218 
 183      5416
 184 01ed 069503CB 		.ascii	"\006\225\003\313\015\346\203t\345@\214\236,\206!\222"
 184      0DE68374 
 184      E5408C9E 
 184      2C862192 
 185 01fd 296B777E 		.ascii	")kw~\355\262\356#2\364$\215\226\240y\016\247rN\351\375"
 185      EDB2EE23 
 185      32F4248D 
 185      96A0790E 
 185      A7724EE9 
 186 0212 0FC692C0 		.ascii	"\017\306\222\300\014\357\300t~K\201\311\210c\254\011"
 186      0CEFC074 
 186      7E4B81C9 
 186      8863AC09 
 187 0222 CCC8CE3A 		.ascii	"\314\310\316:\2510\3668FO`Fw\017\371\020Yc\020\305\022"
 187      A930F638 
 187      464F6046 
 187      770FF910 
 187      596310C5 
 188 0237 FCC66732 		.ascii	"\374\306g2Rz\275\367\012fn\220A\014c4\201\344\210\256"
 188      527ABDF7 
 188      0A666E90 
 188      410C6334 
 188      81E488AE 
 189 024b EF1ACE38 		.ascii	"\357\032\3168\274&?\254H\226\364T\034\032q\204Rs\274"
 189      BC263FAC 
 189      4896F454 
 189      1C1A7184 
 189      5273BC
 190 025e 8873502F 		.ascii	"\210sP/}\221\2051\265\013\233\374_;gv8FD/\341\224\251"
 190      7D918531 
 190      B50B9BFC 
 190      5F3B6776 
 190      3846442F 
 191 0275 B5CDC70E 		.ascii	"\265\315\307\016\\\232\275[2q\300\226L\036\264%S\311"
 191      5C9ABD5B 
 191      3271C096 
 191      4C1EB425 
 191      53C9
 192 0287 2D790527 		.ascii	"-y\005'\351\242\342\343\037\225H)\212\000blqS\317\357"
 192      E9A2E2E3 
 192      1F954829 
 192      8A00626C 
 192      7153CFEF 
 193 029b 151574AB 		.ascii	"\025\025t\253\350\036\274F>\373\002\237\0219\247\272"
 193      E81EBC46 
 193      3EFB029F 
 193      1139A7BA 
ARM GAS  /tmp/ccsxQzym.s 			page 15


 194 02ab 6372E921 		.ascii	"cr\351!\227\235\012\034\317\313s\235-(\274\\x\341\222"
 194      979D0A1C 
 194      CFCB739D 
 194      2D28BC5C 
 194      78E192
 195 02be EB6A89AB 		.ascii	"\353j\211\253\330\343*)v\273\334\005\236\242<7\343\236"
 195      D8E32A29 
 195      76BBDC05 
 195      9EA23C37 
 195      E39E
 196 02d0 22CD5374 		.ascii	"\"\315St\355/{\325\271\274"
 196      ED2F7BD5 
 196      B9BC
 197              		.text
 198              		.section	.gnu.lto_chTMChainMeasurementToX.4e147875fe00285,"",%progbits
 199 0000 789C9594 		.ascii	"x\234\225\224]L\034U\024\307\357\271wfv\330O\343\203"
 199      5D4C1C55 
 199      14C7EFB9 
 199      776676D8 
 199      4FE383
 200 0013 31C45813 		.ascii	"1\304X\023$\230Tv\242/\306\304\007M_\214\2611\321'\037"
 200      24985476 
 200      A22FC6C4 
 200      074D5F8C 
 200      B131D127 
 201 0028 8C1F9B56 		.ascii	"\214\037\233V\372\260\335\0066\352\203I\357\302\226"
 201      FAB0DD06 
 201      36EA8349 
 201      EFC296
 202 0037 36828660 		.ascii	"6\202\206`c\210\332X5P`i+\305Ri\201.\025\205VJA\027"
 202      6388DA58 
 202      35506069 
 202      2BC55269 
 202      812E1585 
 203 004f 4D49D3D2 		.ascii	"MI\323\322\010\321>\240\335\226\204\216_x\316\275\023"
 203      08D13EA0 
 203      DD96848E 
 203      5F78CEBD 
 203      13
 204 0060 EDD07D58 		.ascii	"\355\320}X6\33133\347\336\363;\377{\316\231\021\354"
 204      36D93333 
 204      E7DEF33B 
 204      FF7BCE99 
 204      11EC
 205 0072 CEDFB3F8 		.ascii	"\316\337\263\370\1778\300\330\353x\205\000\003\3366"
 205      7F38C0D8 
 205      EB788500 
 205      03DE36
 206 0081 CD58C6E6 		.ascii	"\315X\306\346\\\354\253a2h\220\015\0130\264\333\340"
 206      5CECAB61 
 206      3268900D 
 206      0B30B4DB 
 206      E0
 207 0092 66C141B7 		.ascii	"f\301A\2675|?\272M\260\264\333\002\240\033\006l7\027"
 207      357C3FBA 
 207      4DB0B4DB 
 207      02A01B06 
ARM GAS  /tmp/ccsxQzym.s 			page 16


 207      6C3717
 208 00a5 8669C16E 		.ascii	"\206i\301n\270\306\213\034\332\362\271\216PM\247\224"
 208      B8C68B1C 
 208      DAF2B98E 
 208      504DA794 
 209 00b5 F27AE3DC 		.ascii	"\362z\343\334\333r\377+.g\354&\327\231\341\020\324\340"
 209      DB72FF2B 
 209      2E67EC26 
 209      D799E110 
 209      D4E0
 210 00c7 9E968577 		.ascii	"\236\226\205w\317F\304&`x?td\345|\350W\356rx\200\036"
 210      CF46C426 
 210      60783F74 
 210      64E57CE8 
 210      57EE7278 
 211 00dd 4FB64F76 		.ascii	"O\266OvX\364\310\015z\234\031\370\275ET\177.ec\376\317"
 211      58F4C80D 
 211      7A9C19F8 
 211      BD45547F 
 211      2E6563FE 
 212 00f2 63F249C3 		.ascii	"c\362I\303\345\002\272A \017z\240\022z\241\222\241\213"
 212      E502BA41 
 212      200F7AA0 
 212      127AA192 
 212      A18B
 213 0104 410EAA71 		.ascii	"A\016\252q\367g\207[:\243\342A\315\275\365\307{\021"
 213      F767875B 
 213      3AA3E241 
 213      CDBDF5C7 
 213      7B11
 214 0116 1579B0A7 		.ascii	"\025y\260\247\323z\232\002\373J\004\036\206j\332]\314"
 214      D37A9A02 
 214      FB4A041E 
 214      866ADA5D 
 214      CC
 215 0127 FEFD53C8 		.ascii	"\376\375S\310\312\242\352\273\264X8\002\026\340\365"
 215      CAA2EABB 
 215      B4583802 
 215      16E0F5
 216 0136 E8DD79B9 		.ascii	"\350\335y\271\266\366\363\370X1\010\367p\2141\004P\220"
 216      B6F6F3F8 
 216      583108F7 
 216      708C3104 
 216      5090
 217 0148 09943380 		.ascii	"\011\2243\200\016\323&o\005\231 \231\020\032+L&B&J\276"
 217      0ED3266F 
 217      05992099 
 217      101A2B4C 
 217      2642264A 
 218 015d 1819C616 		.ascii	"\030\031\306\026\221LE[\342\234\256b\036\316\014\272"
 218      914C455B 
 218      E29CAE62 
 218      1ECE0CBA 
 219 016d 7DAD27C2 		.ascii	"}\255'\302>\005\013{rc\\\011\270\311a\27588\012\026"
 219      3E050B7B 
 219      72635C09 
 219      B8C961BD 
ARM GAS  /tmp/ccsxQzym.s 			page 17


 219      38380A16 
 220 0181 AAFB02AC 		.ascii	"\252\373\002\254U\036\300\265\211\236\336\346\030\325"
 220      551EC0B5 
 220      899EDEE6 
 220      18D5
 221 018f 2B200F4A 		.ascii	"+ \017J\031\245\355W\026/\314\332\312\305\350q\371\322"
 221      19A5ED57 
 221      162FCCDA 
 221      CAC5E871 
 221      F9D2
 222 01a1 CCB27D00 		.ascii	"\314\262}\000>\312\264I\333\3456\364\343\361\217\341"
 222      3ECAB449 
 222      DBE536F4 
 222      E3F18FE1 
 223 01b1 F169ADF5 		.ascii	"\361i\255\365\203\266B\2606'\263\231\353\027;~\253\003"
 223      83B642B0 
 223      3627B399 
 223      EB173B7E 
 223      AB03
 224 01c3 9757C000 		.ascii	"\227W\300\000\034\200\033(Te\202/\241\226\315Cc\373"
 224      1C801B28 
 224      5465822F 
 224      A196CD43 
 224      63FB
 225 01d5 D0D5DE27 		.ascii	"\320\325\336'H\322\355|\241\030\307o}\262\034!\276\224"
 225      48D2ED7C 
 225      A118C76F 
 225      7DB21C21 
 225      BE94
 226 01e7 F980CB83 		.ascii	"\371\200\313\203\253X\351\343\036\377\343\225\367/\306"
 226      AB58E9E3 
 226      1EFFE395 
 226      F72FC6
 227 01f6 6A376391 		.ascii	"j7c\221`Pa\251\244p\002jQ<\373\021\032\363W\316\201"
 227      605061A9 
 227      A470026A 
 227      513CFB11 
 227      1AF357CE 
 228 020b 47BDB1A7 		.ascii	"G\275\261\247\347ZH\274\250\016\334\327\372\316\241"
 228      E75A48BC 
 228      A80EDCD7 
 228      FACEA1
 229 021a 60D5A7D8 		.ascii	"`\325\247\330\273\205\356\245\211\260\234\224\331\205"
 229      BB85EEA5 
 229      89B09C94 
 229      D985
 230 0228 B5B54DD4 		.ascii	"\265\265M\324\303\257\374=\364\306j\010\252V\271\271"
 230      C3AFFC3D 
 230      F4C66A08 
 230      AA56B9B9 
 231 0238 8E5890FF 		.ascii	"\216X\220\377\214\233\342%E\314\255\270\222\227\"\232"
 231      8C9BE225 
 231      45CCADB8 
 231      9297229A 
 232 0248 70B224F1 		.ascii	"p\262$\361\024\021\327k\354\373e`^\210W\025\361\257"
 232      1411D76B 
 232      ECFB6560 
ARM GAS  /tmp/ccsxQzym.s 			page 18


 232      5E885715 
 232      F1AF
 233 025a BD5DDD50 		.ascii	"\275]\335P\2328\\\2228\002U\030\226\351:\325\032\240"
 233      9A385C92 
 233      38025518 
 233      96E93AD5 
 233      1AA0
 234 026c E2E138C0 		.ascii	"\342\3418\300(\256bq\007\213\303\226\257\315*%\356'"
 234      28AE6271 
 234      078BC396 
 234      AFCD2A25 
 234      EE27
 235 027e 1574366F 		.ascii	"\025t6o\030\370\035\303pZ\015C\236\206\201\373[a\253"
 235      18F81DC3 
 235      705A0D43 
 235      9E8681FB 
 235      5B61AB
 236 0291 4E98EB3A 		.ascii	"N\230\353:\221\243\361r\303.\017\301\230\352\007\327"
 236      91A3F172 
 236      C32E0FC1 
 236      98EA07D7 
 237 02a1 0C38A3DA 		.ascii	"\0148\243\332\334\324\336<\005\032gk\342\354\207]Mj"
 237      DCD4DE3C 
 237      051A676B 
 237      E2EC875D 
 237      4D6A
 238 02b3 BC42C0E0 		.ascii	"\274B\300\340k-\267]m)7]\336\242\340q_\266oh\000lu\364"
 238      6B2DB75D 
 238      6D29375D 
 238      DEA2E071 
 238      5FB66F68 
 239 02cb FE91C775 		.ascii	"\376\221\307u\302\212r\200j\222\276\365&I\263&\264\362"
 239      C28A7280 
 239      6A92BEF5 
 239      2649B326 
 239      B4F2
 240 02dd FDCD8B5C 		.ascii	"\375\315\213\\\2030,\2008\245\364jt\243RM\230\364\341"
 240      83302C80 
 240      38A5F46A 
 240      74A3524D 
 240      98F4E1
 241 02f0 CF92D4A0 		.ascii	"\317\222\324\240\356\322\310f\235!T.\020W\302pN\361"
 241      EED2C866 
 241      9D21542E 
 241      1057C270 
 241      4EF1
 242 0302 84C7FB4E 		.ascii	"\204\307\373N\277O\227\367\256xr\303\032\217\245\277"
 242      BF4F97F7 
 242      AE7872C3 
 242      1A8FA5BF 
 243 0312 E4792298 		.ascii	"\344y\"\230\001\375\033/\265J7\345Kw\236\344Gt\245G"
 243      01FD1B2F 
 243      B54A37E5 
 243      4B779EE4 
 243      4774A547 
 244 0326 E39A1F2D 		.ascii	"\343\232\037-\273\322\323\212ex\254\013(}\016\262\323"
 244      BBD2D38A 
ARM GAS  /tmp/ccsxQzym.s 			page 19


 244      6578AC0B 
 244      287D0EB2 
 244      D3
 245 0337 4D95FF15 		.ascii	"M\225\377\025:\252F{\011\323\355\253\021\244\2678\372"
 245      3AAA467B 
 245      09D3EDAB 
 245      11A4B738 
 245      FA
 246 0348 D0862A7E 		.ascii	"\320\206*~/\245\231\361\245\231\325\025'\254\341}%\261"
 246      2FA599F1 
 246      A599D515 
 246      27ACE17D 
 246      25B1
 247 035a F6A73DF1 		.ascii	"\366\247=\361\261\262\305\177\257\250\246G\375A\213"
 247      B1B2C57F 
 247      AFA8A647 
 247      FD418B
 248 0369 9FBA4D7C 		.ascii	"\237\272M|\314\023o\262\202\243\304\367\217\027\305"
 248      CC136FB2 
 248      82A3C4F7 
 248      8F17C5
 249 0378 C6D5177C 		.ascii	"\306\325\027|y\346\376Wo)\365\227!\223/>C/0e\303!%/"
 249      79E6FE57 
 249      6F29F597 
 249      21932F3E 
 249      432F3065 
 250 0390 7E5EEF8B 		.ascii	"~^\357\213\307\235-u;^\333\361\334\013N\252\301\251"
 250      C79D2D75 
 250      3B5EDBF1 
 250      DC0B4EAA 
 250      C1A9
 251 03a2 4F3B0DF5 		.ascii	"O;\015\365\011'Q\227N\306\023\314H'w=B\346Q\307\277"
 251      09275197 
 251      4EC613CC 
 251      4827773D 
 251      42E651C7 
 252 03b7 2D914A26 		.ascii	"-\221J&S;\235]\251\372t\203\363\324\363[\267l}\013c"
 252      533B9D5D 
 252      A9FA7483 
 252      F3D4F35B 
 252      B76C7D0B 
 253 03cc 12A9FA6D 		.ascii	"\022\251\372m/\277\361X2^\307\004\006\211\235\2517\255"
 253      2FBFF158 
 253      325EC704 
 253      06899DA9 
 253      37AD
 254 03de D4F6ED0D 		.ascii	"\324\366\355\015\333\322\377\002\231\261\243\350"
 254      DBD2FF02 
 254      99B1A3E8 
 255              		.text
 256              		.section	.gnu.lto_.symbol_nodes.4e147875fe00285,"",%progbits
 257 0000 789C6366 		.ascii	"x\234cf``\310c\200\002\246\217\214\365\014\014\023\316"
 257      6060C863 
 257      8002A68F 
 257      8CF50C0C 
 257      13CE
 258 0012 3130D4D7 		.ascii	"10\324\3273\314[\300\301\300\364\211\261\236\021E\340"
ARM GAS  /tmp/ccsxQzym.s 			page 20


 258      33CC5BC0 
 258      C1C0F489 
 258      B19E1145 
 258      E0
 259 0023 33633D13 		.ascii	"3c=\023\262\000\353WF\006\201z\006\246\017\214\365\314"
 259      B200EB57 
 259      4606817A 
 259      06A60F8C 
 259      F5CC
 260 0035 280ABF30 		.ascii	"(\012\2770\326\263 \0130\263024\265\275\221gfabX\004"
 260      D6B3200B 
 260      30B33032 
 260      34B5BD91 
 260      67666162 
 261 004b A4190016 		.ascii	"\244\031\000\026\003\037\313"
 261      031FCB
 262              		.text
 263              		.section	.gnu.lto_.refs.4e147875fe00285,"",%progbits
 264 0000 789C6366 		.ascii	"x\234cf``\340c\200\000F&\006f&&\026FfFFfn\006\000\002"
 264      6060E063 
 264      80004626 
 264      06662626 
 264      16466646 
 265 001a 6C0034   		.ascii	"l\0004"
 266              		.text
 267              		.section	.gnu.lto_.decls.4e147875fe00285,"",%progbits
 268 0000 789CBD5A 		.ascii	"x\234\275Z{TT\311\231\357\272\325/\232\006&\343\214"
 268      7B5454C9 
 268      99EFBAD5 
 268      2F9A0626 
 268      E38C
 269 0012 9378E6E4 		.ascii	"\223x\346\3448$\207\235d\307A\0357\231\354\331\335L"
 269      3824879D 
 269      64C7411D 
 269      3799ECD9 
 269      DD4C
 270 0024 9631C96C 		.ascii	"\2261\311l\306\321\035\315\356\354I\366\020\304\036"
 270      C6D11DCD 
 270      EEEC49F6 
 270      10C41E
 271 0033 21E195A6 		.ascii	"!\341\225\246Q\347\257mA\020A\004\021\021\344a# \357"
 271      51E7AF6D 
 271      41104104 
 271      1111E461 
 271      2320EF
 272 0046 874F9E22 		.ascii	"\207O\236\"\276\020\344!\210(\210J\013\250<|\200\242"
 272      BE10E421 
 272      8828884A 
 272      0BA83C7C 
 272      80A2
 273 0058 2222EC57 		.ascii	"\"\"\354WU\267\373\336nn\243{\366\354r\374\354\373\335"
 273      55B7FBDE 
 273      6E6EA37B 
 273      F6EC72FC 
 273      ECFBDD
 274 006b FAD5F7AA 		.ascii	"\372\325\367\252\257\252\276\272\367b\231L\266\223\223"
 274      AFAABEBA 
ARM GAS  /tmp/ccsxQzym.s 			page 21


 274      F762994C 
 274      B69393
 275 007a C966E12F 		.ascii	"\311f\341/r\205LvG)\223\301?\331\032 \270-\373\000\310"
 275      72854C76 
 275      472993C1 
 275      3FD91A20 
 275      B82DFB00 
 276 008f 5DC6FE14 		.ascii	"]\306\376\024@\275@}@\375@w\200F\201\020\301r2\233?"
 276      40BD407D 
 276      40FD4077 
 276      80468110 
 276      C172329B 
 277 00a4 82D3F072 		.ascii	"\202\323\360r\\\201\264@\327\200\272\200*x\271u@\027"
 277      5C81B440 
 277      D780BA80 
 277      2A78B975 
 277      4017
 278 00b6 79F944F6 		.ascii	"y\371D\366e\2406\240\016\240N\240v^v\257l\356\037\261"
 278      65A036A0 
 278      0EA04EA0 
 278      765E76AF 
 278      6CEE1FB1 
 279 00ca C149423E 		.ascii	"\301IB>\221\375K\260\345\237\200\224\034\323GL\373\224"
 279      91FD4BB0 
 279      E59F8094 
 279      1CD3474C 
 279      FB94
 280 00dc 637239BE 		.ascii	"cr9\276\357?sse\022\237\336\222\220\371\001/\327\335"
 280      EF3F7373 
 280      65129FDE 
 280      9290F901 
 280      2FD7DD
 281 00ef 4EB61789 		.ascii	"N\266\027\211\033\030\370\0241=\026\177\324\274\276"
 281      1B18F814 
 281      313D167F 
 281      D4BCBE
 282 00fe 69B8FF18 		.ascii	"i\270\377\0301_:x\177\332x?1\257\217\330\361\005'\035"
 282      315F3A78 
 282      7FDA783F 
 282      31AF8FD8 
 282      F105271D 
 283 0112 43125F37 		.ascii	"C\022_7;{\272x{\304\272+x;\305\361\374\027h\357\201"
 283      3B7BBA78 
 283      7BC4BA2B 
 283      783BC5F1 
 283      FC1768EF 
 284 0127 5F954CB0 		.ascii	"_\225L\260C*\276r^\217x\\\245l!\343\354\362?\210\215"
 284      432ABE72 
 284      5E8F785C 
 284      A56C21E3 
 284      ECF23F88 
 285 013c 381E4A51 		.ascii	"8\036JQ\374-z\305q\030\025\305\301\376o\234CU\245\023"
 285      FC2D7AC5 
 285      711815C5 
 285      C1FE6F9C 
 285      4355A513 
 286 0150 ADCE431C 		.ascii	"\255\316C\034r\325,&lubc\212\022X\255FN\330\226\330"
ARM GAS  /tmp/ccsxQzym.s 			page 22


 286      72D52C26 
 286      6C756263 
 286      8A1258AD 
 286      464ED896 
 287 0165 03A91C6D 		.ascii	"\003\251\034m\255G\204O}\336\322\340F\233\277O\330\247"
 287      AD47844F 
 287      7DDED2E0 
 287      469BBF4F 
 287      D8A7
 288 0177 91E6462D 		.ascii	"\221\346F-\346hSv\312\355+\232\217\012\215Fc\264\261"
 288      E6685376 
 288      CAED2B9A 
 288      8F0A8D46 
 288      63B4B1
 289 018a 7E881334 		.ascii	"~\210\0234\364\035\2721+\307\357S\320\251\272\311\006"
 289      F41DBA31 
 289      2BC7EF53 
 289      D0A9BAC9 
 289      06
 290 019b 0DFE31BD 		.ascii	"\015\3761\275\336\031mn\322\340%\364z\353\241\232\235"
 290      DE196D6E 
 290      D2E025F4 
 290      7AEBA19A 
 290      9D
 291 01ac 2A90FB81 		.ascii	"*\220\373\201\206uI{\221\343DY2s\334\340\026\327x\327"
 291      8675497B 
 291      91E34459 
 291      3273DCE0 
 291      16D778D7 
 292 01c0 98ED8A3C 		.ascii	"\230\355\212<49\240`l2\261\341}\243Q\216\216\"\015*"
 292      3439A060 
 292      6C32B1E1 
 292      7DA3518E 
 292      8E220D2A 
 293 01d4 431815A3 		.ascii	"C\030\025\243\217HdIo\362\027m4\206\033\023\"\214N\215"
 293      8F486449 
 293      6FF2176D 
 293      34861B13 
 293      228C4E8D 
 294 01e8 AE329487 		.ascii	"\2562\224\207\026\241|\264H\206\216 \017@P,*\207\233"
 294      16A17CB4 
 294      48868E20 
 294      0F40502C 
 294      2A879B
 295 01fb 87E12608 		.ascii	"\207\341&\010>?]\267M\2014\036\322\235\216Kt\242&d\344"
 295      3E3F5DB7 
 295      4D81341E 
 295      D29D8E4B 
 295      74A22664 
 296 0210 EE5B484C 		.ascii	"\356[HL8\006&\224\012&\200E\026\307\271\333\317\033"
 296      38062694 
 296      0A268045 
 296      16C7B9DB 
 296      CF1B
 297 0222 EF238BC9 		.ascii	"\357#\213\311\205y\267~H\360\025\200/\021\360\307\320"
 297      8579B77E 
 297      48F01580 
ARM GAS  /tmp/ccsxQzym.s 			page 23


 297      2F11F0C7 
 297      D0
 298 0233 BC369F90 		.ascii	"\2746\237\220\264\031\015\335\233\210W\3408\026\370"
 298      B4190DDD 
 298      9B8857E0 
 298      3816F8
 299 0242 D6B11397 		.ascii	"\326\261\023\227\3258\2211\217v\017L\271\340\024\306"
 299      D5389131 
 299      8F760F4C 
 299      B9E014C6 
 300 0252 E4EC4D2E 		.ascii	"\344\354M.V\320\321R\023\366\370\225}e\034\316\240m"
 300      56D0D152 
 300      13F6F895 
 300      7D651CCE 
 300      A06D
 301 0264 DCF1E4C7 		.ascii	"\334\361\344\307uJ\3368\323.\214P\035\030V\373\306\206"
 301      754ADE38 
 301      D32E8C50 
 301      1D1856FB 
 301      C686
 302 0276 9D9436EC 		.ascii	"\235\2246\354J\367@\224\034\3470\365G\262sO8\321\344"
 302      4AF74094 
 302      1CE730F5 
 302      47B2734F 
 302      38D1E4
 303 0289 F98CB0D7 		.ascii	"\371\214\260\327k\242^:\341C\254-i\254\262\333\011\227"
 303      6BA25E3A 
 303      E143AC2D 
 303      69ACB2DB 
 303      0997
 304 029b 3166BC35 		.ascii	"1f\2745\343\234+\256\344lR\301\235\245\302\213\355;"
 304      E39C2BAE 
 304      E46C52C1 
 304      9DA5C28B 
 304      ED3B
 305 02ad B669283B 		.ascii	"\266i(;k\371\243\366_\214\334\235\253\265\014\233)\302"
 305      6BF9A3F6 
 305      5F8CDC9D 
 305      ABB50C9B 
 305      29C2
 306 02bf F8BDAD87 		.ascii	"\370\275\255\207\337\227\241z0\245\206\330w\001\354"
 306      DF97A17A 
 306      30A586D8 
 306      7701EC
 307 02ce 73E7ED3B 		.ascii	"s\347\355;\0077\317[\306m\362\031K\235\006p\367\254"
 307      0737CF5B 
 307      C66DF219 
 307      4B9D0670 
 307      F7AC
 308 02e0 E0AEBB30 		.ascii	"\340\256\2730l7\2177\275R8\226\334\344HrFn&\315\210"
 308      6C378F37 
 308      BD523896 
 308      DCE44872 
 308      466E26CD 
 309 02f5 46907C46 		.ascii	"F\220|F\220\334 \312\210\306\3639W\325\216E7;\022]x"
 309      90DC20CA 
 309      88C6F339 
ARM GAS  /tmp/ccsxQzym.s 			page 24


 309      57D58E45 
 309      373B125D 
 310 030a 8125CF45 		.ascii	"\201%\317E\020}Z\020\335(\210F7N\226\326j\360Y\026\303"
 310      107D5A10 
 310      DD288846 
 310      374E96D6 
 310      6AF05916 
 311 031f E6FEC927 		.ascii	"\346\376\311'Z:\360o\001\253Jm\257]\217\334\027\270"
 311      5A3AF06F 
 311      01AB4A6D 
 311      AF5D8FDC 
 311      17B8
 312 0331 C39F8709 		.ascii	"\303\237\207\011T\217e6\337\375\355\236\010c\316\367"
 312      548F6536 
 312      DFFDED9E 
 312      0863CEF7 
 313 0341 693A5681 		.ascii	"i:V\201\304Kh\2010\270\037.\222\321\241\006\311\273"
 313      C44B6881 
 313      30B81F2E 
 313      92D1A106 
 313      C9BB
 314 0353 41BD31C1 		.ascii	"A\2751\301h\374,\005F\277\000\000\205\3446\205\203\021"
 314      68FC2C05 
 314      46BF0000 
 314      85E43685 
 314      8311
 315 0365 E80A587C 		.ascii	"\350\012X|\031\271\2436\240\016\240N\240v\304\2664\242"
 315      19B9A336 
 315      A00EA04E 
 315      A076C4B6 
 315      34A2
 316 0377 C9947156 		.ascii	"\311\224qV\031\035\241\244\206\267\360j\254\356\266"
 316      191DA1A4 
 316      86B7F06A 
 316      ACEEB6
 317 0386 52513F5D 		.ascii	"RQ?]d\301\246e+\033\227R\213\252\355-\252\261\203\246"
 317      64C1A665 
 317      2B1B9752 
 317      8BAAED2D 
 317      AAB183A6 
 318 039a 5AA19592 		.ascii	"Z\241\225\222\306\013\310t\212$\311}JZ(\363\223\204"
 318      C60BC874 
 318      8A24C97D 
 318      4A5A28F3 
 318      9384
 319 03ac D99C92AD 		.ascii	"\331\234\222\2554\"\202\221\361\021\266.b\\\223\271"
 319      34228291 
 319      F111B62E 
 319      625C93B9 
 320 03bc 633B460B 		.ascii	"c;F\013<$\343\201\256B\030\336$$TK\246\257\032u\001"
 320      3C24E381 
 320      AE4218DE 
 320      2424544B 
 320      A6AF1A75 
 321 03d1 B8481848 		.ascii	"\270H\030H\242\3222\220\2151\265{4\332\030a\326Q\260"
 321      A2D23290 
 321      8D31B57B 
ARM GAS  /tmp/ccsxQzym.s 			page 25


 321      34DA1861 
 321      D651B0
 322 03e4 C56819BA 		.ascii	"\305h\031\272\206\264<\262\307|\373\221\\\316\261{\350"
 322      86B43CB2 
 322      C77CFB91 
 322      5CCEB17B 
 322      E8
 323 03f5 0F74C12E 		.ascii	"\017t\301.*|\325\246|o/\2652\302\370\226\034\255Y(\352"
 323      2A7CD5A6 
 323      7C6F2FB5 
 323      32C2F896 
 323      1CAD5928 
 324 040a DB83DE83 		.ascii	"\333\203\336\203\377\273\221\234\011HMkL\221\343G,g"
 324      FFBB919C 
 324      09484D6B 
 324      4C91E347 
 324      2C67
 325 041c 1E9AE2C7 		.ascii	"\036\232\342\307\235\027g\032\315\345c3E\217\227\246"
 325      9D17671A 
 325      CDE56333 
 325      458F97A6 
 326 042c 1A4DE1C6 		.ascii	"\032M\341\306\031\230l\034\351\205\256[\215\225\221"
 326      19986C1C 
 326      E985AE5B 
 326      8D9591
 327 043b 6B6A2CEA 		.ascii	"kj,\352E\213\241\243\251\241\375\256\013N\303T\312\216"
 327      458BA1A3 
 327      A9A1FDAE 
 327      0B4EC354 
 327      CA8E
 328 044d DDD9595A 		.ascii	"\335\331YZ|\2301%\311I]\010\014D7i\017\270\223|\365"
 328      7C983125 
 328      C9495D08 
 328      0C443769 
 328      0FB8937C 
 329 0462 C23157AA 		.ascii	"\3021W\252\304<2pAkl4\326\317\316\236\372\214Z\206n"
 329      C43C3270 
 329      416B6C34 
 329      D6CFCE9E 
 329      FA8C5A86 
 330 0477 5874A05B 		.ascii	"Xt\240[`!a\231\232>\252\346qS\3119\015\256v$\371FDU"
 330      60216199 
 330      9A3EAAE6 
 330      7153C939 
 330      0DAE7624 
 331 048f 871B956C 		.ascii	"\207\033\225l\232\205!gr\251X\263U\354m\"\326l\021\333"
 331      9A852167 
 331      72A958B3 
 331      55EC6D22 
 331      D66C11DB 
 332 04a3 4FC5D6BC 		.ascii	"O\305\326\274\354\277\"w\030\260\001\032\260?\360\361"
 332      ECBF2277 
 332      18B0011A 
 332      B03FF0F1 
 333 04b3 4AA91A4D 		.ascii	"J\251\032Mp\301\227\230\011\205GR\037(@\241\251\334"
 333      70C19798 
 333      09854752 
ARM GAS  /tmp/ccsxQzym.s 			page 26


 333      1F2840A1 
 333      A9DC
 334 04c5 9C715657 		.ascii	"\234qVW\277\3158=;\213i\0174(\012\326\240E\335\035\252"
 334      BFCD383D 
 334      3B8B690F 
 334      34280AD6 
 334      A045DD1D 
 335 04da 4E6ACC72 		.ascii	"Nj\314r\332\323K\220\365\336]DoV\230o\354T9\264k\210"
 335      DAD34B90 
 335      F5DE5D44 
 335      6F56986F 
 335      EC5439B4 
 336 04f0 DA75CF32 		.ascii	"\332u\3172\220w{{\203p\267\243\320\\n\352;\251d\226"
 336      90777B7B 
 336      8370B7A3 
 336      D05C6EEA 
 336      3BA96496 
 337 0504 E6DF1107 		.ascii	"\346\337\021\007\035\244\240aktFHt\206-\346\216Rs_\214"
 337      1DA4A061 
 337      6B744648 
 337      74862DE6 
 337      8E52735F 
 338 0519 15B62AD8 		.ascii	"\025\266*\330\376\257\"\242\016w\015]\323\320\205e\013"
 338      FEAF22A2 
 338      0E770D5D 
 338      D3D08565 
 338      0B
 339 052a 61A37A2A 		.ascii	"a\243z*ux\214\351\2558=\361=<\315\256k&O\344\271\322"
 339      75788CE9 
 339      AD383DF1 
 339      3D3CCDAE 
 339      6B264FE4 
 340 0540 6E66B613 		.ascii	"nf\266\023\324\016=ee\303\373\204\015\177\365r\320\025"
 340      D40E3D65 
 340      65C3FB84 
 340      0D7FF572 
 340      D015
 341 0552 47C9695B 		.ascii	"G\311i[UnE\201\013\336\303\230\207\333\367uq8\2131\373"
 341      556E4581 
 341      0BDEC398 
 341      87DBF775 
 341      71388B31 
 342 0567 9B7ADDF0 		.ascii	"\233z\335\360av\235[\377<\226\025\"&\032\236\302\312"
 342      61769D5B 
 342      FF3C9615 
 342      22261A9E 
 342      C2CA
 343 0579 98976A2A 		.ascii	"\230\227j*\361s\302\026\034)y\310\3413\014;p\240\371"
 343      F173C216 
 343      1C2979C8 
 343      E1330C3B 
 343      70A0F9
 344 058c AE1B6E66 		.ascii	"\256\033nf\314\301\262\311q-\356b\314\325\370\321+Z"
 344      CCC1B2C9 
 344      712DEE62 
 344      CCD5F8D1 
 344      2B5A
ARM GAS  /tmp/ccsxQzym.s 			page 27


 345 059e DC4B192E 		.ascii	"\334K\031.g8\274Ha\335\236\267\367\373E\030?C\257`\241"
 345      6738BC48 
 345      61DD9EB7 
 345      F7FB4518 
 345      3F43AF60 
 346 05b3 78F9C6BB 		.ascii	"x\371\306\273\340\264\364.\330\276\177\342\212\034\017"
 346      E0B4F42E 
 346      D8BE7FE2 
 346      8A1C0F
 347 05c2 309DF977 		.ascii	"0\235\371w^\2169\341!\3064\264v\014\"\346\006G\370\254"
 347      5E8E39E1 
 347      21C634B4 
 347      760C22E6 
 347      0647F8AC 
 348 05d6 818BCDCE 		.ascii	"\201\213\315\316\324\215\037\0236!\257\276\301\031?"
 348      D48D1F13 
 348      3621AFBE 
 348      C1193F
 349 05e5 65D8CB8F 		.ascii	"e\330\313\217\253\214*\274UA\215\215\353\350\233\221"
 349      AB8C2ABC 
 349      55418D8D 
 349      EBE89B91 
 350 05f5 230F2D35 		.ascii	"#\017-5v\377\361c\256\007\214F5\212\344\264(\202\263"
 350      76FFF163 
 350      AE078C46 
 350      358AE4B4 
 350      2882B3
 351 0608 5ABB5ACB 		.ascii	"Z\273Z\313\214\025/\036\242\264A\3338\017\300\360h\320"
 351      8C152F1E 
 351      A2B441DB 
 351      380FC0F0 
 351      68D0
 352 061a F0CCD810 		.ascii	"\360\314\330\020\343\206OP\015(\346\311\266\323Z\\\305"
 352      E3864F50 
 352      0D28E6C9 
 352      B6D35A5C 
 352      C5
 353 062b 9847279B 		.ascii	"\230G'\2332\334p-c\206\306\207\256\272\342S\214\331"
 353      32DC702D 
 353      6386C687 
 353      AEBAE253 
 353      8CD9
 354 063d 3352DFEF 		.ascii	"3R\337\357\212\3170\346\340\251\201\010->\317\230\336"
 354      8ACF30E6 
 354      E0A98108 
 354      2D3ECF98 
 354      DE
 355 064e 84A87C27 		.ascii	"\204\250|'\334\310\230\342\254\324\023N\270\2051\017"
 355      DCC898E2 
 355      ACD4134E 
 355      B885310F 
 356 065e 9B8AFB39 		.ascii	"\233\212\3739\334\316\030K\301\251\245\005\247\363D"
 356      DCCE184B 
 356      C1A9A505 
 356      A7F344
 357 066d 414D9616 		.ascii	"AM\226\026\271\263\277\005\356\036\356t\203*\252\230"
 357      B9B3BF05 
ARM GAS  /tmp/ccsxQzym.s 			page 28


 357      EE1EEE74 
 357      832AAA98 
 358 067d F8B8E088 		.ascii	"\370\270\340\210\261~\033\246>n\007\037\367q\322;\024"
 358      B17E1BA6 
 358      3E6E071F 
 358      F771D23B 
 358      14
 359 068e 5DE5878B 		.ascii	"]\345\207\213\310*O\240\261\366\320Vd\207\035\261bw"
 359      C82A4FA0 
 359      B1F6D056 
 359      64871DB1 
 359      6277
 360 06a0 DA630BED 		.ascii	"\332c\013\355\266\231>+t\207=\264\306^\354-+6Z\032+"
 360      B6993E2B 
 360      74873DB4 
 360      C65EEC2D 
 360      2B365A1A 
 361 06b5 88BD6F85 		.ascii	"\210\275o\205\356\262\207\306s\266\320\033Vh\224d\014"
 361      EEB287C6 
 361      73B6D01B 
 361      56689464 
 361      0C
 362 06c6 7E6AB349 		.ascii	"~j\263I\033d\310\310-B[A\010\012\347\361dOJ\205\201"
 362      1B64C8C8 
 362      2D425B41 
 362      080AE7F1 
 362      644F4A85 
 363 06db 4FE6DC51 		.ascii	"O\346\334Q\002P\022\320\036\240\375@\273\201\022\201"
 363      025012D0 
 363      1EA0FD40 
 363      BB811281 
 364 06eb 5280F672 		.ascii	"R\200\366r\242m{\324\2526N:F\242]\263*\226\354\232\200"
 364      A26D7BD4 
 364      AA364E3A 
 364      46A25DB3 
 364      2A96EC9A 
 365 0700 B1DB3589 		.ascii	"\261\3335\211 \363P\321EXp\230\250\030\351\241\241."
 365      20F350D1 
 365      45587098 
 365      A818E9A1 
 365      A12E
 366 0712 4062DC8B 		.ascii	"@b\334\213\214\316Q\330l|b\260\014\245q\226\215\357"
 366      8CCE51D8 
 366      6C7C62B0 
 366      0CA57196 
 366      8DEF
 367 0724 607946A4 		.ascii	"`yF\244\006CY\001\014\316o?\372\022\022h\001\253l\366"
 367      06435901 
 367      0CCE6F3F 
 367      FA121268 
 367      01AB6CF6 
 368 0738 1F1F7AA7 		.ascii	"\037\037z\247\214%\016\340Q:\250\314\234/h\0214h\326"
 368      8C250EE0 
 368      513AA8CC 
 368      9C2F6811 
 368      3468D6
 369 074b E659C4F0 		.ascii	"\346Y\304\360$h\007 h\031\234h\343N\215$\216f\316q\024"
ARM GAS  /tmp/ccsxQzym.s 			page 29


 369      24680720 
 369      68199C68 
 369      E34E8D24 
 369      8E66CE71 
 370 0760 2CAA9D4A 		.ascii	",\252\235J\216u\302QJ\266n\345\017<\224\343\030\306"
 370      8E75C251 
 370      4AB66EE5 
 370      0F3C94E3 
 370      18C6
 371 0772 3C198A9B 		.ascii	"<\031\212\233\324\340\004\3064\026e\374\011'\323k\371"
 371      D4E004C6 
 371      341665FC 
 371      0927D36B 
 371      F9
 372 0783 407AF909 		.ascii	"@z\371\0117\344\261h\021]\200\242a\355\311\3434(\233"
 372      37E4B168 
 372      115D80A2 
 372      61EDC9E3 
 372      34289B
 373 0796 C3826059 		.ascii	"\303\202`Y\012\334\237\374%i\200K5\375\245\013\321X"
 373      0ADC9FFC 
 373      2569804B 
 373      35FDA50B 
 373      D158
 374 07a8 A2117F5F 		.ascii	"\242\021\177_\206>Z\204~\002F\347\200\241\244I\206\016"
 374      863E5A84 
 374      7E0246E7 
 374      80A1A449 
 374      860E
 375 07ba C1E0E772 		.ascii	"\301\340\347rt\015\352\3373\276C\241\341\321\321\257"
 375      740DEADF 
 375      33BE43A1 
 375      E1D1D1AF 
 376 07ca 43A7C4A4 		.ascii	"C\247\304\244Dk"
 376      446B
 377 07d0 6D629F0F 		.ascii	"mb\237\017\306\010\261/\260\306~\346f\374\023\005Nc"
 377      C608B12F 
 377      B0C67EE6 
 377      66FC1305 
 377      4E63
 378 07e2 FE9C1C4E 		.ascii	"\376\234\034N\250\321`\023e\270\324'\327\033\347\251"
 378      A8D16013 
 378      65B8D427 
 378      D71BE7A9 
 379 07f2 C84B38E9 		.ascii	"\310K8\351\342\326|\363\254\006\302Z\014\372\2128\311"
 379      E2D67CF3 
 379      AC06C25A 
 379      0CFA8A38 
 379      C9
 380 0803 D23666A6 		.ascii	"\3226f\246\277\305\331\306\270b\033\343J\255\306]H\351"
 380      BFC5D9C6 
 380      B8621BE3 
 380      4AADC65D 
 380      48E9
 381 0815 CCE47011 		.ascii	"\314\344p\0213n\372\325\266}n\370\010c\366utW\310q\015"
 381      336EFAD5 
 381      B67D6EF8 
ARM GAS  /tmp/ccsxQzym.s 			page 30


 381      0863F675 
 381      7457C871 
 382 082a 63627A0B 		.ascii	"cbz\013ZT\370\254\322\346\274\261\220\2357v5\357?\215"
 382      5A54F8AC 
 382      D2E6BCB1 
 382      909D3776 
 382      35EF3F8D 
 383 083e 29CBCE19 		.ascii	")\313\316\031\211\003\023\271\310\342\225m\334O\200"
 383      890313B9 
 383      C8E2956D 
 383      DC4F80
 384 084d 470B798F 		.ascii	"G\013y\217\216B,\217q\2263\306\224\031\221r\3758\230"
 384      8E422C8F 
 384      719633C6 
 384      94199172 
 384      FD3898
 385 0860 7944F069 		.ascii	"yD\360i\241p\0200_\313\375Wi\241\225\216\204f\3446\277"
 385      A1701030 
 385      5FCBFD57 
 385      69A1958E 
 385      8466E436 
 386 0875 4B0F9020 		.ascii	"K\017\220 \364\260 \3648'\222\232\365|\243\264\324j"
 386      F4B020F4 
 386      3827929A 
 386      F57CA3B4 
 386      D46A
 387 0887 47520BF3 		.ascii	"GR\013\363\372\350\311\242\012\244\226\013R+\004\251"
 387      FAE8C9A2 
 387      0AA4960B 
 387      522B04A9 
 388 0897 685BCEB3 		.ascii	"h[\316\263Wr\334\312\242\325\332\225\022\351\202;\331"
 388      5772DCCA 
 388      A2D5DA95 
 388      12E9823B 
 388      D9
 389 08a8 8877BD8A 		.ascii	"\210w\275\212Z \255\257\316\201>\3234l[pz\004m\265\322"
 389      5A20ADAF 
 389      CE813ED3 
 389      346C5B70 
 389      7A046DB5 
 390 08bd DAB2EB33 		.ascii	"\332\262\3533/\312q/\323\226\276}bJ\216o3m\307\342\372"
 390      2FCA712F 
 390      D396BE7D 
 390      624A8E6F 
 390      336DC7E2 
 391 08d2 22B1B4BA 		.ascii	"\"\261\264\2723\216\324\315Pu\247A]\275\264\272S{\353"
 391      338ED4CD 
 391      5075A741 
 391      5DBDB4BA 
 391      537BEB
 392 08e5 9EA9F1B0 		.ascii	"\236\251\361\260\322\346\330\344J\217M\350XC_\253\013"
 392      D2E6D8E4 
 392      4A8F4DE8 
 392      58435FAB 
 392      0B
 393 08f6 7EC8DA6A 		.ascii	"~\310\332j\356\205\367\250\360\004c&G\356\335Gx\232"
 393      EE85F7A8 
ARM GAS  /tmp/ccsxQzym.s 			page 31


 393      F0046326 
 393      47EEDD47 
 393      789A
 394 0908 31A537CF 		.ascii	"1\2457\317n\206NJ\015YP&\351\001\365\277\340vS\347\245"
 394      6E864E4A 
 394      0D595026 
 394      E901F5BF 
 394      E07653E7 
 395 091d 7605BD4F 		.ascii	"v\005\275On\221\352\211{q\256\262L\311<0\316-&\232\301"
 395      6E91EA89 
 395      7B71AEB2 
 395      4CC93C30 
 395      CE2D269A 
 396 0932 0925EF44 		.ascii	"\011%\357D#8\321dM\247\231\3334\235.\202\033\027\004"
 396      2338D164 
 396      4DA799DB 
 396      349D2E82 
 396      1B1704
 397 0945 3794C2C0 		.ascii	"7\224\302\300\367\034\317\252\266>\034\311\210\274F"
 397      F71CCFAA 
 397      B63E1CC9 
 397      88BC46
 398 0954 13A515E0 		.ascii	"\023\245\025\340\015\002\374\"'\2242\022\332[$\264\203"
 398      0D02FC22 
 398      27943212 
 398      DA5B24B4 
 398      83
 399 0965 E4839707 		.ascii	"\344\203\227\007bD\3170X\221t\011$\237\027$\267\316"
 399      6244CF30 
 399      58917409 
 399      249F1724 
 399      B7CE
 400 0977 2FB94D52 		.ascii	"/\271MR2J\270\3263\243\306Q*\032\303+\005\355&7\034"
 400      324AB8D6 
 400      33A3C651 
 400      2A1AC32B 
 400      05ED2637 
 401 098c C798EE9E 		.ascii	"\307\230\356\236s\031*\234\314\230\252\244\374\363Z"
 401      73192A9C 
 401      CC98AAA4 
 401      FCF35A
 402 099b 9CC198B3 		.ascii	"\234\301\230\263GkV\342rv\235\032_\266\217\303'\030"
 402      476B56E2 
 402      72769D1A 
 402      5FB68FC3 
 402      2718
 403 09ad 537EAA68 		.ascii	"S~\252h\007{\324\360'\302>\217\034\333\301\312T-\035"
 403      077BD4F0 
 403      27C23E8F 
 403      1CDBC1CA 
 403      542D1D
 404 09c0 D7A6915B 		.ascii	"\327\246\221[*\\\307\240\025\017r\223\025\270\2312\334"
 404      2A5CC7A0 
 404      150F7293 
 404      15B89932 
 404      DC
 405 09d1 918CF3A9 		.ascii	"\221\214\363\251N\226\247 q\030\241^p\255\347\215]\273"
ARM GAS  /tmp/ccsxQzym.s 			page 32


 405      4E96A720 
 405      7118A15E 
 405      70ADE78D 
 405      5DBB
 406 09e3 2EED5A41 		.ascii	".\355ZANR\234\012w0}\223m\203\205*\334\305\230\275\265"
 406      4E529C0A 
 406      77307D93 
 406      6D83852A 
 406      DCC598BD 
 407 09f8 E989CC4E 		.ascii	"\351\211\314N#\345\307n%L\271\340\033\254qtk\341-\214"
 407      23E5C76E 
 407      254CB9E0 
 407      1BAC7174 
 407      6BE12D8C 
 408 0a0c EF3026B9 		.ascii	"\3570&\271(cJ\211G\031s7\273\364\240+~\302\230\322\221"
 408      28634A89 
 408      47197337 
 408      BBF4A02B 
 408      7EC298D2 
 409 0a21 F124059E 		.ascii	"\361$\005\236d\314\341\341\353K\360,s&u\342\316E\344"
 409      64CCE1E1 
 409      EB4BF02C 
 409      732675E2 
 409      CE45E4
 410 0a34 F049D65D 		.ascii	"\360I\326]N\372I\226)\026\334\276\003n\017rs\313^\320"
 410      4EFA4996 
 410      2916DCBE 
 410      036E0F72 
 410      73CB5ED0 
 411 0a48 9071E3D0 		.ascii	"\220q\343\320\001-\216U3{+\307o\273\342D\306\314d\357"
 411      012D8E55 
 411      337B2BC7 
 411      6FBBE244 
 411      C6CC64EF 
 412 0a5c AC413889 		.ascii	"\254A8\2111\267\313\356\015s8\2331-\245=\345n\370(c"
 412      31B7CBEE 
 412      0D73389B 
 412      312DA53D 
 412      E56EF828 
 413 0a71 F2FBDB12 		.ascii	"\362\373\333\022]\350`|H\317\002\203\327{\235p\015k"
 413      5DE8607C 
 413      48CF0283 
 413      D77B9D70 
 413      0D6B
 414 0a83 BBF42073 		.ascii	"\273\364 sV\215\3171\246\357y\337\031\025\005.\245\341"
 414      568DCF31 
 414      A6EF79DF 
 414      1915052E 
 414      A5E1
 415 0a95 B85AFD58 		.ascii	"\270Z\375X\215[Y\333\326\372\222N\326\366)\035\340G"
 415      8D5B59DB 
 415      D6FA924E 
 415      D6F6291D 
 415      E047
 416 0aa7 F12715B8 		.ascii	"\361'\025\270\213\265\345=\0345i\361-\265\315C'-{\350"
 416      8BB5E53D 
 416      1C3569F1 
ARM GAS  /tmp/ccsxQzym.s 			page 33


 416      2DB5CD43 
 416      272D7BE8 
 417 0abb 343AB52B 		.ascii	"4:\265+A\215\007i\333?\364\306Tw9\363\265\246\207\273"
 417      418D0769 
 417      DB3FF4C6 
 417      547739F3 
 417      B5A687BB 
 418 0acf 96169C70 		.ascii	"\226\026\234p\341\356\261`\001+?\341G\253%\367xr\327"
 418      E1EEB160 
 418      012B3FE1 
 418      47AB25F7 
 418      7872D7
 419 0ae2 BE436E6B 		.ascii	"\276Cnk\265\036\364\317\235\024\247\306\261\236N\323"
 419      B51EF4CF 
 419      9D14A7C6 
 419      B19E4ED3 
 420 0af2 0FAB588D 		.ascii	"\017\253X\215AfB\007\304-\033\277\343\360\011Dm.\251"
 420      41664207 
 420      C42D1BBF 
 420      E3F00944 
 420      6D2EA9
 421 0b05 A5C8C162 		.ascii	"\245\310\301b\206T\027\330qa8\226\3365\266\226=\227"
 421      865417D8 
 421      71613896 
 421      DE35B696 
 421      3D97
 422 0b17 49C25A64 		.ascii	"I\302Zd\006\301\273\347\201\227\367tN\376\020\316\351"
 422      06C1BBE7 
 422      8197F774 
 422      4EFE10CE 
 422      E9
 423 0b28 67109A81 		.ascii	"g\020\232\201Z\347\312\274v@\235\226\327FK1bs\373\374"
 423      5AE7CABC 
 423      76409D96 
 423      D7464B31 
 423      6273FBFC 
 424 0b3c 5853F54F 		.ascii	"XS\365O\000\230\014\272\037p\314d\3536~\237\263-\377"
 424      00980CBA 
 424      1F70CC64 
 424      EB367E9F 
 424      B32DFF
 425 0b4f C66E7599 		.ascii	"\306nu\231\\\232\310a\204\300'\204\243S\014^ \324\201"
 425      5C9AC861 
 425      84C02784 
 425      A3530C5E 
 425      20D481
 426 0b62 10B3DA85 		.ascii	"\020\263\332\205\325,fPK\240B\316.\022\242\312[\274"
 426      D52C6650 
 426      4BA042CE 
 426      2E12A2CA 
 426      5BBC
 427 0b74 D1EF8530 		.ascii	"\321\357\2050\010\033\375\014\333\350iT/\025\220\250"
 427      081BFD0C 
 427      DBE86954 
 427      2F1590A8 
 428 0b84 E643FB98 		.ascii	"\346C\373\230\275\254q\273\032:\316\012\035x\315P\015"
 428      BDAC71BB 
ARM GAS  /tmp/ccsxQzym.s 			page 34


 428      1A3ACE0A 
 428      1D78CD50 
 428      0D
 429 0b95 D1A1827A 		.ascii	"\321\241\202z\002\225I\033h\367P\014J\307g\000xN\000"
 429      0295491B 
 429      68F7500C 
 429      4AC76700 
 429      784E00
 430 0ba8 91D883F6 		.ascii	"\221\330\203\366 \245c\021\\\307bw\364\034\352\352\010"
 430      20A56311 
 430      5CC76277 
 430      F41CEAEA 
 430      08
 431 0bb9 F8DD0EB4 		.ascii	"\370\335\016\264\017\350\025\360[\341w\033\320.\240"
 431      0FE815F0 
 431      5BE1771B 
 431      D02EA0
 432 0bc8 14A03D40 		.ascii	"\024\240=@\271@/\241\3550\374\316\222\232\034~\243\260"
 432      B9402FA1 
 432      ED30FCCE 
 432      929A1C7E 
 432      A3B0
 433 0bda B51E379A 		.ascii	"\265\0367\232O\346\262\261#\265\251\311\336\2649G\221"
 433      4FE6B2B1 
 433      23B5A9C9 
 433      DEB43947 
 433      91
 434 0beb 07771429 		.ascii	"\007w\024)K\351\226^\303c\371}Rt\272\340\307nz-Y\320"
 434      4BE9965E 
 434      C363F97D 
 434      5274BAE0 
 434      C76E7A2D 
 435 0c01 C3013229 		.ascii	"\303\0012)\014]\246x\350 \313\362\377\206e\031\234\035"
 435      0C5DA678 
 435      E820CBF2 
 435      FF866519 
 435      9C1D
 436 0c13 9FD82B9F 		.ascii	"\237\330+\237\260\013\366)\032B\222\276Y\366PQ\271O"
 436      B00BF629 
 436      1A4292BE 
 436      59F65051 
 436      B94F
 437 0c25 B5A77795 		.ascii	"\265\247w\225\377\216h\337\017\240\333\302\342\263\333"
 437      FF8E68DF 
 437      0FA0DBC2 
 437      E2B3DB
 438 0c34 A25DB242 		.ascii	"\242]\262BO\205\320\346\361a.\203k\023\037&\0066Q\260"
 438      4F85D0E6 
 438      F1612E83 
 438      6B131F26 
 438      063651B0 
 439 0c48 35599F82 		.ascii	"5Y\237\202O1<\270\020\300\007 \256\345\242\270\202o"
 439      4F313CB8 
 439      10C00720 
 439      AEE5A2B8 
 439      826F
 440 0c5a F7DFDD4A 		.ascii	"\367\337\335J}#\331;\205\354\222\335vV\224\227\\;\206"
ARM GAS  /tmp/ccsxQzym.s 			page 35


 440      7D23D93B 
 440      85EC92DD 
 440      76569497 
 440      5C3B86
 441 0c6d 6DD109F3 		.ascii	"m\321\011\363\240\323\273\206\354\320\273\035\242I\224"
 441      A0D3BB86 
 441      ECD0BB1D 
 441      A24994
 442 0c7c 07DFDB67 		.ascii	"\007\337\333g4\327#Z\034\235\222\032\267\217\254\323"
 442      34D7235A 
 442      1C9D921A 
 442      B78FACD3 
 443 0c8c 73344FC9 		.ascii	"s4O\311O\344.\307\031-\316\322\253\2609]#\247\302n\216"
 443      4FE42EC7 
 443      192DCED2 
 443      ABB0395D 
 443      23A7C26E 
 444 0ca1 194D2252 		.ascii	"\031M\"R\002\021\331\011\021I\263\011!\353p\013:\220"
 444      0211D909 
 444      1149B309 
 444      21EB700B 
 444      3A90
 445 0cb3 F1427DFC 		.ascii	"\361B}\374\"D:\224B\2078\3500\011)\232\216E\307\305"
 445      22443A94 
 445      428738E8 
 445      3009299A 
 445      8E45C7C5 
 446 0cc7 DE02CB12 		.ascii	"\336\002\313\022\367Xz2Z\223\323h:@\261\304\346!{l\274"
 446      F7587A32 
 446      5A93D368 
 446      3A40B1C4 
 446      E6217B6C 
 447 0cdc 082B5E05 		.ascii	"\010+^\005\302\261\370\034Hr\213\245\212#\014\312\000"
 447      C2B1F81C 
 447      48728BA5 
 447      8A230CCA 
 447      00
 448 0ced 430598D8 		.ascii	"C\005\230\330/k\370\247a;\234'5\302\315\215\347\331"
 448      2F6BF8A7 
 448      613B9C27 
 448      35C2CD8D 
 448      E7D9
 449 0cff 9423720E 		.ascii	"\224#r\016J\247\2620\345\3143\271m\316F\230t\244\324"
 449      4AA7B230 
 449      E5CC33B9 
 449      6DCE4698 
 449      74A4D4
 450 0d12 3C2B3578 		.ascii	"<+5x\3478\321\254\033\3246\222\025s\007\200\206\205"
 450      E738D1AC 
 450      1BD43692 
 450      15730780 
 450      8685
 451 0d24 C4CFB34D 		.ascii	"\304\317\263M|\273\201\210\006#_3\020\306\261\222k\265"
 451      7CBB8188 
 451      06235F33 
 451      10C6B192 
 451      6BB5
ARM GAS  /tmp/ccsxQzym.s 			page 36


 452 0d36 BF631B08 		.ascii	"\277c\033\010)dn\360\203=\317~3\311\3577\007\301\313"
 452      29646EF0 
 452      833DCF7E 
 452      33C9EF37 
 452      07C1CB
 453 0d49 7EE9FDC6 		.ascii	"~\351\375\306f\255/\327\026\023\313\311\272\334)X\016"
 453      66AD2FD7 
 453      1613CBC9 
 453      BADC2958 
 453      0E
 454 0d5a 319A6BB9 		.ascii	"1\232k\271ue|\301O\253\377\203\225\221l,\246w\371\215"
 454      75657CC1 
 454      4FABFF83 
 454      95916C2C 
 454      A677F98D 
 455 0d6e 2589F721 		.ascii	"%\211\367!\006;~\035\220j]\236\0102o\036\3444\235c\005"
 455      063B7E1D 
 455      906A5D9E 
 455      08326F1E 
 455      E4349D63 
 456 0d83 80BCE978 		.ascii	"\200\274\351x\216\2113p\277M\226\036d!I\224X\303dT\032"
 456      8E893370 
 456      BF4D961E 
 456      64214994 
 456      58C36454 
 457 0d98 89463144 		.ascii	"\211F1Dc\012\274z\006t\010<{\001\277\361\360\233\005"
 457      630ABC7A 
 457      0674083C 
 457      7B01BFF1 
 457      F09B05
 458 0dab 6404CA11 		.ascii	"d\004\312\021'dF\001KHR\253\335{\315\376]L'\031\311"
 458      27644601 
 458      4B4852AB 
 458      DD7BCDFE 
 458      5D4C2719 
 459 0dc0 AF51FBD4 		.ascii	"\257Q\373\324\275o\273`\233/]`baq\277\374\272\305\304"
 459      BD6FBB60 
 459      9B2F5D60 
 459      626171BF 
 459      FCBAC5C4 
 460 0dd4 6E2D1EE1 		.ascii	"n-\036\341Ch\277\026\213\243\262\333&*\371,*b@\202\015"
 460      4368BF16 
 460      8BA3B2DB 
 460      262AF92C 
 460      2A624082 
 461 0de9 A08001E8 		.ascii	"\240\200\001\350\203\201\003\364y\013\251#l\237\267"
 461      838103F4 
 461      790BA923 
 461      6C9FB7
 462 0df8 D0AAB55A 		.ascii	"\320\252\265Z\201\350>5\267\311\\\270QM\334\220h\202"
 462      81E83E35 
 462      B7C95CB8 
 462      514DDC90 
 462      6882
 463 0e0a F951EE15 		.ascii	"\371Q\356\025\016[N\202dO\230\017\203^[\241y\267d3\254"
 463      0E5B4E82 
 463      644F980F 
ARM GAS  /tmp/ccsxQzym.s 			page 37


 463      835E5BA1 
 463      79B76433 
 464 0e1f D1E677C8 		.ascii	"\321\346w\310\311*oN3\215d\201h\305x*\231\207\242\005"
 464      C92A6F4E 
 464      338D6481 
 464      68C5782A 
 464      9987A205 
 465 0e33 A351349A 		.ascii	"\243Q4\232\017\355\307\350\221h!\204\"\366P\335\256"
 465      0FEDC7E8 
 465      91682184 
 465      22F650DD 
 465      AE
 466 0e44 3E849F3B 		.ascii	">\204\237;\221\"V\275+#*A\211,\265+\2255\334,(&\273"
 466      912256BD 
 466      2B232A41 
 466      892CB52B 
 466      9535DC2C 
 467 0e5b EE0907BB 		.ascii	"\356\011\007\273.\005\337(b`KAzb\236\005\302<\322l\273"
 467      2E05DF28 
 467      62604B41 
 467      7A629E05 
 467      C23CD26C 
 468 0e70 084A489E 		.ascii	"\010JH\236[\022\215\001`\234\000\236\360\342I~TA~TC"
 468      5B128D01 
 468      609C009E 
 468      F0E2497E 
 468      54417E54 
 469 0e85 4A1F03AA 		.ascii	"J\037\003\252\000:\012t\034\250R\\\346\334*\262-s$l"
 469      003A0A74 
 469      1CA8525C 
 469      E6DC2AB2 
 469      2D73246C 
 470 0e99 1385F081 		.ascii	"\023\205\360\201\310\270#\330\016-*(iR\\\247O)OH\215"
 470      C8B823D8 
 470      0E2D2A28 
 470      69525CA7 
 470      4F294F48 
 471 0eae 9CD1DC5B 		.ascii	"\234\321\334[\364\225\221/x\247x\233%\366i\362\204\245"
 471      F495912F 
 471      78A7789B 
 471      25F669F2 
 471      84A5
 472 0ec0 7CE2B912 		.ascii	"|\342\271\022y,\340W\303Z\227:\262\032\326\002\376\261"
 472      792CE057 
 472      C35A973A 
 472      B21AD602 
 472      FEB1
 473 0ed2 503E9D90 		.ascii	"P>\235\220Z\307\255A\251\201@\274iP\310{\255\234k\025"
 473      5AC7AD41 
 473      A98140BC 
 473      6950C87B 
 473      AD9C6B15 
 474 0ee6 723C4BC7 		.ascii	"r<K\307\036\025L\234\273\217q\244\206\235\003\217\326"
 474      1E154C9C 
 474      BB8F71A4 
 474      869D038F 
 474      D6
ARM GAS  /tmp/ccsxQzym.s 			page 38


 475 0ef7 3739E334 		.ascii	"79\3434\306\234\353\350-R\262\027\013\354\240\331\\"
 475      C69CEBE8 
 475      2D52B217 
 475      0BECA0D9 
 475      5C
 476 0f08 79939D80 		.ascii	"y\223\235\200\337\241\357\035\262\007\222\234\360\021"
 476      DFA1EF1D 
 476      B207929C 
 476      F011
 477 0f16 86BD571A 		.ascii	"\206\275W\032\276\213\303g\030\323\226i:\346\206;)\303"
 477      BE8BC367 
 477      18D39669 
 477      3AE6863B 
 477      29C3
 478 0f28 3D284D3C 		.ascii	"=(M<n9\355\233G\327\251Q\003\326\240s\370M_\207\234"
 478      6E39ED9B 
 478      47D7A951 
 478      03D6A073 
 478      F84D5F87 
 479 0f3d C792AF43 		.ascii	"\307\222\257CZJG\032\264\370&\323w\346Re2{\331\265\332"
 479      5A4A471A 
 479      B4F826D3 
 479      77E65265 
 479      327BD9B5 
 480 0f52 F2FEEBF9 		.ascii	"\362\376\353\371\251\363\343\216\337Y6a\362\252\253"
 480      A9F3E38E 
 480      DF593661 
 480      F2AAAB
 481 0f61 11F3AFBA 		.ascii	"\021\363\257\272jn=iv\302\003LX\361\236\212z\333'\203"
 481      6A6E3D69 
 481      76C2034C 
 481      58F19E8A 
 481      7ADB2783 
 482 0f75 8016F56D 		.ascii	"\200\026\365m\306\302\333\016\256\2703\177\2573\322"
 482      C6C2DB0E 
 482      AEB8337F 
 482      AF33D2
 483 0f84 7A3882A3 		.ascii	"z8\202\243V0_\350AcP\033A\236M\266\300\315\213B\024"
 483      56305FE8 
 483      4163501B 
 483      419E4DB6 
 483      C0CD8B42 
 484 0f99 9A2DBB1D 		.ascii	"\232-\273\035y\342x"
 484      79E278
 485 0fa0 7E7FB10A 		.ascii	"~\177\261\012\337g\346\244\327\356y\245\306\343\224"
 485      DF67E6A4 
 485      D7EE79A5 
 485      C6E394
 486 0faf D13CEA1D 		.ascii	"\321<\352\0353q\310\203\035*\341\350H\3455e\277\015"
 486      3371C883 
 486      1D2AE1E8 
 486      48E53565 
 486      BF0D
 487 0fc1 F22EC3F0 		.ascii	"\362.\303\360\237\021\344u\332\235\224\006?\342O\227"
 487      9F11E475 
 487      DA9D9406 
 487      3FE24F97 
ARM GAS  /tmp/ccsxQzym.s 			page 39


 488 0fd1 446F1BE0 		.ascii	"Do\033\340:\035M\003\233\312\006/B\2471\000\332\301"
 488      3A1D4D03 
 488      9BCA062F 
 488      42A73100 
 488      DAC1
 489 0fe3 8D4E3EC1 		.ascii	"\215N>\301\256\301u\027$T7\320\025\240\016\240\036\211"
 489      AEC17517 
 489      245437D0 
 489      15A00EA0 
 489      1E89
 490 0ff5 72CFDAF9 		.ascii	"r\317\332\371,\257\356u\235\351\026"
 490      2CAFEE75 
 490      9DE916
 491 1000 9942DF12 		.ascii	"\231B\337\022\220\034\271 m\245\260\220\354\342\347"
 491      901CB920 
 491      6DA5B090 
 491      ECE2E7
 492 100f EA557EE7 		.ascii	"\352U~\347\355\224\336y\305cs\331fc\270*\332\030\342"
 492      ED94DE79 
 492      C56373D9 
 492      6663B82A 
 492      DA18E2
 493 1022 E85CEE94 		.ascii	"\350\\\356\224^\205\343E\232\236Jj\022\235\224\322\250"
 493      5E85E345 
 493      9A9E4A6A 
 493      129D94D2 
 493      A8
 494 1033 07908997 		.ascii	"\007\220\211\227\354\035\260}7\221\330\322;\203\361"
 494      EC1DB07D 
 494      3791D8D2 
 494      3B83F1
 495 1042 533AB2CA 		.ascii	"S:\262\312\221\262\331\203r$\254\277\246J*\305\242\360"
 495      91B2D983 
 495      7224ACBF 
 495      A64A2AC5 
 495      A2F0
 496 1054 86038592 		.ascii	"\206\003\205\222U\335)\314:\220x\367A\274oA\214{\201"
 496      55DD29CC 
 496      3A9078F7 
 496      41BC6F41 
 496      8C7B81
 497 1067 6E0299C5 		.ascii	"n\002\231\305\273\1775\2774Z\242}c\276h\227\332E{\256"
 497      BB7F35BF 
 497      345AA27D 
 497      63BE6897 
 497      DA457BAE 
 498 107b 49C2C258 		.ascii	"I\302\302XB\203yC:\230\027EZ\257Kk\265\354R\334\365"
 498      42837943 
 498      3A981745 
 498      5AAF4B6B 
 498      B5EC52DC 
 499 1090 FAE459D1 		.ascii	"\372\344Y\321\332X\351\332M\326\306~\350Q'\344\372\215"
 499      DA58E9DA 
 499      4DD6C67E 
 499      E85127E4 
 499      FA8D
 500 10a2 796BDCDB 		.ascii	"yk\334\333\020\201\327E\203<\222\352\033~\"\3073l\322"
ARM GAS  /tmp/ccsxQzym.s 			page 40


 500      1081D745 
 500      833C92EA 
 500      1B7E22C7 
 500      336CD2
 501 10b5 65CF1C28 		.ascii	"e\317\034(S\343Hg\312\324\337\211\274\342\202\223\030"
 501      53E34867 
 501      CAD4DF89 
 501      BCE28293 
 501      18
 502 10c6 73A6BF25 		.ascii	"s\246\277%\326\211\254\016\021\257{\251\221\\Y\374\324"
 502      D689AC0E 
 502      11AF7BA9 
 502      915C59FC 
 502      D4
 503 10d7 09E7D06E 		.ascii	"\011\347\320n\270\243=\247[\315^(m\213\200\351X\276"
 503      B8A33DA7 
 503      5BCD5E28 
 503      6D8B80E9 
 503      58BE
 504 10e9 A2854DC7 		.ascii	"\242\205M\307\273\020\315{\340\312\260t4%K\244;<\236"
 504      BB10CD7B 
 504      E0CAB074 
 504      34254BA4 
 504      3B3C9E
 505 10fc 7834021E 		.ascii	"x4\002\036\015a\321\013\245i\032\372\3419\241\207`v"
 505      0D61D10B 
 505      A5691AFA 
 505      E139A187 
 505      6076
 506 110e 0F561673 		.ascii	"\017V\026s\326\357M\354\204\336\007A\216\204B\344\357"
 506      D6EF4DEC 
 506      84DE0741 
 506      8E8442E4 
 506      EF
 507 111f BBD2D3C5 		.ascii	"\273\322\323\305( \006\205\310\017c\341\033\223\331"
 507      28200685 
 507      C80F63E1 
 507      1B93D9
 508 112e 6D2DED08 		.ascii	"m-\355\010\227\2620\355m/\276\252\302G\030\323~\255"
 508      97B230ED 
 508      6D2FBEAA 
 508      C24718D3 
 508      7EAD
 509 1140 7D2FC227 		.ascii	"}/\302'\031S|\357(\014z\033\013KYY\317\177\242\005\356"
 509      19537CEF 
 509      280C7A1B 
 509      0B4B5959 
 509      CF7FA205 
 510 1155 9216C131 		.ascii	"\222\026\3011\2177\347\011\230\363X\\\237g\306\366\275"
 510      8F37E709 
 510      98F3585C 
 510      9F67C6F6 
 510      BD
 511 1166 CF9E1E90 		.ascii	"\317\236\036\220\257u\306\300\236\361y\222qr\271\232"
 511      AF75C6C0 
 511      9EF17992 
 511      7172B99A 
ARM GAS  /tmp/ccsxQzym.s 			page 41


 512 1176 B4CF8DC7 		.ascii	"\264\317\215\307\351v\343K\005\237\\\346WJ\204\236\202"
 512      E976E34B 
 512      059F5CE6 
 512      574A849E 
 512      82
 513 1187 94478277 		.ascii	"\224G\202w\343\363>4\230\000\253\244,$o\272\333bw \334"
 513      E3F33E34 
 513      9800ABA4 
 513      2C246FBA 
 513      DB627720 
 514 119c C51C3EB0 		.ascii	"\305\034>\260\353\310\013\366\365c\010\260\252\361\224"
 514      EBC80BF6 
 514      F56308B0 
 514      AAF194
 515 11ab 535118D1 		.ascii	"SQ\030\321J\213~8E\036\375\215\375\254*\234f\0039p>"
 515      4A8B7E38 
 515      451EFD8D 
 515      FDAC2A9C 
 515      66033970 
 516 11c0 0403A6E0 		.ascii	"\004\003\246\340\327z\324ydS\\\033M-K`\362\220)0\300"
 516      D77AD479 
 516      64535C1B 
 516      4D2D4B60 
 516      F2902930 
 517 11d5 23ADA9EE 		.ascii	"#\255\251\356\350y\322}\020\365\200\212B\254\007\261"
 517      E879D27D 
 517      10F5808A 
 517      42AC07B1 
 518 11e5 79066C7E 		.ascii	"y\006l~I\316\007\344\244D\316}@\323\242\302\311\324"
 518      49CE07E4 
 518      A444CE7D 
 518      40D3A2C2 
 518      C9D4
 519 11f7 48F49032 		.ascii	"H\364\2202\344$\257\307Zn\330\035\014\206K\310RE\202"
 519      E424AFC7 
 519      5A6ED81D 
 519      0C864BC8 
 519      524582
 520 120a F78C475A 		.ascii	"\367\214GZ\203\364\034\333\235\324\273)\226\244\321"
 520      83F41CDB 
 520      9DD4BB29 
 520      96A4D1
 521 1219 037BACFD 		.ascii	"\003{\254\375S@sm\034I\345)\251\241\253\212\352\215"
 521      5340736D 
 521      1C49E529 
 521      A9A1AB8A 
 521      EA8D
 522 122b 74117F3A 		.ascii	"t\021\177:%\366\322(\367x#/-\217\032\335\252Ij\317\222"
 522      25F6D228 
 522      F778232F 
 522      2D8F1ADD 
 522      AA496ACF 
 523 1240 D80B05D7 		.ascii	"\330\013\005\327\224(\265\237\244\3356a\334\315\306"
 523      9428B59F 
 523      A4DD3661 
 523      DCCDC6
 524 124f 33B7B6BD 		.ascii	"3\267\266\275\326\365GYF3\031\271\374\177,\0167\236"
ARM GAS  /tmp/ccsxQzym.s 			page 42


 524      D6F54759 
 524      463319B9 
 524      FC7F2C0E 
 524      379E
 525 1261 D96634CE 		.ascii	"\331f4\316\374r\026S\021[\345T\204\325\032\031\271C"
 525      FC721653 
 525      115BE554 
 525      84D51A19 
 525      B943
 526 1273 E4A070F9 		.ascii	"\344\240p\371\217\240\373\375\362\336I\366>\310\254"
 526      8FA0FBFD 
 526      F2DE49F6 
 526      3EC8AC
 527 1282 A02F1193 		.ascii	"\240/\021\223F\006\330\247\013\177do\0312\373\344\270"
 527      4606D8A7 
 527      0B7F646F 
 527      1932FBE4 
 527      B8
 528 1293 97A97A70 		.ascii	"\227\251zp&g\013y\335\0321\267,\222\372\206\024z\014"
 528      26670B79 
 528      DD1A31B7 
 528      2C92FA86 
 528      147A0C
 529 12a6 8ED74E3A 		.ascii	"\216\327N:\341A\326}_\376\261a%\036fL\344\303\360\255"
 529      E141D67D 
 529      5FFEB161 
 529      251E664C 
 529      E4C3F0AD 
 530 12ba 5A3CC698 		.ascii	"Z<\306\230\364\336k\311P\3743\2469'w\217\006\3170\346"
 530      F4DE6BC9 
 530      50FC33A6 
 530      3927778F 
 530      06CF30E6 
 531 12ce ECC56C2F 		.ascii	"\354\305l/\274]K\257\317\307\357HR\340]\214\211\211"
 531      BC5D4BAF 
 531      CFC7EF48 
 531      52E05D8C 
 531      8989
 532 12e0 682AD458 		.ascii	"h*\324X\214\211~#czs\242vhp2\353\377b0\276H\216\323"
 532      8C897E23 
 532      637A73A2 
 532      76687032 
 532      EBFF6230 
 533 12f8 1873B3AA 		.ascii	"\030s\263\252\260\325\031g1&\372\216i\334\031\347\361"
 533      B0D51967 
 533      3126FA8E 
 533      69DC19E7 
 533      F1
 534 1309 6A620FCF 		.ascii	"jb\017\317\2524\2427#\020\030\321\222\260GN^2\177\270"
 534      AA34A237 
 534      231018D1 
 534      92B0474E 
 534      5E327FB8 
 535 131d 88A420A9 		.ascii	"\210\244 \251\224^$>\324\276\235\300\243\027\033\350"
 535      945E243E 
 535      D4BE9DC0 
 535      A3171BE8 
ARM GAS  /tmp/ccsxQzym.s 			page 43


 536 132d 97B3A2A7 		.ascii	"\227\263\242\247:\362\267-}\010:\247;>\035\343\303L"
 536      3AF2B72D 
 536      7D083AA7 
 536      3B3E1DE3 
 536      C34C
 537 133f 51E1B9BA 		.ascii	"Q\341\271\272>'\\\303\230\202\273\346\303N\3704c\216"
 537      3E275CC3 
 537      9882BBE6 
 537      C34EF834 
 537      638E
 538 1351 8D948D3B 		.ascii	"\215\224\215;\341\013\214i3\246$\270\342\016\306\\\034"
 538      E10B8C69 
 538      33A624B8 
 538      E20EC65C 
 538      1C
 539 1362 1D4E51E0 		.ascii	"\035NQ\340^\306\0146\\\316r\301\267\0313s\250a\304\031"
 539      5EC60C36 
 539      5CCE72C1 
 539      B7193373 
 539      A861C419 
 540 1376 DF634CD5 		.ascii	"\337cL\325\341\204\027\256tH\177K_\264\2244d\273\342"
 540      E18417AE 
 540      74487F4B 
 540      5FB49434 
 540      64BBE2
 541 1389 71D696F7 		.ascii	"q\326\226\3674\356\007\370%\273\276Ww\337\310Q\334\032"
 541      34EE07F8 
 541      25BBBE57 
 541      77DFC851 
 541      DC1A
 542 139b C29ABBAF 		.ascii	"\302\232\273\257\237\324\342\255.\354\345\223)\321\350"
 542      9FD4E2AD 
 542      2EECE593 
 542      29D1E8
 543 13aa 8AB73326 		.ascii	"\212\2673&\2726\351\020{\377\360\015\260?8\230p\251"
 543      BA36E910 
 543      7BFFF00D 
 543      B03F3898 
 543      70A9
 544 13bc D2C9F279 		.ascii	"\322\311\362y\213\355\337\002\272\250\300\026S\360t"
 544      8BEDDF02 
 544      BAA8C016 
 544      53F074
 545 13cb DA90951B 		.ascii	"\332\220\225\033E\366\331(\271\006%BVV\311\035\235\330"
 545      45F6D928 
 545      B9062542 
 545      5656C91D 
 545      9DD8
 546 13dd 93224CE9 		.ascii	"\223\"L\351'7\220\005h\027`\343\355\261\342e\205\010"
 546      27379005 
 546      681760E3 
 546      EDB1E265 
 546      8508
 547 13ef 37953130 		.ascii	"7\22510\021\234n\017\316\220\333.\016\225\014\013C\201"
 547      119C6E0F 
 547      CE90DB2E 
 547      0E950C0B 
ARM GAS  /tmp/ccsxQzym.s 			page 44


 547      4381
 548 1401 32A5B1A2 		.ascii	"2\245\261\242\325!_\000\357\225\266XdE\251`E\232=x\302"
 548      D5215F00 
 548      EF95B658 
 548      6445A960 
 548      459A3D78 
 549 1416 1E5C2280 		.ascii	"\036\\\"\200\367K\203\177j\305\026\011\330\024{\354"
 549      F74B837F 
 549      6AC51609 
 549      D8147BEC 
 550 1426 B81D3645 		.ascii	"\270\0356E\300\306\330ck\354\343\266_\000\357\264\007"
 550      C0C6D863 
 550      6BECE3B6 
 550      5F00EFB4 
 550      07
 551 1437 B7DA8353 		.ascii	"\267\332\203S\005p\2544X\260\242F\300\036\264\307f\313"
 551      0570AC34 
 551      58B0A246 
 551      C01EB4C7 
 551      66CB
 552 1449 6DB17102 		.ascii	"m\261q\002v\273=\366C[h\265\000\315\262\207\232\344"
 552      76BB3DF6 
 552      435B68B5 
 552      00CDB287 
 552      9AE4
 553 145b 76F6160A 		.ascii	"v\366\026\012\340}\366\340G\366\303\021/\200wH\207M"
 553      E07DF6E0 
 553      47F6C311 
 553      2F807748 
 553      874D
 554 146d B02253C0 		.ascii	"\260\"S\300\356\266\307\306\333\013\256\022\300\007"
 554      EEB6C7C6 
 554      DB0BAE12 
 554      C007
 555 147b A44D163D 		.ascii	"\244M\026=\320\022\262-Uz\234E\2023\004\301\011\322"
 555      D012B22D 
 555      557A9C45 
 555      823304C1 
 555      09D2
 556 148d 560816EF 		.ascii	"V\010\026\357\022\260\321\222!\236\273EG\310\027\241"
 556      12B0D192 
 556      219EBB45 
 556      47C817A1 
 557 149d 6DD43E82 		.ascii	"m\324>\202&\033H-\354b\345r8\267\003\035\005*\006*\005"
 557      261B482D 
 557      EC62E572 
 557      38B7031D 
 557      052A062A 
 558 14b2 2A01AA01 		.ascii	"*\001\252\001\312\005\252\000:\006\224\003\224\017T"
 558      CA05AA00 
 558      3A069403 
 558      940F54
 559 14c1 0D7404A8 		.ascii	"\015t\004\250\010\350\004P!P\001\320!\240<\240\343@"
 559      08E80450 
 559      215001D0 
 559      21A03CA0 
 559      E340
ARM GAS  /tmp/ccsxQzym.s 			page 45


 560 14d3 8781CAE4 		.ascii	"\207\201\312\344\226}\036\254-\020\254M\226\0368\301"
 560      967D1EAC 
 560      2D10AC4D 
 560      961E38C1 
 561 14e3 B334011B 		.ascii	"\2634\001\033'\275L\010uW\354\311\015\364+\020\271\304"
 561      27BD4C08 
 561      7557ECC9 
 561      0DF42B10 
 561      B9C4
 562 14f5 FE3DD450 		.ascii	"\376=\324P\333a\251\353\315\265'\265\260\317\327\201"
 562      DB61A9EB 
 562      CDB527B5 
 562      B0CFD781 
 563 1505 AC48B975 		.ascii	"\254H\271u\377%\335\346\024\365\226(\241\223\020\234"
 563      FF25DDE6 
 563      14F59628 
 563      A193109C 
 564 1515 FFCF4091 		.ascii	"\377\317@\221G#\333_<\262\375\206\272N\344=\234\272"
 564      4723DB5F 
 564      3CB2FD86 
 564      BA4EE43D 
 564      9CBA
 565 1527 E4B4F227 		.ascii	"\344\264\362'\277\344\245\366\251\372=\256\342\347\017"
 565      BFE4A5F6 
 565      A9FA3DAE 
 565      E2E70F
 566 1536 15363B53 		.ascii	"\0256;S\275\\\374\015p\301p\316\035W|\216-\366\205i"
 566      BD5CFC0D 
 566      70C170CE 
 566      1D577C8E 
 566      2DF68569 
 567 154a 1DE1E49B 		.ascii	"\035\341\344\233\351\372\362\261\242\212\374?\216\223"
 567      E9FAF2B1 
 567      A28AFC3F 
 567      8E93
 568 1558 459C7C5C 		.ascii	"E\234|\\\213\016\324\277E\372\241\323r\341K\340\323"
 568      8B0ED4BF 
 568      45FAA1D3 
 568      72E14BE0 
 568      D3
 569 1569 72FED3DA 		.ascii	"r\376\323\3323\362\305\344\020Sr\273\307\311\306\306"
 569      33F2C5E4 
 569      105372BB 
 569      C7C9C6C6 
 570 1579 599B03EF 		.ascii	"Y\233\003\357Y\336\306\263\324\306\252\364\212D7\372"
 570      59DEC6B3 
 570      D4C6AAF4 
 570      8A4437FA 
 571 1589 D88418C7 		.ascii	"\330\204\030\307\236\233\364W\367\365\273Z\357\235\223"
 571      9E9BF457 
 571      F7F5BB5A 
 571      EF9D93
 572 1598 D39B3D9D 		.ascii	"\323\233=\235=\356\326o\211\317\263{\3231[\267r\016"
 572      3DEED66F 
 572      89CFB37B 
 572      D3315BB7 
 572      720E
ARM GAS  /tmp/ccsxQzym.s 			page 46


 573 15aa 1FB05CA0 		.ascii	"\037\260\\\240\3765\310y\007\207Z\317\306\"|\21398\325"
 573      FE35C879 
 573      07875ACF 
 573      C6227C8B 
 573      3938D5
 574 15bd 654EE098 		.ascii	"eN\340\230\2033Ei\013\255\037\205\3773\351\205\032E"
 574      83334569 
 574      0BAD1F85 
 574      FF33E985 
 574      1A45
 575 15cf DE355ABC 		.ascii	"\3365Z\274k\242\336\235J\2715d\3731\037\371\024[Pz\221"
 575      6BA2DE9D 
 575      4AB93564 
 575      FB311FF9 
 575      145B507A 
 576 15e4 F78EFCBE 		.ascii	"\367\216\374\276m\360\017\324y\007\352|B\303\364\272"
 576      6DF00FD4 
 576      7907EA7C 
 576      42C3F4BA 
 577 15f4 405D90C1 		.ascii	"@]\220\301\333\240\374\315W\277_\354%S\351\015\276\204"
 577      DBA0FCCD 
 577      57BF5FEC 
 577      2553E90D 
 577      BE84
 578 1606 5587F907 		.ascii	"U\207\371\007\031>Y\356m\320x{[.\327y\006x\372\350\003"
 578      193E59EE 
 578      6DD0787B 
 578      5B2ED779 
 578      0678FAE8 
 579 161b 977B6EF4 		.ascii	"\227{n\364\365]\002\027K\202\202\203tKt>\353\375\227"
 579      F55D0217 
 579      4B828283 
 579      744B743E 
 579      EBFD97
 580 162e ACF0FEC5 		.ascii	"\254\360\376\305\222\345K\227\255\370\353\012O\233\006"
 580      92E54B97 
 580      ADF8EB0A 
 580      4F9B06
 581 163d 4FFF20DF 		.ascii	"O\377 \337\200\260\015:\317@\037_?\377 \235\247\367"
 581      80B00D3A 
 581      CF401F5F 
 581      3FFF209D 
 581      A7F7
 582 164f 06DDB73E 		.ascii	"\006\335\267>a\001\240\341\273\020]\350\307~\262\317"
 582      6101A0E1 
 582      BB105DE8 
 582      C77EB2CF 
 583 165f FF174243 		.ascii	"\377\027BC\015\033\3004\020\362\367\037\177\354\351"
 583      0D1BC034 
 583      10F2F71F 
 583      7FECE9
 584 166e E5E7BFDE 		.ascii	"\345\347\277\336\177\365Z\317\340PO\337\340\300\300"
 584      7FF55ACF 
 584      E0504FDF 
 584      E0C0C0
 585 167d E020CF90 		.ascii	"\340 \317\220`\275!\324\363W_\257\362Z\265\205\334\013"
 585      60BD21D4 
ARM GAS  /tmp/ccsxQzym.s 			page 47


 585      F3575FAF 
 585      F25AB585 
 585      DC0B
 586 168f F10FD0E9 		.ascii	"\361\017\320\351C=\177\343\345\345\351\353g\321/_\257"
 586      433D7FE3 
 586      E5E5E9EB 
 586      67D12F5F 
 586      AF
 587 16a0 0B352836 		.ascii	"\0135(6\007\353C\015\362\000\237P\2032\214\372\217\202"
 587      07EB430D 
 587      F2009F50 
 587      83328CFA 
 587      8F82
 588 16b2 D47A038D 		.ascii	"\324z\003\215\022\013\305\317VXCA/}\303\002\303\002"
 588      120BC5CF 
 588      56584341 
 588      2F7DC302 
 588      C302
 589 16c4 7C0CFE9B 		.ascii	"|\014\376\233t\213mu\353\015V\363@I hp\365\365[\267"
 589      748B6D75 
 589      EB0D56F3 
 589      40492068 
 589      70F5F55B 
 590 16d9 6AF5FA3F 		.ascii	"j\365\372?\353|\015_\004\371\033\336\237\203\017\325"
 590      EB7C0D5F 
 590      04F91BDE 
 590      9F830FD5 
 591 16e9 FB32ACAF 		.ascii	"\3732\254\257\354]\202]k\360\321\033V\011\203\363\215"
 591      EC5D825D 
 591      6BF0D11B 
 591      560983F3 
 591      8D
 592 16fa 3A28D83F 		.ascii	":(\330?(\000\302\367\016k\016\016\261i\3656\004z\373"
 592      2800C2F7 
 592      0E6B0E0E 
 592      B169F536 
 592      047AFB
 593 170d 83E4F748 		.ascii	"\203\344\367H\253\227\237\217\177\220\250y]\3607\316"
 593      AB979F8F 
 593      7F90A879 
 593      5DF037CE 
 594 171d BE7EDEA1 		.ascii	"\276~\336\241\337\205\032t\201\336\006'\353\265V\257"
 594      DF851A74 
 594      81DE0627 
 594      EBB556AF 
 595 172d F3D9F09D 		.ascii	"\363\331\360\235w\200\177(\270\353\002\267\005\336\315"
 595      77807F28 
 595      B8EB02B7 
 595      05DECD
 596 173c E0479850 		.ascii	"\340G\230P\357\277\206\351\302 \002oA\253\315-5\343"
 596      EFBF86E9 
 596      C220026F 
 596      41ABCD2D 
 596      35E3
 597 174e 983876AD 		.ascii	"\2308v\255\240\015*C\210\336?\330\333 '?Z2\000\336\276"
 597      A00D2A43 
 597      88DE3FD8 
ARM GAS  /tmp/ccsxQzym.s 			page 48


 597      DB20273F 
 597      5A3200DE 
 598 1763 C14106DD 		.ascii	"\301A\006\335\026\2033e |\276\206-j\275n#\214\250\267"
 598      16833365 
 598      207CBE86 
 598      2D6ABD6E 
 598      238CA8B7 
 599 1777 E16FDF60 		.ascii	"\341o\337`\334\374|\203\365:\010#\247_\301\351\377\216"
 599      DCFC7C83 
 599      F53A0823 
 599      A75FC1E9 
 599      FF8E
 600 1789 D3FF8CD3 		.ascii	"\323\377\214\323\377\234\323\177\312\351\177\201\365"
 600      FF9CD37F 
 600      CAE97F81 
 600      F5
 601 1796 CB96022D 		.ascii	"\313\226\002-\343\002\364\236o*\310{\323\317\311\230"
 601      E302F49E 
 601      6F2AC87B 
 601      D3CFC998 
 602 17a6 70A12118 		.ascii	"p\241!\030\014Q\004\3516\353\364\212\340\200\015:\275"
 602      0C5104E9 
 602      36EBF48A 
 602      E0800D3A 
 602      BD
 603 17b7 DCD7CF47 		.ascii	"\334\327\317G/\017\362\011\324iB\015\177\361\011\360"
 603      2F0FF209 
 603      D469420D 
 603      7FF109F0 
 604 17c7 DF1804B3 		.ascii	"\337\030\004\263b\263\317z\237"
 604      62B3CF7A 
 604      9F
 605 17d0 50F037D4 		.ascii	"P\3607\324\340c\200H\250H\002|\012~\263T\200+\005mQ"
 605      E0638048 
 605      A848027C 
 605      0A7EB354 
 605      802B056D 
 606 17e5 19028337 		.ascii	"\031\002\2037@\273\342\333\000\237\215\241*\203^\367"
 606      40BBE2DB 
 606      009F8DA1 
 606      2A835EF7 
 607 17f5 6D284481 		.ascii	"m(D\201\374(\002C7BG~\016AG\376J\251\337\360\0354\251"
 607      FC280243 
 607      3742477E 
 607      0E4147FE 
 607      4AA9DFF0 
 608 180c 755BFC0D 		.ascii	"u[\374\015\276\320Y\271\331\020\274\376\317!o\363\241"
 608      BED059B9 
 608      D910BCFE 
 608      CF216FF3 
 608      A1
 609 181d 85AE3ABD 		.ascii	"\205\256:\275.\310\227\010\335l0\350CT\2410\232\320"
 609      2EC89708 
 609      DD6C30E8 
 609      4354A130 
 609      9AD0
 610 182f 414B4650 		.ascii	"AKFP\027\350\023\342\007\356(h\262b\370\037\272\303"
ARM GAS  /tmp/ccsxQzym.s 			page 49


 610      17E813E2 
 610      07EE2868 
 610      B262F81F 
 610      BAC3
 611 1841 DD1035B4 		.ascii	"\335\0205\264\006\206A\300\025\301\233\203tz\025\275"
 611      068641C0 
 611      15C19B83 
 611      747A15BD 
 612 1851 064B8260 		.ascii	"\006K\202`\010\000\022h\330\022\342\254\333D$\371\204"
 612      08001268 
 612      D812E2AC 
 612      DB4424F9 
 612      84
 613 1862 FE058CD0 		.ascii	"\376\005\214\320m&\027(\314\3252\276,\037\334D#N\356"
 613      6D261728 
 613      CCD532BE 
 613      2C1FDC44 
 613      234EEE
 614 1875 A836FBF8 		.ascii	"\2506\373\370\033\374\2036\252\301\000\226\001\272\020"
 614      1BFC8336 
 614      AAC10096 
 614      01BA10
 615 1884 5D10CCBE 		.ascii	"]\020\314\276\215*\020I\0200\246>\001d\324\025\201!"
 615      8D2A1049 
 615      1030A63E 
 615      0164D415 
 615      8121
 616 1896 C1C10190 		.ascii	"\301\301\001\220\000\272M\356\363L\215P_\277\0150\020"
 616      00BA4DEE 
 616      F34C8D50 
 616      5FBF0D30 
 616      10
 617 18a7 1FCC0301 		.ascii	"\037\314\003\001\311\200\360\230O\010d2?\217\347\023"
 617      C980F098 
 617      4F086432 
 617      3F8FE713 
 618 18b7 04810184 		.ascii	"\004\201\001\204\3127L\017\0215(\364\304\336w7\371\353"
 618      CA374C0F 
 618      113528F4 
 618      C4DE7737 
 618      F9EB
 619 18c9 0D613E01 		.ascii	"\015a>\001\336d\222\353-~/\004\277%\032\334l\356\261"
 619      DE6492EB 
 619      2D7E2F04 
 619      BF251ADC 
 619      6CEEB1
 620 18dc 096173CB 		.ascii	"\011as\313\211XBW\013\305\006]\200\301G\275\311\360"
 620      89584257 
 620      0BC5065D 
 620      80C147BD 
 620      C9F0
 621 18ee 6D58902F 		.ascii	"mX\220/\004\236\374\340\020\037\275\232,.\004\242\334"
 621      049EFCE0 
 621      101FBD9A 
 621      2C2E04A2 
 621      DC
 622 18ff 6420225D 		.ascii	"d \"]\371\031\271A\267>l#\013\270\370\216S\210O\220"
ARM GAS  /tmp/ccsxQzym.s 			page 50


 622      F919B941 
 622      B73E6C23 
 622      0BB8F88E 
 622      53884F90 
 623 1913 BFAF3784 		.ascii	"\277\2577\204\033oX\277Q\023\010\223\232\215\307[0\331"
 623      1B6F58BF 
 623      51130893 
 623      9A8DC75B 
 623      30D9
 624 1925 7D213BD7 		.ascii	"}!;\327\353a\365\011&)\032\374\355\267\241:\003g\010"
 624      EB61F509 
 624      26291AFC 
 624      EDB7A13A 
 624      036708
 625 1938 E47CFDD4 		.ascii	"\344|\375\324\237\377\373:\357u\020\022\271\327\272"
 625      9FFFFB3A 
 625      EF751012 
 625      B9D7BA
 626 1947 AFBF547A 		.ascii	"\257\277Tz\375\207\227\327W\353\224^k\276 ?+\277!\234"
 626      FD8797D7 
 626      57EB945E 
 626      6BBE203F 
 626      2BBF219C 
 627 195b 7AED972B 		.ascii	"z\355\227+W\256!\374\227k\177\017?\252_\257\376\362"
 627      57AE21FC 
 627      976B7F0F 
 627      3FAA5FAF 
 627      FEF2
 628 196d 73F895AF 		.ascii	"s\370\225\257\361Z\373\265\302k\365\2525K\025\253~\265"
 628      F15AFBB5 
 628      C26BF5AA 
 628      354B15AB 
 628      7EB5
 629 197f F6774B9D 		.ascii	"\366wK\235~\375\373\257\274\326}\261\372\253\245N_\257"
 629      7EFDFBAF 
 629      BCD67DB1 
 629      FAABA54E 
 629      5FAF
 630 1991 5CBBF2EB 		.ascii	"\\\273\362\353\177[\371\371R\332\276\214\266/\263\266"
 630      7F5BF9F9 
 630      52DABE8C 
 630      B62FB3B6 
 631 19a1 2FB3B62F 		.ascii	"/\263\266/\243\355\313i\373rk\373rk\373r\332\376\011"
 631      A3EDCB69 
 631      FB726BFB 
 631      726BFB72 
 631      DAFE09
 632 19b4 6DFFC4DA 		.ascii	"m\377\304\332\376\311r\311\331\013\031\353\351\265j"
 632      FEC972C9 
 632      D90B19EB 
 632      E9B56A
 633 19c3 ED176B85 		.ascii	"\355\027k\205\221$\023\3307p\005\014\346\017\350r\002"
 633      912413D8 
 633      3770050C 
 633      E60FE872 
 633      02
 634 19d4 FF36EAC8 		.ascii	"\3776\352\310\022\023\006k\214\336{\223O\000Y\202\002"
ARM GAS  /tmp/ccsxQzym.s 			page 51


 634      1213066B 
 634      8CDE7B93 
 634      4F005982 
 634      02
 635 19e5 BD436189 		.ascii	"\275Ca\211\374o\336\312D5"
 635      FC6FDECA 
 635      4435
 636              		.text
 637              		.section	.gnu.lto_.symtab.4e147875fe00285,"",%progbits
 638 0000 6368544D 		.ascii	"chTMObjectInit\000\000\000\000\000\000\000\000\000\000"
 638      4F626A65 
 638      6374496E 
 638      69740000 
 638      00000000 
 639 0018 0000DB00 		.ascii	"\000\000\333\000\000\000chTMStartMeasurementX\000\000"
 639      00006368 
 639      544D5374 
 639      6172744D 
 639      65617375 
 640 0035 00000000 		.ascii	"\000\000\000\000\000\000\000\000\000\000\337\000\000"
 640      00000000 
 640      0000DF00 
 640      00
 641 0042 00636854 		.ascii	"\000chTMStopMeasurementX\000\000\000\000\000\000\000"
 641      4D53746F 
 641      704D6561 
 641      73757265 
 641      6D656E74 
 642 005e 00000000 		.ascii	"\000\000\000\000\000\342\000\000\000_tm_init\000\000"
 642      00E20000 
 642      005F746D 
 642      5F696E69 
 642      740000
 643 0071 00000000 		.ascii	"\000\000\000\000\000\000\000\000\000\000\345\000\000"
 643      00000000 
 643      0000E500 
 643      00
 644 007e 00636854 		.ascii	"\000chTMChainMeasurementToX\000\000\000\000\000\000"
 644      4D436861 
 644      696E4D65 
 644      61737572 
 644      656D656E 
 645 009c 00000000 		.ascii	"\000\000\000\000\000\000\353\000\000\000ch\000\000\002"
 645      0000EB00 
 645      00006368 
 645      000002
 646 00ab 00000000 		.ascii	"\000\000\000\000\000\000\000\000\000\002\002\000\000"
 646      00000000 
 646      00020200 
 646      00
 647              		.text
 648              		.section	.gnu.lto_.opts,"",%progbits
 649 0000 272D666E 		.ascii	"'-fno-trapv' '-mcpu=cortex-m4' '-mno-thumb-interwor"
 649      6F2D7472 
 649      61707627 
 649      20272D6D 
 649      6370753D 
ARM GAS  /tmp/ccsxQzym.s 			page 52


 650 0033 6B272027 		.ascii	"k' '-mthumb' '-ggdb' '-O2' '-fomit-frame-pointer' '"
 650      2D6D7468 
 650      756D6227 
 650      20272D67 
 650      67646227 
 651 0066 2D66616C 		.ascii	"-falign-functions=16' '-ffunction-sections' '-fdata"
 651      69676E2D 
 651      66756E63 
 651      74696F6E 
 651      733D3136 
 652 0099 2D736563 		.ascii	"-sections' '-fno-common' '-flto'\000"
 652      74696F6E 
 652      73272027 
 652      2D666E6F 
 652      2D636F6D 
 653              		.text
 654              		.comm	__gnu_lto_v1,1,1
 655              		.comm	__gnu_lto_slim,1,1
 656              		.ident	"GCC: (GNU Tools for ARM Embedded Processors) 4.9.3 20141119 (release) [ARM/embedded-4_9-br
ARM GAS  /tmp/ccsxQzym.s 			page 53


DEFINED SYMBOLS
                            *ABS*:00000000 chtm.c
                            *COM*:00000001 __gnu_lto_v1
                            *COM*:00000001 __gnu_lto_slim

NO UNDEFINED SYMBOLS
