ARM GAS  /tmp/cc0mjqay.s 			page 1


   1              		.syntax unified
   2              		.cpu cortex-m4
   3              		.fpu softvfp
   4              		.eabi_attribute 20, 1
   5              		.eabi_attribute 21, 1
   6              		.eabi_attribute 23, 3
   7              		.eabi_attribute 24, 1
   8              		.eabi_attribute 25, 1
   9              		.eabi_attribute 26, 1
  10              		.eabi_attribute 30, 2
  11              		.eabi_attribute 34, 1
  12              		.eabi_attribute 18, 4
  13              		.thumb
  14              		.file	"hal.c"
  15              		.text
  16              	.Ltext0:
  17              		.section	.gnu.lto_.profile.a83c918129a96c3c,"",%progbits
  18 0000 789C6366 		.ascii	"x\234cf```a\200\000F\006Sv\000\000\345\000E"
  18      60606061 
  18      80004606 
  18      53760000 
  18      E50045
  19              		.text
  20              		.section	.gnu.lto_.jmpfuncs.a83c918129a96c3c,"",%progbits
  21 0000 789C6366 		.ascii	"x\234cf\300\016\324\2404#\224b\372\310\3048\255\377"
  21      C00ED4A0 
  21      34239462 
  21      FAC8C438 
  21      ADFF
  22 0012 CA0EE6DA 		.ascii	"\312\016\346\332\337\0153\0328~21\374e\002\211/g\254"
  22      DF0D331A 
  22      387E3231 
  22      FC650289 
  22      2F67AC
  23 0025 055200C1 		.ascii	"\005R\000\301\206\012\016"
  23      860A0E
  24              		.text
  25              		.section	.gnu.lto_.inline.a83c918129a96c3c,"",%progbits
  26 0000 789C6366 		.ascii	"x\234cf\300\016\364\2404#\003\003\247)#\003\023\220"
  26      C00EF4A0 
  26      34230303 
  26      A7292303 
  26      1390
  27 0012 C9B6409E 		.ascii	"\311\266@\236\011,\304\205B0q\203T\201\231\014\0003"
  27      092CC485 
  27      42307183 
  27      5481990C 
  27      0033
  28 0024 A00175   		.ascii	"\240\001u"
  29              		.text
  30              		.section	.gnu.lto_.pureconst.a83c918129a96c3c,"",%progbits
  31 0000 789C6366 		.ascii	"x\234cf```f\200\000F\006\011\000\000x\000 "
  31      60606066 
  31      80004606 
  31      09000078 
  31      0020
  32              		.text
ARM GAS  /tmp/cc0mjqay.s 			page 2


  33              		.section	.gnu.lto_halInit.a83c918129a96c3c,"",%progbits
  34 0000 789C7590 		.ascii	"x\234u\220\317J\002Q\024\306\317wFGI\202h\025\022m\335"
  34      CF4A0251 
  34      14C6CF77 
  34      46474982 
  34      6815126D 
  35 0015 CD3C44BB 		.ascii	"\315<D\2736\005=A\271Q\010\202\\\017\316\244\213V)\021"
  35      36053D41 
  35      B9510882 
  35      5C0FCEA4 
  35      8B562911 
  36 0029 22FD5D44 		.ascii	"\"\375]D\244Yj;Wq\237 \011\2136R\033\203\332%\256\206"
  36      A4596A3B 
  36      57719F20 
  36      098B3652 
  36      1B83DA25 
  37 003f 103B778C 		.ascii	"\020;w\214\010\312\013\227s\357\371~\367\234\357\036"
  37      08CA0B97 
  37      73EFF97E 
  37      F79CEF1E 
  38 004f 83FEAEB8 		.ascii	"\203\376\256\270\354\012\210\026$\302 p\361\216\310"
  38      EC0A8816 
  38      24C22070 
  38      F18EC8
  39 005e 8B32A00F 		.ascii	"\2132\240\017\004\3122\262x\347>\243\250j\345X\342\334"
  39      04CA32B2 
  39      78E73EA3 
  39      A86AE558 
  39      E2DC
  40 0070 75DD8FED 		.ascii	"u\335\217\355\266\267\242\3403\321\200\307up\201\004"
  40      B6B7A2E0 
  40      33D180C7 
  40      75708104 
  41 0080 09D4CF0F 		.ascii	"\011\324\317\017\237bf^\240\231\261\206\012L\251O\215"
  41      9F62665E 
  41      A099B186 
  41      0A4CA94F 
  41      8D
  42 0091 59E58E46 		.ascii	"Y\345\216Fg\245\243\307P\204\250'\222n\360\312\254\243"
  42      67A5A3C7 
  42      5084A827 
  42      926EF0CA 
  42      ACA3
  43 00a3 D1454E0D 		.ascii	"\321EN\015\2475\253\213\234tv\353\354|\272;n\324g\014"
  43      A735AB8B 
  43      9C7476EB 
  43      EC7CBA3B 
  43      6ED4670C 
  44 00b7 58DEA30A 		.ascii	"X\336\243\012\207|\241\273\310\253=\363_\322\030\210"
  44      877CA1BB 
  44      C8AB3DF3 
  44      5FD21888 
  45 00c7 4EB81452 		.ascii	"N\270\024R\244R\341\241e\210T\326Rh\250\275H\366\245"
  45      A452E1A1 
  45      658854D6 
  45      5268A8BD 
  45      48F6A5
ARM GAS  /tmp/cc0mjqay.s 			page 3


  46 00da D7BE8FBE 		.ascii	"\327\276\217\276\261d\202k\265\260\337\3021\016\275"
  46      B164826B 
  46      B5B0DFC2 
  46      310EBD
  47 00e9 A2A6C2A8 		.ascii	"\242\246\302\250\301\301\025\342\201v\332\253\224cR"
  47      C1C115E2 
  47      8176DAAB 
  47      946352
  48 00f8 604E605C 		.ascii	"`N`\\\013\0254E\035\216\317&i\307\007\221I\216\015\361"
  48      0B153445 
  48      1D8ECF26 
  48      69C70791 
  48      498E0DF1 
  49 010c D1F8719C 		.ascii	"\321\370q\234S\315\251I\244\370@\363\027y;\221\014\013"
  49      53CDA949 
  49      A4F840F3 
  49      17793B91 
  49      0C0B
  50 011e 79F34D3E 		.ascii	"y\363M>\303S\235\245\200$=M\350)\312\027\347-\313^L"
  50      C3539DA5 
  50      80243D4D 
  50      E829CA17 
  50      E72DCB5E 
  51 0133 A5D7D3CB 		.ascii	"\245\327\323\313\253\366f\306N\255m\330\231\255\244"
  51      ABF666C6 
  51      4EAD6DD8 
  51      99ADA4
  52 0142 8E5692BE 		.ascii	"\216V\222\276\000K\347\237\037"
  52      004BE79F 
  52      1F
  53              		.text
  54              		.section	.gnu.lto_.symbol_nodes.a83c918129a96c3c,"",%progbits
  55 0000 789C4DC8 		.ascii	"x\234M\310;\016\202P\030D\341s\347\347\032Jw<\024\324"
  55      3B0E8250 
  55      1844E173 
  55      E7E71A4A 
  55      773C14D4 
  56 0014 BCB43616 		.ascii	"\274\2646\026,\305\3325`\342:\010\010\026w\232/g\002"
  56      2CC5DA35 
  56      60E23A08 
  56      0816779A 
  56      2F6702
  57 0027 98F84F9D 		.ascii	"\230\370O\235\014\303\033l\036\317\232<\212\253Iw9\235"
  57      0CC31B6C 
  57      1ECF9A3C 
  57      8AAB4977 
  57      399D
  58 0039 3F4D5393 		.ascii	"?MS\223n\262\312\236\344({\220\253\262{9\027\035\\\230"
  58      6EB2CA9E 
  58      E4287B90 
  58      ABB27B39 
  58      171D5C98 
  59 004d 97350599 		.ascii	"\2275\005\231\327a\305\3670h??\305\274\313\006\315g"
  59      D761C5F7 
  59      30683F3F 
  59      C5BCCB06 
  59      CD67
ARM GAS  /tmp/cc0mjqay.s 			page 4


  60 005f 274E     		.ascii	"'N"
  61              		.text
  62              		.section	.gnu.lto_.refs.a83c918129a96c3c,"",%progbits
  63 0000 789C6366 		.ascii	"x\234cf```c\200\000F\006&F&\006\000\000\261\000\020"
  63      60606063 
  63      80004606 
  63      26462606 
  63      0000B100 
  64              		.text
  65              		.section	.gnu.lto_.decls.a83c918129a96c3c,"",%progbits
  66 0000 789CA555 		.ascii	"x\234\245U{L\223W\024\377noii\255`$Sc\310\3064c\217"
  66      7B4C9357 
  66      14FF6E6F 
  66      6969AD60 
  66      245363C8 
  67 0018 087568F6 		.ascii	"\010uh\366\370k:PC\342\224L\267e\331\037]\245U\232\000"
  67      F86B3A50 
  67      43E2944C 
  67      B765D91F 
  67      5DA5559A 
  68 002d EDDAB2B8 		.ascii	"\355\332\262\270\277\366)$\253\212Z|\015\246\033UQ\036"
  68      BFF62924 
  68      AB8A5A7C 
  68      0DA61B55 
  68      511E
  69 003f A2283215 		.ascii	"\242(2\025A@\234\200 >\246\300\334\234\024\224\227X"
  69      41409C80 
  69      203EA6C0 
  69      DC9C1494 
  69      9758
  70 0051 28AF092A 		.ascii	"(\257\011*\262s\357\355\327\227\350\266\354\246\247"
  70      B273EFED 
  70      D797E8B6 
  70      ECA6A7
  71 0060 F79EEFFC 		.ascii	"\367\236\357\374\316\357<\356\371Z\314q\334>\220\011"
  71      CEEF3CEE 
  71      F95ACC71 
  71      DC3E9009 
  72 0070 58F9328E 		.ascii	"X\3712\216\373V\304q\360\341\342@\020H;\307\226\004"
  72      FB56C471 
  72      F0E1E240 
  72      10483BC7 
  72      9604
  73 0082 A403A40B 		.ascii	"\244\003\244\013\244\007\244\027\244\037d\300\205\033"
  73      A407A417 
  73      A41F64C0 
  73      851B
  74 0090 E27C17C1 		.ascii	"\342|\027\301J]<\303 wAF\\|m \016?\336\001\027_\257"
  74      4A5D3CC3 
  74      20774146 
  74      5C7C6D20 
  74      0E3FDE01 
  75 00a7 8BBFEB39 		.ascii	"\213\277\3539\274\003\"T\336\237~=\260[\204\202\344"
  75      BC032254 
  75      DE9F7E3D 
  75      B05B8482 
  75      E4
ARM GAS  /tmp/cc0mjqay.s 			page 5


  76 00b8 5572A2E7 		.ascii	"Ur\242\3474X\263\020\350\012y\036\"\372\301\314\266"
  76      3458B310 
  76      E80A791E 
  76      22FAC1CC 
  76      B6
  77 00c9 9BF27905 		.ascii	"\233\362y\005<\317[\370\252i\036\277\262\321S\271A\324"
  77      3CCF5BF8 
  77      AA691EBF 
  77      B2D153B9 
  77      41D4
  78 00db CF4E71C5 		.ascii	"\317Nq\305\345\335#\301\324/\224\250\255\025e\235\022"
  78      E5DD23C1 
  78      D42F94A8 
  78      AD15659D 
  78      12
  79 00ec 2CA3A6D2 		.ascii	",\243\246\322c\303\215S(4\214\250gw\324eJ(RL\324\312"
  79      63C38D53 
  79      28348CA8 
  79      6777D465 
  79      4A28524C 
  80 0102 8AD11A39 		.ascii	"\212\321\0329\016\245\310t\213\375\222\034\277F\317"
  80      0EA5C874 
  80      8BFD921C 
  80      BF46CF
  81 0111 1B0E97A5 		.ascii	"\033\016\227\245K\001\366\252\234\306k\335;\226#\243"
  81      4B01F6AA 
  81      9CC66BDD 
  81      3B9623A3 
  82 0121 2A696E30 		.ascii	"*in0<\022\325u\362\007\203P\270<\007\222sv\357\250\011"
  82      3C12D575 
  82      F2078350 
  82      B83C0792 
  82      7376EFA8 
  83 0136 E579312A 		.ascii	"\345y1*Art\034a\224\217\346\221\242\2117Y\026\236\337"
  83      4172741C 
  83      61948FE6 
  83      91A28937 
  83      59169EDF 
  84 014a C85B5379 		.ascii	"\310[SyY]\020\207\216\242\331\350\030\232\315\241\223"
  84      595D1087 
  84      8EA2D9E8 
  84      189ACDA1 
  84      93
  85 015b 281C1014 		.ascii	"(\034\020\024\213N\300\303bx\010\304\027\237T\244\005"
  85      8B4EC0C3 
  85      627808C4 
  85      179F54A4 
  85      05
  86 016c 2079F8E4 		.ascii	" y\370\344N\247&q\242)l=\364\375\014\222\302\317\220"
  86      4EA72671 
  86      A2296C3D 
  86      F4FD0C92 
  86      C2CF90
  87 017f 42912705 		.ascii	"B\221'\005\310\310\335\265'\365?\224*p=\242\025f[\367"
  87      C8C8DDB5 
  87      27F53F94 
  87      2A703DA2 
ARM GAS  /tmp/cc0mjqay.s 			page 6


  87      15665BF7 
  88 0193 8D04E06B 		.ascii	"\215\004\340kL98|m \020\2670%g\367\236\302\000\332\242"
  88      4C39387C 
  88      6D2010B7 
  88      302567F7 
  88      9EC200DA 
  89 01a8 40A21E28 		.ascii	"@\242\036(*\375\014\2672S\211\255\260\026\343\016\246"
  89      2AFD0CB7 
  89      325389AD 
  89      B016E30E 
  89      A6
  90 01b9 34B48F0E 		.ascii	"4\264\217\016)(n\032Q\253\035G\266\004\341\036f\313"
  90      29286E1A 
  90      51AB1D47 
  90      B604E11E 
  90      66CB
  91 01cb 3BB4B50B 		.ascii	";\264\265\013\343>\246d=\274\\\303ng\026\250\262M\347"
  91      E33EA664 
  91      3DBC5CC3 
  91      6E6716A8 
  91      B24DE7
  92 01de D33A1568 		.ascii	"\323:\025h\016[!\3416\250\323\331\233\3734vg*\2373\213"
  92      0E5B21E1 
  92      36A8D3D9 
  92      9BFB3476 
  92      672A9F33 
  93 01f3 E67F06F2 		.ascii	"\346\177\006\362\257C!\236\252\337\230\315\321\036@"
  93      AF43219E 
  93      AADF98CD 
  93      D11E40
  94 0202 1D046E9B 		.ascii	"\035\004n\233\310\225\324\315\247\320r\177\3509\202"
  94      C895D4CD 
  94      A7D0727F 
  94      E83982
  95 0211 426FB9A1 		.ascii	"Bo\271\241\375n\350\351IY=\310q7\262\314\037y\026\371"
  95      FD6EE8E9 
  95      49593DC8 
  95      7137B2CC 
  95      1F7916F9 
  96 0225 25B0295F 		.ascii	"%\260)_\300VL\236\200\027\366\261\233\267tr^O\012[\334"
  96      C0564C9E 
  96      8017F6B1 
  96      9BB77472 
  96      5E4F0A5B 
  97 023a B495FED0 		.ascii	"\264\225\376\320*\0174\003\356\233\267\362\374\"3\207"
  97      2A0F3403 
  97      EE9BB7F2 
  97      FC223387 
  98 024a 0AC07E84 		.ascii	"\012\300~\204\232\010\032.\035]\202\011\271\200\346"
  98      9A081A2E 
  98      1D5D8209 
  98      B980E6
  99 0259 A0F32035 		.ascii	"\240\363 5 \277\200T\203\\\004\251Es\3500\220\211\261"
  99      20BF8054 
  99      835C04A9 
  99      4573E830 
  99      9089B1
ARM GAS  /tmp/cc0mjqay.s 			page 7


 100 026c 3B72253C 		.ascii	";r%<\"n\234kX\334\357\227(\275qO\372T\024\022>Y$\324"
 100      226E9C6B 
 100      58DCEF97 
 100      28BD714F 
 100      FA541412 
 101 0284 0001FE73 		.ascii	"\000\001\376s\260t] \252\007\247B\317h\222\310\302h"
 101      B0745D20 
 101      AA07A742 
 101      CF6892C8 
 101      C268
 102 0296 368D37BE 		.ascii	"6\2157\276\214\217\210\350\270\330\307\255%\001\270"
 102      8C8F88E8 
 102      B8D8C7AD 
 102      2501B8
 103 02a5 9829BBEA 		.ascii	"\230)\273\3523\276\304\245\354\274\241\352\350\015)"
 103      33BEC4A5 
 103      ECBCA1EA 
 103      E80D29
 104 02b4 9DA3F788 		.ascii	"\235\243\367\210ZXh\335#\305U\314\326U\361\200\027Q"
 104      5A5868DD 
 104      23C555CC 
 104      D655F180 
 104      1751
 105 02c6 5B1C517B 		.ascii	"[\034Q{*{\312\247\340Zf\313\336V<\306\336y\003Q\035"
 105      2A7BCAA7 
 105      E05A66CB 
 105      DE563CC6 
 105      DE790351 
 106 02db D57F59A4 		.ascii	"\325\177Y\244\370\012\263\225T\236\034dCl!z\240\355"
 106      F80AB395 
 106      549E1C64 
 106      436C217A 
 106      A0ED
 107 02ed C0885D8C 		.ascii	"\300\210]\214B\330p\372\324\237\013\365\347\321N7\273"
 107      42D870FA 
 107      D49F0BF5 
 107      E7D14E37 
 107      BB
 108 02fe 8AFF138A 		.ascii	"\212\377\023\212o\201B\177\007\371\015\3446\310-\220"
 108      6F81427F 
 108      07F90DE4 
 108      36C82D90 
 109 030e 3F5C85DB 		.ascii	"?\\\205\333H\341y\371+x\270SR\373e\250\235\370\272;"
 109      48E179F9 
 109      2B78B853 
 109      52FB65A8 
 109      9DF8BA3B 
 110 0322 E93380BC 		.ascii	"\3513\200\274\355\314\233.\340\025\177\340U\344\213"
 110      EDCC9B2E 
 110      E0157FE0 
 110      55E48B
 111 0331 AC1390BF 		.ascii	"\254\023\220\277\372#o\370!\013\005d\243?\262\312wN"
 111      FA236FF8 
 111      210B0564 
 111      A33FB2CA 
 111      774E
 112 0343 79DB6501 		.ascii	"y\333e\001z\323\037\332\344\017-\027\240\327\374\241"
ARM GAS  /tmp/cc0mjqay.s 			page 8


 112      7AD31FDA 
 112      E40F2D17 
 112      A0D7FCA1 
 113 0353 D7BDA0F4 		.ascii	"\327\275\240\364\342\177\314'S\326<\311\224\241\375"
 113      E27FCC27 
 113      53D63CC9 
 113      94A1FD
 114 0362 C385A7A5 		.ascii	"\303\205\247\245\270\211^\204\350\302\266\372\362 \277"
 114      B8895E84 
 114      E8C2B6FA 
 114      F220BF
 115 0371 91135A8E 		.ascii	"\221\023Z\216\354\320\351\177\333u\032\365\021\214["
 115      ECD0E97F 
 115      DB751AF5 
 115      118C5B
 116 0380 2B38DCF1 		.ascii	"+8\334\361\214[\263\367\270\225\034\336\200B\\\241l"
 116      8C5BB3F7 
 116      B8951CDE 
 116      80425CA1 
 116      6C
 117 0391 CF0BC5BD 		.ascii	"\317\013\305\2750\016\320<\354\033\316\014Rl\366\374"
 117      300ED03C 
 117      EC1BCE0C 
 117      526CF6FC 
 118 03a1 50A336AF 		.ascii	"P\2436\257W\226C\355HA\220d'\177Z\217\333o\212g\356"
 118      579643ED 
 118      48419064 
 118      277F5A8F 
 118      DB6F8A67 
 119 03b6 A64153F9 		.ascii	"\246AS\371ib\0247\303\013{\027\315\204\357/\304\214"
 119      69621437 
 119      C30B7B17 
 119      CD84EF2F 
 119      C48C
 120 03c8 B9BD2AB7 		.ascii	"\271\275*\267+\030\267\262\031=\226\221\225+\015\373"
 120      2B18B7B2 
 120      193D9691 
 120      952B0DFB 
 121 03d8 89B71D77 		.ascii	"\211\267\035w^\335\362\023\316\342m\033\371\247\023"
 121      5EDDF213 
 121      CEE26D1B 
 121      F9A713
 122 03e7 13883AA1 		.ascii	"\023\210:\241{\356\0229r\246\271\241\016\024\006\216"
 122      7BEE1239 
 122      72A6B9A1 
 122      0E14068E 
 123 03f7 B6D36983 		.ascii	"\266\323i\203b\234\206\331k\325Y>\212\201\305\316;\367"
 123      629C86D9 
 123      6BD5593E 
 123      8A81C5CE 
 123      3BF7
 124 0409 36F62ECA 		.ascii	"6\366.\312H\265\346\360\366\211\211W\030K\247\027K\247"
 124      48B5E6F0 
 124      F6898957 
 124      184BA717 
 124      4BA7
 125 041b C0D24559 		.ascii	"\300\322EY\012\262\2677Iq\021c)\330\33114\205\262\034"
ARM GAS  /tmp/cc0mjqay.s 			page 9


 125      0AB2B737 
 125      49711163 
 125      29D8D931 
 125      3485B21C 
 126 042f 1F6BAC78 		.ascii	"\037k\254x)\213\337\357\235K\267\027K\267\300\322CY"
 126      298BDFEF 
 126      9D4BB717 
 126      4BB7C0D2 
 126      4359
 127 0441 CA9B2D76 		.ascii	"\312\233-v)v2\226\241\335\267\306d\214\245\177{\201"
 127      29763296 
 127      A1DDB7C6 
 127      648CA57F 
 127      7B81
 128 0453 C88FE5BE 		.ascii	"\310\217\345\276\027\313}\201\245\227\262\364\235;\271"
 128      17CB7D81 
 128      A597B2F4 
 128      9D3BB9
 129 0462 33402C62 		.ascii	"3@,b=%\335\202g\337]\032??\365\271}u\320\276>@Bc\363"
 129      3D25DD82 
 129      67DF5D1A 
 129      3F3FF5B9 
 129      7D75D0BE 
 130 047b 5ACAA438 		.ascii	"Z\312\2448[L\323h\263Xn\213Y\032\275]\305\012\2574\300"
 130      5B4CD368 
 130      B3586E8B 
 130      591ABD5D 
 130      C50AAF34 
 131 0490 0BF579A5 		.ascii	"\013\365y\245\321'\244\321O\323\330nu\300\277\311Q\306"
 131      D127A4D1 
 131      4FD3D86E 
 131      75C0BFC9 
 131      51C6
 132 04a2 72FB5CDB 		.ascii	"r\373\\\333`0cyt\"o\365\016\337\306:\275X\234\002\313"
 132      60306379 
 132      74226FF5 
 132      0EDFC63A 
 132      BD589C02 
 133 04b7 006569E9 		.ascii	"\000ei\351\272\227\215\261\203\261\3646\214\356\022"
 133      BA978DB1 
 133      83B1F436 
 133      8CEE12
 134 04c6 CDDDCF3B 		.ascii	"\315\335\317;ygom\221\342\314F\276:\215\347\237~0\201"
 134      79676F6D 
 134      91E2CC46 
 134      BE3A8DE7 
 134      9F7E3081 
 135 04da E9500D32 		.ascii	"\351P\0152\032\257_\241AF\206\206\320\\p\277\223Y\265"
 135      1AAF5FA1 
 135      41468686 
 135      D05C70BF 
 135      9359B5
 136 04ed 59EC338A 		.ascii	"Y\3543\212$\270\247\015\303\320.\327\2130L\247\361\201"
 136      24B8A70D 
 136      C3D02ED7 
 136      8B304CA7 
 136      F181
ARM GAS  /tmp/cc0mjqay.s 			page 10


 137 04ff C5DA13EC 		.ascii	"\305\332\023\354\343\340\360q\030q\315.\331%\313V|\022"
 137      E3E0F071 
 137      1871CD2E 
 137      D925CB56 
 137      7C12
 138 0511 16CD4D37 		.ascii	"\026\315M7\231\223\026D\251\326\031tz\225IkN1\250\314"
 138      99931644 
 138      A9D61974 
 138      7A95496B 
 138      4E31A8CC 
 139 0525 8129BA64 		.ascii	"\201)\272d3<3\313U*\341\270Z\231\250T\033\223\242\224"
 139      333C33CB 
 139      552AE1B8 
 139      5A99A854 
 139      1B93A294 
 140 0539 EBE2E323 		.ascii	"\353\342\343#\340\020\221\254O\326Fh\325kt\021\013U"
 140      E01091AC 
 140      4FD64668 
 140      D56B7411 
 140      0B55
 141 054b EF4744CD 		.ascii	"\357GD\315\177{\341W\013\225>\006\245.9>1E\243U&\251"
 141      7F7BE157 
 141      0B953E06 
 141      A52E393E 
 141      3145A355 
 142 0561 E31374C9 		.ascii	"\343\023t\311Z\245J\243]\253NI4\253\314\337\030\264"
 142      5AA54AA3 
 142      5DAB4E49 
 142      34ABCCDF 
 142      18B4
 143 0573 A6C8042E 		.ascii	"\246\310\004.\346\177\220\232\314\032H\015H\002\222"
 143      E67F909A 
 143      CC1A480D 
 143      480292
 144 0582 F41AAD51 		.ascii	"\364\032\255Q\242'\244F\251\336d\320j5\306\000C\212"
 144      A227A446 
 144      A9DE64D0 
 144      6A35C600 
 144      438A
 145 0594 4163C47A 		.ascii	"Ac\304z\215Q\254^kL$_\011\357FF*\243\023tkt+W)\365&"
 145      8D51AC5E 
 145      6B4C245F 
 145      09EF4646 
 145      2AA31374 
 146 05af 65823A51 		.ascii	"e\202:Qi\320\033\315&\345\252\325\037-\210R._\036\243"
 146      69D01BCD 
 146      26E5AAD5 
 146      1F2D8852 
 146      2E5F1EA3 
 147 05c3 5C1617BB 		.ascii	"\\\026\027\273\362\353(bR\031@\022\0235\020@\022\267"
 147      F2EB2862 
 147      52194012 
 147      13351040 
 147      12B7
 148 05d5 38466D56 		.ascii	"8FmVK\342>d[4\333b\330\266\204mK\311&\213[\274<Z\237"
 148      4BE23E64 
 148      5B34DB62 
ARM GAS  /tmp/cc0mjqay.s 			page 11


 148      D8B6846D 
 148      4BC9268B 
 149 05ee BC56B74E 		.ascii	"\274V\267N\012\024\261\311:s\350\2631M\306x\262G\306"
 149      0A14B1C9 
 149      3A73E8B3 
 149      314DC678 
 149      B247C6
 150 0601 73129399 		.ascii	"s\022\223\231`\346>\213\021\212$\211\230H\221\2625z"
 150      60E63E8B 
 150      118A2489 
 150      984891B2 
 150      357A
 151 0613 B55143D0 		.ascii	"\265QC\320\357<\213\2466R\206\212V\262t\201*&vU\364"
 151      EF3C8BA6 
 151      3652868A 
 151      56B27481 
 151      2A267655 
 152 0628 CA4F977C 		.ascii	"\312O\227|\3749\263\221\"L\324\373\365\177\210\2455"
 152      FC39B391 
 152      224CD4FB 
 152      F57F88A5 
 152      35
 153 0639 EA20B504 		.ascii	"\352 \265\004n\252P\277J\007^\212\004/%\352\305mt\245"
 153      6EAA50BF 
 153      4A075E8A 
 153      042F25EA 
 153      C56D74A5 
 154 064d B07EBD32 		.ascii	"\260~\2752\301\335\301\351\204L\270\374x\332\240\277"
 154      C1DDC1E9 
 154      844CB8FC 
 154      78DAA0BF 
 155 065d 015062C9 		.ascii	"\001Pb\311\325"
 155      D5
 156              		.text
 157              		.section	.gnu.lto_.symtab.a83c918129a96c3c,"",%progbits
 158 0000 68616C49 		.ascii	"halInit\000\000\000\000\000\000\000\000\000\000\000"
 158      6E697400 
 158      00000000 
 158      00000000 
 158      0000
 159 0012 00E50000 		.ascii	"\000\345\000\000\000pal_default_config\000\000\002\000"
 159      0070616C 
 159      5F646566 
 159      61756C74 
 159      5F636F6E 
 160 002d 00000000 		.ascii	"\000\000\000\000\000\000\000\000\363\000\000\000stI"
 160      00000000 
 160      F3000000 
 160      737449
 161 003c 6E697400 		.ascii	"nit\000\000\002\000\000\000\000\000\000\000\000\000"
 161      00020000 
 161      00000000 
 161      000000
 162 004b E7000000 		.ascii	"\347\000\000\000boardInit\000\000\002\000\000\000\000"
 162      626F6172 
 162      64496E69 
 162      74000002 
ARM GAS  /tmp/cc0mjqay.s 			page 12


 162      00000000 
 163 005f 00000000 		.ascii	"\000\000\000\000\000\351\000\000\000sdInit\000\000\002"
 163      00E90000 
 163      00736449 
 163      6E697400 
 163      0002
 164 0071 00000000 		.ascii	"\000\000\000\000\000\000\000\000\000\353\000\000\000"
 164      00000000 
 164      00EB0000 
 164      00
 165 007e 5F70616C 		.ascii	"_pal_lld_init\000\000\002\000\000\000\000\000\000\000"
 165      5F6C6C64 
 165      5F696E69 
 165      74000002 
 165      00000000 
 166 0095 0000EF00 		.ascii	"\000\000\357\000\000\000hal_lld_init\000\000\002\000"
 166      00006861 
 166      6C5F6C6C 
 166      645F696E 
 166      69740000 
 167 00ab 00000000 		.ascii	"\000\000\000\000\000\000\000\000\361\000\000\000"
 167      00000000 
 167      F1000000 
 168              		.text
 169              		.section	.gnu.lto_.opts,"",%progbits
 170 0000 272D666E 		.ascii	"'-fno-trapv' '-mcpu=cortex-m4' '-mno-thumb-interwor"
 170      6F2D7472 
 170      61707627 
 170      20272D6D 
 170      6370753D 
 171 0033 6B272027 		.ascii	"k' '-mthumb' '-ggdb' '-O2' '-fomit-frame-pointer' '"
 171      2D6D7468 
 171      756D6227 
 171      20272D67 
 171      67646227 
 172 0066 2D66616C 		.ascii	"-falign-functions=16' '-ffunction-sections' '-fdata"
 172      69676E2D 
 172      66756E63 
 172      74696F6E 
 172      733D3136 
 173 0099 2D736563 		.ascii	"-sections' '-fno-common' '-flto'\000"
 173      74696F6E 
 173      73272027 
 173      2D666E6F 
 173      2D636F6D 
 174              		.text
 175              		.comm	__gnu_lto_v1,1,1
 176              		.comm	__gnu_lto_slim,1,1
 177              		.ident	"GCC: (GNU Tools for ARM Embedded Processors) 4.9.3 20141119 (release) [ARM/embedded-4_9-br
ARM GAS  /tmp/cc0mjqay.s 			page 13


DEFINED SYMBOLS
                            *ABS*:00000000 hal.c
                            *COM*:00000001 __gnu_lto_v1
                            *COM*:00000001 __gnu_lto_slim

NO UNDEFINED SYMBOLS
