ARM GAS  /tmp/cc9j8pWa.s 			page 1


   1              		.syntax unified
   2              		.cpu cortex-m4
   3              		.fpu softvfp
   4              		.eabi_attribute 20, 1
   5              		.eabi_attribute 21, 1
   6              		.eabi_attribute 23, 3
   7              		.eabi_attribute 24, 1
   8              		.eabi_attribute 25, 1
   9              		.eabi_attribute 26, 1
  10              		.eabi_attribute 30, 2
  11              		.eabi_attribute 34, 1
  12              		.eabi_attribute 18, 4
  13              		.thumb
  14              		.file	"hal_lld.c"
  15              		.text
  16              	.Ltext0:
  17              		.section	.gnu.lto_.profile.5ed38cfb2d505d3d,"",%progbits
  18 0000 789C6366 		.ascii	"x\234cf```a\200\000F\206\354x\000\001\251\000\323"
  18      60606061 
  18      80004686 
  18      EC780001 
  18      A900D3
  19              		.text
  20              		.section	.gnu.lto_.jmpfuncs.5ed38cfb2d505d3d,"",%progbits
  21 0000 789C6366 		.ascii	"x\234cf\300\016x\24043\0203\0021\023\020\003\000\001"
  21      C00E78A0 
  21      34331033 
  21      02311310 
  21      030001
  22 0013 D40016   		.ascii	"\324\000\026"
  23              		.text
  24              		.section	.gnu.lto_.inline.5ed38cfb2d505d3d,"",%progbits
  25 0000 789C6366 		.ascii	"x\234cf\300\016\\\24043\003\203\230\020#\003\223\332"
  25      C00E5CA0 
  25      34330383 
  25      98102303 
  25      93DA
  26 0012 89DF8C0C 		.ascii	"\211\337\214\014l\013\344\231@\202\214\014br@1\225\005"
  26      6C0BE499 
  26      40828C0C 
  26      62724031 
  26      9505
  27 0024 33991062 		.ascii	"3\231\020b\\@\202\211\301r5\023P&g\303l\025\270\014"
  27      5C408289 
  27      C1723513 
  27      502667C3 
  27      6C15B80C 
  28 0038 030044E7 		.ascii	"\003\000D\347\011\035"
  28      091D
  29              		.text
  30              		.section	.gnu.lto_.pureconst.5ed38cfb2d505d3d,"",%progbits
  31 0000 789C6366 		.ascii	"x\234cf```g\200\000f\006)F)&)\000\001\274\000_"
  31      60606067 
  31      80006606 
  31      29462926 
  31      290001BC 
  32              		.text
ARM GAS  /tmp/cc9j8pWa.s 			page 2


  33              		.section	.gnu.lto_hal_lld_backup_domain_init.5ed38cfb2d505d3d,"",%progbits
  34 0000 789C9D53 		.ascii	"x\234\235SMHTQ\024>\347\276\237\031\235Q\264\010\304"
  34      4D485451 
  34      143EE7BE 
  34      9F199D51 
  34      B408C4
  35 0013 A096AEC6 		.ascii	"\240\226\256\306\007\332\302U\233\302U\321\302\366\321"
  35      07DAC255 
  35      9BC255D1 
  35      C2F6D1
  36 0022 CF424130 		.ascii	"\317BA0\262\205;\357\344\024\005e\026\024Q\010Fh\232"
  36      B2853BEF 
  36      E4140565 
  36      16145108 
  36      46689A
  37 0035 DAA895E6 		.ascii	"\332\250\225\346O:YYD\024\346\317\224\213\376\034!w"
  37      4F3A5959 
  37      4414E6CF 
  37      948BFE1C 
  37      2177
  38 0047 6F2AA909 		.ascii	"o*\251\011\304\316\271w\364\245A\250\003s\356\233s\317"
  38      C4CEB977 
  38      F4A541A8 
  38      0373EE9B 
  38      73CF
  39 0059 7CDF77BE 		.ascii	"|\337w\276s\236\001\377~\366\321w\326\004\330E'\372"
  39      739E01FF 
  39      7EF6D177 
  39      D604D845 
  39      27FA
  40 006b 0045C36B 		.ascii	"\000E\303k\200\260_\010\243\251\004d\246\351n\003\031"
  40      80B05F08 
  40      A3A90464 
  40      A6E96E03 
  40      19
  41 007c 34D0D469 		.ascii	"4\320\324iSX\223\016\245\355\241\035\224\266\320\326"
  41      5358930E 
  41      A5EDA11D 
  41      94B6D0D6 
  42 008c 691B911F 		.ascii	"i\033\221\037\000\241V\030\246ec-\316\213\244\300\206"
  42      00A15618 
  42      A665632D 
  42      CE8BA4C0 
  42      86
  43 009d 58FBB540 		.ascii	"X\373\265@A\263\224\322\375\322\351;\235\227\022\000"
  43      41B394D2 
  43      FDD2E93B 
  43      9D971200 
  44 00ad DF8526C6 		.ascii	"\337\205&\306\333X\000T\223\214,\306\003v\204jr\364"
  44      DB580054 
  44      938C2CC6 
  44      0376846A 
  44      72F4
  45 00bf 1DB6A28D 		.ascii	"\035\266\242\215tF\267\304\344\322\322\255hG\237\271"
  45      7446B7C4 
  45      E4D2D2AD 
  45      68479FB9 
ARM GAS  /tmp/cc9j8pWa.s 			page 3


  46 00cf D5849440 		.ascii	"\325\204\224@\213\203\217\203\237C\200C\220C\026\207"
  46      8B838F83 
  46      9F438043 
  46      90431687 
  47 00df 6C0E391C 		.ascii	"l\0169\034r9\000$\010\214U\315\011\301\2471\203\243"
  47      72390024 
  47      088C55CD 
  47      09C1A731 
  47      83A3
  48 00f1 BDC9A1ED 		.ascii	"\275\311\241\355\014\377S\230\304\\\367vb\357W\221\022"
  48      0CFF5398 
  48      C45CF776 
  48      62EF5791 
  48      12
  49 0102 427E0A4B 		.ascii	"B~\012K\223\265|L\274\031\367\253\024\360\317\370\300"
  49      93B57C4C 
  49      BC19F7AB 
  49      14F0CFF8 
  49      C0
  50 0113 B9CF7623 		.ascii	"\271\317v#\336\300\2240\260\015\363\361\016\346\253"
  50      DEC09430 
  50      B00DF3F1 
  50      0EE6AB
  51 0122 8B9E2B89 		.ascii	"\213\236+\211\251\314P\273\214\204\375)ab;6\3427\325"
  51      A9CC50BB 
  51      8C84FD29 
  51      61623B36 
  51      E237D5
  52 0135 16766008 		.ascii	"\026v`\010f\260\356\207\255i,\3154\370\252-*\030\027"
  52      66B0EE87 
  52      AD692CCD 
  52      34F8AA2D 
  52      2A1817
  53 0148 A500EC24 		.ascii	"\245\000\354$\024\022s\031\271f\0034w=\232(\206\010"
  53      14127319 
  53      B9660334 
  53      773D9A28 
  53      8608
  54 015a 9C517A2F 		.ascii	"\234Qz/\355\326T>\372\303\313\027\315\375\031\314c\311"
  54      EDD6543E 
  54      FAC3CB17 
  54      CDFD19CC 
  54      63C9
  55 016c A6B36B5A 		.ascii	"\246\263kZ\262\024\344\251\226\233\003~\315ec\027qu"
  55      B214E4A9 
  55      969B037E 
  55      CD656317 
  55      7175
  56 017e A7B9667F 		.ascii	"\247\271f\177_\237\0130\0272U\217\242\342)\340=\335"
  56      5F9F0B30 
  56      1732558F 
  56      A2E229E0 
  56      3DDD
  57 0190 D1AF3393 		.ascii	"\321\2573\223B\023\3715\327\330\374p}P\367d\003\336"
  57      4213F935 
  57      D7D8FC70 
  57      7D50F764 
ARM GAS  /tmp/cc9j8pWa.s 			page 4


  57      03DE
  58 01a2 2798298C 		.ascii	"'\230)\214\274\257\313O\027Q\305Ew\374B\206\2560\001"
  58      BCAFCB4F 
  58      1751C545 
  58      77FC4286 
  58      AE3001
  59 01b5 1F3011F0 		.ascii	"\0370\021\3608\014h*\341i\270]#;\323\026,\313\012K\031"
  59      380C682A 
  59      E169B85D 
  59      233BD316 
  59      2CCB0A4B 
  60 01ca CBFBBFB4 		.ascii	"\313\373\277\264^OZ\037\206\350\372\352Bk\233\255i\230"
  60      5E4F5A1F 
  60      86E8FAEA 
  60      426B9BAD 
  60      6998
  61 01dc E7A176D7 		.ascii	"\347\241v\327u7\003\336\357\201\017(\360\025\373\350"
  61      753703DE 
  61      EF810F28 
  61      F015FBE8 
  62 01ec 15C141D5 		.ascii	"\025\301A\325\302\034=/\357S\367T\267\241\033\016\254"
  62      C21C3D2F 
  62      EF53F754 
  62      B7A11B0E 
  62      AC
  63 01fd DFDC218F 		.ascii	"\337\334!\217\344\321Zs\203\032iq\242\336\015\244{\242"
  63      E4D15A73 
  63      831A6971 
  63      A2DE0DA4 
  63      7BA2
  64 020f 8D19D6EE 		.ascii	"\215\031\326\356\276[v7H%\341\226\301\363>UB8#+\346"
  64      BE5B7637 
  64      4825E196 
  64      C1F33E55 
  64      4238232B 
  65 0224 5A30E968 		.ascii	"Z0\351hi\323\311\264\264\254uI\323;\026\363\264=^\275"
  65      69D3C9B4 
  65      B4AC7549 
  65      D33B16F3 
  65      B43D5EBD 
  66 0238 CAD904A4 		.ascii	"\312\331\004\244\206\370\367\352\256\027v\324\203}\302"
  66      86F8F7EA 
  66      AE1776D4 
  66      837DC2
  67 0247 AB9BAD56 		.ascii	"\253\233\255Vw<\216\032;g\003PO=\250g\253\025\346\022"
  67      773C8E1A 
  67      3B670350 
  67      4F3DA867 
  67      AB15E612 
  68 025b 90B26A33 		.ascii	"\220\262j3\012\307<\330\347\2540W\271i\253I\177\300"
  68      0AC73CD8 
  68      E7AC3057 
  68      B969AB49 
  68      7FC0
  69 026d 706CA194 		.ascii	"pl\241\224\001\331\343\004UQ\226^\304\242\302BgOy\305"
  69      01D9E304 
  69      5551965E 
ARM GAS  /tmp/cc9j8pWa.s 			page 5


  69      C4A2C242 
  69      674F79C5 
  70 0281 918A0365 		.ascii	"\221\212\003eNU\265S~\270\3229^u\342d\265Svp\177q\221"
  70      4E55B553 
  70      7EB8D239 
  70      5E75E264 
  70      B5537670 
  71 0298 8EA5C535 		.ascii	"\216\245\30555|s\250\262\362X\341Q\370\003\0353\272"
  71      357C73A8 
  71      B2F258E1 
  71      51F8031D 
  71      33BA
  72 02aa 2F       		.ascii	"/"
  73              		.text
  74              		.section	.gnu.lto_hal_lld_init.5ed38cfb2d505d3d,"",%progbits
  75 0000 789C9D94 		.ascii	"x\234\235\224\313k\023Q\024\207\317\271\231IF&\230\220"
  75      CB6B1351 
  75      1487CFB9 
  75      99494626 
  75      9890
  76 0012 2094ACDC 		.ascii	" \224\254\334u\225\004[\377\003\301\205 .\352^|,Z\010"
  76      7595045B 
  76      FF03C185 
  76      202EEA5E 
  76      7C2C5A08 
  77 0026 B45817DD 		.ascii	"\264X\027\335\224N\332\010\025Dj@\020k|\200\365\025"
  77      944EDA08 
  77      15446A40 
  77      106B7C80 
  77      F515
  78 0038 9BDA5AA3 		.ascii	"\233\332Z\243i}\304\332\26765\270P\244V1\015\324M56"
  78      697DC4DA 
  78      B73635B8 
  78      50A45631 
  78      0DD44D35 
  79 004d 20E38378 		.ascii	" \343\203x\317\275)c\353\306\311@\316$3w\276\337\371"
  79      CFBD2963 
  79      EBC6C940 
  79      CE243377 
  79      BEDFF9
  80 0060 72EF5C07 		.ascii	"r\357\\\007\374{\004\370gJ\005\330\315\317\350\000d"
  80      FC7B04F8 
  80      674A05D8 
  80      CDCFE800 
  80      64
  81 0071 7D3980A8 		.ascii	"}9\200\250\306\020\351\013 t1\354\302\317\254\304\260"
  81      C610E90B 
  81      207431EC 
  81      C2CFACC4 
  81      B0
  82 0082 2F9B3CAF 		.ascii	"/\233<\257\327\017\030\206\3615>^w\262\316d\000\353"
  82      D70F1886 
  82      F1353E5E 
  82      77B2CE64 
  82      00EB
  83 0094 4C62F006 		.ascii	"Lb\360\006\326\003\037S\212\375~\243;c|\214W\336\303"
  83      D6031F53 
ARM GAS  /tmp/cc9j8pWa.s 			page 6


  83      8AFD7EA3 
  83      3B637C8C 
  83      57DEC3
  84 00a7 9BE8447E 		.ascii	"\233\350D~\036\362e\215J\245p\361W^\331\301\300d\250"
  84      1EF2658D 
  84      4AA570F1 
  84      575ED9C1 
  84      C064A8
  85 00ba 52D1A8E8 		.ascii	"R\321\250\350T\334T<T\274T|T\374T\000V8\207\232)2Fg"
  85      54DC543C 
  85      54BC547C 
  85      54FC5400 
  85      5638879A 
  86 00d2 C73B9C48 		.ascii	"\307;\234H\017\257\355\"\362wF\215\315\317\016d\266"
  86      0FAFED22 
  86      F277468D 
  86      CDCF0E64 
  86      B6
  87 00e3 AD329331 		.ascii	"\2552\2231\343J\257\241P\037\037V\026\363\232\270\004"
  87      E34AAFA1 
  87      501F1F56 
  87      16F39AB8 
  87      04
  88 00f4 F4B3FBFA 		.ascii	"\364\263\373\372\3251-\201\375h2\007\336\302\000\336"
  88      D5312D81 
  88      FD683207 
  88      DEC200DE 
  89 0104 C680B851 		.ascii	"\306\200\270Q\370q\241\250\007\223F,\252\231L\301$&"
  89      F871A1A8 
  89      0793462C 
  89      AA994CC1 
  89      2426
  90 0116 F09B50C2 		.ascii	"\360\233P\302;\030\004\236\324F16\010\203\026!\205A"
  90      3B18049E 
  90      D4463136 
  90      08831621 
  90      8541
  91 0128 EAA4DFBC 		.ascii	"\352\244\337\274&\232\303\012?<\200C\374A[`$\356]\213"
  91      269AC30A 
  91      3F3C8043 
  91      FC415B60 
  91      24EE5D8B 
  92 013c 3B2CB91B 		.ascii	";,\271\033\206\012\2774\"\231\351\374\032\312\277E\265"
  92      860ABF34 
  92      2299E9FC 
  92      1ACABF45 
  92      B5
  93 014d D1F23D81 		.ascii	"\321\362=\201\246I\302\321\332\244\357[\2044\006k4|"
  93      A649C2D1 
  93      DAA4EF5B 
  93      8434066B 
  93      347C
  94 015f 60411E72 		.ascii	"`A\036r\310\206\322\331/U%\315FC\031\301\022\353o\254"
  94      C886D2D9 
  94      2F5525CD 
  94      464319C1 
  94      12EB6FAC 
ARM GAS  /tmp/cc9j8pWa.s 			page 7


  95 0173 36A5718B 		.ascii	"6\245q\213\360\250f\245\307\026\344\311_J\371rUI\267"
  95      F0A866A5 
  95      C716E4C9 
  95      5F4AF972 
  95      5549B7
  96 0186 D1D053C1 		.ascii	"\321\320S\301r\020++\224z\312NIqK\320\\w\241\250\213"
  96      72102B2B 
  96      947ACA4E 
  96      49714BD0 
  96      5C77A1A8 
  97 019b 85C6DF3E 		.ascii	"\205\306\337>\003\001\237\311\2708\332T\237\260\222"
  97      03019FC9 
  97      B838DA54 
  97      9FB092
  98 01aa 9E6390F3 		.ascii	"\236c\220\363a\011{\262o]\204\241\341\227^\237I\261"
  98      61097BB2 
  98      6F5D84A1 
  98      E1975E9F 
  98      49B1
  99 01bc CE9F46AF 		.ascii	"\316\237F\257\301\207\253\3534e8\211\235\374euJ\275"
  99      C187ABEB 
  99      34653889 
  99      9DFC6575 
  99      4ABD
 100 01ce 49261BF3 		.ascii	"I&\033\363\330\010\235\022\241\012\205No\326\363J\320"
 100      D8089D12 
 100      A10A854E 
 100      6FD6F34A 
 100      D0
 101 01df 4C627544 		.ascii	"LbuD\021z\\m\246F\265Y+e\216\324\274\242\341\322t\\"
 101      117A5C6D 
 101      A646B559 
 101      2B658ED4 
 101      BCA2E1D2 
 102 01f5 95593EFE 		.ascii	"\225Y>\376\310\271\245d\316MA.\303\210m\331M\\\002\032"
 102      C8B9A564 
 102      CE4D412E 
 102      C3886DD9 
 102      4D5C021A 
 103 0209 3FFD7E94 		.ascii	"?\375~\224\3114\015\347y\332\213j\332\307S\203\237\266"
 103      C9340DE7 
 103      79DA8B6A 
 103      DAC75383 
 103      9FB6
 104 021b 5B692F45 		.ascii	"[i/E\232Ji\013\233\235\3742*\223*/\310)\333\011\230"
 104      9A4A690B 
 104      9B9DFC32 
 104      2A932A2F 
 104      C829DB09 
 105 0230 DBE2F4BF 		.ascii	"\333\342\364\277)\213V\312+r\362\3032F\263\227\367\211"
 105      298B56CA 
 105      2B72F2C3 
 105      3246B397 
 105      F789
 106 0242 E902DA3E 		.ascii	"\351\002\332>\221\266M\276\012\033B\241\360\236\346"
 106      91B64DBE 
 106      0A1B42A1 
ARM GAS  /tmp/cc9j8pWa.s 			page 8


 106      F09EE6
 107 0251 96232D07 		.ascii	"\226#-\007\232\302\255\355\341\346\303\221p[\353\361"
 107      9AC2ADED 
 107      E1E6C391 
 107      705BEBF1 
 108 0261 13EDE1A6 		.ascii	"\023\355\341\246\203\373\033\033d\335\333\330\321Aw"
 108      83FB1B1B 
 108      64DDDBD8 
 108      D14177
 109 0270 0E4522C7 		.ascii	"\016E\"\307BG\341\017\336\254\372\242"
 109      4247E10F 
 109      DEACFAA2 
 110              		.text
 111              		.section	.gnu.lto_stm32_clock_init.5ed38cfb2d505d3d,"",%progbits
 112 0000 789C9D56 		.ascii	"x\234\235V\337O\\E\030\235o\366\356\356\335\337\313"
 112      DF4F5C45 
 112      189D6FF6 
 112      EEEEDDDF 
 112      CB
 113 0011 2E50020F 		.ascii	".P\002\017%mJ\013\0210\255\377\300j\342\233\372P\337"
 113      256D4A0B 
 113      1130ADFF 
 113      C06AE29B 
 113      FA50DF
 114 0024 8D3F62DA 		.ascii	"\215?b\332\204\244\306\366\241o\275\374(\221\204hS\243"
 114      84A4C6F6 
 114      A16FBDFC 
 114      28918468 
 114      53A3
 115 0036 A96D68DA 		.ascii	"\251mh\332\304\266*\255\005T\224bu\305\012H\005\012"
 115      C4B62AAD 
 115      05549462 
 115      75C50A48 
 115      050A
 116 0048 2DA5A082 		.ascii	"-\245\240\202\262\254\202E\273\013\010]\025\327\371"
 116      B2AC8245 
 116      BB0B085D 
 116      15D7F9
 117 0057 66E6EE2C 		.ascii	"f\346\356,Kbv\227\207s\227\371&g\316\234\357\314\334"
 117      4B627697 
 117      877397F9 
 117      2667CE9C 
 117      EFCCDC
 118 006a 6B215BFF 		.ascii	"k![\377\212\201\220KnB\036c\277\241\210\000=1BH\275"
 118      8A81904B 
 118      6E421E63 
 118      BFA18800 
 118      3D314248 
 119 007f 4EC1227E 		.ascii	"N\301\"~Xha\353\000!\206Sk\262\023\303](\306C\032XE"
 119      586861EB 
 119      00218653 
 119      6BB213C3 
 119      5D28C643 
 120 0096 DD4A83A2 		.ascii	"\335J\203\242n\343\365\240\030\017\331\300.\352v\032"
 120      6EE3F5A0 
 120      180FD9C0 
 120      2EEA761A 
ARM GAS  /tmp/cc9j8pWa.s 			page 9


 121 00a6 10759DD7 		.ascii	"\020u\235\327\003b<\244\203C\324\035\264@\324\235\274"
 121      03623CA4 
 121      8343D41D 
 121      B440D49D 
 121      BC
 122 00b7 5E20C643 		.ascii	"^ \306CNp\211\272\213\372E\335\315\353~1\036r\203G\324"
 122      4E7089BA 
 122      8BFA45DD 
 122      CDEB7E31 
 122      1E728347 
 123 00cc 3DD427EA 		.ascii	"=\324'\352^^\367\211\361\220\027\000\237\004\3101j)"
 123      5E5EF789 
 123      F1901700 
 123      9F04C831 
 123      6A29
 124 00de D4AC419B 		.ascii	"\324\254A\233=\240;\012\234.\277\333\343\363\3021\273"
 124      3DA03B0A 
 124      9C2EBFDB 
 124      E3F3C231 
 124      BB
 125 00ef 456CDF2A 		.ascii	"El\337*\036v\361p\210\207K<<\342\261H\343\024N\204\333"
 125      1E76F170 
 125      88874B3C 
 125      3CE2B148 
 125      E3144E84 
 126 0104 4FB9765F 		.ascii	"O\271v_0\014#\3260Qr\274$A\011Y\241b\002\\\202\335\204"
 126      300C23D6 
 126      305172BC 
 126      24410959 
 126      A162025C 
 127 011b CD89376D 		.ascii	"\315\2117mL\272lMl\216_\324\340=\2601{\311\325@\330"
 127      4CBA6C4D 
 127      6C8E5FD4 
 127      E03DB031 
 127      7BC9D540 
 128 0130 48262367 		.ascii	"H&#g[\327\265G(I0o\021\254\0106\004;\202\216\340Dp#"
 128      5BD7B547 
 128      2849306F 
 128      11AC0836 
 128      043B828E 
 129 0148 7810BC08 		.ascii	"x\020\274\010>\204\000B\020\241\010\241\030a\033B\011"
 129      3E840042 
 129      10A108A1 
 129      18611B42 
 129      09
 130 0159 42294219 		.ascii	"B)B\031\302v\204r\204\035\010;\021v!T \354A\250D\250"
 130      C2768472 
 130      841D083B 
 130      11762154 
 130      20EC41A8 
 131 016f 4220649E 		.ascii	"B d\236\311d\276E)e\017\3134\364u\307\357vYP\367:\305"
 131      C964BE45 
 131      29650FCB 
 131      34F475C7 
 131      EF765950 
 132 0186 6D0F0D5E 		.ascii	"m\017\015^\350q,\320\004\245\306\271\327\014\015w9;"
 132      E8712CD0 
ARM GAS  /tmp/cc9j8pWa.s 			page 10


 132      04A5C6B9 
 132      D70C0D77 
 132      393B
 133 0198 3F3AA6F3 		.ascii	"?:\246\363!\202\3776\\<\177Mo\2033\220\240\026x\037"
 133      2182FF36 
 133      5C3C7F4D 
 133      6F833390 
 133      A016781F 
 134 01ac 4AE103A6 		.ascii	"J\341\003\246\006\013\221\277NG]\325\355FS\275\236\240"
 134      060B91BF 
 134      4E475DD5 
 134      ED4653BD 
 134      9EA0
 135 01be 1AB4431B 		.ascii	"\032\264C\033,s\303\3402T\223ih\\\265\211u,b\251\201"
 135      2C73C3E0 
 135      32549369 
 135      685CB589 
 135      752C62A9 
 136 01d3 B6852E0D 		.ascii	"\266\205.\015y\001\010\\a$L\315I\300)9\254\362\241Z"
 136      7901085C 
 136      61244CCD 
 136      49C02939 
 136      ACF2A15A 
 137 01e7 E52A5433 		.ascii	"\345*T3n\366+\312\220e\201\357\256srY\356\316\232\025"
 137      6EF62BCA 
 137      906581EF 
 137      AE737259 
 137      EECE9A15 
 138 01fb 2B206987 		.ascii	"+ i\207\"\355\024\322\0376\317SA#\231NOFW-\\<%\320\305"
 138      22ED14D2 
 138      1F36CF53 
 138      4123994E 
 138      4F46572D 
 139 0214 5826A0E9 		.ascii	"X&\240\351^\343\313r\016\233P\177\261\267\325\316'0"
 139      5EE3CB72 
 139      0E9B507F 
 139      B1B7D5CE 
 139      2730
 140 0226 968F7019 		.ascii	"\226\217p\031\202\356\027\022\026^\210R\315\264\277"
 140      82EE1712 
 140      165E8852 
 140      CDB4BF
 141 0235 73665C0A 		.ascii	"sf\\\012\264\347\260\355\217\271B\214\032|\"\025Jsu"
 141      B4E7B0ED 
 141      8FB9428C 
 141      1A7C2215 
 141      4A7375
 142 0248 41141D69 		.ascii	"A\024\035ih\361\360\345\377I&\223>\002\335y\032\374"
 142      68F1F0E5 
 142      FF492693 
 142      3E02DD79 
 142      1AFC
 143 025a A95AE933 		.ascii	"\251Z\35134XG\226\356\261\031i\2073\007\252\036Eu\215"
 143      34584796 
 143      EEB11969 
 143      873307AA 
 143      1E45758D 
ARM GAS  /tmp/cc9j8pWa.s 			page 11


 144 026e 8BCE5D4D 		.ascii	"\213\316]M\257\242\370\034\3258y\273\255\252\335\263"
 144      AFA2F81C 
 144      D53879BB 
 144      ADAADDB3 
 145 027e 73D24D77 		.ascii	"s\322Mw\366\355\276\256H\2770\333\275$\367\347\021L"
 145      F6EDBEAE 
 145      48BF30DB 
 145      BD24F7E7 
 145      114C
 146 0290 EBC7632D 		.ascii	"\353\307c-Nn\247\233\300\227\242\335Sf\273=i\375\015"
 146      4E6EA79B 
 146      C097A2DD 
 146      5366BB3D 
 146      69FD0D
 147 02a3 CAFEDA52 		.ascii	"\312\376\332R\375\215\232\307\313\233\303>\303*\201"
 147      FD8D9AC7 
 147      CB9BC33E 
 147      C32A81
 148 02b2 5F6DEEAF 		.ascii	"_m\356\257O\020umt\274\351\342\202\022\354\364\364\345"
 148      4F10756D 
 148      74BCE9E2 
 148      8212ECF4 
 148      F4E5
 149 02c4 D9DCAFD5 		.ascii	"\331\334\257\32527\320N\037\262\304bQ\021\3114\242z"
 149      3237D04E 
 149      1FB2C462 
 149      5111C934 
 149      A27A
 150 02d6 C308DBFE 		.ascii	"\303\010\333\376\337\305o\224\213\375P\235~ohlh@(\354"
 150      DFC56F94 
 150      8BFD509D 
 150      7E6F686C 
 150      684028EC 
 151 02ea 8E2F9976 		.ascii	"\216/\231v\004r\3209\250t~\273\371.\011\012\242\363"
 151      0472D039 
 151      A8747EBB 
 151      F92E090A 
 151      A2F3
 152 02fc 6786AFBB 		.ascii	"g\206\257\273\271\035\206QH`(O?n\252u\276C?\202<^v\025"
 152      B91D8651 
 152      4860284F 
 152      3F6EAA75 
 152      BE433F82 
 153 0314 AF07E66D 		.ascii	"\257\007\346mR\224}\274\206\025\351H\346mR,\230\316"
 153      52947DBC 
 153      8615E948 
 153      E66D522C 
 153      98CE
 154 0326 3EBCD2A0 		.ascii	">\274\322\240I\371:\201\321\214\373\2448-`\001\0310"
 154      49F93A81 
 154      D18CFBA4 
 154      382D6001 
 154      1930
 155 0338 3D15B0B5 		.ascii	"=\025\260\265>\251i[\016;\275\305E\361w\326\330fGK\030"
 155      3EA9695B 
 155      0E3BBDC5 
 155      45F177D6 
ARM GAS  /tmp/cc9j8pWa.s 			page 12


 155      D866474B 
 156 034d 51DED7F1 		.ascii	"Q\336\327\361\270\242\275\215\006\226p\003\035)\003"
 156      B8A2BD8D 
 156      06967003 
 156      1D2903
 157 035c E36BE6F9 		.ascii	"\343k\346\371,\315\336\300;\212t\"\323\3002\306\264"
 157      2CCDDEC0 
 157      3B8A7422 
 157      D3C032C6 
 157      B4
 158 036d E5FE2D4B 		.ascii	"\345\376-K\363\253@\372\345\224~\305:6\346\362H\367"
 158      F3AB40FA 
 158      E5947EC5 
 158      3A36E6F2 
 158      48F7
 159 037f 5D95EE49 		.ascii	"]\225\356I\236\356\327\317\375\335\313/X\315\030<B\340"
 159      9EEED7CF 
 159      FDDDCB2F 
 159      58CD183C 
 159      42E0
 160 0391 9E302C16 		.ascii	"\2360,\026\3737\037\366)\316\216\357.\230\346\354S\267"
 160      FB371FF6 
 160      29CE8EEF 
 160      2E98E6EC 
 160      53B7
 161 03a3 4E89D78B 		.ascii	"N\211\327\213f<N\340{I\336\221\314\207\374\007N\256"
 161      663C4EE0 
 161      7B49DE91 
 161      CC87FC07 
 161      4EAE
 162 03b5 21F98F9C 		.ascii	"!\371\217\234|\356\215\306i\376\216\327\036%0#\017f"
 162      7CEE8DC6 
 162      69FE8ED7 
 162      1E253023 
 162      0F66
 163 03c7 67FF6DD9 		.ascii	"g\377m\331\231\3559\364{Ve\373\247\3151*\027D'{\246"
 163      99ED39F4 
 163      7B5665FB 
 163      A7CD312A 
 163      1744277B 
 164 03dc 5A9D32D9 		.ascii	"Z\2352\331\030\355\237\363\014\326\234Z(\202\301*\347"
 164      18ED9FF3 
 164      0CD69C5A 
 164      2882C12A 
 164      E7
 165 03ed C172A960 		.ascii	"\301r\251`\365\257H\371;\262\017\326\274\"\215f\006"
 165      F5AF48F9 
 165      3BB20FD6 
 165      BC228D66 
 165      06
 166 03fe 6BA7606A 		.ascii	"k\247`j\036]X\264\230\372\375\004~\311\210\332\316\264"
 166      1E5D58B4 
 166      98FAFD04 
 166      7EC988DA 
 166      CEB4
 167 0410 A8F965D4 		.ascii	"\250\371e\324\334\251\250\015G\314~m\264\3647\363\023"
 167      DCA9A80D 
ARM GAS  /tmp/cc9j8pWa.s 			page 13


 167      47CC7E6D 
 167      B4F437F3 
 167      13
 168 0421 6E35C299 		.ascii	"n5\302\231\337UV.m`\374~\247Wv\224}m\332\340W\246{A"
 168      DF55562E 
 168      6D60FC7E 
 168      A7577694 
 168      7D6DDAE0 
 169 0439 EA5E6EEC 		.ascii	"\352^n\354\332\200\224\356E\256\033\277d\3417\336\321"
 169      DA8094EE 
 169      45AE1BBF 
 169      64E137DE 
 169      D1
 170 044a A1C8CD77 		.ascii	"\241\310\315w\200w4@\340\276y\325\216\232\035\335\225"
 170      80773440 
 170      E0BE79D5 
 170      8E9A1DDD 
 170      95
 171 045b 83D14B2A 		.ascii	"\203\321K*\350\277o\356h\005#\342G-\237\376\375\241"
 171      E8BF6FEE 
 171      680523E2 
 171      472D9FFE 
 171      FDA1
 172 046d 681F60FF 		.ascii	"h\037`\377*x\377<\352f\275\023\221b\367d\337\277\230"
 172      2A78FF3C 
 172      EA66BD13 
 172      9162F764 
 172      DFBF98
 173 0480 228D67BE 		.ascii	"\"\215g\276\270+\031\323\2267u%\243x\367\255\267/[y"
 173      B82B19D3 
 173      96377525 
 173      A378F7AD 
 173      B72F5B79 
 174 0494 47591C97 		.ascii	"GY\034\227S\315\363\311\346yS\367\352\244\251\250*\207"
 174      53CDF3C9 
 174      E67953F7 
 174      EAA4A9A8 
 174      2A87
 175 04a6 7DAEA8C3 		.ascii	"}\256\250\303\266\232\3477\316\237\212b\015\255\252"
 175      B69AE737 
 175      CE9F8A62 
 175      0DADAA
 176 04b5 2233501F 		.ascii	"\"3P\037\216?\2154B+0\215,\266{kjj\2378p\360\205\203"
 176      8E3F8D34 
 176      422B308D 
 176      2CB67B6B 
 176      6A6A9F38 
 177 04cd CFECAF3D 		.ascii	"\317\354\257=t\270\366\300\363u\265\257\034z\365\310"
 177      74B8F6C0 
 177      F375B5AF 
 177      1C7AF5C8 
 178 04dd E1DAFDCF 		.ascii	"\341\332\375\317>\265o\257\300'\367\035=\212\225\347"
 178      3EB56FAF 
 178      C027F71D 
 178      3D8A95E7 
 179 04ed EAEA5EAA 		.ascii	"\352\352^\252y\221\374\007#Xh\223"
 179      7991FC07 
ARM GAS  /tmp/cc9j8pWa.s 			page 14


 179      23586893 
 180              		.text
 181              		.section	.gnu.lto_.symbol_nodes.5ed38cfb2d505d3d,"",%progbits
 182 0000 789C6366 		.ascii	"x\234cf``pc\200\002\246~\246z\006\206\011\347\030\030"
 182      60607063 
 182      8002A67E 
 182      A67A0686 
 182      09E71818 
 183 0014 EAEB19E6 		.ascii	"\352\353\031\346.\350\340a`\232\300T\317\010\023\231"
 183      2EE8E061 
 183      609AC054 
 183      CF081399 
 184 0024 B7808381 		.ascii	"\267\200\203\201i\"S=\023\262\000k\037\023\303B\240"
 184      6922533D 
 184      13B2006B 
 184      1F13C342 
 184      A0
 185 0035 36664606 		.ascii	"6fF\006\206E\355o\344\031\000\264l\022\346"
 185      8645ED6F 
 185      E41900B4 
 185      6C12E6
 186              		.text
 187              		.section	.gnu.lto_.refs.5ed38cfb2d505d3d,"",%progbits
 188 0000 789C6366 		.ascii	"x\234cf```d\200\002\000\000=\000\005"
 188      60606064 
 188      80020000 
 188      3D0005
 189              		.text
 190              		.section	.gnu.lto_.decls.5ed38cfb2d505d3d,"",%progbits
 191 0000 789CAD56 		.ascii	"x\234\255VkP\024W\026\356\333w\030\206a\004K*\217\242"
 191      6B501457 
 191      16EEDB77 
 191      18866104 
 191      4B2A8FA2 
 192 0014 521543B6 		.ascii	"R\025C\266\250T*0\012\376\330\335?\253\014\030\335l"
 192      A8542A30 
 192      0AFED8DD 
 192      3FAB0C18 
 192      DD6C
 193 0026 223543E2 		.ascii	"\"5C\342\246\366\307\024\016\343:\025\036\256\014U\344"
 193      A6F6C714 
 193      0EE33A15 
 193      1EAE0C55 
 193      E4
 194 0037 CF560B18 		.ascii	"\317V\013\030\001\011(\276\000QA  \362R\003F!8\001\037"
 194      010928BE 
 194      00514120 
 194      20F25203 
 194      46213801 
 195 004c A0480C6A 		.ascii	"\240H\014j\010\254\021\344!(\210\030EeEf\317\275wzz"
 195      08AC11E4 
 195      21288818 
 195      45654566 
 195      CFBD777A 
 196 0061 A699B85B 		.ascii	"\246\231\270[\273\333U\337t\237\276\337\371\356\351"
 196      BBDB55DF 
 196      749FBEDF 
ARM GAS  /tmp/cc9j8pWa.s 			page 15


 196      F9EEE9
 197 0070 73CF3D77 		.ascii	"s\317=w0\307q\277E\034g\207\253\337\217\343\"y\216S"
 197      30C771BF 
 197      451C6787 
 197      ABDF8FE3 
 197      22798E53 
 198 0084 C0BB684E 		.ascii	"\300\273hN\2720\240\006P\007h\000\000\235k\341\334/"
 198      BA30A006 
 198      50076800 
 198      009D6BE1 
 198      DC2F
 199 0096 32EEEDF0 		.ascii	"2\356\355\360{\013\320\011\270\010\260\001\246\000\223"
 199      7B0BD009 
 199      B808B001 
 199      A60093
 200 00a5 0090E6DA 		.ascii	"\000\220\346\332\001#\016\215\032n\341E\346\360q\321"
 200      01230E8D 
 200      1A6EE145 
 200      E6F071D1 
 201 00b5 117D89CE 		.ascii	"\021}\211\316\003\300Q\022\0178\363\000%<\217\001\206"
 201      03C05112 
 201      0F38F300 
 201      253C8F01 
 201      86
 202 00c6 01438071 		.ascii	"\001C\200q\300\004`\3161W\335\257\314\321 \213\325u"
 202      C00460CE 
 202      3157DDAF 
 202      CCD1208B 
 202      D575
 203 00d8 8E374037 		.ascii	"\2167@7\320\241\3753\340\026\3406`\000p\027\360\012"
 203      D0A1FD33 
 203      E016E036 
 203      60007017 
 203      F00A
 204 00ea 62B13778 		.ascii	"b\2617x\320}\310\243\323u\217\257\370\216\363\310O\275"
 204      D07DC8A3 
 204      D3758FAF 
 204      F88EF3C8 
 204      4FBD
 205 00fc 949867F2 		.ascii	"\224\230g\362;\012\224`j\324\012b6?\037\272\256xm\257"
 205      3B0A9460 
 205      6AD40A62 
 205      363F1FBA 
 205      AE786DAF 
 206 0110 00D7CE74 		.ascii	"\000\327\316ta\261\002E\277\212*Q \252B\201\240z\024"
 206      61B10245 
 206      BF8A2A51 
 206      20AA4281 
 206      A07A14
 207 0123 BD06BF7F 		.ascii	"\275\006\277\177Q0\245\303'.M(0|&<\227\025\334\276\256"
 207      5130A5C3 
 207      272E4D28 
 207      307C263C 
 207      9715DCBE 
 208 0138 7EAF1ADC 		.ascii	"~\257\032\3342\005\3338\226\246+\355\331V\267h\351!"
 208      3205DB38 
 208      96A62BED 
ARM GAS  /tmp/cc9j8pWa.s 			page 16


 208      D956B768 
 208      E921
 209 014a C1D630DD 		.ascii	"\301\3260\335u3\245P(I\023\346\355vD\265P5\302\350\030"
 209      7533A550 
 209      284913E6 
 209      ED7644B5 
 209      5035C2E8 
 210 015f 7A8F50C9 		.ascii	"z\217P\3113\365A5h)\370\345\355\274\177\012\341\365"
 210      33F54135 
 210      6829F8E5 
 210      EDBC7F0A 
 210      E1F5
 211 0171 54BCB722 		.ascii	"T\274\267\"g\253\0064J\032\006\373\332\315\266\014a"
 211      67AB0634 
 211      4A1A06FB 
 211      DACDB60C 
 211      61
 212 0182 CE6EC74C 		.ascii	"\316n\307L\241\326E\241VT\250\243\012\225\225?\326z"
 212      A1D645A1 
 212      5654A8A3 
 212      0A95953F 
 212      D67A
 213 0194 E138AAF0 		.ascii	"\3418\252\360\213m\240\037S\205\222\252\012e\207`\263"
 213      8B6DA01F 
 213      538592AA 
 213      0A658760 
 213      B3
 214 01a5 DBFF40FD 		.ascii	"\333\377@\375\353]\374\353E\377\006\352\177\266\365"
 214      EB5DFCEB 
 214      45FF06EA 
 214      7FB6F5
 215 01b4 D905354E 		.ascii	"\331\0055N\241\3769\231\203\235j\374w\372\274\365\253"
 215      A1FE3999 
 215      839D6AFC 
 215      77FABCF5 
 215      AB
 216 01c5 E61C6FC8 		.ascii	"\346\034o\310\330[j\372\201\003\007f\313}\250I\012\324"
 216      D85B6AFA 
 216      81030766 
 216      CB7DA849 
 216      0AD4
 217 01d7 1F5EF11D 		.ascii	"\037^\361\035w\2042?\024\254.\207tL\027V\014\255I\027"
 217      7784323F 
 217      14AC2E87 
 217      744C1756 
 217      0CAD4917 
 218 01eb 56A226A4 		.ascii	"V\242&\244F'\234\263Qore\012B\032I\265O\207\037\347"
 218      46279CB3 
 218      516F7265 
 218      0A421A49 
 218      B54F871F 
 219 0200 CC346A44 		.ascii	"\3144jD\301\300\240\\t\022^~\015/A\370\374\\k\206\027"
 219      C1C0A05C 
 219      74125E7E 
 219      0D2F41F8 
 219      FC5C6B86 
 220 0215 52077B76 		.ascii	"R\007{v\372\306\203\023\015\241\265r\377\253\202\240"
ARM GAS  /tmp/cc9j8pWa.s 			page 17


 220      FAC68313 
 220      0DA1B572 
 220      FFAB82A0 
 221 0225 40A72084 		.ascii	"@\247 \204\343R\010\020\221s\231F'\217\365\250q\031"
 221      E3520810 
 221      91739946 
 221      278FF5A8 
 221      7119
 222 0237 5BCC0B8F 		.ascii	"[\314\013\217\233\263\224o\236\344\017\012*:\330\335"
 222      9BB3946F 
 222      9EE40F0A 
 222      2A3AD8DD 
 223 0247 9875DA1F 		.ascii	"\230u\332\037>\021\374\205s\325A4\2413U\333\325o\227"
 223      3E11FC85 
 223      73D54134 
 223      A13355DB 
 223      D56F97
 224 025a 0A2547A6 		.ascii	"\012%G\246\273\016Y\350\262\012$\247t\216\323l\016\227"
 224      BB0E59E8 
 224      B20A24A7 
 224      748ED36C 
 224      0E97
 225 026c C2216FCE 		.ascii	"\302!o\316\24079\324L\002mAo\203\304\211\262\212&\037"
 225      A03739D4 
 225      4C026D41 
 225      6F83C489 
 225      B28A261F 
 226 0280 5A882B89 		.ascii	"Z\210+\211b\371\336}5^\264\020U\304\234l/\234\305\270"
 226      62F9DE7D 
 226      355EB410 
 226      55C49C6C 
 226      2F9CC5B8 
 227 0294 930574BF 		.ascii	"\223\005t\277\255<U\015\037\235\376\237}4x\244]\235"
 227      AD3C550D 
 227      1F9DFE9F 
 227      7D3478A4 
 227      5D9D
 228 02a6 1CF6C737 		.ascii	"\034\366\3077\230\373\331\013\335G|\360O\324P\330\347"
 228      98FBD90B 
 228      DD477CF0 
 228      4FD450D8 
 228      E7
 229 02b7 B6F6F8A2 		.ascii	"\266\366\370\242\240\240\200\340\022!#}\272e\307\363"
 229      A0A080E0 
 229      1221237D 
 229      BA65C7F3 
 230 02c7 0FF2D385 		.ascii	"\017\362\323\205\362\327\221\015\"\377\016\342<\217"
 230      F2D7910D 
 230      22FF0EE2 
 230      3C8F
 231 02d5 0224F977 		.ascii	"\002$\371wH\364\357\302\017G\330%\367\353\225\035\313"
 231      48F4EFC2 
 231      0F47D825 
 231      F7EB951D 
 231      CB
 232 02e6 28B3CD23 		.ascii	"(\263\315#\263\222|-\267\213n\237\022a\245\225C\337"
 232      B3927C2D 
ARM GAS  /tmp/cc9j8pWa.s 			page 18


 232      B78B6E9F 
 232      1261A595 
 232      43DF
 233 02f8 C2782BCD 		.ascii	"\302x+\315\001a\223\254\\\200\210\333Q\020:\207\202"
 233      016193AC 
 233      5C8088DB 
 233      51103A87 
 233      82
 234 0309 68F6C912 		.ascii	"h\366\311\022\015\336\253W\012\210P8\261\034\305\245"
 234      0DDEAB57 
 234      0A885038 
 234      B11CC5A5 
 235 0319 E1EF14CD 		.ascii	"\341\357\024\315\346\252Q@\260'U\324\001b/\025\236J"
 235      E6AA5140 
 235      B02755D4 
 235      01622F15 
 235      9E4A
 236 032b 52A18B40 		.ascii	"R\241\213@8+\255;\231E\\\367\341\357zj\224\232l\251"
 236      382BAD3B 
 236      99455CF7 
 236      E1EF7A6A 
 236      949A6CA9 
 237 033f 9E28595A 		.ascii	"\236(YZ\270N\244\241[\002\356\300\356*,/\327\320%+\301"
 237      B84EA4A1 
 237      5B02EEC0 
 237      EE2A2C2F 
 237      D7D0252B 
 238 0354 C4DBDED4 		.ascii	"\304\333\336\324{\033\3215[A\314\242\356\336,/\274\037"
 238      7B1BD135 
 238      5B41CCA2 
 238      EEDE2C2F 
 238      BC1F
 239 0366 D3A40B79 		.ascii	"\323\244\013yc\031\030\2271#+?}L\205\253\230q\255jg"
 239      63191897 
 239      31232B3F 
 239      7D4C85AB 
 239      9871AD6A 
 240 037b A60AD730 		.ascii	"\246\012\3270c\266{\254\021\343Ff\\\036z\366HC\365\026"
 240      63B67BAC 
 240      11E34666 
 240      5C1E7AF6 
 240      4843F516 
 241 038f 13B3316F 		.ascii	"\023\2631o\354\260\002\267\262\261\363\275_\334U\342"
 241      ECB002B7 
 241      B2B1F3BD 
 241      5FDC55E2 
 242 039f F3CC287C 		.ascii	"\363\314(|\332u\301\237\022_'f_\345\366\335*|\205\215"
 242      DA75C19F 
 242      125F2766 
 242      5FE5F6DD 
 242      2A7C858D 
 243 03b3 EDAAD8F3 		.ascii	"\355\252\330\363\005\217o0C\354v\032\326\355ff\362\322"
 243      058F6F30 
 243      43EC761A 
 243      D6ED6666 
 243      F2D2
 244 03c5 78DCCFC6 		.ascii	"x\334\317\306\252\206\272\363\027\321\261w\210\331Y"
ARM GAS  /tmp/cc9j8pWa.s 			page 19


 244      AA86BAF3 
 244      17D1B177 
 244      88D959
 245 03d4 7E60D60F 		.ascii	"~`\326\017\017\261\261'c\337\333\020\036g\306\300\323"
 245      0FB1B127 
 245      63DFDB10 
 245      1E67C6C0 
 245      D3
 246 03e5 81366F4A 		.ascii	"\2016oJ\\\006\246\377\354\304H\217\017T\020\273\002"
 246      5C06A6FF 
 246      ECC4488F 
 246      0F5410BB 
 246      02
 247 03f6 C84F7010 		.ascii	"\310Op\020)\217\301\027\365\2274\202\243@H)\215\276"
 247      298FC117 
 247      F5973482 
 247      A3404829 
 247      8DBE
 248 0408 A494E69D 		.ascii	"\244\224\346\235\245t\305#\223\225\022\245\026\034\217"
 248      A574C523 
 248      939512A5 
 248      161C8F
 249 0417 B36560CA 		.ascii	"\263e`\312\355\227s\373\220\214\234-\221{\344\344\037"
 249      ED9773FB 
 249      908C9C2D 
 249      917BE4E4 
 249      1F
 250 0428 E4E45C89 		.ascii	"\344\344\\\211\334&'\367\312\311\231\022\371{9\271U"
 250      DC2627F7 
 250      CAC99912 
 250      F97B39B9 
 250      55
 251 0439 4ECE92C8 		.ascii	"N\316\222\310W=\207!\245\342K\211\373\243\347(\336\225"
 251      573D8721 
 251      A5E24B89 
 251      FBA3E728 
 251      DE95
 252 044b B6954037 		.ascii	"\266\225@7\300%\030\277L\207F\035\325\177\017\252\377"
 252      C02518BF 
 252      4C87461D 
 252      D57F0FAA 
 252      FF
 253 045c 67A8FE5B 		.ascii	"g\250\376[\200;\200!\3000`\0200\001\030\007\214\000"
 253      803B8021 
 253      C0306010 
 253      30011807 
 253      8C00
 254 046e 6E03C600 		.ascii	"n\003\306\000\003\200\273\216\235B\243\260;\027\244"
 254      0380BB8E 
 254      9D42A3B0 
 254      3B17A4
 255 047d DBF3D749 		.ascii	"\333\363\327I\001\347I\001\377\344yA$n\216\304\275!"
 255      01E74901 
 255      FFE47941 
 255      246E8EC4 
 255      BD21
 256 048f E75E9767 		.ascii	"\347^\227g\255P\"\377CN\276)\011\323\235\375\234\266"
ARM GAS  /tmp/cc9j8pWa.s 			page 20


 256      AD5022FF 
 256      434EBE29 
 256      09D39DFD 
 256      9CB6
 257 04a1 8CD1052D 		.ascii	"\214\321\005-\203V\342\216\343\345\010\272r\033\242"
 257      8356E28E 
 257      E3E508BA 
 257      721BA2
 258 04b0 5AD73C4F 		.ascii	"Z\327<OL\265\240\303\034\351o?\205\235\035\306=\301"
 258      4CB5A0C3 
 258      1CE96F3F 
 258      859D1DC6 
 258      3DC1
 259 04c2 E83EE4F5 		.ascii	"\350>\344\365\377\221c\032s\321q\015\304<\011r]R?\032"
 259      FF91631A 
 259      73D1710D 
 259      C43C0972 
 259      5D523F1A 
 260 04d6 75E947F6 		.ascii	"u\351G\366\322\236O\334\332\321\244[;\232r\264\243)"
 260      D29E4FDC 
 260      DAD1A45B 
 260      3B9A72B4 
 260      A329
 261 04e8 DA8E6E15 		.ascii	"\332\216n\025\330\262\025nlr\244K\354\007H#\316\361"
 261      D8B2156E 
 261      6C72A44B 
 261      EC074823 
 261      CEF1
 262 04fa 803A343F 		.ascii	"\200:4?k\252\364\243\375k\220n\354\023-\3433\254\215"
 262      6BAAF4A3 
 262      FD6B906E 
 262      EC132DE3 
 262      33AC8D
 263 050d BC41CC3B 		.ascii	"\274A\314;\323\247K\025x\212m\372\276\313mW\225\370"
 263      D3A74B15 
 263      788A6DFA 
 263      BECB6D57 
 263      95F8
 264 051f 0533CE3C 		.ascii	"\0053\316<\334\361X\205\323\025\324\330\333R\234\317"
 264      DCF15885 
 264      D315D4D8 
 264      DB529CCF 
 265 052f 0E2E81DA 		.ascii	"\016.\201\332\271u\345\217\230\012m\212U\2457\27309"
 265      B975E58F 
 265      980A6D8A 
 265      55A537BB 
 265      3039
 266 0541 AD04312A 		.ascii	"\255\0041*\215\332%\250\247\344\324\205-\216\236\260"
 266      8DDA25A8 
 266      A7E4D485 
 266      2D8E9EB0 
 267 0551 93EAE0C4 		.ascii	"\223\352\340\304\325j\377%;\035\251_j\245'\350\014\320"
 267      D56AFF25 
 267      3B1DA95F 
 267      6AA527E8 
 267      0CD0
 268 0563 D92E7986 		.ascii	"\331.y\206\226\210N\204\275\377F\325\264\267+\333\366"
ARM GAS  /tmp/cc9j8pWa.s 			page 21


 268      96884E84 
 268      BDFF46D5 
 268      B4B72BDB 
 268      F6
 269 0574 32F6B5BA 		.ascii	"2\366\265\272\331i\025\336N\303Vf7\036\276\350O\332"
 269      D96915DE 
 269      4EC35666 
 269      371EBEE8 
 269      4FDA
 270 0586 5600ED56 		.ascii	"V\000\355V[\007\213\352\377H\232\325,Z\202\376\011\253"
 270      5B078BEA 
 270      FF489AD5 
 270      2C5A82FE 
 270      09AB
 271 0598 310F9916 		.ascii	"1\017\231\026\225\026T|\201ss<rP\177\255\257\025:\231"
 271      9516547C 
 271      8173733C 
 271      72507FAD 
 271      AF153A99 
 272 05ac 8F3D325D 		.ascii	"\217=2]\217HVj\3230\376\220\3167\357\2503;\324\331\034"
 272      8F48566A 
 272      D330FE90 
 272      CE37EFA8 
 272      333BD4D9 
 273 05c1 D4CE0BC0 		.ascii	"\324\316\013\300s\200\300\273\324P.\255\373y\317u\177"
 273      7380C0BB 
 273      D4502EAD 
 273      FB79CF75 
 273      7F
 274 05d2 C0A503F7 		.ascii	"\300\245\003\367\313\347w\257\3723\373\204n\036\005"
 274      CBE777AF 
 274      FA33FB84 
 274      6E1E05
 275 05e1 0750D162 		.ascii	"\007P\321b8&\323\370\000\364\213T\226\363bYz\212\025"
 275      3826D3F8 
 275      00F48B54 
 275      96F36259 
 275      7A8A15
 276 05f4 6DE583FF 		.ascii	"m\345\203\377m\270\260\002\337\026\325\245\363n%Jf\221"
 276      6DB8B002 
 276      DF16D5A5 
 276      F36E254A 
 276      6691
 277 0606 AA010669 		.ascii	"\252\001\006iA\303\235\374\361\272\362\303\010b\347"
 277      41C39DFC 
 277      F1BAF2C3 
 277      0862E7
 278 0615 2B4FFF3C 		.ascii	"+O\377<\017_\272\314N\257\337\320?5\266mOx\234\313\252"
 278      0F5FBACC 
 278      4EAFDFD0 
 278      3F35B66D 
 278      4F789CCB 
 279 062a 703CB720 		.ascii	"p<\267 }\021.fF[\307\356z_\\\302\214\276K\367*\225\270"
 279      7D112E66 
 279      465BC7EE 
 279      7A5F5CC2 
 279      8CBE4BF7 
ARM GAS  /tmp/cc9j8pWa.s 			page 22


 280 0641 82195FED 		.ascii	"\202\031_\355y\232\345\217k\2311X\334\035\213\033\330"
 280      799AE58F 
 280      6B993158 
 280      DC1D8B1B 
 280      D8
 281 0652 F354EBD4 		.ascii	"\363T\353\324\274\017>\311\214\271\374\331^\036\267"
 281      BC0F3EC9 
 281      8CB9FCD9 
 281      5E1EB7
 282 0661 30A3B1B3 		.ascii	"0\243\261\263_Pa\0335|\207\247\373\316y9\017\273\340"
 282      5F50611B 
 282      357C87A7 
 282      FBCE7939 
 282      0FBBE0
 283 0674 A0009AE6 		.ascii	"\240\000\232\346\203\265R\2323y\214\012\371\227\034"
 283      83B5529A 
 283      33798C0A 
 283      F9971C
 284 0683 5F476BC5 		.ascii	"_Gk\305\212\330!\247.8\220\016;\271\331r\256\373\021"
 284      8AD821A7 
 284      2E38900E 
 284      3BB9D972 
 284      AEFB11
 285 0696 23A49554 		.ascii	"#\244\225TS.\331.9r\356uY\371\3268es\345\324^\031\365"
 285      532ED92E 
 285      3972EE75 
 285      59F9D638 
 285      6573E5D4 
 286 06ad 90939AE5 		.ascii	"\220\223\232\3459\002\211Z\354\244n\367\230\003\211"
 286      3902895A 
 286      ECA46EF7 
 286      980389
 287 06bc 79CCC9FC 		.ascii	"y\314\311\374\322s\250\354\263X\217\254%\365\015\034"
 287      D273A8EC 
 287      B3588FAC 
 287      25F50D1C 
 288 06cc 4FF55D55 		.ascii	"O\365]U\353\376\017\303C6\027\234\225\031| \332\306"
 288      EBFE0FC3 
 288      4336179C 
 288      95197C20 
 288      DAC6
 289 06de 9321C226 		.ascii	"\223!\302&\005\273\037\212w/\037\204\362\000{\000\273"
 289      05BB1F8A 
 289      772F1F84 
 289      F2007B00 
 289      BB
 290 06ef 0005809D 		.ascii	"\000\005\200\235\200|\300>\300ng\021\363\245\335]\371"
 290      807CC03E 
 290      C06E6711 
 290      F3A5DD5D 
 290      F9
 291 0700 6AD9F920 		.ascii	"j\331\371 \212\242\003\240\365\337\350\322o\255KP\241"
 291      8AA203A0 
 291      F5DFE8D2 
 291      6FAD4B50 
 291      A1
 292 0711 2270863F 		.ascii	"\"p\206?l\342\266#\037.\356\236\246\207#\331^n\273\247"
ARM GAS  /tmp/cc9j8pWa.s 			page 23


 292      6CE2B623 
 292      1F2EEE9E 
 292      A68723D9 
 292      5E6EBBA7 
 293 0725 C86DF714 		.ascii	"\310m\367\024;v\017\271\007n\212\2157\306\307\307\031"
 293      3B760FB9 
 293      076E8A8D 
 293      37C6C7C7 
 293      19
 294 0736 37C49A3E 		.ascii	"7\304\232>K\331l\214KJ\210\265$\032-\211\026\253\362"
 294      4BD96C8C 
 294      4B4A88B5 
 294      241A2D89 
 294      16ABF2
 295 0749 FD8F3E5E 		.ascii	"\375\217>^\252\343\302BC\265\272M\226\015\226u\006m"
 295      AAE3C242 
 295      43B5BA4D 
 295      960D9675 
 295      066D
 296 075b 52B216F8 		.ascii	"R\262\026\370\332\315I[\254\311ZC\314\207\341a\354w"
 296      DACD495B 
 296      ACC95A43 
 296      CC87E161 
 296      EC77
 297 076d 75786AAA 		.ascii	"uxj\252\326\241\024j\3424\242(\221Y\234lM\010\0173\232"
 297      D6A1146A 
 297      E234A228 
 297      91599C6C 
 297      4D080F33 
 298 0782 E2934C9F 		.ascii	"\342\223L\237\321\027\252\024K\242\025\336X\325F\243"
 298      D117AA14 
 298      4BA215DE 
 298      58D546A3 
 299 0792 F818A38D 		.ascii	"\370\030\243\215\327\306nI\010\323\376\325d\012\201"
 299      D7C66E49 
 299      08D3FED5 
 299      640A81
 300 07a1 8790C4A4 		.ascii	"\207\220\304\244Ds\2109v\203%d\205\361w!a\313\226\257"
 300      44738839 
 300      76832564 
 300      85F17721 
 300      61CB96AF 
 301 07b5 F8DB0AAD 		.ascii	"\370\333\012\255\333\200\326\222h\212O\2113k\023bM\233"
 301      DB80D692 
 301      688A4F89 
 301      336B1362 
 301      4D9B
 302 07c7 2C8966AD 		.ascii	",\211f\2551\316\27416"
 302      31CEBC31 
 302      36
 303 07d0 25DE6AB4 		.ascii	"%\336j\264~\276\331\234\034\272\211\213\374\037D\223"
 303      7EBED99C 
 303      1CBA898B 
 303      FC1F4493 
 304 07e0 AD71101A 		.ascii	"\255q\020\032\210\370\033>O\266\232\023tI[\314:\362"
 304      88F81B3E 
 304      4FB69A13 
ARM GAS  /tmp/cc9j8pWa.s 			page 24


 304      74495BCC 
 304      3AF2
 305 07f2 09AF84C6 		.ascii	"\011\257\204\306\305ZcCeo}\243\327\353\21510o\244y#"
 305      C55A6343 
 305      656F7DA3 
 305      D7EB8D31 
 305      306FA479 
 306 0807 AFD3639D 		.ascii	"\257\323c\235A\377{\367\274\231\222\022\022\222\022"
 306      41FF7BF7 
 306      BC999212 
 306      129212
 307 0816 B5E654AB 		.ascii	"\265\346T\253V\367\241a\255\001\022\347\222;\232\243"
 307      56F7A161 
 307      AD0112E7 
 307      923B9AA3 
 308 0826 8DE1CBC2 		.ascii	"\215\341\313\302SM0\247\257^\247\023\325\024\272\325"
 308      534D30A7 
 308      AF5EA713 
 308      D514BAD5 
 309 0836 EF83DE5A 		.ascii	"\357\203\336Z\275jUtD\230\336\020C\037\226\223\007\345"
 309      BD6A5574 
 309      4498DE10 
 309      431F9693 
 309      07E5
 310 0848 AA351151 		.ascii	"\2525\021Q\037\351\275\311\200\343\276\034\356\212\210"
 310      1FE9BDC9 
 310      80E3BE1C 
 310      EE8A88
 311 0857 481D186B 		.ascii	"H\035\030k\"\010\307\213\270\207\321\337p?\303\247\006"
 311      2208C78B 
 311      B887D1DF 
 311      703FC3A7 
 311      06
 312 0868 781095E9 		.ascii	"x\020\225\351\313\345X\257\323+\243\376\034\263V\247"
 312      CBE558AF 
 312      D32BA3FE 
 312      1CB356A7 
 313 0878 5FB4FA4F 		.ascii	"_\264\372O\253\014k\304a\274J\247W|\020\365\251\336"
 313      AB0C6BC4 
 313      61BC4AA7 
 313      577C10F5 
 313      A9DE
 314 088a 7B5D740C 		.ascii	"{]t\014\271\363\006=\277J\257\322G\031\242\364\237D"
 314      B9F3063D 
 314      BF4AAFD2 
 314      4719A2F4 
 314      9F44
 315 089c 45E27511 		.ascii	"E\342u\021z\305z}\264\376_\220\337\010="
 315      7AC57A7D 
 315      B4FE5F90 
 315      DF083D
 316              		.text
 317              		.section	.gnu.lto_.symtab.5ed38cfb2d505d3d,"",%progbits
 318 0000 68616C5F 		.ascii	"hal_lld_init\000\000\000\000\000\000\000\000\000\000"
 318      6C6C645F 
 318      696E6974 
 318      00000000 
ARM GAS  /tmp/cc9j8pWa.s 			page 25


 318      00000000 
 319 0016 0000AE00 		.ascii	"\000\000\256\000\000\000stm32_clock_init\000\000\000"
 319      00007374 
 319      6D33325F 
 319      636C6F63 
 319      6B5F696E 
 320 002f 00000000 		.ascii	"\000\000\000\000\000\000\000\000\000\260\000\000\000"
 320      00000000 
 320      00B00000 
 320      00
 321 003c 53797374 		.ascii	"SystemCoreClock\000\000\000\000\000\000\000\000\000"
 321      656D436F 
 321      7265436C 
 321      6F636B00 
 321      00000000 
 322 0054 000000BC 		.ascii	"\000\000\000\274\000\000\000"
 322      000000
 323              		.text
 324              		.section	.gnu.lto_.opts,"",%progbits
 325 0000 272D666E 		.ascii	"'-fno-trapv' '-mcpu=cortex-m4' '-mno-thumb-interwor"
 325      6F2D7472 
 325      61707627 
 325      20272D6D 
 325      6370753D 
 326 0033 6B272027 		.ascii	"k' '-mthumb' '-ggdb' '-O2' '-fomit-frame-pointer' '"
 326      2D6D7468 
 326      756D6227 
 326      20272D67 
 326      67646227 
 327 0066 2D66616C 		.ascii	"-falign-functions=16' '-ffunction-sections' '-fdata"
 327      69676E2D 
 327      66756E63 
 327      74696F6E 
 327      733D3136 
 328 0099 2D736563 		.ascii	"-sections' '-fno-common' '-flto'\000"
 328      74696F6E 
 328      73272027 
 328      2D666E6F 
 328      2D636F6D 
 329              		.text
 330              		.comm	__gnu_lto_v1,1,1
 331              		.comm	__gnu_lto_slim,1,1
 332              		.ident	"GCC: (GNU Tools for ARM Embedded Processors) 4.9.3 20141119 (release) [ARM/embedded-4_9-br
ARM GAS  /tmp/cc9j8pWa.s 			page 26


DEFINED SYMBOLS
                            *ABS*:00000000 hal_lld.c
                            *COM*:00000001 __gnu_lto_v1
                            *COM*:00000001 __gnu_lto_slim

NO UNDEFINED SYMBOLS
