ARM GAS  /tmp/ccMJxZoC.s 			page 1


   1              		.syntax unified
   2              		.cpu cortex-m4
   3              		.fpu softvfp
   4              		.eabi_attribute 20, 1
   5              		.eabi_attribute 21, 1
   6              		.eabi_attribute 23, 3
   7              		.eabi_attribute 24, 1
   8              		.eabi_attribute 25, 1
   9              		.eabi_attribute 26, 1
  10              		.eabi_attribute 30, 2
  11              		.eabi_attribute 34, 1
  12              		.eabi_attribute 18, 4
  13              		.thumb
  14              		.file	"hal_st.c"
  15              		.text
  16              	.Ltext0:
  17              		.section	.gnu.lto_.profile.f2cd1b952c7c4014,"",%progbits
  18 0000 789C6366 		.ascii	"x\234cf```a\200\000F\006)\036\000\000\264\000/"
  18      60606061 
  18      80004606 
  18      291E0000 
  18      B4002F
  19              		.text
  20              		.section	.gnu.lto_.jmpfuncs.f2cd1b952c7c4014,"",%progbits
  21 0000 789C6366 		.ascii	"x\234cf\300\016\304\2404+\210`\004\202z&\006\006f\020"
  21      C00EC4A0 
  21      342B8860 
  21      04827A26 
  21      06066610 
  22 0014 CD021400 		.ascii	"\315\002\024\000\000\015^\001-"
  22      000D5E01 
  22      2D
  23              		.text
  24              		.section	.gnu.lto_.inline.f2cd1b952c7c4014,"",%progbits
  25 0000 789C6366 		.ascii	"x\234cf\300\016R\2414+\003\003\013\017#\003\023\220"
  25      C00E52A1 
  25      342B0303 
  25      0B0F2303 
  25      1390
  26 0012 C9B6401E 		.ascii	"\311\266@\036D10r\201\010\0066V\2400\333\007=\2708\023"
  26      44313072 
  26      81080636 
  26      56A030DB 
  26      073DB838 
  27 0027 030B3350 		.ascii	"\003\0133P\210\351\002?\\\210\031S\210\005S\210\001"
  27      88E9023F 
  27      5C881953 
  27      88055388 
  27      01
  28 0038 0099C708 		.ascii	"\000\231\307\010l"
  28      6C
  29              		.text
  30              		.section	.gnu.lto_.pureconst.f2cd1b952c7c4014,"",%progbits
  31 0000 789C6366 		.ascii	"x\234cf``\340f\200\000V\006\011F)&)f)\026)\000\004\004"
  31      6060E066 
  31      80005606 
  31      09462926 
ARM GAS  /tmp/ccMJxZoC.s 			page 2


  31      29662916 
  32 0018 009E     		.ascii	"\000\236"
  33              		.text
  34              		.section	.gnu.lto_stInit.f2cd1b952c7c4014,"",%progbits
  35 0000 789C6366 		.ascii	"x\234cf\300\004R@\274\020\210\025\201\230\221\231\201"
  35      C0045240 
  35      BC108815 
  35      81989199 
  35      81
  36 0011 9169C239 		.ascii	"\221i\3029\006\206F\016&FF\020\203\201\221\241\236\211"
  36      0686460E 
  36      26464610 
  36      838191A1 
  36      9E89
  37 0023 B19EF125 		.ascii	"\261\236\361%\323G&\306\011\007V\317\340V_\332\320\320"
  37      D34726C6 
  37      090756CF 
  37      E0565FDA 
  37      D0D0
  38 0035 F0E1D0F9 		.ascii	"\360\341\320\371\306\200\003\214?\231\030\030>3A\314"
  38      C680038C 
  38      3F991818 
  38      3E3341CC 
  39 0045 615CCEA8 		.ascii	"a\\\316\250\316\000T\364\261\345\357un\266\026\240\""
  39      CE0054F4 
  39      B1E5EF75 
  39      6EB616A0 
  39      22
  40 0056 01881CE3 		.ascii	"\001\210\034\343\012F6F \275^\350@\303\377\377\217\247"
  40      0A463646 
  40      20BD5EE8 
  40      40C3FFFF 
  40      8FA7
  41 0068 FED16766 		.ascii	"\376\321gf`x\002\224\001\231\377\224\211\011D3\337a"
  41      60780294 
  41      0199FF94 
  41      89094433 
  41      DF61
  42 007a 6C3EF097 		.ascii	"l>\360\227\027\244\024d\306\274\313}\353\230j\1777t"
  42      17A41464 
  42      C6BCCB7D 
  42      EB986A7F 
  42      3774
  43 008c 3470FC64 		.ascii	"4p\374db\374\314\004\324\316\270\222\261\226\341'P\365"
  43      62FCCC04 
  43      D4CEB892 
  43      B196E127 
  43      50F5
  44 009e 3DC6C603 		.ascii	"=\306\306\003\377Y\301*\031@\3460\202\364\003M\223\327"
  44      FF59C12A 
  44      1940E630 
  44      82F4034D 
  44      93D7
  45 00b0 D3D377CE 		.ascii	"\323\323w\316\310L\312\364\017\326\317/\326\317H\314"
  45      C84CCAF4 
  45      0FD6CF2F 
  45      D6CF48CC 
ARM GAS  /tmp/ccMJxZoC.s 			page 3


  46 00c0 D12F2E4A 		.ascii	"\321/.J\006\321\361\305%z\311\014\000\346ZE\023"
  46      06D1F1C5 
  46      257AC90C 
  46      00E65A45 
  46      13
  47              		.text
  48              		.section	.gnu.lto_stStartAlarm.f2cd1b952c7c4014,"",%progbits
  49 0000 789C9D51 		.ascii	"x\234\235Q_HSa\024\377~\337\275\273\033LLz\032{1\032"
  49      5F485361 
  49      14FF7EDF 
  49      BDBB1B4C 
  49      4C7A1A7B 
  50 0016 2244DBA5 		.ascii	"\"D\333\245\242\367\300^\002\245\007}\027\377\301\006"
  50      A2F7C05E 
  50      02A5077D 
  50      17FFC106 
  51 0026 0BC33B7A 		.ascii	"\013\303;z\365\333\332z\010\322\221TB\012\205\014\313"
  51      F5DBDA7A 
  51      08D29154 
  51      420A850C 
  51      CB
  52 0037 35672E5B 		.ascii	"5g.[*\301M\037\222\242F/\005\005\272\207\005i\0203%"
  52      2AC14D1F 
  52      92A2462F 
  52      0505BA87 
  52      05691033 
  53 004c B982AEF3 		.ascii	"\271\202\256\363\335n\220\371\022]\370\356\371\3169"
  53      DD6E90F9 
  53      125DF8EE 
  53      F9CE39
  54 005b BFF33BBF 		.ascii	"\277\363;\277s>\205\035\376\374tr\234\261^\262P\030"
  54      733E851D 
  54      FEFC7472 
  54      9CB15EB2 
  54      5018
  55 006d 78FA2D63 		.ascii	"x\372-cq\017\007\344\205\201\015r\014b\235or\244\315"
  55      710F07E4 
  55      85810D72 
  55      0C629D6F 
  55      72A4CD
  56 0080 ECA8B739 		.ascii	"\354\250\2679#\204\250.\025|)\237Ee[\374\027\015&\321"
  56      2384A82E 
  56      157C299F 
  56      45655BFC 
  56      170D26D1 
  57 0094 4C90E1A1 		.ascii	"L\220\341\241\324\015(\307\301\350>?\275\375\306\373"
  57      D40D28C7 
  57      C1E83E3F 
  57      BDFDC6FB 
  58 00a4 855B1CC7 		.ascii	"\205[\034\307\244\273pseT\223.W\245\273{k\345\252\253"
  58      A4BB7073 
  58      6554932E 
  58      57A5BB7B 
  58      6BE5AAAB 
  59 00b8 69428884 		.ascii	"iB\210\204\371|V\234S-\256\340\001\024\342\303C\370"
  59      F97C569C 
  59      532DAEE0 
ARM GAS  /tmp/ccMJxZoC.s 			page 4


  59      0114E2C3 
  59      43F8
  60 00ca 31053FA3 		.ascii	"1\005?\243\020C\026M\022\276\231\334\373\340\325\222"
  60      1043164D 
  60      12BE99DC 
  60      FBE0D592 
  61 00da D4BB61EF 		.ascii	"\324\273a\357w[<\202\006\262\371\243\246\250\325&&\307"
  61      775B3C82 
  61      06B2F9A3 
  61      A6A8D526 
  61      26C7
  62 00ec E6548D74 		.ascii	"\346T\215t\313\012V!\200\034\3403\347\322*\357\221h"
  62      CB0A5621 
  62      801CE033 
  62      E7D22AEF 
  62      9168
  63 00fe 903C85CC 		.ascii	"\220<\205\314\356u('l\201\237\212\305\375\272\300}\222"
  63      EE752827 
  63      6C819F8A 
  63      C5FDBAC0 
  63      7D92
  64 0110 501E5BEE 		.ascii	"P\036[\3563\223\367\304~\255\006)$wP\2103\3424\002;"
  64      3393F7C4 
  64      7EAD0629 
  64      24775088 
  64      33E23402 
  65 0125 44F7114B 		.ascii	"D\367\021K\267\255\374b\252\376\200\254rj\303'\021\266"
  65      B7ADFC62 
  65      AAFE80AC 
  65      726AC327 
  65      11B6
  66 0137 AA2D8EBF 		.ascii	"\252-\216\277D3\344\241\021\307\0144J|{\375\362\232"
  66      4433E4A1 
  66      11C70C34 
  66      4A7C7BFD 
  66      F29A
  67 0149 4BEE42A5 		.ascii	"K\356B\245\234\260\367\261V)\275\363\330!&\335;\245"
  67      9CB0F7B1 
  67      5629BDF3 
  67      D82126DD 
  67      3BA5
  68 015b AF537C1C 		.ascii	"\257S|\034w\343i\341\261\270\013\217I\312\254\224B\271"
  68      77E369E1 
  68      B1B80B8F 
  68      49CAAC94 
  68      42B9
  69 016d 9D914AAE 		.ascii	"\235\221J\256>\230\025\311xu\355\307\253#\026\327P\300"
  69      3E9815C9 
  69      7875EDC7 
  69      AB2316D7 
  69      50C0
  70 017f 38BED3C8 		.ascii	"8\276\323\310v\027\202\274\030\331\316p=G\020\363\244"
  70      761782BC 
  70      18D9CE70 
  70      3D4710F3 
  70      A4
  71 0190 C5DD7882 		.ascii	"\305\335x\202 \002~'\2179\350\316 \325\231\325\204\333"
ARM GAS  /tmp/ccMJxZoC.s 			page 5


  71      20027E27 
  71      8F39E8CE 
  71      20D599D5 
  71      84DB
  72 01a2 11F56F2D 		.ascii	"\021\365o-\315F\311\367\324\356\007\207\257\210\340"
  72      CD46C9F7 
  72      D4EE0787 
  72      AF88E0
  73 01b1 9F13B8A9 		.ascii	"\237\023\270\251\3173*\224\374\325\377\343\237\267\371"
  73      CF332A94 
  73      FCD5FFE3 
  73      9FB7F9
  74 01c0 B9C3BF60 		.ascii	"\271\303\277`\363\227\312\313\303u6?\305\027\251p\025"
  74      F397CACB 
  74      C375363F 
  74      C517A970 
  74      15
  75 01d1 F17266C3 		.ascii	"\361rf\303#\027.\337\247Bz\350\251i\013\215\241\220"
  75      23172EDF 
  75      A7427AE8 
  75      A9690B8D 
  75      A190
  76 01e3 DE128E74 		.ascii	"\336\022\216tG.\266\353\375\206\036\356\212\352\306"
  76      472EB6EB 
  76      FD861EEE 
  76      8AEAC6
  77 01f2 408FB49D 		.ascii	"@\217\264\235F,\324\303\334]\335F,r\251O\225\277\263"
  77      462CD4C3 
  77      DC5DDD46 
  77      2C72A94F 
  77      95BFB3
  78 0205 87C197FB 		.ascii	"\207\301\227\373\007b\206\336\336\321v\346\264\336\332"
  78      076286DE 
  78      DED176E6 
  78      B4DEDA
  79 0214 7A5EEFB8 		.ascii	"z^\357\270\320v\345\224S\336\031\215\366\206\302\354"
  79      D076E594 
  79      53DE198D 
  79      F686C2EC 
  80 0224 2725A214 		.ascii	"'%\242\024K"
  80      4B
  81              		.text
  82              		.section	.gnu.lto_stStopAlarm.f2cd1b952c7c4014,"",%progbits
  83 0000 789C6366 		.ascii	"x\234cf\300\004R@\254\313\310\300\020\016\244\031\231"
  83      C0045240 
  83      ACCBC8C0 
  83      100EA419 
  83      99
  84 0011 19189926 		.ascii	"\031\030\231&\234c`h\344`bd\0041\030\030\031\352\231"
  84      9C636068 
  84      E4606264 
  84      04311818 
  84      19EA99
  85 0024 18EB195F 		.ascii	"\030\353\031_2}db\234p`\365\014n\365\245\015\015\015"
  85      327D6462 
  85      9C7060F5 
  85      0C6EF5A5 
ARM GAS  /tmp/ccMJxZoC.s 			page 6


  85      0D0D0D
  86 0037 1F166D97 		.ascii	"\037\026m\227h\225\370\311\304\300\360\231\011b\014"
  86      6895F8C9 
  86      C4C0F099 
  86      09620C
  87 0046 E3724675 		.ascii	"\343rFu\006\240\232\217-\177\257s\263\265\000\325\010"
  87      06A09A8F 
  87      2D7FAF73 
  87      B3B500D5 
  87      08
  88 0057 40E41857 		.ascii	"@\344\030W0\262\001\215gX/t\240\341\377\377\305s\356"
  88      30B2018D 
  88      67582F74 
  88      A0E1FFFF 
  88      C573EE
  89 006a 6C676166 		.ascii	"lgaf`x\002\224\002\231\377\224\211\011D3\337b<\364a"
  89      60780294 
  89      0299FF94 
  89      89094433 
  89      DF623CF4 
  90 007f C7D2F347 		.ascii	"\307\322\363G\271Q\214x\320\372^\002l\300g&Ft\303\031"
  90      B9518C78 
  90      D0FA5E02 
  90      6CC06726 
  90      4674C319 
  91 0093 5732B201 		.ascii	"W2\262\001M_\305\310\006\224xw\372x\033\353\013\246"
  91      4D5FC5C8 
  91      06947877 
  91      FA781BEB 
  91      0BA6
  92 00a5 9F4C8C40 		.ascii	"\237L\214@\271\006\026\220\332\373O\316_\344\000\013"
  92      B9061690 
  92      DAFB4FCE 
  92      5FE4000B 
  93 00b5 3180B8D3 		.ascii	"1\200\270\323\317\277^\3054\227qv\343\204\006\216\237"
  93      CFBF5EC5 
  93      34977176 
  93      E384068E 
  93      9F
  94 00c6 4C4C8CAB 		.ascii	"LL\214\253\031\245\030\3270J\201\345\276O~\262\226O"
  94      19A518D7 
  94      304A81E5 
  94      BE4F7EB2 
  94      964F
  95 00d8 7775434B 		.ascii	"wuCK\343\207S\363N\363\377dbf\\\3138\227\361\023\320"
  95      E38753F3 
  95      4EF3FF64 
  95      62665CCB 
  95      3897F113 
  96 00ed 8D605B18 		.ascii	"\215`[\030\3271\352\"\233\010t?\343z\240\336{\214\215"
  96      D731EA22 
  96      9B08743F 
  96      E37AA0DE 
  96      7B8C8D
  97 0100 0F96BEE7 		.ascii	"\017\226\276\347\0009\020\024\004O\200V\001\375\002"
  97      00391014 
  97      044F8056 
ARM GAS  /tmp/ccMJxZoC.s 			page 7


  97      01FD02
  98 010f D425AFA7 		.ascii	"\324%\257\247\247\357\234\221\231\224\351\037\254\237"
  98      A7EF9C91 
  98      9994E91F 
  98      AC9F
  99 011d 5FAC9F91 		.ascii	"_\254\237\221\230\243_\\\224\014\242\343\213K\364\222"
  99      98A35F5C 
  99      940CA2E3 
  99      8B4BF492 
 100 012d 194C31E5 		.ascii	"\031L1\345\013\362\213J\212\365\203C|\215\215\364}|"
 100      0BF28B4A 
 100      8AF58343 
 100      7C8D8DF4 
 100      7D7C
 101 013f 5CF4433C 		.ascii	"\\\364C<}\313\014\241:\342srR\3642\030\000\022m\214"
 101      7DCB0CA1 
 101      3AE27372 
 101      52F43218 
 101      00126D8C 
 102 0153 15       		.ascii	"\025"
 103              		.text
 104              		.section	.gnu.lto_stSetAlarm.f2cd1b952c7c4014,"",%progbits
 105 0000 789C6590 		.ascii	"x\234e\220Oh\023Q\020\306\347{\273\331\006\"\265x\012"
 105      4F681351 
 105      10C6E77B 
 105      BBD90622 
 105      B5780A
 106 0013 B9288652 		.ascii	"\271(\206R\020\233E\305\273P/B\213\207\366^\372\017"
 106      109B45C5 
 106      BB502F42 
 106      8B87F65E 
 106      FA0F
 107 0025 128854BA 		.ascii	"\022\210T\272\301k_b\342A\320\006\213Z\220\202R\342"
 107      C16B5F62 
 107      E241D006 
 107      8B5A9082 
 107      52E2
 108 0037 9FC634DA 		.ascii	"\237\3064\332*Es\211z\260P\264x\251\242bs\210\240\024"
 108      2A457389 
 108      7AB050B4 
 108      78A9A262 
 108      7388A014 
 109 004b 4B6B0B61 		.ascii	"Kk\013a\013m\234Y\343\241v\341\355\274y\363\275o~\363"
 109      0B6D9C59 
 109      E3A176E1 
 109      EDBC79F3 
 109      BD6F7EF3 
 110 005f 0CDAFF85 		.ascii	"\014\332\377\205x\375\002\321 G\030\004\225}O\224\364"
 110      78FD02D1 
 110      20471804 
 110      957D4F94 
 110      F4
 111 0070 2B403604 		.ascii	"+@6\004\032U\030\305O\265\241\220-\347'\002m9\255\365"
 111      1A5518C5 
 111      4FB5A190 
 111      2DE72702 
 111      6D39ADF5 
ARM GAS  /tmp/ccMJxZoC.s 			page 8


 112 0084 7AAA14CC 		.ascii	"z\252\024\314\004]E\264\251\376\332\340\001\332X2v="
 112      045D45B4 
 112      A9FEDAE0 
 112      01DA5832 
 112      763D
 113 0096 730DC651 		.ascii	"s\015\306Q\020\357_\314l\275\013\374P\256\302\021I_"
 113      10EF5FCC 
 113      6CBD0BFC 
 113      50AEC211 
 113      495F
 114 00a8 DE5898B0 		.ascii	"\336X\230\260$U\246\244\3337\027.\373Z\247\264N\225"
 114      2455A6A4 
 114      DB37172E 
 114      FB5AA7B4 
 114      4E95
 115 00ba 4BB3FA8C 		.ascii	"K\263\372\214\351*\003\017a\260\037\036!\204i\204\210"
 115      E92A030F 
 115      61B01F1E 
 115      21846984 
 115      88
 116 00cb 8F0879B4 		.ascii	"\217\010y\264\212|#\275\3631`\245\271w\313\316\277\266"
 116      8A7C23BD 
 116      F33160A5 
 116      B977CBCE 
 116      BFB6
 117 00dd 780C8BC9 		.ascii	"x\014\213\311\251x\250\254\353\365\251\373_K\246\311"
 117      A978A8AC 
 117      EBF5A9FB 
 117      5F4BA6C9 
 118 00ed DC7283AA 		.ascii	"\334r\203\252,\220\001\276+%\321XF\252E|\346r\333Wa"
 118      2C9001BE 
 118      2B25D158 
 118      46AA457C 
 118      E672DB57 
 119 0102 1CF300BF 		.ascii	"\034\363\000\277\314\317\357\036\010\337c\204\312\247"
 119      CCCFEF1E 
 119      08DF6384 
 119      CAA7
 120 0110 3743E5F4 		.ascii	"7C\345\364]\275[\257C@\012{A\032#\316 \\c\273\317x}"
 120      5DBD5BAF 
 120      43400A7B 
 120      411A23CE 
 120      205C63BB 
 121 0127 CB2DAE66 		.ascii	"\313-\256f\232\367`U2\265\240(<\252M\205\377\240\011"
 121      9AF76055 
 121      32B5A028 
 121      3CAA4D85 
 121      FFA009
 122 013a 4558ECF1 		.ascii	"EX\354\361\004\026\027\326\026\337^\361\311[\230\\\323"
 122      041617D6 
 122      16DF5EF1 
 122      C95B985C 
 122      D3
 123 014b DE7BAC54 		.ascii	"\336{\254T\227>\370\275#\222\364\366\322\352\264\232"
 123      973EF8BD 
 123      2392F4F6 
 123      D2EAB49A 
ARM GAS  /tmp/ccMJxZoC.s 			page 9


 124 015b C49D6456 		.ascii	"\304\235dV\373]\345\303SF\231\025\024\256\325\306\253"
 124      FB5DE5C3 
 124      53469915 
 124      14AED5C6 
 124      AB
 125 016c 85E6F6BC 		.ascii	"\205\346\366\274N'\327W\226\027\017\272\312\302\034"
 125      4E27D757 
 125      96170FBA 
 125      CAC21C
 126 017b 26F19B47 		.ascii	"&\361\233G\366\272\260\344\325\370VN\331\005\226\224"
 126      F6BAB0E4 
 126      D5F8564E 
 126      D9059694 
 127 018b 8FBBAA09 		.ascii	"\217\273\252\011\317\320\216p\250Q\307s\3302\3107$+"
 127      CFD08E70 
 127      A851C773 
 127      D832C837 
 127      242B
 128 019d B99A5F80 		.ascii	"\271\232_\200e\276*C\363S\261\313\341H\304\356\210\306"
 128      65BE2A43 
 128      F353B1CB 
 128      E148C4EE 
 128      88C6
 129 01af FA63E7BB 		.ascii	"\372c\347\273\355a\307\216\366\305mgd@b\257\223\210"
 129      ED61C78E 
 129      F6C56D67 
 129      644062AF 
 129      9388
 130 01c1 0C50535F 		.ascii	"\014PS_\277\223\210]\0302\345wz\277\370\342\360H\302"
 130      BF93885D 
 130      1832E577 
 130      7ABFF8E2 
 130      F048C2
 131 01d4 B1BB7BBA 		.ascii	"\261\273{\272N\235\264;;\317\332=\347\272.\235h\\\357"
 131      4E9DB43B 
 131      3BCFDA3D 
 131      E7BA2E9D 
 131      685CEF
 132 01e7 8DC70723 		.ascii	"\215\307\007#Q\372\003r\031\320\305"
 132      51FA0372 
 132      19D0C5
 133              		.text
 134              		.section	.gnu.lto_stGetAlarm.f2cd1b952c7c4014,"",%progbits
 135 0000 789C654F 		.ascii	"x\234eO\315+\304Q\024\275\347\376\306\257\321\224d\245"
 135      CD2BC451 
 135      14BDE7FE 
 135      C6AFD194 
 135      64A5
 136 0012 D95094D5 		.ascii	"\331P\224\325\314\013\371\013\330(\223\005e9\371\252"
 136      CC0BF90B 
 136      D8289305 
 136      6539F9AA 
 137 0022 994C9191 		.ascii	"\231L\221\221\355\274\321\260\026\012\211\224&\014\343"
 137      EDBCD1B0 
 137      160A8994 
 137      260CE3
 138 0031 6369363E 		.ascii	"ci6>6D\310\306\224\204\305(R\362U\323,\030\367M6x\365"
ARM GAS  /tmp/ccMJxZoC.s 			page 10


 138      3644C8C6 
 138      9484C528 
 138      52F255D3 
 138      2C18F74D 
 139 0048 BAF7BC73 		.ascii	"\272\367\274s\336\275\347X\364\377\270\345\366\201\250"
 139      DEBDE758 
 139      F4FFB8E5 
 139      F681A8
 140 0057 432A2C02 		.ascii	"C*,\002\217\237\021E\235\014\230\206@\021F\004\217\374"
 140      8F9F1145 
 140      9D0C9886 
 140      40114604 
 140      8FFC
 141 0069 CAD8D9F8 		.ascii	"\312\330\331\3708u=p\216\251\222\004\246&\216fl\003"
 141      38753D70 
 141      8EA99204 
 141      A6268E66 
 141      6C03
 142 007b E130307D 		.ascii	"\34100}9\223.\256\211k=\3622\262\033\232\235Z\024\206"
 142      39932EAE 
 142      896B3DF2 
 142      32B21B9A 
 142      9D5A1486 
 143 008f E99D09CB 		.ascii	"\351\235\011\313pc\005f\021VQc\264\257\261\317\264\313"
 143      70630566 
 143      11565163 
 143      B4AFB1CF 
 143      B4CB
 144 00a1 8E69AD4B 		.ascii	"\216i\255K?\231\214H\270\004l\361A\233e{:\237_Z\270"
 144      3F998C48 
 144      B8046CF1 
 144      419B657B 
 144      3A9F5F5A 
 145 00b6 DE75584C 		.ascii	"\336uXLf\006e\344\0327\367\002\244ZW8H\355\304\363\275"
 145      660665E4 
 145      1A37F702 
 145      A45A5738 
 145      48EDC4F3 
 146 00cb BF26DDC5 		.ascii	"\277&\335\305\"\205\031\357\214?+\010k\260e\301:\354"
 146      228519EF 
 146      8C3F2B08 
 146      6BB065C1 
 146      3AEC
 147 00dd 2C9B20CF 		.ascii	",\233 \317'\207cE\306\271%\264.\270\277\315\234_8\013"
 147      27876345 
 147      C6B925B4 
 147      2EB8BFCD 
 147      9C5F380B 
 148 00f1 4F64E0F4 		.ascii	"Od\340\364\371S\202\3471\027\035\327\316\034;\220\224"
 148      F95382E7 
 148      31171DD7 
 148      CE1C3B90 
 148      94
 149 0102 081B2682 		.ascii	"\010\033&\202p\331\311L\262\304\263\246c\321\227\343"
 149      70D9C94C 
 149      B2C4B3A6 
 149      63D197E3 
ARM GAS  /tmp/ccMJxZoC.s 			page 11


 150 0112 AF93EA1C 		.ascii	"\257\223\352\034\027a\023\363x\023\223\205E\"\331\237"
 150      176113F3 
 150      78139385 
 150      4522D99F 
 151 0122 FC88B34A 		.ascii	"\374\210\263J\212d\317\235c\033[\360\240\312\375\303"
 151      8A64CF9D 
 151      631B5BF0 
 151      A0CAFDC3 
 152 0132 631B8A6E 		.ascii	"c\033\212n\020\275\033\315\227\033\303Y\023Q2\302d\223"
 152      10BD1BCD 
 152      971BC359 
 152      135132C2 
 152      6493
 153 0144 B6C2EB55 		.ascii	"\266\302\353U\215\201`W\260\265M\365\207U\2403\244\302"
 153      8D816057 
 153      B0B54DF5 
 153      8755A033 
 153      A4C2
 154 0156 83DDA6FA 		.ascii	"\203\335\246\372\303C\336nj\370\317\017\364\017\016"
 154      C343DE6E 
 154      6AF8CF0F 
 154      F40F0E
 155 0165 85555BBB 		.ascii	"\205U[\273\257\276N\265\2644\251\366f\337p\355\317\017"
 155      AFBE4EB5 
 155      B434A9F6 
 155      66DF70ED 
 155      CF0F
 156 0177 7F28D4E3 		.ascii	"\177(\324\343\015\3207i\364\242\007"
 156      0DD03769 
 156      F4A207
 157              		.text
 158              		.section	.gnu.lto_.symbol_nodes.f2cd1b952c7c4014,"",%progbits
 159 0000 789C55C8 		.ascii	"x\234U\310\261\015\200 \000D\321\317!\011\333:\3021"
 159      B10D8020 
 159      0044D1CF 
 159      2109DB3A 
 159      C231
 160 0012 81A2F4C6 		.ascii	"\201\242\364\306\302y\234\301I\214\205\026\362\312\027"
 160      C2799CC1 
 160      498C8516 
 160      F2CA17
 161 0021 81918F26 		.ascii	"\201\221\217&\031\352\0116\333\236\321,\207.\252\254"
 161      19EA0936 
 161      DB9ED12C 
 161      872EAAAC 
 162 0031 2E163976 		.ascii	".\0269v\261\312\303?B\223\323\033\224\222\211$\216\353"
 162      B1CAC33F 
 162      4293D31B 
 162      94928924 
 162      8EEB
 163 0043 0E3CC320 		.ascii	"\016<\303 \036\220"
 163      1E90
 164              		.text
 165              		.section	.gnu.lto_.refs.f2cd1b952c7c4014,"",%progbits
 166 0000 789C6366 		.ascii	"x\234cf```d\200\002\000\000=\000\005"
 166      60606064 
 166      80020000 
ARM GAS  /tmp/ccMJxZoC.s 			page 12


 166      3D0005
 167              		.text
 168              		.section	.gnu.lto_.decls.f2cd1b952c7c4014,"",%progbits
 169 0000 789CB557 		.ascii	"x\234\265WkP\024W\026\356\333w\030`\030\030\027k\215"
 169      6B501457 
 169      16EEDB77 
 169      18601818 
 169      176B8D
 170 0013 456D6D0C 		.ascii	"Emm\014VQnJ\034Ew+\356\237\350\216\226\2616&\326@\252"
 170      56516E4A 
 170      1C45772B 
 170      EE9FE88E 
 170      96B13626 
 171 002a 52951F13 		.ascii	"R\225\037\023\202$P\005\3502\343\326\346_\017`\004E"
 171      82245005 
 171      E832E3D6 
 171      E65F0F60 
 171      0445
 172 003c 45C4072F 		.ascii	"E\304\007/\035\345)(\202\212(\" \306\021P\036**\006"
 172      1DE52928 
 172      828A2822 
 172      20C61150 
 172      1E2A2A06 
 173 0050 10C4F806 		.ascii	"\020\304\370\006\035|\004\220\310\354\271\367v\367\014"
 173      1D7C0490 
 173      C8ECB9F7 
 173      76F70C
 174 005f 9DD1756B 		.ascii	"\235\321ukk\2738\323\367\364\375\316w\317\343\366\355"
 174      6BBB38D3 
 174      F7F4FDCE 
 174      77CFE3F6 
 174      ED
 175 0070 03E638CE 		.ascii	"\003\3468\316\2068\316\011W\3104\216\313\3469N\015\317"
 175      8638CE09 
 175      57C8348E 
 175      CBE6394E 
 175      0DCF
 176 0082 5673AE8B 		.ascii	"Vs\256\213\350\207@N\203\234\001i\000i\002\371\221\373"
 176      E887404E 
 176      839C0169 
 176      006902F9 
 176      91FB
 177 0094 ED457058 		.ascii	"\355EpX\264?\017rP|\316\213s\236l\010\257\217h\023\000"
 177      B43F0F72 
 177      507CCE8B 
 177      739E6C08 
 177      AF8F6813 
 178 00a9 A205A901 		.ascii	"\242\005\251\001\361\005\277\274An\303\270E\344\345"
 178      F105BFBC 
 178      416EC3B8 
 178      45E4E5
 179 00b8 417F01F7 		.ascii	"A\177\001\367\011\221\223\330\372\3013\370\343\202\320"
 179      099193D8 
 179      FAC133F8 
 179      E382D0
 180 00c7 545EE2AB 		.ascii	"T^\342\253J\344\225\270\010\017r\263'\230?(\35481\306"
 180      4AE495B8 
ARM GAS  /tmp/ccMJxZoC.s 			page 13


 180      080F72B3 
 180      27983F28 
 180      EC3831C6 
 181 00db 77F10989 		.ascii	"w\361\011\211>\361\242\315\037E_B\024\234$_\336\377"
 181      3EF1A2CD 
 181      1F455F42 
 181      149C245F 
 181      DEFF
 182 00ed 0517C1CF 		.ascii	"\005\027\301\317\021\271>Tp\215\360\350T\305\2136\277"
 182      11B93E54 
 182      708DF0E8 
 182      54C58B36 
 182      BF
 183 00fe 073C0AD0 		.ascii	"\007<\012\320\314\"jmf\363\0365\250Z\215\212\250\247"
 183      CC226A6D 
 183      66F31E35 
 183      A85A8D8A 
 183      A8A7
 184 0110 2706BB54 		.ascii	"'\006\273T\357\355\024\340\312H\026\246\251\320\352"
 184      EFED14E0 
 184      CA4816A6 
 184      A9D0EA
 185 011f 19A80405 		.ascii	"\031\250\004\005\241R\024\004\214\007\321{\360\373\225"
 185      A1521404 
 185      8C07D17B 
 185      F0FB95
 186 012e 8A31D96A 		.ascii	"\2121\331jR\236\2510,\013\343\202=\267\2734s\313\300"
 186      529EA930 
 186      2C0BE382 
 186      3DB7BB34 
 186      73CBC0
 187 0141 2C55686C 		.ascii	",UhlF\256\345\356U\334\315\341g\355\025l\225\216\322"
 187      46AEE5EE 
 187      55DCCDE1 
 187      67ED156C 
 187      958ED2
 188 0154 B19B5AA1 		.ascii	"\261\233Z\241Yht:?\246T\250\014aT\216\346\022$\031S"
 188      5968743A 
 188      3FA654A8 
 188      0C61548E 
 188      E6122419 
 189 0169 137408CD 		.ascii	"\023t\010\315\002\263\366\275\266\343:<\237r7\324\217"
 189      02B3F6BD 
 189      B6E33A3C 
 189      9F7237D4 
 189      8F
 190 017a D935F8AF 		.ascii	"\3315\370\257t\234\236:\320\242\301\006:\266\026\237"
 190      749C9E3A 
 190      D0A2C106 
 190      3AB6169F 
 191 018a 4EF706D7 		.ascii	"N\367\006\327?\320\320\225\372s\307\013}\251Jv\244\016"
 191      3FD0D095 
 191      FA73C70B 
 191      7DA94A76 
 191      A40E
 192 019c 1EF1CDF7 		.ascii	"\036\361\315\367\204\202\000\024\242)\004\277\034{\013"
 192      84820014 
ARM GAS  /tmp/ccMJxZoC.s 			page 14


 192      A22904BF 
 192      1C7B0B
 193 01ab 063F4916 		.ascii	"\006?I\026\226\240cH\203\216\310+Skr\245\012B\022\211"
 193      96A06348 
 193      838EC82B 
 193      536B72A5 
 193      0A421289 
 194 01bf D9B73980 		.ascii	"\331\2679\200\223CFGQ\010 (\026U\302\303*x\010\304\347"
 194      93434647 
 194      51082028 
 194      1655C2C3 
 194      2A7808C4 
 195 01d4 7FAD4FF1 		.ascii	"\177\255O\361B\232\020\317F\325\036\214\250\013\027"
 195      429A10CF 
 195      46D51E8C 
 195      A80B17
 196 01e3 8B76CF10 		.ascii	"\213v\317\020\004\025:\016.T\270\\\000\217\244|\361"
 196      04153A0E 
 196      2E54B85C 
 196      008FA47C 
 196      F1
 197 01f4 C31599D5 		.ascii	"\303\025\231\325Hr\271\373~\316\357\011\276\006\360"
 197      4872B9FB 
 197      7ECEEF09 
 197      BE06F0
 198 0203 875DF8E3 		.ascii	"\207]\370\343\350\255>\237\360\3503\252\332r+\315[\005"
 198      E8AD3E9F 
 198      F0E833AA 
 198      DA722BCD 
 198      5B05
 199 0215 3B84D27D 		.ascii	";\204\322}E\313}\263;m\316\033\253}\212V\373$\022\313"
 199      45CB7DB3 
 199      3B6DCE1B 
 199      AB7D8A56 
 199      FB2412CB 
 200 0229 5D5DDB39 		.ascii	"]]\3339\244\301\333X\275;\252\032n\370AY\007\240\254"
 200      A4C1DB58 
 200      BD3BAA1A 
 200      6EF84159 
 200      07A0AC
 201 023c 277FC0D9 		.ascii	"'\177\300\331\202-I\230t:\021\265B\265n\205\255\225"
 201      822D4998 
 201      743A11B5 
 201      42B56E85 
 201      AD95
 202 024e 0A7B9A16 		.ascii	"\012{\232\026v\333\346G\033x\234\307X.Z\317Y\325\224"
 202      76DBE647 
 202      1B789CC7 
 202      582E5ACF 
 202      59D594
 203 0261 C5565BA0 		.ascii	"\305V[\240f[\203\356\214:7\202:\211\340\014%\250,u\324"
 203      665B83EE 
 203      8C3A3782 
 203      3A89E00C 
 203      25A82C75 
 204 0276 FBE35246 		.ascii	"\373\343RF\320[r\343\032s\303\326-\023\020\017\352\335"
 204      D05B72E3 
ARM GAS  /tmp/ccMJxZoC.s 			page 15


 204      1A73C3D6 
 204      2D13100F 
 204      EADD
 205 0288 08EA2582 		.ascii	"\010\352%\202\006Jp\362J\327\250\267{\320$\035\256\250"
 205      064A70F2 
 205      4AD7A8B7 
 205      7BD0241D 
 205      AEA8
 206 029a 1BA7ECF1 		.ascii	"\033\247\354\361\303\003c\217\265\370\030[-;;7\214."
 206      C303638F 
 206      B5F8185B 
 206      2D3B3B37 
 206      8C2E
 207 02ac 363076C7 		.ascii	"60v\307\356\332\312`\201\316\272\255wVZ\257\211\256"
 207      EEDACA60 
 207      81CEBAAD 
 207      77565AAF 
 207      89AE
 208 02be 773527F3 		.ascii	"w5'\3638\302\365\214\242&w<\013\023\016\301\221\363"
 208      38C2F58C 
 208      A226773C 
 208      0B130EC1 
 208      91F3
 209 02d0 7872C9F6 		.ascii	"xr\311\366\344\214Ba\300\351|\237\275\020\347\334X\316"
 209      E48C4261 
 209      C0E97C9F 
 209      BD10E7DC 
 209      58CE
 210 02e2 492C3F52 		.ascii	"I,?R\226[{\0327\251\264\233\\\005\247\006.\267\317#"
 210      965B7B1A 
 210      37A9B49B 
 210      5C05A706 
 210      2EB7CF23 
 211 02f6 ADB43D60 		.ascii	"\255\264=`\010\006\366\207\365[\265\364=\027\324d\345"
 211      0806F687 
 211      F55BB5F4 
 211      3D17D464 
 211      E5
 212 0307 CA86F234 		.ascii	"\312\206\3624_\372\242\177M\324\246S\033\363UX\300\324"
 212      5FFAA27F 
 212      4DD4A653 
 212      1BF35558 
 212      C0D4
 213 0319 ABE1A6C2 		.ascii	"\253\341\246\302\177i`3%\277\333^\006\213\224l\347K"
 213      7F696033 
 213      25BFDB5E 
 213      068B946C 
 213      E74B
 214 032b 8CD39979 		.ascii	"\214\323\231y\316\370\221\203~8CT\262/\364\250p\026"
 214      CEF89183 
 214      7E384354 
 214      B22FF4A8 
 214      7016
 215 033d 530A77EE 		.ascii	"S\012w\356:\344E\027\365\241ooG\3276_\234\315\346\212"
 215      3AE44517 
 215      F5A16F6F 
 215      47D7365F 
ARM GAS  /tmp/ccMJxZoC.s 			page 16


 215      9CCDE68A 
 216 0351 B346D374 		.ascii	"\263F\323tx/S.\016\216=\327R\3404\242\216Ot\335\344"
 216      782F532E 
 216      0E8E3DD7 
 216      52E034A2 
 216      8E4F74DD 
 217 0366 F17E36D7 		.ascii	"\361~6\327z\375\366\001/\\\304\224\354\321Kv\035\005"
 217      7AFDF601 
 217      2F5CC494 
 217      ECD14B76 
 217      1D05
 218 0378 CE24EA68 		.ascii	"\316$\352hnr\262\016\227\2639[\311kg\000\256b\212t\316"
 218      6E72B20E 
 218      97B3395B 
 218      C96B6700 
 218      AE628A74 
 219 038d 69D93997 		.ascii	"i\3319\227w\366\321e\177|\202\315=\037L\232D\270\226"
 219      77F6D165 
 219      7F7C82CD 
 219      3D1F4C9A 
 219      44B896
 220 03a0 29A583ED 		.ascii	")\245\203\355\231\376\0248\207\250\373\262\306\015\270"
 220      99FE1438 
 220      87A8FBB2 
 220      C60DB8
 221 03af 9E4DD58E 		.ascii	"\236M\325\216l~\341\203\233\230\322?\332\337\344Mq\363"
 221      6C7EE183 
 221      9B98D23F 
 221      DADFE44D 
 221      71F3
 222 03c1 89BAB32E 		.ascii	"\211\272\263./\323\227\345\227No\255(|\316\034\303\224"
 222      2FD397E5 
 222      974E6FAD 
 222      287CCE1C 
 222      C394
 223 03d3 757FEF25 		.ascii	"u\177\357%Lr*H\365\322\272\357\262~\362\012\2439A\350"
 223      4C722A48 
 223      F5D2BAEF 
 223      B27EF20A 
 223      A33941E8 
 224 03e7 16CB67FE 		.ascii	"\026\313g\376\343\3162]`\006\205\013\302,\013=\"\372"
 224      E3CE325D 
 224      6006850B 
 224      C22C0B3D 
 224      22FA
 225 03f9 00DE49E1 		.ascii	"\000\336I\341\003(P2\"\350\335\327J\035\336\356\350"
 225      03285032 
 225      22E8DDD7 
 225      4A1DDEEE 
 225      E8
 226 040a 96B7A137 		.ascii	"\226\267\2417\355\312\262#lgQ\\\263\336\273\316\343"
 226      EDCAB223 
 226      6C67515C 
 226      B3DEBBCE 
 226      E3
 227 041b 56A61C2D 		.ascii	"V\246\034-(:\301\366\304\022\032\302\215\313\327\274"
 227      283AC1F6 
ARM GAS  /tmp/ccMJxZoC.s 			page 17


 227      C4121AC2 
 227      8DCBD7BC 
 228 042b 718798BF 		.ascii	"q\207\230\277\252\214\361\000:\367\011Q[\252\2674j\360"
 228      AA8CF100 
 228      3AF70951 
 228      5BAAB734 
 228      6AF0
 229 043d 5536F7BA 		.ascii	"U6\367\272\374\3471\036w3\345~\375\220\300S\340j\242"
 229      FCE7311E 
 229      7733E57E 
 229      FD90C053 
 229      E06AA2
 230 0450 DE1ADED2 		.ascii	"\336\032\336\322\357\203{\246.\020\300\026\330\264\271"
 230      EF837BA6 
 230      2E10C016 
 230      D8B4B9
 231 045f CAE9FDE6 		.ascii	"\312\351\375\346\244\014II\371\023\315\2115\277h\000"
 231      A40C4949 
 231      F913CD89 
 231      35BF6800 
 232 046f 8B51DAA4 		.ascii	"\213Q\332\244\234<\006t\033E\017\323(\207\244(G\272"
 232      9C3C0674 
 232      1B450FD3 
 232      2887A428 
 232      47BA
 233 0481 533AFCDC 		.ascii	"S:\374\334\321-oC\267\375R\232\257\306\267\231\227\251"
 233      D12D6F43 
 233      B7FD529A 
 233      AFC6B799 
 233      97A9
 234 0493 7559C52C 		.ascii	"uY\305,\015_\202:\243\247c\343\021\177\024\314\256\351"
 234      0D5F823A 
 234      A3A763E3 
 234      117F14CC 
 234      AEE9
 235 04a5 C16E5748 		.ascii	"\301nWH\260MHIv\264?\255\375\373\216d\241p&]\343\001"
 235      B04D4849 
 235      76B43FAD 
 235      FDFB8E64 
 235      A170265D 
 236 04bb BCB46368 		.ascii	"\274\264ch\272\353\225yH\027\374\020~8\002\267=:\254"
 236      BAEB9579 
 236      4817FC10 
 236      7E3802B7 
 236      3D3AAC
 237 04ce 6E9E4FA1 		.ascii	"n\236O\241\367\225\320{\024Z\202d\354O2\366\232\022"
 237      F795D07B 
 237      145A8264 
 237      EC4F32F6 
 237      9A12
 238 04e0 7B5D41DB 		.ascii	"{]A\333.C;\224\320N\005\264O\206\376\244\204\336Tzp"
 238      2E433B94 
 238      D04E05B4 
 238      4F86FEA4 
 238      84DE547A 
 239 04f5 53C67629 		.ascii	"S\306v)\261W\225\330n\031{\3053\226\272\260]\334\247"
 239      B15795D8 
ARM GAS  /tmp/ccMJxZoC.s 			page 18


 239      6E197BC5 
 239      3396BAB0 
 239      5DDCA7
 240 0508 4B2C1CB2 		.ascii	"K,\034\262\303\374\005:E\320p\252\240\015|\010z\205"
 240      C3FC053A 
 240      45D070AA 
 240      A00D7C08 
 240      7A85
 241 051a 82D13888 		.ascii	"\202\3218\210\300\007\243\011\270\277\000\261\302x\024"
 241      C007A309 
 241      B8BF00B1 
 241      C27814
 242 0529 EEBF803C 		.ascii	"\356\277\200<\007y\015\222\002\317^\302}\022$\011\306"
 242      07790D92 
 242      02CF5EC2 
 242      7D122409 
 242      C6
 243 053a C920BFC2 		.ascii	"\311 \277\302\370\031\310\010\310\017\240;Q0=7\251\203"
 243      F819C808 
 243      C80FA03B 
 243      51303D37 
 243      A983
 244 054c 1765072F 		.ascii	"\027e\007/*\035\234\243\210\245U\206\266z\204\272\262"
 244      2A1D9CA3 
 244      88A55586 
 244      B67A84BA 
 244      B2
 245 055d D92623DB 		.ascii	"\331&#\333\225\3106e\206\036\312\330\273\236k\357\242"
 245      95C83665 
 245      861ECAD8 
 245      BB9E6BEF 
 245      A2
 246 056e ED91A137 		.ascii	"\355\221\2417<\227\336\215\366\226\214\355Qb{\247\320"
 246      3C97DE8D 
 246      F6968CED 
 246      51627BA7 
 246      D0
 247 057f 5A6DC3A1 		.ascii	"Zm\303\241\200|\202\002\321S\021)\275\023\310\241p\340"
 247      807C8202 
 247      D1531129 
 247      BD13C8A1 
 247      70E0
 248 0591 924C7AC9 		.ascii	"\222Lz\311s\\.h\207\014\275\354y\357\311\276Zm\375\304"
 248      735C2E68 
 248      870CBDEC 
 248      79EFC9BE 
 248      5A6DFDC4 
 249 05a5 81DBE0C0 		.ascii	"\201\333\340\300\240\010\225\016*\321U\267\260\036\310"
 249      A008950E 
 249      2AD155B7 
 249      B01EC8
 250 05b4 B47794B4 		.ascii	"\264w\224\264?+\261\2752\266\333\363\236\246\336\222"
 250      3F2BB1BD 
 250      32B6DBF3 
 250      9EA6DE92 
 251 05c4 366AA0E5 		.ascii	"6j\240\345\260Z@\004\302I_WN\336\"\003C\207\333\341"
 251      B05A4004 
ARM GAS  /tmp/ccMJxZoC.s 			page 19


 251      C2495F57 
 251      4EDE2203 
 251      4387DBE1 
 252 05d8 53CE981E 		.ascii	"S\316\230\036y~\225\331\252\320\234]p\234\232\304hz"
 252      797E95D9 
 252      AAD09C5D 
 252      709C9AC4 
 252      687A
 253 05ea 88A71D8D 		.ascii	"\210\247\035\215Ra#\377\27775\015\347I\274\017\332\310"
 253      526123FF 
 253      BF37350D 
 253      E749BC0F 
 253      DAC8
 254 05fc 4F47CDAE 		.ascii	"OG\315\256\216\220\304&u\334g\366\331G\274\247t\012"
 254      8E90C426 
 254      75DC67F6 
 254      D947BCA7 
 254      740A
 255 060e 04EC3A65 		.ascii	"\004\354:e\323x-\355+\340\016\350]\325\367\303q\256"
 255      D3782DED 
 255      2BE00EE8 
 255      5DD5F7C3 
 255      71AE
 256 0620 8A9E834F 		.ascii	"\212\236\203O\223:\223\375\2419i\254t\344\224WDf\302"
 256      933A93FD 
 256      A13969AC 
 256      74E49457 
 256      4466C2
 257 0633 11479B13 		.ascii	"\021G\233\023\233\017\355\2516\361\256\356\004\306\254"
 257      9B0FEDA9 
 257      36F1AEEE 
 257      04C6AC
 258 0642 3BD9CC93 		.ascii	";\331\314\223\356\244\271<\377k\\AYTw\362*O\350PHP\020"
 258      EEA4B93C 
 258      FF6B5C41 
 258      595477F2 
 258      2A4FE850 
 259 0659 ED6153A1 		.ascii	"\355aS\241\343\316\3405(]4`\327\036x>\3661\231\200\241"
 259      E3CEE035 
 259      285D3460 
 259      D71E783E 
 259      F6319980 
 260 066e 0FBDD35E 		.ascii	"\017\275\323^\326\221)\340\231\034\232K?\001h\013d\221"
 260      D69129E0 
 260      991C9A4B 
 260      3F01680B 
 260      6491
 261 0680 4C71681B 		.ascii	"Lqh\033\037\204\266\362\364\2530\270c$\315K#\242S\377"
 261      1F84B6F2 
 261      F4AB30B8 
 261      6324CD4B 
 261      23A253FF 
 262 0694 133A37E3 		.ascii	"\023:7\343J6\353\202b\210:t\324f\367\241'\275?\355\036"
 262      4A36EB82 
 262      62883A74 
 262      D466F7A1 
 262      27BD3FED 
ARM GAS  /tmp/ccMJxZoC.s 			page 20


 263 06a9 3638D234 		.ascii	"68\3224T\325R\365Y\371\204\352\315\237\247\235\274\370"
 263      54D552F5 
 263      59F984EA 
 263      CD9FA79D 
 263      BCF8
 264 06bb 79CA62DC 		.ascii	"y\312b\334\227\266\235\357\326\272\276\302\210\306\231"
 264      97B69DEF 
 264      D6BABEC2 
 264      88C699
 265 06ca 096BEFE0 		.ascii	"\011k\357\340\011|\027\037(\031\021t\371\203\352#\274"
 265      097C171F 
 265      28191174 
 265      F983EA23 
 265      BC
 266 06db 3B7AFBDB 		.ascii	";z\373\333\320w3w:0>\306\35229\334T\247\303ub\2216\244"
 266      D0773377 
 266      3A303EC6 
 266      EA3239DC 
 266      54A7C375 
 267 06f3 F7F9CEDE 		.ascii	"\367\371\316\336/t\332\034\245uvd\315\030\000>\322\366"
 267      2F74DA1C 
 267      A5757664 
 267      CD18003E 
 267      D2F6
 268 0705 A2DD7C20 		.ascii	"\242\335| \332\0035\202F\333\2158\233$\036\025#\236"
 268      DA033582 
 268      46DB8D38 
 268      9B241E15 
 268      239E
 269 0717 4339FC6C 		.ascii	"C9\374l\362\257\332\313\232\032/\334\312\330N\345\354"
 269      F2AFDACB 
 269      9A1A2FDC 
 269      CAD84EE5 
 269      EC
 270 0728 DBA8934A 		.ascii	"\333\250\223J~lJ\311I\177\231\353V\362\\\251\344y\264"
 270      7E6C4AC9 
 270      497F99EB 
 270      56F25CA9 
 270      E479B4
 271 073b E47D97CB 		.ascii	"\344}\227\313\312\002p/\243\261?io\325P\032\333\303"
 271      CA02702F 
 271      A3B13F69 
 271      6FD5501A 
 271      DBC3
 272 074d 22D68737 		.ascii	"\"\326\2077\010\037\320]\223\357F\221/Q\354\245\024"
 272      081FD05D 
 272      93EF4691 
 272      2F51ECA5 
 272      14
 273 075e D2773780 		.ascii	"\322w7\200~w\321\375\214\322#\254\007\364#\352\226W"
 273      7E77D1FD 
 273      8CD223AC 
 273      07F423EA 
 273      9657
 274 0770 236DAC01 		.ascii	"#m\254\001\321\020\365\325\370\005\253\372\315\3059"
 274      D110F5D5 
 274      F805ABFA 
ARM GAS  /tmp/ccMJxZoC.s 			page 21


 274      CDC539
 275 077f 2015673F 		.ascii	" \025g?+NsJY\207\277\2628\373 +6\232\225\002\232\356"
 275      2B4E734A 
 275      5987BFB2 
 275      38FB202B 
 275      369A9502 
 276 0795 0352BA27 		.ascii	"\003R\272'\207\234-:eq\336\210\276\262\265\267\337\037"
 276      879C2D3A 
 276      6571DE88 
 276      BEB2B5B7 
 276      DF1F
 277 07a7 0FB3D07B 		.ascii	"\017\263\320{6_/Ab=\216_p\257G\241X\017\370\267\303"
 277      365F2F41 
 277      623D8E5F 
 277      70AF47A1 
 277      580FF8B7 
 278 07bc 8DABC855 		.ascii	"\215\253\310U\217bZ\217f\333h\237\016O0\266\244Zk\261"
 278      8F625A8F 
 278      66DB689F 
 278      0E4F30B6 
 278      A45A6BB1 
 279 07d0 97548F86 		.ascii	"\227T\217\206\225;\334\352A\376\315(qKf\211\224\314"
 279      953BDCEA 
 279      41FECD28 
 279      714B6689 
 279      94CC
 280 07e2 529ACC0C 		.ascii	"R\232\314\014\333\345\307<N\367b\275u_^\211Ft\352\205"
 280      DBE5C73C 
 280      4EF762BD 
 280      755F5E89 
 280      4674EA85 
 281 07f6 47A79AA6 		.ascii	"G\247\232\2468u\320\345T\031?\233S\233-+\023b-\352\025"
 281      3875D0E5 
 281      54193F9B 
 281      539B2D2B 
 281      13622DEA 
 282 080b 9F7D31CB 		.ascii	"\237}1\313\300\275?o\236\336\020\023\373M\354\347\341"
 282      C0BD3F6F 
 282      9EDE1013 
 282      FB4DECE7 
 282      E1
 283 081c FAB5667D 		.ascii	"\372\265f}Ld\234\336\234\030E\356&\263e^\024\347k\376"
 283      4C649CDE 
 283      9C1845EE 
 283      26B3655E 
 283      14E76BFE 
 284 0830 DE6C898D 		.ascii	"\336l\211\215\2176Y|\326\307&X\026\206\231,\032\223"
 284      8F36597C 
 284      D6C72658 
 284      1686992C 
 284      1A93
 285 0842 491A46E8 		.ascii	"I\032F\350\343\364\221\211\361a\372\357\242\242Ba\020"
 285      E3F49189 
 285      F161FAEF 
 285      A2A24261 
 285      10
 286 0853 9AB03621 		.ascii	"\232\2606!:4:\362\233\330\320E\246\305\241a\363\027"
ARM GAS  /tmp/ccMJxZoC.s 			page 22


 286      3A343AF2 
 286      9BD8D045 
 286      A6C5A161 
 286      F317
 287 0865 2CFAC722 		.ascii	",\372\307\"\375\224\011}lBT\334\3725\321\372\370\310"
 287      FD94097D 
 287      6C4254DC 
 287      FA35D1FA 
 287      F8C8
 288 0877 A898D884 		.ascii	"\250\230\330\204h\275iM\364\267\221\353\343,&\313\367"
 288      68BD694D 
 288      F4B791EB 
 288      E32C26CB 
 288      F7
 289 0888 EBA2CDF3 		.ascii	"\353\242\315\363b\270e\377\003\251\331\262\006\\\003"
 289      62B865FF 
 289      03A9D9B2 
 289      065C03
 290 0897 9290A971 		.ascii	"\222\220\251q%ZdHT\014\011I\\Kk\266\204[\"\023-K\343"
 290      255A6448 
 290      540C0949 
 290      5C4B6BB6 
 290      845B2213 
 291 08ae 80CF8F28 		.ascii	"\200\317\217(k\327\321\261\006\306\321\026i\270\"ZF"
 291      6BD7D1B1 
 291      06C6D116 
 291      69B8225A 
 291      46
 292 08bf 98E2E2D6 		.ascii	"\230\342\342\326\230b!\201\177\376m\346\326\255M\264"
 292      98622181 
 292      7FFE6DE6 
 292      D6AD4DB4 
 293 08cf 98F5E111 		.ascii	"\230\365\341\021\253\026\206\351?\375t\231>b\345\252"
 293      AB1686E9 
 293      3FFD7499 
 293      3E62E5AA 
 294 08df 7F2E1073 		.ascii	"\177.\020sI\354`A`\210'\231\213\2157Y\260\301\270\000"
 294      49EC6041 
 294      60882799 
 294      8B8D3759 
 294      B0C1B800 
 295 08f3 244C15BE 		.ascii	"$L\025\276\312`T-[\271\334\310\207\033\361\362\025F"
 295      CA60542D 
 295      5BB9DCC8 
 295      871BF1F2 
 295      1546
 296 0905 2F836195 		.ascii	"/\203a\225q\001\375\015S\031\014\313\215\330\360Y\004"
 296      7101FD0D 
 296      53190CCB 
 296      8DD8F059 
 296      04
 297 0916 5E1D6EC0 		.ascii	"^\035n\300K\215Fl4\200\016\006\177[\026a\304\313\210"
 297      4B8D466C 
 297      34800E06 
 297      7F5B1661 
 297      C4CB88
 298 0929 E5AAA546 		.ascii	"\345\252\245F\376sf\265\020\360_\032\027\275\253o\262"
ARM GAS  /tmp/ccMJxZoC.s 			page 23


 298      FE7366B5 
 298      10F05F1A 
 298      17BDAB6F 
 298      B2
 299 093a 37E05AA0 		.ascii	"7\340Z\240\030\234\231$\304\024I\342UE\305D&\372\230"
 299      189C9924 
 299      C41449E2 
 299      5545C544 
 299      26FA98
 300 094d 4CDFAE4F 		.ascii	"L\337\256O\2102\231\374\245\301\274\277,\376h\301\357"
 300      883299FC 
 300      A5C1BCBF 
 300      2CFE68C1 
 300      EF
 301 095e 64F8DA75 		.ascii	"d\370\332u\014=Mz\022-\232O1\370H\232\376\316\323\364"
 301      0C3D4D7A 
 301      122D9A4F 
 301      31F8489A 
 301      FECED3F4 
 302 0972 E2B07F03 		.ascii	"\342\260\177\003i\330\2708"
 302      69D8B838 
 303              		.text
 304              		.section	.gnu.lto_.symtab.f2cd1b952c7c4014,"",%progbits
 305 0000 7374496E 		.ascii	"stInit\000\000\000\000\000\000\000\000\000\000\000\000"
 305      69740000 
 305      00000000 
 305      00000000 
 305      0000
 306 0012 AC000000 		.ascii	"\254\000\000\000stStartAlarm\000\000\000\000\000\000"
 306      73745374 
 306      61727441 
 306      6C61726D 
 306      00000000 
 307 0028 00000000 		.ascii	"\000\000\000\000\000\000\273\000\000\000stStopAlarm"
 307      0000BB00 
 307      00007374 
 307      53746F70 
 307      416C6172 
 308 003d 00000000 		.ascii	"\000\000\000\000\000\000\000\000\000\000\000\000\275"
 308      00000000 
 308      00000000 
 308      BD
 309 004a 00000073 		.ascii	"\000\000\000stSetAlarm\000\000\000\000\000\000\000\000"
 309      74536574 
 309      416C6172 
 309      6D000000 
 309      00000000 
 310 005f 00000000 		.ascii	"\000\000\000\000\277\000\000\000stGetAlarm\000\000\000"
 310      BF000000 
 310      73744765 
 310      74416C61 
 310      726D0000 
 311 0074 00000000 		.ascii	"\000\000\000\000\000\000\000\000\000\302\000\000\000"
 311      00000000 
 311      00C20000 
 311      00
 312 0081 73745F6C 		.ascii	"st_lld_init\000\000\002\000\000\000\000\000\000\000"
ARM GAS  /tmp/ccMJxZoC.s 			page 24


 312      6C645F69 
 312      6E697400 
 312      00020000 
 312      00000000 
 313 0096 0000C400 		.ascii	"\000\000\304\000\000\000"
 313      0000
 314              		.text
 315              		.section	.gnu.lto_.opts,"",%progbits
 316 0000 272D666E 		.ascii	"'-fno-trapv' '-mcpu=cortex-m4' '-mno-thumb-interwor"
 316      6F2D7472 
 316      61707627 
 316      20272D6D 
 316      6370753D 
 317 0033 6B272027 		.ascii	"k' '-mthumb' '-ggdb' '-O2' '-fomit-frame-pointer' '"
 317      2D6D7468 
 317      756D6227 
 317      20272D67 
 317      67646227 
 318 0066 2D66616C 		.ascii	"-falign-functions=16' '-ffunction-sections' '-fdata"
 318      69676E2D 
 318      66756E63 
 318      74696F6E 
 318      733D3136 
 319 0099 2D736563 		.ascii	"-sections' '-fno-common' '-flto'\000"
 319      74696F6E 
 319      73272027 
 319      2D666E6F 
 319      2D636F6D 
 320              		.text
 321              		.comm	__gnu_lto_v1,1,1
 322              		.comm	__gnu_lto_slim,1,1
 323              		.ident	"GCC: (GNU Tools for ARM Embedded Processors) 4.9.3 20141119 (release) [ARM/embedded-4_9-br
ARM GAS  /tmp/ccMJxZoC.s 			page 25


DEFINED SYMBOLS
                            *ABS*:00000000 hal_st.c
                            *COM*:00000001 __gnu_lto_v1
                            *COM*:00000001 __gnu_lto_slim

NO UNDEFINED SYMBOLS
