ARM GAS  /tmp/ccwrZMs0.s 			page 1


   1              		.syntax unified
   2              		.cpu cortex-m4
   3              		.fpu softvfp
   4              		.eabi_attribute 20, 1
   5              		.eabi_attribute 21, 1
   6              		.eabi_attribute 23, 3
   7              		.eabi_attribute 24, 1
   8              		.eabi_attribute 25, 1
   9              		.eabi_attribute 26, 1
  10              		.eabi_attribute 30, 2
  11              		.eabi_attribute 34, 1
  12              		.eabi_attribute 18, 4
  13              		.thumb
  14              		.file	"board.c"
  15              		.text
  16              	.Ltext0:
  17              		.section	.gnu.lto_.jmpfuncs.12bfbb2d9bde26,"",%progbits
  18 0000 789C6362 		.ascii	"x\234cb`b\300\006\330\2414H\226\221\201\001\000\001"
  18      6062C006 
  18      D8A13448 
  18      96918101 
  18      0001
  19 0012 39000F   		.ascii	"9\000\017"
  20              		.text
  21              		.section	.gnu.lto_.inline.12bfbb2d9bde26,"",%progbits
  22 0000 789C6362 		.ascii	"x\234cb`b\300\006\264\2414P\226\205\207\021\254\210"
  22      6062C006 
  22      B4A13450 
  22      96858711 
  22      AC88
  23 0012 6D813C58 		.ascii	"m\201<X-#\027\210``fB\025f\000\000,\340\001\347"
  23      2D231788 
  23      60606642 
  23      15660000 
  23      2CE001E7 
  24              		.text
  25              		.section	.gnu.lto_.pureconst.12bfbb2d9bde26,"",%progbits
  26 0000 789C6362 		.ascii	"x\234cb`b`e\200\000&\006\011F\006\000\000\346\000%"
  26      60626065 
  26      80002606 
  26      09460600 
  26      00E60025 
  27              		.text
  28              		.section	.gnu.lto___early_init.12bfbb2d9bde26,"",%progbits
  29 0000 789C6362 		.ascii	"x\234cb`b@\007\222@\\\003\304\026@\314\310\314\300\310"
  29      60624007 
  29      92405C03 
  29      C41640CC 
  29      C8CCC0C8 
  30 0014 34E11C03 		.ascii	"4\341\034\003C#\007\023##\210\301\300\310P\317\304X"
  30      43230713 
  30      232388C1 
  30      C0C850CF 
  30      C458
  31 0026 1FC90856 		.ascii	"\037\311\010V\273\236\351\300\203\377\377\327m;6\347"
  31      BB9EE9C0 
  31      83FFFFD7 
ARM GAS  /tmp/ccwrZMs0.s 			page 2


  31      6D3B36E7 
  32 0036 0DE34C26 		.ascii	"\015\343L&f\240\010+CKC\303\004\005\006\206d\260\212"
  32      66A0082B 
  32      434B43C3 
  32      04050686 
  32      64B08A
  33 0049 102009D2 		.ascii	"\020 \011\322\026\312\310\004\242\231\31734?\230\373"
  33      16CAC804 
  33      A299CF33 
  33      343F98FB 
  34 0059 982B9171 		.ascii	"\230+\221q!#+P\272\232\341WCG\203@&#P9\304\304L\020"
  34      21232B50 
  34      BA9AE157 
  34      43478340 
  34      26235039 
  35 0071 7D91A1F1 		.ascii	"}\221\241\361\301<e\230\"\010\010\001J\000M\000\271"
  35      C13C6598 
  35      22080801 
  35      4A004D00 
  35      B9
  36 0082 D74C4F4F 		.ascii	"\327LOO\3379#3)\323?X?\277X?#1G?)?\261(\245X?8$>8\304"
  36      DF392333 
  36      29D33F58 
  36      3FBF583F 
  36      2331473F 
  37 00a2 D7D8C8CD 		.ascii	"\327\330\310\3158\336\3053\330\331?\3145(\022\"\247"
  37      38DEC533 
  37      D8D93FCC 
  37      35281222 
  37      A7
  38 00b3 97CC0000 		.ascii	"\227\314\000\000\256e4,"
  38      AE65342C 
  39              		.text
  40              		.section	.gnu.lto_boardInit.12bfbb2d9bde26,"",%progbits
  41 0000 789C6362 		.ascii	"x\234cb`b@\007\222@\034\014\304\026@\314\310\314\300"
  41      60624007 
  41      92401C0C 
  41      C41640CC 
  41      C8CCC0
  42 0013 C834E11C 		.ascii	"\3104\341\034\003C#\007\023##\210\301\300\310P\317\304"
  42      03432307 
  42      13232388 
  42      C1C0C850 
  42      CFC4
  43 0025 581FC908 		.ascii	"X\037\311\010V\273\236\351\300\203\377\377\327M\350"
  43      56BB9EE9 
  43      C083FFFF 
  43      D74DE8
  44 0034 9A3E8771 		.ascii	"\232>\207q\005\023\310,V\206\226\206\206\011\012\014"
  44      0513C82C 
  44      56869686 
  44      86090A0C 
  45 0044 0CC96015 		.ascii	"\014\311`\025!@\022\244-\224\221\011D3_d`Ld\\\310\310"
  45      214012A4 
  45      2D949109 
  45      44335F64 
  45      604C645C 
ARM GAS  /tmp/ccwrZMs0.s 			page 3


  46 005a 0AB72D84 		.ascii	"\012\267-\204\221\021$\001\322j\246\247\247\357\234"
  46      91112401 
  46      D26AA6A7 
  46      A7EF9C
  47 0069 919994E9 		.ascii	"\221\231\224\351\037\254\237_\254\237\221\230\243\237"
  47      1FAC9F5F 
  47      AC9F9198 
  47      A39F
  48 0077 949F5894 		.ascii	"\224\237X\224R\254\037\034\022\037\034\342kl\344f\034"
  48      52AC1F1C 
  48      121F1CE2 
  48      6B6CE466 
  48      1C
  49 0088 EFE219EC 		.ascii	"\357\342\031\354\354\037\346\032\024\011\221\323Kf\000"
  49      EC1FE61A 
  49      140991D3 
  49      4B6600
  50 0097 005C5A28 		.ascii	"\000\\Z(-"
  50      2D
  51              		.text
  52              		.section	.gnu.lto_.symbol_nodes.12bfbb2d9bde26,"",%progbits
  53 0000 789C45C8 		.ascii	"x\234E\310\261\015\2000\000\003\301\267\243\214\305"
  53      B10D8030 
  53      0003C1B7 
  53      A38CC5
  54 000f 6C8E4443 		.ascii	"l\216DC\005a\001Fb\006&\211R\200\304w\367\306,|\371"
  54      05610146 
  54      62062689 
  54      5280C477 
  54      F7C62C7C 
  55 0024 70A0DF90 		.ascii	"p\240\337\220\\\233\334\035\375\254\273\251A\247\343"
  55      5C9BDC1D 
  55      FDACBBA9 
  55      41A7E3
  56 0033 F7B6A642 		.ascii	"\367\266\246Ba}\206\230\021\362\020\342"
  56      617D8698 
  56      11F210E2 
  57              		.text
  58              		.section	.gnu.lto_.refs.12bfbb2d9bde26,"",%progbits
  59 0000 789C6362 		.ascii	"x\234cb`b`d\200\002\000\000F\000\006"
  59      60626064 
  59      80020000 
  59      460006
  60              		.text
  61              		.section	.gnu.lto_.decls.12bfbb2d9bde26,"",%progbits
  62 0000 789CBD96 		.ascii	"x\234\275\226_l\024E\034\307\177\263w-=\270\000i\"\021"
  62      5F6C1445 
  62      1CC77FB3 
  62      772D3DB8 
  62      00692211 
  63 0014 63ECA1C1 		.ascii	"c\354\241\301\207&\275\325kU\210\011\212-`\223b\033"
  63      8726BDD5 
  63      6B558809 
  63      8A2D6093 
  63      621B
  64 0026 0A469FD6 		.ascii	"\012F\237\326\351\355\266w\361\356\366\334\273*<\030"
  64      E9EDB677 
ARM GAS  /tmp/ccwrZMs0.s 			page 4


  64      F1EEF6DC 
  64      BB2A3C18 
  65 0036 87424CED 		.ascii	"\207BL\355\203\236\304ZH\212i\013VZ5\024\014J\202\011"
  65      839EC45A 
  65      488A690B 
  65      565A3514 
  65      0C4A8209 
  66 004a 5B4C5189 		.ascii	"[LQ\211\241\365\274F\243\017\2541\022\037ML\020\015"
  66      A1F5BC46 
  66      A30FAC31 
  66      121F4D4C 
  66      100D
  67 005c 72CECEEE 		.ascii	"r\316\316\356^w\267\367\257\2228\311\316\314\316\374"
  67      5E77B7F7 
  67      AF9238C9 
  67      CECCCEFC 
  68 006c E6F3FBCE 		.ascii	"\346\363\373\316o\376\354r\300\301 \000\344iz\322\017"
  68      6FFEEC72 
  68      C0C12000 
  68      E4697AD2 
  68      0F
  69 007d F02A07E0 		.ascii	"\360*\007\340\241\357\333`)\351\357\343\364\231\244"
  69      A1EFDB60 
  69      29E9EFE3 
  69      F499A4
  70 008c CF147D10 		.ascii	"\317\024}\020}>\004g\322\373\351P\320\3503a\266qf\373"
  70      7D3E0467 
  70      D2FBE950 
  70      D0E83361 
  70      B67166FB 
  71 00a0 142C4F93 		.ascii	"\024,O\223\266:r\275[\251\001\336#c\232\366\353\365"
  71      B63A72BD 
  71      5BA901DE 
  71      23639AF6 
  71      EBF5
  72 00b2 998D646C 		.ascii	"\231\215dl@\315\347\237\200\0150Lh\032{\235\020\224"
  72      40CDE79F 
  72      800D304C 
  72      681A7B9D 
  72      1094
  73 00c4 C668DB5D 		.ascii	"\306h\333]\360\034\302h\255\017\002\254\342\367\201"
  73      F01CC268 
  73      AD0F02AC 
  73      E2F781
  74 00d3 970DC568 		.ascii	"\227\015\305h\002m0k\373<\226\234\255\010\032a\212\216"
  74      026D306B 
  74      FB3C969C 
  74      AD081A61 
  74      8A8E
  75 00e5 CF1072E9 		.ascii	"\317\020r\351\001T\304%\300\203\360\276\356\201\234"
  75      0154C425 
  75      C083F0BE 
  75      EE819C
  76 00f4 221EC6D7 		.ascii	"\"\036\306\327\011\343\250\301n\202\321\011\304\271"
  76      09E3A8C1 
  76      6E82D109 
  76      C4B9
ARM GAS  /tmp/ccwrZMs0.s 			page 5


  77 0102 85CE686A 		.ascii	"\205\316hj\346\212?sP\313\347\033\014\357\034\354F\324"
  77      E68A3F73 
  77      50CBE71B 
  77      0CEF1CEC 
  77      46D4
  78 0114 F6246A2C 		.ascii	"\366$j,\013\237t\303?X\016\3272\332\265\313s\215G\317"
  78      0B9F74C3 
  78      3F580ED7 
  78      32DAB5CB 
  78      738D47CF 
  79 0128 92C36F90 		.ascii	"\222\303o\220\333\371\327\220\345a\010\271]\030\214"
  79      DBF9D790 
  79      E56108B9 
  79      5D188C
  80 0137 6927E37E 		.ascii	"i'\343~\030'3\25267\377\016\242\221$\024\221G\365\360"
  80      182733AA 
  80      3637FF0E 
  80      A2912414 
  80      9147F5F0 
  81 014b 360B258D 		.ascii	"6\013%\215\344Wk\301\212\243\272\332\012\344)=>\233"
  81      E4576BC1 
  81      8AA3BADA 
  81      0AE4293D 
  81      3E9B
  82 015d E1248D96 		.ascii	"\341$\215\226\366\347\320?-\204\324\231C\002\245\355"
  82      F6E7D03F 
  82      2D84D499 
  82      4302A5ED 
  83 016d 31FA186D 		.ascii	"1\372\030m\206\312v\272\345i*\301\320\316\274\020\365"
  83      86CA76BA 
  83      E5692AC1 
  83      D0CEBC10 
  83      F5
  84 017e 42D64FBC 		.ascii	"B\326O\274F;\024\231\225\2316\301\230n\374mv\224\316"
  84      463B1499 
  84      959936C1 
  84      986EFC6D 
  84      7694CE
  85 0191 E5122AE2 		.ascii	"\345\022*\342KC\226\257{\013SP\217eQ\000\243\263\324"
  85      4B4396AF 
  85      7B0B5350 
  85      8F655100 
  85      A3B3D4
  86 01a4 9E83EF5C 		.ascii	"\236\203\357\\Q\253\310\320\345\234s\313\375i\236\311"
  86      51ABC8D0 
  86      E59C73CB 
  86      FD699EC9 
  87 01b4 3D5785DC 		.ascii	"=W\205\334\001\365\332\374\350F]\256\017\006\351\253"
  87      01F5DAFC 
  87      E8465DAE 
  87      0F06E9AB 
  88 01c4 BE819FB6 		.ascii	"\276\201\237\266ys\354^3\346\307\337\232\233Et\255h"
  88      7973EC5E 
  88      33E6C7DF 
  88      9A9B4574 
  88      AD68
  89 01d6 C7793A8C 		.ascii	"\307y:\214\203\0379\247\352\352Q##\237o\245\313\207"
ARM GAS  /tmp/ccwrZMs0.s 			page 6


  89      831F39A7 
  89      EAEA5123 
  89      239F6FA5 
  89      CB87
  90 01e8 D10506FA 		.ascii	"\321\005\006\372\315\343\004a\264\312\347\334>\364\335"
  90      CDE30461 
  90      B4CAE7DC 
  90      3EF4DD
  91 01f7 32D069AC 		.ascii	"2\320i\254\333\254\350\027\305:X\2519\007\1770\247z"
  91      DBACE817 
  91      C53A58A9 
  91      39077F30 
  91      A77A
  92 0209 B08A0935 		.ascii	"\260\212\0115\253F2\015\034\001\324n\\\271\3459F\324"
  92      AB46320D 
  92      1C01D46E 
  92      5CB9E539 
  92      46D4
  93 021b C31E2B1C 		.ascii	"\303\036+\034\177\255\030\030p\254\310\215y\177\006"
  93      7FAD1818 
  93      70ACC88D 
  93      797F06
  94 022a 5B30E2AD 		.ascii	"[0\342\255\002VWR\235\372\267\0356\270b\230S\331m;\354"
  94      02565752 
  94      9DFAB71D 
  94      36B86298 
  94      53D96D3B 
  95 023f CD6A60EB 		.ascii	"\315j`\353K+;\222\265\301\216\254\030\346T\366\256\035"
  95      4B2B3B92 
  95      B5C18EAC 
  95      18E654F6 
  95      AE1D
  96 0251 36520DEC 		.ascii	"6R\015\354\356\"\312\212%\373\371\302\350Sz\211`\364"
  96      EE22CA8A 
  96      25FBF9C2 
  96      E8537A89 
  96      60F4
  97 0263 19DA44F3 		.ascii	"\031\332D\363\213,\237e\371\027,\237c\371\227,\377\232"
  97      8B2C9F65 
  97      F9172C9F 
  97      63F9972C 
  97      FF9A
  98 0275 E685C4C1 		.ascii	"\346\205\304\301(\323tzI\223\363\034W\332fD\375a\217"
  98      28D3747A 
  98      4993F31C 
  98      57DA6644 
  98      FD618F
  99 0288 3E41E39A 		.ascii	">A\343\2328Q\025\3141\303\200\003\366\273\0156]\025"
  99      385115CC 
  99      31C38003 
  99      F6BB0D36 
  99      5D15
 100 029a 6C4B6965 		.ascii	"lKie7m\2603U\301\272J+\313t/\301\316W\005K\226Vv\324"
 100      376DB033 
 100      55C1BA4A 
 100      2BCB742F 
 100      C1CE5705 
ARM GAS  /tmp/ccwrZMs0.s 			page 7


 101 02b3 06BB5815 		.ascii	"\006\273X\025l\020\025\221f\333\013\306.\230a\273\340"
 101      6C101591 
 101      66DB0BC6 
 101      2E9861BB 
 101      E0
 102 02c4 0C5BE76F 		.ascii	"\014[\347oX~\225\345\013,\317\262<\347\\\377\313^\367"
 102      587E95E5 
 102      0B2CCFB2 
 102      3CE75CFF 
 102      CB5EF7
 103 02d7 D5667C4D 		.ascii	"\325f|Ml\354\245\317\016\254\224\276P\240\227\376\252"
 103      6CECA5CF 
 103      0EAC94BE 
 103      50A097FE 
 103      AA
 104 02e8 7D4FBFBC 		.ascii	"}O\277\274\367\301/\336\343\3048\341-\360\011\031T_"
 104      F7C12FDE 
 104      E3C438E1 
 104      2DF00919 
 104      545F
 105 02fa C0E823E6 		.ascii	"\300\350#\346W\367g4%\215\220\031\333\334\274-\311\302"
 105      57F76734 
 105      258D9019 
 105      DBDCBC2D 
 105      C9C2
 106 030c 408E33F7 		.ascii	"@\2163\367|\341&56\277eq\363\320u\217y\022\314\246\334"
 106      7CE12635 
 106      36BF6571 
 106      F3D0758F 
 106      7912CCA6 
 107 0321 446EACD6 		.ascii	"Dn\254\326<\026\205[\327c\236\020k\030Q\247k\314\343"
 107      3C16855B 
 107      D7639E10 
 107      6B1851A7 
 107      6BCCE3
 108 0334 6235A98F 		.ascii	"b5\251\217\2039\3652\202f]rT\344\324\243\376\354R3<"
 108      8339F532 
 108      82665D72 
 108      54E4D4A3 
 108      FEEC5233 
 109 0349 94639ECA 		.ascii	"\224c\236\312\253!c^\247\0326\317\253e\265@\371\300"
 109      AB21635E 
 109      A71A36CF 
 109      AB65B540 
 109      F9C0
 110 035b D0B4CE29 		.ascii	"\320\264\316)eqz\261\261\202\022(\242b\341\016T\300"
 110      65717AB1 
 110      B1821228 
 110      A262E10E 
 110      54C0
 111 036d 32051583 		.ascii	"2\005\025\203QLB\266\254\004\225\030!.-C=x+\357\012"
 111      514C42B6 
 111      AC049518 
 111      212E2D43 
 111      3D782BEF 
 112 0382 C6F0F462 		.ascii	"\306\360\364b\235K\011\252,$w\007\261p\011X\370O\261"
 112      9D4B09AA 
ARM GAS  /tmp/ccwrZMs0.s 			page 8


 112      2C247707 
 112      B1700958 
 112      F84FB1
 113 0395 00580343 		.ascii	"\000X\003CK\2779\306\177o\251\177~\015\255q\234\376"
 113      4BBF39C6 
 113      7F6FA97F 
 113      7E0DAD71 
 113      9CFE
 114 03a7 478341BE 		.ascii	"G\203A\2765\022\355\211vv\363r\212\217\340\030\337#"
 114      3512ED89 
 114      7676F372 
 114      8A8FE018 
 114      DF23
 115 03b9 63454CF1 		.ascii	"cEL\361\335{\205\356\275\273\233C;\233\205\266\366\356"
 115      DD7B85EE 
 115      BDBB9B43 
 115      3B9B85B6 
 115      F6EE
 116 03cb D6CE6777 		.ascii	"\326\316gw\354y\336\350\013\206\301/\010\022Vb\007\204"
 116      EC79DEE8 
 116      0B86C12F 
 116      08125662 
 116      0784
 117 03dd 68229AAE 		.ascii	"h\"\232\256\335\365\314\276@+\370Xg;m\010-\207&e%\255"
 117      DDF5CCBE 
 117      402BF858 
 117      673B6D08 
 117      2D872665 
 118 03f3 33299037 		.ascii	"3)\2207\261\373\367\353=B,&\006#\260>\225\2167\207\204"
 118      B1FBF7EB 
 118      3D422C26 
 118      0623B03E 
 118      958E3787 
 119 0408 704C0EBF 		.ascii	"pL\016\277\310\240\217\225gtt\264\361\273\272\332;_"
 119      C8A08F95 
 119      677474B4 
 119      F1BBBADA 
 119      3B5F
 120 041a 0E3148B2 		.ascii	"\0161H\262\000\2527@}\311\250,\244\244t\177R\240c\022"
 120      00AA3740 
 120      7DC9A82C 
 120      A4A4747F 
 120      52A06312 
 121 042e BDEC7984 		.ascii	"\275\354y\204\217\310q\211W\244\024\025\037\216\320"
 121      8FC87189 
 121      57A41415 
 121      1F8ED0
 122 043d 918AF80A 		.ascii	"\221\212\370\012V$\036+\361\020\337\027\0167\321J\223"
 122      56241E2B 
 122      F110DF17 
 122      0E37D14A 
 122      93
 123 044e 14EF9144 		.ascii	"\024\357\221DQ\022\013\015\0119!5I\270'\332\324\"li"
 123      51120B0D 
 123      09392135 
 123      49B827DA 
 123      D4226C69 
ARM GAS  /tmp/ccwrZMs0.s 			page 9


 124 0462 0A3DF470 		.ascii	"\012=\364p\313K!\336\321\301G\023\341X\277(\361\251"
 124      CB4B21DE 
 124      D1C14713 
 124      E158BF28 
 124      F1A9
 125 0474 B4184DA4 		.ascii	"\264\030M\244\251\214\272~ZR\035\351C\350\377\363\036"
 125      A98CBA7E 
 125      5A521DE9 
 125      43E8FFF3 
 125      1E
 126 0485 C7E14834 		.ascii	"\307\341H4!\361\202(\365\342\376XZH\037HJ)\252f\265"
 126      21F18228 
 126      F5E2FE58 
 126      5A481F48 
 126      4A29AA66 
 127 049a 20587A6A 		.ascii	" Xzj\342\262()\265\262\336\245\254\222SII\022\225\232"
 127      E2B22829 
 127      B5B2DEA5 
 127      AC925349 
 127      4912959A 
 128 04ae 647F5254 		.ascii	"d\177RT<\262\250xq\257\022\323\263Hm\327\3666\234\306"
 128      3CB2A878 
 128      71AF12D3 
 128      B3486DD7 
 128      F6369CC6 
 129 04c2 B55D4F19 		.ascii	"\265]O\031E\253Q\264\031\305\016\243\330\251\027\276"
 129      45AB51B4 
 129      19C50EA3 
 129      D8A917BE 
 130 04d2 AEED1DAD 		.ascii	"\256\355\035\255r\2427\332W\257\257\203\345<\314\232"
 130      72A237DA 
 130      57AFAF83 
 130      E53CCC9A 
 131 04e2 EE092AB2 		.ascii	"\356\011*\262H\215\202\313\273\376\0054\3747r"
 131      488D82CB 
 131      BBFE0534 
 131      FC3772
 132              		.text
 133              		.section	.gnu.lto_.symtab.12bfbb2d9bde26,"",%progbits
 134 0000 5F5F6561 		.ascii	"__early_init\000\000\000\000\000\000\000\000\000\000"
 134      726C795F 
 134      696E6974 
 134      00000000 
 134      00000000 
 135 0016 0000A100 		.ascii	"\000\000\241\000\000\000boardInit\000\000\000\000\000"
 135      0000626F 
 135      61726449 
 135      6E697400 
 135      00000000 
 136 002a 00000000 		.ascii	"\000\000\000\000\000\000\000\246\000\000\000pal_def"
 136      000000A6 
 136      00000070 
 136      616C5F64 
 136      6566
 137 003c 61756C74 		.ascii	"ault_config\000\000\000\000\000\000\000\000\000\000"
 137      5F636F6E 
 137      66696700 
ARM GAS  /tmp/ccwrZMs0.s 			page 10


 137      00000000 
 137      00000000 
 138 0051 0000AB00 		.ascii	"\000\000\253\000\000\000stm32_clock_init\000\000\002"
 138      00007374 
 138      6D33325F 
 138      636C6F63 
 138      6B5F696E 
 139 006a 00000000 		.ascii	"\000\000\000\000\000\000\000\000\000\251\000\000\000"
 139      00000000 
 139      00A90000 
 139      00
 140              		.text
 141              		.section	.gnu.lto_.opts,"",%progbits
 142 0000 272D6D63 		.ascii	"'-mcpu=cortex-m4' '-mno-thumb-interwork' '-mthumb' "
 142      70753D63 
 142      6F727465 
 142      782D6D34 
 142      2720272D 
 143 0033 272D6767 		.ascii	"'-ggdb' '-O2' '-fomit-frame-pointer' '-falign-funct"
 143      64622720 
 143      272D4F32 
 143      2720272D 
 143      666F6D69 
 144 0066 696F6E73 		.ascii	"ions=16' '-ffunction-sections' '-fdata-sections' '-"
 144      3D313627 
 144      20272D66 
 144      66756E63 
 144      74696F6E 
 145 0099 666E6F2D 		.ascii	"fno-common' '-flto'\000"
 145      636F6D6D 
 145      6F6E2720 
 145      272D666C 
 145      746F2700 
 146              		.text
 147              		.cfi_sections	.debug_frame
 148              		.section	.text.__early_init,"ax",%progbits
 149              		.align	2
 150              		.p2align 4,,15
 151              		.global	__early_init
 152              		.thumb
 153              		.thumb_func
 154              		.type	__early_init, %function
 155              	__early_init:
 156              	.LFB270:
 157              		.file 1 "../ChibiOS/os/hal/boards/ST_STM32F3_DISCOVERY/board.c"
 158              		.loc 1 75 0
 159              		.cfi_startproc
 160              		@ args = 0, pretend = 0, frame = 0
 161              		@ frame_needed = 0, uses_anonymous_args = 0
 162              		@ link register save eliminated.
 163              		.loc 1 77 0
 164 0000 FFF7FEBF 		b	stm32_clock_init
 165              	.LVL0:
 166              		.cfi_endproc
 167              	.LFE270:
 168              		.size	__early_init, .-__early_init
 169 0004 AFF30080 		.section	.text.boardInit,"ax",%progbits
ARM GAS  /tmp/ccwrZMs0.s 			page 11


 169      AFF30080 
 169      AFF30080 
 170              		.align	2
 171              		.p2align 4,,15
 172              		.global	boardInit
 173              		.thumb
 174              		.thumb_func
 175              		.type	boardInit, %function
 176              	boardInit:
 177              	.LFB271:
 178              		.loc 1 128 0
 179              		.cfi_startproc
 180              		@ args = 0, pretend = 0, frame = 0
 181              		@ frame_needed = 0, uses_anonymous_args = 0
 182              		@ link register save eliminated.
 183 0000 7047     		bx	lr
 184              		.cfi_endproc
 185              	.LFE271:
 186              		.size	boardInit, .-boardInit
 187              		.global	pal_default_config
 188 0002 00BFAFF3 		.section	.rodata.pal_default_config,"a",%progbits
 188      0080AFF3 
 188      0080AFF3 
 188      0080
 189              		.align	2
 190              		.type	pal_default_config, %object
 191              		.size	pal_default_config, 168
 192              	pal_default_config:
 193 0000 00A8802A 		.word	713074688
 194 0004 00000000 		.word	0
 195 0008 00FCC03C 		.word	1019280384
 196 000c 54111564 		.word	1679102292
 197 0010 FFFF0000 		.word	65535
 198 0014 00005055 		.word	1431306240
 199 0018 00E00E00 		.word	974848
 200 001c 80A00000 		.word	41088
 201 0020 C0000000 		.word	192
 202 0024 C0F00000 		.word	61632
 203 0028 15055555 		.word	1431635221
 204 002c FFFF0000 		.word	65535
 205 0030 00000044 		.word	1140850688
 206 0034 00000000 		.word	0
 207 0038 00000000 		.word	0
 208 003c 00000000 		.word	0
 209 0040 000000F0 		.word	-268435456
 210 0044 55555505 		.word	89478485
 211 0048 FFFF0000 		.word	65535
 212 004c 00000000 		.word	0
 213 0050 00000000 		.word	0
 214 0054 00000000 		.word	0
 215 0058 00000000 		.word	0
 216 005c 00000000 		.word	0
 217 0060 55555555 		.word	1431655765
 218 0064 FFFF0000 		.word	65535
 219 0068 00000000 		.word	0
 220 006c 00000000 		.word	0
 221 0070 40005555 		.word	1431633984
ARM GAS  /tmp/ccwrZMs0.s 			page 12


 222 0074 00000000 		.word	0
 223 0078 C000FFFF 		.word	-65344
 224 007c 15551501 		.word	18175253
 225 0080 FF000000 		.word	255
 226 0084 00000000 		.word	0
 227 0088 00000000 		.word	0
 228 008c 00000000 		.word	0
 229 0090 00000000 		.word	0
 230 0094 0F000000 		.word	15
 231 0098 50555555 		.word	1431655760
 232 009c FFFF0000 		.word	65535
 233 00a0 00000000 		.word	0
 234 00a4 00000000 		.word	0
 235              		.text
 236              	.Letext0:
 237              		.file 2 "/nfs/nfs5/home/research/hardware/arm2/gcc-arm-embedded/gcc-arm-none-eabi-4_8-2014q2/arm-n
 238              		.file 3 "/nfs/nfs5/home/research/hardware/arm2/gcc-arm-embedded/gcc-arm-none-eabi-4_8-2014q2/arm-n
 239              		.file 4 "../ChibiOS/os/common/ports/ARMCMx/compilers/GCC/chtypes.h"
 240              		.file 5 "../ChibiOS/os/rt/include/chsystypes.h"
 241              		.file 6 "../ChibiOS/os/rt/include/chschd.h"
 242              		.file 7 "../ChibiOS/os/common/ports/ARMCMx/chcore.h"
 243              		.file 8 "../ChibiOS/os/common/ports/ARMCMx/chcore_v7m.h"
 244              		.file 9 "../ChibiOS/os/rt/include/chtm.h"
 245              		.file 10 "../ChibiOS/os/rt/include/chsem.h"
 246              		.file 11 "../ChibiOS/os/rt/include/chmtx.h"
 247              		.file 12 "../ChibiOS/os/hal/ports/STM32/LLD/GPIOv2/hal_pal_lld.h"
 248              		.file 13 "../ChibiOS/os/common/ext/CMSIS/include/core_cm4.h"
 249              		.file 14 "../ChibiOS/os/hal/ports/STM32/STM32F3xx/hal_lld.h"
 250              		.section	.debug_info,"",%progbits
 251              	.Ldebug_info0:
 252 0000 32070000 		.4byte	0x732
 253 0004 0400     		.2byte	0x4
 254 0006 00000000 		.4byte	.Ldebug_abbrev0
 255 000a 04       		.byte	0x4
 256 000b 01       		.uleb128 0x1
 257 000c 62040000 		.4byte	.LASF106
 258 0010 01       		.byte	0x1
 259 0011 ED010000 		.4byte	.LASF107
 260 0015 0F030000 		.4byte	.LASF108
 261 0019 00000000 		.4byte	.Ldebug_ranges0+0
 262 001d 00000000 		.4byte	0
 263 0021 00000000 		.4byte	.Ldebug_line0
 264 0025 02       		.uleb128 0x2
 265 0026 04       		.byte	0x4
 266 0027 05       		.byte	0x5
 267 0028 696E7400 		.ascii	"int\000"
 268 002c 03       		.uleb128 0x3
 269 002d 04       		.byte	0x4
 270 002e 07       		.byte	0x7
 271 002f 74010000 		.4byte	.LASF0
 272 0033 03       		.uleb128 0x3
 273 0034 01       		.byte	0x1
 274 0035 06       		.byte	0x6
 275 0036 E6000000 		.4byte	.LASF1
 276 003a 04       		.uleb128 0x4
 277 003b 3C000000 		.4byte	.LASF5
 278 003f 02       		.byte	0x2
ARM GAS  /tmp/ccwrZMs0.s 			page 13


 279 0040 1C       		.byte	0x1c
 280 0041 45000000 		.4byte	0x45
 281 0045 03       		.uleb128 0x3
 282 0046 01       		.byte	0x1
 283 0047 08       		.byte	0x8
 284 0048 5B030000 		.4byte	.LASF2
 285 004c 03       		.uleb128 0x3
 286 004d 02       		.byte	0x2
 287 004e 05       		.byte	0x5
 288 004f 6E030000 		.4byte	.LASF3
 289 0053 03       		.uleb128 0x3
 290 0054 02       		.byte	0x2
 291 0055 07       		.byte	0x7
 292 0056 C1010000 		.4byte	.LASF4
 293 005a 04       		.uleb128 0x4
 294 005b 51020000 		.4byte	.LASF6
 295 005f 02       		.byte	0x2
 296 0060 37       		.byte	0x37
 297 0061 65000000 		.4byte	0x65
 298 0065 03       		.uleb128 0x3
 299 0066 04       		.byte	0x4
 300 0067 05       		.byte	0x5
 301 0068 07010000 		.4byte	.LASF7
 302 006c 04       		.uleb128 0x4
 303 006d 2B010000 		.4byte	.LASF8
 304 0071 02       		.byte	0x2
 305 0072 38       		.byte	0x38
 306 0073 77000000 		.4byte	0x77
 307 0077 03       		.uleb128 0x3
 308 0078 04       		.byte	0x4
 309 0079 07       		.byte	0x7
 310 007a 88010000 		.4byte	.LASF9
 311 007e 03       		.uleb128 0x3
 312 007f 08       		.byte	0x8
 313 0080 05       		.byte	0x5
 314 0081 D8000000 		.4byte	.LASF10
 315 0085 04       		.uleb128 0x4
 316 0086 DF020000 		.4byte	.LASF11
 317 008a 02       		.byte	0x2
 318 008b 4E       		.byte	0x4e
 319 008c 90000000 		.4byte	0x90
 320 0090 03       		.uleb128 0x3
 321 0091 08       		.byte	0x8
 322 0092 07       		.byte	0x7
 323 0093 66000000 		.4byte	.LASF12
 324 0097 04       		.uleb128 0x4
 325 0098 54040000 		.4byte	.LASF13
 326 009c 03       		.byte	0x3
 327 009d 2A       		.byte	0x2a
 328 009e 3A000000 		.4byte	0x3a
 329 00a2 04       		.uleb128 0x4
 330 00a3 53030000 		.4byte	.LASF14
 331 00a7 03       		.byte	0x3
 332 00a8 41       		.byte	0x41
 333 00a9 5A000000 		.4byte	0x5a
 334 00ad 04       		.uleb128 0x4
 335 00ae C1030000 		.4byte	.LASF15
ARM GAS  /tmp/ccwrZMs0.s 			page 14


 336 00b2 03       		.byte	0x3
 337 00b3 42       		.byte	0x42
 338 00b4 6C000000 		.4byte	0x6c
 339 00b8 04       		.uleb128 0x4
 340 00b9 33000000 		.4byte	.LASF16
 341 00bd 03       		.byte	0x3
 342 00be 4E       		.byte	0x4e
 343 00bf 85000000 		.4byte	0x85
 344 00c3 04       		.uleb128 0x4
 345 00c4 2D040000 		.4byte	.LASF17
 346 00c8 04       		.byte	0x4
 347 00c9 39       		.byte	0x39
 348 00ca AD000000 		.4byte	0xad
 349 00ce 04       		.uleb128 0x4
 350 00cf 2F020000 		.4byte	.LASF18
 351 00d3 04       		.byte	0x4
 352 00d4 3C       		.byte	0x3c
 353 00d5 97000000 		.4byte	0x97
 354 00d9 04       		.uleb128 0x4
 355 00da 17010000 		.4byte	.LASF19
 356 00de 04       		.byte	0x4
 357 00df 3D       		.byte	0x3d
 358 00e0 97000000 		.4byte	0x97
 359 00e4 04       		.uleb128 0x4
 360 00e5 EA020000 		.4byte	.LASF20
 361 00e9 04       		.byte	0x4
 362 00ea 3E       		.byte	0x3e
 363 00eb 97000000 		.4byte	0x97
 364 00ef 04       		.uleb128 0x4
 365 00f0 07030000 		.4byte	.LASF21
 366 00f4 04       		.byte	0x4
 367 00f5 40       		.byte	0x40
 368 00f6 AD000000 		.4byte	0xad
 369 00fa 04       		.uleb128 0x4
 370 00fb DE010000 		.4byte	.LASF22
 371 00ff 04       		.byte	0x4
 372 0100 41       		.byte	0x41
 373 0101 A2000000 		.4byte	0xa2
 374 0105 04       		.uleb128 0x4
 375 0106 45020000 		.4byte	.LASF23
 376 010a 04       		.byte	0x4
 377 010b 43       		.byte	0x43
 378 010c AD000000 		.4byte	0xad
 379 0110 04       		.uleb128 0x4
 380 0111 6E010000 		.4byte	.LASF24
 381 0115 04       		.byte	0x4
 382 0116 45       		.byte	0x45
 383 0117 A2000000 		.4byte	0xa2
 384 011b 04       		.uleb128 0x4
 385 011c 02040000 		.4byte	.LASF25
 386 0120 05       		.byte	0x5
 387 0121 33       		.byte	0x33
 388 0122 AD000000 		.4byte	0xad
 389 0126 04       		.uleb128 0x4
 390 0127 F9030000 		.4byte	.LASF26
 391 012b 05       		.byte	0x5
 392 012c 3F       		.byte	0x3f
ARM GAS  /tmp/ccwrZMs0.s 			page 15


 393 012d 31010000 		.4byte	0x131
 394 0131 05       		.uleb128 0x5
 395 0132 D4010000 		.4byte	.LASF44
 396 0136 44       		.byte	0x44
 397 0137 06       		.byte	0x6
 398 0138 9A       		.byte	0x9a
 399 0139 0F020000 		.4byte	0x20f
 400 013d 06       		.uleb128 0x6
 401 013e 25010000 		.4byte	.LASF27
 402 0142 06       		.byte	0x6
 403 0143 9B       		.byte	0x9b
 404 0144 44020000 		.4byte	0x244
 405 0148 00       		.byte	0
 406 0149 06       		.uleb128 0x6
 407 014a D2020000 		.4byte	.LASF28
 408 014e 06       		.byte	0x6
 409 014f 9C       		.byte	0x9c
 410 0150 EF000000 		.4byte	0xef
 411 0154 08       		.byte	0x8
 412 0155 07       		.uleb128 0x7
 413 0156 63747800 		.ascii	"ctx\000"
 414 015a 06       		.byte	0x6
 415 015b 9D       		.byte	0x9d
 416 015c 3C040000 		.4byte	0x43c
 417 0160 0C       		.byte	0xc
 418 0161 06       		.uleb128 0x6
 419 0162 66020000 		.4byte	.LASF29
 420 0166 06       		.byte	0x6
 421 0167 9F       		.byte	0x9f
 422 0168 1A020000 		.4byte	0x21a
 423 016c 10       		.byte	0x10
 424 016d 06       		.uleb128 0x6
 425 016e F3030000 		.4byte	.LASF30
 426 0172 06       		.byte	0x6
 427 0173 A0       		.byte	0xa0
 428 0174 1A020000 		.4byte	0x21a
 429 0178 14       		.byte	0x14
 430 0179 06       		.uleb128 0x6
 431 017a A2010000 		.4byte	.LASF31
 432 017e 06       		.byte	0x6
 433 017f A7       		.byte	0xa7
 434 0180 C1050000 		.4byte	0x5c1
 435 0184 18       		.byte	0x18
 436 0185 06       		.uleb128 0x6
 437 0186 E7030000 		.4byte	.LASF32
 438 018a 06       		.byte	0x6
 439 018b B0       		.byte	0xb0
 440 018c D3050000 		.4byte	0x5d3
 441 0190 1C       		.byte	0x1c
 442 0191 06       		.uleb128 0x6
 443 0192 01010000 		.4byte	.LASF33
 444 0196 06       		.byte	0x6
 445 0197 B5       		.byte	0xb5
 446 0198 D9000000 		.4byte	0xd9
 447 019c 20       		.byte	0x20
 448 019d 06       		.uleb128 0x6
 449 019e 5C040000 		.4byte	.LASF34
ARM GAS  /tmp/ccwrZMs0.s 			page 16


 450 01a2 06       		.byte	0x6
 451 01a3 B9       		.byte	0xb9
 452 01a4 CE000000 		.4byte	0xce
 453 01a8 21       		.byte	0x21
 454 01a9 06       		.uleb128 0x6
 455 01aa F2020000 		.4byte	.LASF35
 456 01ae 06       		.byte	0x6
 457 01af BE       		.byte	0xbe
 458 01b0 E4000000 		.4byte	0xe4
 459 01b4 22       		.byte	0x22
 460 01b5 08       		.uleb128 0x8
 461 01b6 7500     		.ascii	"u\000"
 462 01b8 06       		.byte	0x6
 463 01b9 0F01     		.2byte	0x10f
 464 01bb F6040000 		.4byte	0x4f6
 465 01bf 24       		.byte	0x24
 466 01c0 09       		.uleb128 0x9
 467 01c1 46010000 		.4byte	.LASF36
 468 01c5 06       		.byte	0x6
 469 01c6 1401     		.2byte	0x114
 470 01c8 20020000 		.4byte	0x220
 471 01cc 28       		.byte	0x28
 472 01cd 09       		.uleb128 0x9
 473 01ce F8000000 		.4byte	.LASF37
 474 01d2 06       		.byte	0x6
 475 01d3 1A01     		.2byte	0x11a
 476 01d5 44020000 		.4byte	0x244
 477 01d9 2C       		.byte	0x2c
 478 01da 09       		.uleb128 0x9
 479 01db E4010000 		.4byte	.LASF38
 480 01df 06       		.byte	0x6
 481 01e0 2001     		.2byte	0x120
 482 01e2 05010000 		.4byte	0x105
 483 01e6 34       		.byte	0x34
 484 01e7 09       		.uleb128 0x9
 485 01e8 5F050000 		.4byte	.LASF39
 486 01ec 06       		.byte	0x6
 487 01ed 2701     		.2byte	0x127
 488 01ef BB050000 		.4byte	0x5bb
 489 01f3 38       		.byte	0x38
 490 01f4 09       		.uleb128 0x9
 491 01f5 6C020000 		.4byte	.LASF40
 492 01f9 06       		.byte	0x6
 493 01fa 2B01     		.2byte	0x12b
 494 01fc EF000000 		.4byte	0xef
 495 0200 3C       		.byte	0x3c
 496 0201 09       		.uleb128 0x9
 497 0202 AE010000 		.4byte	.LASF41
 498 0206 06       		.byte	0x6
 499 0207 3201     		.2byte	0x132
 500 0209 F7020000 		.4byte	0x2f7
 501 020d 40       		.byte	0x40
 502 020e 00       		.byte	0
 503 020f 04       		.uleb128 0x4
 504 0210 7E020000 		.4byte	.LASF42
 505 0214 05       		.byte	0x5
 506 0215 44       		.byte	0x44
ARM GAS  /tmp/ccwrZMs0.s 			page 17


 507 0216 1A020000 		.4byte	0x21a
 508 021a 0A       		.uleb128 0xa
 509 021b 04       		.byte	0x4
 510 021c 26010000 		.4byte	0x126
 511 0220 04       		.uleb128 0x4
 512 0221 50050000 		.4byte	.LASF43
 513 0225 05       		.byte	0x5
 514 0226 49       		.byte	0x49
 515 0227 2B020000 		.4byte	0x22b
 516 022b 05       		.uleb128 0x5
 517 022c D1030000 		.4byte	.LASF45
 518 0230 04       		.byte	0x4
 519 0231 06       		.byte	0x6
 520 0232 88       		.byte	0x88
 521 0233 44020000 		.4byte	0x244
 522 0237 06       		.uleb128 0x6
 523 0238 C2000000 		.4byte	.LASF46
 524 023c 06       		.byte	0x6
 525 023d 89       		.byte	0x89
 526 023e 1A020000 		.4byte	0x21a
 527 0242 00       		.byte	0
 528 0243 00       		.byte	0
 529 0244 04       		.uleb128 0x4
 530 0245 35040000 		.4byte	.LASF47
 531 0249 05       		.byte	0x5
 532 024a 50       		.byte	0x50
 533 024b 4F020000 		.4byte	0x24f
 534 024f 05       		.uleb128 0x5
 535 0250 C7000000 		.4byte	.LASF48
 536 0254 08       		.byte	0x8
 537 0255 06       		.byte	0x6
 538 0256 8F       		.byte	0x8f
 539 0257 74020000 		.4byte	0x274
 540 025b 06       		.uleb128 0x6
 541 025c C2000000 		.4byte	.LASF46
 542 0260 06       		.byte	0x6
 543 0261 90       		.byte	0x90
 544 0262 1A020000 		.4byte	0x21a
 545 0266 00       		.byte	0
 546 0267 06       		.uleb128 0x6
 547 0268 46000000 		.4byte	.LASF49
 548 026c 06       		.byte	0x6
 549 026d 91       		.byte	0x91
 550 026e 1A020000 		.4byte	0x21a
 551 0272 04       		.byte	0x4
 552 0273 00       		.byte	0
 553 0274 04       		.uleb128 0x4
 554 0275 13000000 		.4byte	.LASF50
 555 0279 05       		.byte	0x5
 556 027a 57       		.byte	0x57
 557 027b 7F020000 		.4byte	0x27f
 558 027f 0B       		.uleb128 0xb
 559 0280 37020000 		.4byte	.LASF51
 560 0284 1C       		.byte	0x1c
 561 0285 06       		.byte	0x6
 562 0286 6A01     		.2byte	0x16a
 563 0288 DB020000 		.4byte	0x2db
ARM GAS  /tmp/ccwrZMs0.s 			page 18


 564 028c 09       		.uleb128 0x9
 565 028d 25010000 		.4byte	.LASF27
 566 0291 06       		.byte	0x6
 567 0292 6B01     		.2byte	0x16b
 568 0294 44020000 		.4byte	0x244
 569 0298 00       		.byte	0
 570 0299 09       		.uleb128 0x9
 571 029a D2020000 		.4byte	.LASF28
 572 029e 06       		.byte	0x6
 573 029f 6C01     		.2byte	0x16c
 574 02a1 EF000000 		.4byte	0xef
 575 02a5 08       		.byte	0x8
 576 02a6 08       		.uleb128 0x8
 577 02a7 63747800 		.ascii	"ctx\000"
 578 02ab 06       		.byte	0x6
 579 02ac 6E01     		.2byte	0x16e
 580 02ae 3C040000 		.4byte	0x43c
 581 02b2 0C       		.byte	0xc
 582 02b3 09       		.uleb128 0x9
 583 02b4 66020000 		.4byte	.LASF29
 584 02b8 06       		.byte	0x6
 585 02b9 7101     		.2byte	0x171
 586 02bb 1A020000 		.4byte	0x21a
 587 02bf 10       		.byte	0x10
 588 02c0 09       		.uleb128 0x9
 589 02c1 F3030000 		.4byte	.LASF30
 590 02c5 06       		.byte	0x6
 591 02c6 7201     		.2byte	0x172
 592 02c8 1A020000 		.4byte	0x21a
 593 02cc 14       		.byte	0x14
 594 02cd 09       		.uleb128 0x9
 595 02ce D7020000 		.4byte	.LASF52
 596 02d2 06       		.byte	0x6
 597 02d3 7501     		.2byte	0x175
 598 02d5 1A020000 		.4byte	0x21a
 599 02d9 18       		.byte	0x18
 600 02da 00       		.byte	0
 601 02db 04       		.uleb128 0x4
 602 02dc 0C040000 		.4byte	.LASF53
 603 02e0 05       		.byte	0x5
 604 02e1 5C       		.byte	0x5c
 605 02e2 E6020000 		.4byte	0x2e6
 606 02e6 0A       		.uleb128 0xa
 607 02e7 04       		.byte	0x4
 608 02e8 EC020000 		.4byte	0x2ec
 609 02ec 0C       		.uleb128 0xc
 610 02ed F7020000 		.4byte	0x2f7
 611 02f1 0D       		.uleb128 0xd
 612 02f2 F7020000 		.4byte	0x2f7
 613 02f6 00       		.byte	0
 614 02f7 0E       		.uleb128 0xe
 615 02f8 04       		.byte	0x4
 616 02f9 04       		.uleb128 0x4
 617 02fa F7020000 		.4byte	.LASF54
 618 02fe 05       		.byte	0x5
 619 02ff 61       		.byte	0x61
 620 0300 04030000 		.4byte	0x304
ARM GAS  /tmp/ccwrZMs0.s 			page 19


 621 0304 0B       		.uleb128 0xb
 622 0305 A3030000 		.4byte	.LASF55
 623 0309 14       		.byte	0x14
 624 030a 06       		.byte	0x6
 625 030b 4501     		.2byte	0x145
 626 030d 53030000 		.4byte	0x353
 627 0311 09       		.uleb128 0x9
 628 0312 C2000000 		.4byte	.LASF46
 629 0316 06       		.byte	0x6
 630 0317 4601     		.2byte	0x146
 631 0319 D9050000 		.4byte	0x5d9
 632 031d 00       		.byte	0
 633 031e 09       		.uleb128 0x9
 634 031f 46000000 		.4byte	.LASF49
 635 0323 06       		.byte	0x6
 636 0324 4701     		.2byte	0x147
 637 0326 D9050000 		.4byte	0x5d9
 638 032a 04       		.byte	0x4
 639 032b 09       		.uleb128 0x9
 640 032c 26000000 		.4byte	.LASF56
 641 0330 06       		.byte	0x6
 642 0331 4801     		.2byte	0x148
 643 0333 1B010000 		.4byte	0x11b
 644 0337 08       		.byte	0x8
 645 0338 09       		.uleb128 0x9
 646 0339 20010000 		.4byte	.LASF57
 647 033d 06       		.byte	0x6
 648 033e 4901     		.2byte	0x149
 649 0340 DB020000 		.4byte	0x2db
 650 0344 0C       		.byte	0xc
 651 0345 08       		.uleb128 0x8
 652 0346 70617200 		.ascii	"par\000"
 653 034a 06       		.byte	0x6
 654 034b 4B01     		.2byte	0x14b
 655 034d F7020000 		.4byte	0x2f7
 656 0351 10       		.byte	0x10
 657 0352 00       		.byte	0
 658 0353 04       		.uleb128 0x4
 659 0354 9F000000 		.4byte	.LASF58
 660 0358 05       		.byte	0x5
 661 0359 66       		.byte	0x66
 662 035a 5E030000 		.4byte	0x35e
 663 035e 0B       		.uleb128 0xb
 664 035f 91020000 		.4byte	.LASF59
 665 0363 10       		.byte	0x10
 666 0364 06       		.byte	0x6
 667 0365 5501     		.2byte	0x155
 668 0367 A0030000 		.4byte	0x3a0
 669 036b 09       		.uleb128 0x9
 670 036c C2000000 		.4byte	.LASF46
 671 0370 06       		.byte	0x6
 672 0371 5601     		.2byte	0x156
 673 0373 D9050000 		.4byte	0x5d9
 674 0377 00       		.byte	0
 675 0378 09       		.uleb128 0x9
 676 0379 46000000 		.4byte	.LASF49
 677 037d 06       		.byte	0x6
ARM GAS  /tmp/ccwrZMs0.s 			page 20


 678 037e 5801     		.2byte	0x158
 679 0380 D9050000 		.4byte	0x5d9
 680 0384 04       		.byte	0x4
 681 0385 09       		.uleb128 0x9
 682 0386 26000000 		.4byte	.LASF56
 683 038a 06       		.byte	0x6
 684 038b 5A01     		.2byte	0x15a
 685 038d 1B010000 		.4byte	0x11b
 686 0391 08       		.byte	0x8
 687 0392 09       		.uleb128 0x9
 688 0393 78030000 		.4byte	.LASF60
 689 0397 06       		.byte	0x6
 690 0398 6201     		.2byte	0x162
 691 039a 1B010000 		.4byte	0x11b
 692 039e 0C       		.byte	0xc
 693 039f 00       		.byte	0
 694 03a0 04       		.uleb128 0x4
 695 03a1 57000000 		.4byte	.LASF61
 696 03a5 05       		.byte	0x5
 697 03a6 6B       		.byte	0x6b
 698 03a7 AB030000 		.4byte	0x3ab
 699 03ab 0B       		.uleb128 0xb
 700 03ac 3D030000 		.4byte	.LASF62
 701 03b0 04       		.byte	0x4
 702 03b1 06       		.byte	0x6
 703 03b2 7C01     		.2byte	0x17c
 704 03b4 C6030000 		.4byte	0x3c6
 705 03b8 09       		.uleb128 0x9
 706 03b9 15040000 		.4byte	.LASF63
 707 03bd 06       		.byte	0x6
 708 03be 8401     		.2byte	0x184
 709 03c0 DF050000 		.4byte	0x5df
 710 03c4 00       		.byte	0
 711 03c5 00       		.byte	0
 712 03c6 04       		.uleb128 0x4
 713 03c7 23020000 		.4byte	.LASF64
 714 03cb 05       		.byte	0x5
 715 03cc 70       		.byte	0x70
 716 03cd D1030000 		.4byte	0x3d1
 717 03d1 0B       		.uleb128 0xb
 718 03d2 99030000 		.4byte	.LASF65
 719 03d6 78       		.byte	0x78
 720 03d7 06       		.byte	0x6
 721 03d8 9C01     		.2byte	0x19c
 722 03da 1F040000 		.4byte	0x41f
 723 03de 09       		.uleb128 0x9
 724 03df 4E040000 		.4byte	.LASF66
 725 03e3 06       		.byte	0x6
 726 03e4 A001     		.2byte	0x1a0
 727 03e6 74020000 		.4byte	0x274
 728 03ea 00       		.byte	0
 729 03eb 09       		.uleb128 0x9
 730 03ec 3F010000 		.4byte	.LASF67
 731 03f0 06       		.byte	0x6
 732 03f1 A401     		.2byte	0x1a4
 733 03f3 53030000 		.4byte	0x353
 734 03f7 1C       		.byte	0x1c
ARM GAS  /tmp/ccwrZMs0.s 			page 21


 735 03f8 08       		.uleb128 0x8
 736 03f9 64626700 		.ascii	"dbg\000"
 737 03fd 06       		.byte	0x6
 738 03fe A801     		.2byte	0x1a8
 739 0400 A0030000 		.4byte	0x3a0
 740 0404 2C       		.byte	0x2c
 741 0405 09       		.uleb128 0x9
 742 0406 8C000000 		.4byte	.LASF68
 743 040a 06       		.byte	0x6
 744 040b AC01     		.2byte	0x1ac
 745 040d 26010000 		.4byte	0x126
 746 0411 30       		.byte	0x30
 747 0412 08       		.uleb128 0x8
 748 0413 746D00   		.ascii	"tm\000"
 749 0416 06       		.byte	0x6
 750 0417 B101     		.2byte	0x1b1
 751 0419 EB040000 		.4byte	0x4eb
 752 041d 74       		.byte	0x74
 753 041e 00       		.byte	0
 754 041f 03       		.uleb128 0x3
 755 0420 04       		.byte	0x4
 756 0421 07       		.byte	0x7
 757 0422 75020000 		.4byte	.LASF69
 758 0426 04       		.uleb128 0x4
 759 0427 36010000 		.4byte	.LASF70
 760 042b 07       		.byte	0x7
 761 042c 65       		.byte	0x65
 762 042d F7020000 		.4byte	0x2f7
 763 0431 04       		.uleb128 0x4
 764 0432 5B020000 		.4byte	.LASF71
 765 0436 07       		.byte	0x7
 766 0437 6D       		.byte	0x6d
 767 0438 B8000000 		.4byte	0xb8
 768 043c 05       		.uleb128 0x5
 769 043d A8020000 		.4byte	.LASF72
 770 0441 04       		.byte	0x4
 771 0442 07       		.byte	0x7
 772 0443 89       		.byte	0x89
 773 0444 54040000 		.4byte	0x454
 774 0448 07       		.uleb128 0x7
 775 0449 737000   		.ascii	"sp\000"
 776 044c 07       		.byte	0x7
 777 044d 8A       		.byte	0x8a
 778 044e D0040000 		.4byte	0x4d0
 779 0452 00       		.byte	0
 780 0453 00       		.byte	0
 781 0454 0B       		.uleb128 0xb
 782 0455 4B000000 		.4byte	.LASF73
 783 0459 24       		.byte	0x24
 784 045a 08       		.byte	0x8
 785 045b 5901     		.2byte	0x159
 786 045d D0040000 		.4byte	0x4d0
 787 0461 08       		.uleb128 0x8
 788 0462 723400   		.ascii	"r4\000"
 789 0465 08       		.byte	0x8
 790 0466 6C01     		.2byte	0x16c
 791 0468 26040000 		.4byte	0x426
ARM GAS  /tmp/ccwrZMs0.s 			page 22


 792 046c 00       		.byte	0
 793 046d 08       		.uleb128 0x8
 794 046e 723500   		.ascii	"r5\000"
 795 0471 08       		.byte	0x8
 796 0472 6D01     		.2byte	0x16d
 797 0474 26040000 		.4byte	0x426
 798 0478 04       		.byte	0x4
 799 0479 08       		.uleb128 0x8
 800 047a 723600   		.ascii	"r6\000"
 801 047d 08       		.byte	0x8
 802 047e 6E01     		.2byte	0x16e
 803 0480 26040000 		.4byte	0x426
 804 0484 08       		.byte	0x8
 805 0485 08       		.uleb128 0x8
 806 0486 723700   		.ascii	"r7\000"
 807 0489 08       		.byte	0x8
 808 048a 6F01     		.2byte	0x16f
 809 048c 26040000 		.4byte	0x426
 810 0490 0C       		.byte	0xc
 811 0491 08       		.uleb128 0x8
 812 0492 723800   		.ascii	"r8\000"
 813 0495 08       		.byte	0x8
 814 0496 7001     		.2byte	0x170
 815 0498 26040000 		.4byte	0x426
 816 049c 10       		.byte	0x10
 817 049d 08       		.uleb128 0x8
 818 049e 723900   		.ascii	"r9\000"
 819 04a1 08       		.byte	0x8
 820 04a2 7101     		.2byte	0x171
 821 04a4 26040000 		.4byte	0x426
 822 04a8 14       		.byte	0x14
 823 04a9 08       		.uleb128 0x8
 824 04aa 72313000 		.ascii	"r10\000"
 825 04ae 08       		.byte	0x8
 826 04af 7201     		.2byte	0x172
 827 04b1 26040000 		.4byte	0x426
 828 04b5 18       		.byte	0x18
 829 04b6 08       		.uleb128 0x8
 830 04b7 72313100 		.ascii	"r11\000"
 831 04bb 08       		.byte	0x8
 832 04bc 7301     		.2byte	0x173
 833 04be 26040000 		.4byte	0x426
 834 04c2 1C       		.byte	0x1c
 835 04c3 08       		.uleb128 0x8
 836 04c4 6C7200   		.ascii	"lr\000"
 837 04c7 08       		.byte	0x8
 838 04c8 7401     		.2byte	0x174
 839 04ca 26040000 		.4byte	0x426
 840 04ce 20       		.byte	0x20
 841 04cf 00       		.byte	0
 842 04d0 0A       		.uleb128 0xa
 843 04d1 04       		.byte	0x4
 844 04d2 54040000 		.4byte	0x454
 845 04d6 0F       		.uleb128 0xf
 846 04d7 04       		.byte	0x4
 847 04d8 09       		.byte	0x9
 848 04d9 38       		.byte	0x38
ARM GAS  /tmp/ccwrZMs0.s 			page 23


 849 04da EB040000 		.4byte	0x4eb
 850 04de 06       		.uleb128 0x6
 851 04df 1F040000 		.4byte	.LASF74
 852 04e3 09       		.byte	0x9
 853 04e4 3C       		.byte	0x3c
 854 04e5 C3000000 		.4byte	0xc3
 855 04e9 00       		.byte	0
 856 04ea 00       		.byte	0
 857 04eb 04       		.uleb128 0x4
 858 04ec B5020000 		.4byte	.LASF75
 859 04f0 09       		.byte	0x9
 860 04f1 3D       		.byte	0x3d
 861 04f2 D6040000 		.4byte	0x4d6
 862 04f6 10       		.uleb128 0x10
 863 04f7 04       		.byte	0x4
 864 04f8 06       		.byte	0x6
 865 04f9 D2       		.byte	0xd2
 866 04fa 59050000 		.4byte	0x559
 867 04fe 11       		.uleb128 0x11
 868 04ff 2C000000 		.4byte	.LASF76
 869 0503 06       		.byte	0x6
 870 0504 D9       		.byte	0xd9
 871 0505 FA000000 		.4byte	0xfa
 872 0509 11       		.uleb128 0x11
 873 050a 83000000 		.4byte	.LASF77
 874 050e 06       		.byte	0x6
 875 050f E0       		.byte	0xe0
 876 0510 FA000000 		.4byte	0xfa
 877 0514 11       		.uleb128 0x11
 878 0515 42050000 		.4byte	.LASF78
 879 0519 06       		.byte	0x6
 880 051a E7       		.byte	0xe7
 881 051b F7020000 		.4byte	0x2f7
 882 051f 11       		.uleb128 0x11
 883 0520 20000000 		.4byte	.LASF79
 884 0524 06       		.byte	0x6
 885 0525 EE       		.byte	0xee
 886 0526 59050000 		.4byte	0x559
 887 052a 11       		.uleb128 0x11
 888 052b 97000000 		.4byte	.LASF80
 889 052f 06       		.byte	0x6
 890 0530 F3       		.byte	0xf3
 891 0531 FA000000 		.4byte	0xfa
 892 0535 11       		.uleb128 0x11
 893 0536 81010000 		.4byte	.LASF81
 894 053a 06       		.byte	0x6
 895 053b FC       		.byte	0xfc
 896 053c 84050000 		.4byte	0x584
 897 0540 12       		.uleb128 0x12
 898 0541 CA030000 		.4byte	.LASF82
 899 0545 06       		.byte	0x6
 900 0546 0501     		.2byte	0x105
 901 0548 BB050000 		.4byte	0x5bb
 902 054c 12       		.uleb128 0x12
 903 054d 92030000 		.4byte	.LASF83
 904 0551 06       		.byte	0x6
 905 0552 0D01     		.2byte	0x10d
ARM GAS  /tmp/ccwrZMs0.s 			page 24


 906 0554 05010000 		.4byte	0x105
 907 0558 00       		.byte	0
 908 0559 0A       		.uleb128 0xa
 909 055a 04       		.byte	0x4
 910 055b 0F020000 		.4byte	0x20f
 911 055f 05       		.uleb128 0x5
 912 0560 B4030000 		.4byte	.LASF84
 913 0564 0C       		.byte	0xc
 914 0565 0A       		.byte	0xa
 915 0566 34       		.byte	0x34
 916 0567 84050000 		.4byte	0x584
 917 056b 06       		.uleb128 0x6
 918 056c 25010000 		.4byte	.LASF27
 919 0570 0A       		.byte	0xa
 920 0571 35       		.byte	0x35
 921 0572 44020000 		.4byte	0x244
 922 0576 00       		.byte	0
 923 0577 07       		.uleb128 0x7
 924 0578 636E7400 		.ascii	"cnt\000"
 925 057c 0A       		.byte	0xa
 926 057d 37       		.byte	0x37
 927 057e 10010000 		.4byte	0x110
 928 0582 08       		.byte	0x8
 929 0583 00       		.byte	0
 930 0584 0A       		.uleb128 0xa
 931 0585 04       		.byte	0x4
 932 0586 5F050000 		.4byte	0x55f
 933 058a 05       		.uleb128 0x5
 934 058b 45040000 		.4byte	.LASF85
 935 058f 10       		.byte	0x10
 936 0590 0B       		.byte	0xb
 937 0591 39       		.byte	0x39
 938 0592 BB050000 		.4byte	0x5bb
 939 0596 06       		.uleb128 0x6
 940 0597 25010000 		.4byte	.LASF27
 941 059b 0B       		.byte	0xb
 942 059c 3A       		.byte	0x3a
 943 059d 44020000 		.4byte	0x244
 944 05a1 00       		.byte	0
 945 05a2 06       		.uleb128 0x6
 946 05a3 E1030000 		.4byte	.LASF86
 947 05a7 0B       		.byte	0xb
 948 05a8 3C       		.byte	0x3c
 949 05a9 1A020000 		.4byte	0x21a
 950 05ad 08       		.byte	0x8
 951 05ae 06       		.uleb128 0x6
 952 05af C2000000 		.4byte	.LASF46
 953 05b3 0B       		.byte	0xb
 954 05b4 3E       		.byte	0x3e
 955 05b5 EF050000 		.4byte	0x5ef
 956 05b9 0C       		.byte	0xc
 957 05ba 00       		.byte	0
 958 05bb 0A       		.uleb128 0xa
 959 05bc 04       		.byte	0x4
 960 05bd 8A050000 		.4byte	0x58a
 961 05c1 0A       		.uleb128 0xa
 962 05c2 04       		.byte	0x4
ARM GAS  /tmp/ccwrZMs0.s 			page 25


 963 05c3 C7050000 		.4byte	0x5c7
 964 05c7 13       		.uleb128 0x13
 965 05c8 CC050000 		.4byte	0x5cc
 966 05cc 03       		.uleb128 0x3
 967 05cd 01       		.byte	0x1
 968 05ce 08       		.byte	0x8
 969 05cf EE030000 		.4byte	.LASF87
 970 05d3 0A       		.uleb128 0xa
 971 05d4 04       		.byte	0x4
 972 05d5 31040000 		.4byte	0x431
 973 05d9 0A       		.uleb128 0xa
 974 05da 04       		.byte	0x4
 975 05db F9020000 		.4byte	0x2f9
 976 05df 14       		.uleb128 0x14
 977 05e0 C1050000 		.4byte	0x5c1
 978 05e4 04       		.uleb128 0x4
 979 05e5 5F010000 		.4byte	.LASF88
 980 05e9 0B       		.byte	0xb
 981 05ea 34       		.byte	0x34
 982 05eb 8A050000 		.4byte	0x58a
 983 05ef 0A       		.uleb128 0xa
 984 05f0 04       		.byte	0x4
 985 05f1 E4050000 		.4byte	0x5e4
 986 05f5 03       		.uleb128 0x3
 987 05f6 01       		.byte	0x1
 988 05f7 02       		.byte	0x2
 989 05f8 4D030000 		.4byte	.LASF89
 990 05fc 0F       		.uleb128 0xf
 991 05fd 1C       		.byte	0x1c
 992 05fe 0C       		.byte	0xc
 993 05ff F5       		.byte	0xf5
 994 0600 5B060000 		.4byte	0x65b
 995 0604 06       		.uleb128 0x6
 996 0605 F2000000 		.4byte	.LASF90
 997 0609 0C       		.byte	0xc
 998 060a F7       		.byte	0xf7
 999 060b AD000000 		.4byte	0xad
 1000 060f 00       		.byte	0
 1001 0610 06       		.uleb128 0x6
 1002 0611 A7010000 		.4byte	.LASF91
 1003 0615 0C       		.byte	0xc
 1004 0616 F9       		.byte	0xf9
 1005 0617 AD000000 		.4byte	0xad
 1006 061b 04       		.byte	0x4
 1007 061c 06       		.uleb128 0x6
 1008 061d 9A010000 		.4byte	.LASF92
 1009 0621 0C       		.byte	0xc
 1010 0622 FB       		.byte	0xfb
 1011 0623 AD000000 		.4byte	0xad
 1012 0627 08       		.byte	0x8
 1013 0628 06       		.uleb128 0x6
 1014 0629 7D000000 		.4byte	.LASF93
 1015 062d 0C       		.byte	0xc
 1016 062e FD       		.byte	0xfd
 1017 062f AD000000 		.4byte	0xad
 1018 0633 0C       		.byte	0xc
 1019 0634 07       		.uleb128 0x7
ARM GAS  /tmp/ccwrZMs0.s 			page 26


 1020 0635 6F647200 		.ascii	"odr\000"
 1021 0639 0C       		.byte	0xc
 1022 063a FF       		.byte	0xff
 1023 063b AD000000 		.4byte	0xad
 1024 063f 10       		.byte	0x10
 1025 0640 09       		.uleb128 0x9
 1026 0641 69030000 		.4byte	.LASF94
 1027 0645 0C       		.byte	0xc
 1028 0646 0101     		.2byte	0x101
 1029 0648 AD000000 		.4byte	0xad
 1030 064c 14       		.byte	0x14
 1031 064d 09       		.uleb128 0x9
 1032 064e C6020000 		.4byte	.LASF95
 1033 0652 0C       		.byte	0xc
 1034 0653 0301     		.2byte	0x103
 1035 0655 AD000000 		.4byte	0xad
 1036 0659 18       		.byte	0x18
 1037 065a 00       		.byte	0
 1038 065b 15       		.uleb128 0x15
 1039 065c 00000000 		.4byte	.LASF96
 1040 0660 0C       		.byte	0xc
 1041 0661 0401     		.2byte	0x104
 1042 0663 FC050000 		.4byte	0x5fc
 1043 0667 16       		.uleb128 0x16
 1044 0668 A8       		.byte	0xa8
 1045 0669 0C       		.byte	0xc
 1046 066a 0D01     		.2byte	0x10d
 1047 066c BF060000 		.4byte	0x6bf
 1048 0670 09       		.uleb128 0x9
 1049 0671 8B030000 		.4byte	.LASF97
 1050 0675 0C       		.byte	0xc
 1051 0676 1001     		.2byte	0x110
 1052 0678 5B060000 		.4byte	0x65b
 1053 067c 00       		.byte	0
 1054 067d 09       		.uleb128 0x9
 1055 067e 67010000 		.4byte	.LASF98
 1056 0682 0C       		.byte	0xc
 1057 0683 1401     		.2byte	0x114
 1058 0685 5B060000 		.4byte	0x65b
 1059 0689 1C       		.byte	0x1c
 1060 068a 09       		.uleb128 0x9
 1061 068b 49050000 		.4byte	.LASF99
 1062 068f 0C       		.byte	0xc
 1063 0690 1801     		.2byte	0x118
 1064 0692 5B060000 		.4byte	0x65b
 1065 0696 38       		.byte	0x38
 1066 0697 09       		.uleb128 0x9
 1067 0698 CB020000 		.4byte	.LASF100
 1068 069c 0C       		.byte	0xc
 1069 069d 1C01     		.2byte	0x11c
 1070 069f 5B060000 		.4byte	0x65b
 1071 06a3 54       		.byte	0x54
 1072 06a4 09       		.uleb128 0x9
 1073 06a5 10010000 		.4byte	.LASF101
 1074 06a9 0C       		.byte	0xc
 1075 06aa 2001     		.2byte	0x120
 1076 06ac 5B060000 		.4byte	0x65b
ARM GAS  /tmp/ccwrZMs0.s 			page 27


 1077 06b0 70       		.byte	0x70
 1078 06b1 09       		.uleb128 0x9
 1079 06b2 26040000 		.4byte	.LASF102
 1080 06b6 0C       		.byte	0xc
 1081 06b7 2401     		.2byte	0x124
 1082 06b9 5B060000 		.4byte	0x65b
 1083 06bd 8C       		.byte	0x8c
 1084 06be 00       		.byte	0
 1085 06bf 15       		.uleb128 0x15
 1086 06c0 67050000 		.4byte	.LASF103
 1087 06c4 0C       		.byte	0xc
 1088 06c5 3A01     		.2byte	0x13a
 1089 06c7 67060000 		.4byte	0x667
 1090 06cb 17       		.uleb128 0x17
 1091 06cc B4010000 		.4byte	.LASF109
 1092 06d0 01       		.byte	0x1
 1093 06d1 4B       		.byte	0x4b
 1094 06d2 00000000 		.4byte	.LFB270
 1095 06d6 04000000 		.4byte	.LFE270-.LFB270
 1096 06da 01       		.uleb128 0x1
 1097 06db 9C       		.byte	0x9c
 1098 06dc EA060000 		.4byte	0x6ea
 1099 06e0 18       		.uleb128 0x18
 1100 06e1 04000000 		.4byte	.LVL0
 1101 06e5 2D070000 		.4byte	0x72d
 1102 06e9 00       		.byte	0
 1103 06ea 19       		.uleb128 0x19
 1104 06eb 81030000 		.4byte	.LASF110
 1105 06ef 01       		.byte	0x1
 1106 06f0 80       		.byte	0x80
 1107 06f1 00000000 		.4byte	.LFB271
 1108 06f5 02000000 		.4byte	.LFE271-.LFB271
 1109 06f9 01       		.uleb128 0x1
 1110 06fa 9C       		.byte	0x9c
 1111 06fb 1A       		.uleb128 0x1a
 1112 06fc B5000000 		.4byte	.LASF104
 1113 0700 0D       		.byte	0xd
 1114 0701 4407     		.2byte	0x744
 1115 0703 07070000 		.4byte	0x707
 1116 0707 14       		.uleb128 0x14
 1117 0708 A2000000 		.4byte	0xa2
 1118 070c 1B       		.uleb128 0x1b
 1119 070d 636800   		.ascii	"ch\000"
 1120 0710 06       		.byte	0x6
 1121 0711 D201     		.2byte	0x1d2
 1122 0713 C6030000 		.4byte	0x3c6
 1123 0717 1C       		.uleb128 0x1c
 1124 0718 71050000 		.4byte	.LASF105
 1125 071c 01       		.byte	0x1
 1126 071d 1E       		.byte	0x1e
 1127 071e 28070000 		.4byte	0x728
 1128 0722 05       		.uleb128 0x5
 1129 0723 03       		.byte	0x3
 1130 0724 00000000 		.4byte	pal_default_config
 1131 0728 13       		.uleb128 0x13
 1132 0729 BF060000 		.4byte	0x6bf
 1133 072d 1D       		.uleb128 0x1d
ARM GAS  /tmp/ccwrZMs0.s 			page 28


 1134 072e 4E010000 		.4byte	.LASF111
 1135 0732 0E       		.byte	0xe
 1136 0733 8304     		.2byte	0x483
 1137 0735 00       		.byte	0
 1138              		.section	.debug_abbrev,"",%progbits
 1139              	.Ldebug_abbrev0:
 1140 0000 01       		.uleb128 0x1
 1141 0001 11       		.uleb128 0x11
 1142 0002 01       		.byte	0x1
 1143 0003 25       		.uleb128 0x25
 1144 0004 0E       		.uleb128 0xe
 1145 0005 13       		.uleb128 0x13
 1146 0006 0B       		.uleb128 0xb
 1147 0007 03       		.uleb128 0x3
 1148 0008 0E       		.uleb128 0xe
 1149 0009 1B       		.uleb128 0x1b
 1150 000a 0E       		.uleb128 0xe
 1151 000b 55       		.uleb128 0x55
 1152 000c 17       		.uleb128 0x17
 1153 000d 11       		.uleb128 0x11
 1154 000e 01       		.uleb128 0x1
 1155 000f 10       		.uleb128 0x10
 1156 0010 17       		.uleb128 0x17
 1157 0011 00       		.byte	0
 1158 0012 00       		.byte	0
 1159 0013 02       		.uleb128 0x2
 1160 0014 24       		.uleb128 0x24
 1161 0015 00       		.byte	0
 1162 0016 0B       		.uleb128 0xb
 1163 0017 0B       		.uleb128 0xb
 1164 0018 3E       		.uleb128 0x3e
 1165 0019 0B       		.uleb128 0xb
 1166 001a 03       		.uleb128 0x3
 1167 001b 08       		.uleb128 0x8
 1168 001c 00       		.byte	0
 1169 001d 00       		.byte	0
 1170 001e 03       		.uleb128 0x3
 1171 001f 24       		.uleb128 0x24
 1172 0020 00       		.byte	0
 1173 0021 0B       		.uleb128 0xb
 1174 0022 0B       		.uleb128 0xb
 1175 0023 3E       		.uleb128 0x3e
 1176 0024 0B       		.uleb128 0xb
 1177 0025 03       		.uleb128 0x3
 1178 0026 0E       		.uleb128 0xe
 1179 0027 00       		.byte	0
 1180 0028 00       		.byte	0
 1181 0029 04       		.uleb128 0x4
 1182 002a 16       		.uleb128 0x16
 1183 002b 00       		.byte	0
 1184 002c 03       		.uleb128 0x3
 1185 002d 0E       		.uleb128 0xe
 1186 002e 3A       		.uleb128 0x3a
 1187 002f 0B       		.uleb128 0xb
 1188 0030 3B       		.uleb128 0x3b
 1189 0031 0B       		.uleb128 0xb
 1190 0032 49       		.uleb128 0x49
ARM GAS  /tmp/ccwrZMs0.s 			page 29


 1191 0033 13       		.uleb128 0x13
 1192 0034 00       		.byte	0
 1193 0035 00       		.byte	0
 1194 0036 05       		.uleb128 0x5
 1195 0037 13       		.uleb128 0x13
 1196 0038 01       		.byte	0x1
 1197 0039 03       		.uleb128 0x3
 1198 003a 0E       		.uleb128 0xe
 1199 003b 0B       		.uleb128 0xb
 1200 003c 0B       		.uleb128 0xb
 1201 003d 3A       		.uleb128 0x3a
 1202 003e 0B       		.uleb128 0xb
 1203 003f 3B       		.uleb128 0x3b
 1204 0040 0B       		.uleb128 0xb
 1205 0041 01       		.uleb128 0x1
 1206 0042 13       		.uleb128 0x13
 1207 0043 00       		.byte	0
 1208 0044 00       		.byte	0
 1209 0045 06       		.uleb128 0x6
 1210 0046 0D       		.uleb128 0xd
 1211 0047 00       		.byte	0
 1212 0048 03       		.uleb128 0x3
 1213 0049 0E       		.uleb128 0xe
 1214 004a 3A       		.uleb128 0x3a
 1215 004b 0B       		.uleb128 0xb
 1216 004c 3B       		.uleb128 0x3b
 1217 004d 0B       		.uleb128 0xb
 1218 004e 49       		.uleb128 0x49
 1219 004f 13       		.uleb128 0x13
 1220 0050 38       		.uleb128 0x38
 1221 0051 0B       		.uleb128 0xb
 1222 0052 00       		.byte	0
 1223 0053 00       		.byte	0
 1224 0054 07       		.uleb128 0x7
 1225 0055 0D       		.uleb128 0xd
 1226 0056 00       		.byte	0
 1227 0057 03       		.uleb128 0x3
 1228 0058 08       		.uleb128 0x8
 1229 0059 3A       		.uleb128 0x3a
 1230 005a 0B       		.uleb128 0xb
 1231 005b 3B       		.uleb128 0x3b
 1232 005c 0B       		.uleb128 0xb
 1233 005d 49       		.uleb128 0x49
 1234 005e 13       		.uleb128 0x13
 1235 005f 38       		.uleb128 0x38
 1236 0060 0B       		.uleb128 0xb
 1237 0061 00       		.byte	0
 1238 0062 00       		.byte	0
 1239 0063 08       		.uleb128 0x8
 1240 0064 0D       		.uleb128 0xd
 1241 0065 00       		.byte	0
 1242 0066 03       		.uleb128 0x3
 1243 0067 08       		.uleb128 0x8
 1244 0068 3A       		.uleb128 0x3a
 1245 0069 0B       		.uleb128 0xb
 1246 006a 3B       		.uleb128 0x3b
 1247 006b 05       		.uleb128 0x5
ARM GAS  /tmp/ccwrZMs0.s 			page 30


 1248 006c 49       		.uleb128 0x49
 1249 006d 13       		.uleb128 0x13
 1250 006e 38       		.uleb128 0x38
 1251 006f 0B       		.uleb128 0xb
 1252 0070 00       		.byte	0
 1253 0071 00       		.byte	0
 1254 0072 09       		.uleb128 0x9
 1255 0073 0D       		.uleb128 0xd
 1256 0074 00       		.byte	0
 1257 0075 03       		.uleb128 0x3
 1258 0076 0E       		.uleb128 0xe
 1259 0077 3A       		.uleb128 0x3a
 1260 0078 0B       		.uleb128 0xb
 1261 0079 3B       		.uleb128 0x3b
 1262 007a 05       		.uleb128 0x5
 1263 007b 49       		.uleb128 0x49
 1264 007c 13       		.uleb128 0x13
 1265 007d 38       		.uleb128 0x38
 1266 007e 0B       		.uleb128 0xb
 1267 007f 00       		.byte	0
 1268 0080 00       		.byte	0
 1269 0081 0A       		.uleb128 0xa
 1270 0082 0F       		.uleb128 0xf
 1271 0083 00       		.byte	0
 1272 0084 0B       		.uleb128 0xb
 1273 0085 0B       		.uleb128 0xb
 1274 0086 49       		.uleb128 0x49
 1275 0087 13       		.uleb128 0x13
 1276 0088 00       		.byte	0
 1277 0089 00       		.byte	0
 1278 008a 0B       		.uleb128 0xb
 1279 008b 13       		.uleb128 0x13
 1280 008c 01       		.byte	0x1
 1281 008d 03       		.uleb128 0x3
 1282 008e 0E       		.uleb128 0xe
 1283 008f 0B       		.uleb128 0xb
 1284 0090 0B       		.uleb128 0xb
 1285 0091 3A       		.uleb128 0x3a
 1286 0092 0B       		.uleb128 0xb
 1287 0093 3B       		.uleb128 0x3b
 1288 0094 05       		.uleb128 0x5
 1289 0095 01       		.uleb128 0x1
 1290 0096 13       		.uleb128 0x13
 1291 0097 00       		.byte	0
 1292 0098 00       		.byte	0
 1293 0099 0C       		.uleb128 0xc
 1294 009a 15       		.uleb128 0x15
 1295 009b 01       		.byte	0x1
 1296 009c 27       		.uleb128 0x27
 1297 009d 19       		.uleb128 0x19
 1298 009e 01       		.uleb128 0x1
 1299 009f 13       		.uleb128 0x13
 1300 00a0 00       		.byte	0
 1301 00a1 00       		.byte	0
 1302 00a2 0D       		.uleb128 0xd
 1303 00a3 05       		.uleb128 0x5
 1304 00a4 00       		.byte	0
ARM GAS  /tmp/ccwrZMs0.s 			page 31


 1305 00a5 49       		.uleb128 0x49
 1306 00a6 13       		.uleb128 0x13
 1307 00a7 00       		.byte	0
 1308 00a8 00       		.byte	0
 1309 00a9 0E       		.uleb128 0xe
 1310 00aa 0F       		.uleb128 0xf
 1311 00ab 00       		.byte	0
 1312 00ac 0B       		.uleb128 0xb
 1313 00ad 0B       		.uleb128 0xb
 1314 00ae 00       		.byte	0
 1315 00af 00       		.byte	0
 1316 00b0 0F       		.uleb128 0xf
 1317 00b1 13       		.uleb128 0x13
 1318 00b2 01       		.byte	0x1
 1319 00b3 0B       		.uleb128 0xb
 1320 00b4 0B       		.uleb128 0xb
 1321 00b5 3A       		.uleb128 0x3a
 1322 00b6 0B       		.uleb128 0xb
 1323 00b7 3B       		.uleb128 0x3b
 1324 00b8 0B       		.uleb128 0xb
 1325 00b9 01       		.uleb128 0x1
 1326 00ba 13       		.uleb128 0x13
 1327 00bb 00       		.byte	0
 1328 00bc 00       		.byte	0
 1329 00bd 10       		.uleb128 0x10
 1330 00be 17       		.uleb128 0x17
 1331 00bf 01       		.byte	0x1
 1332 00c0 0B       		.uleb128 0xb
 1333 00c1 0B       		.uleb128 0xb
 1334 00c2 3A       		.uleb128 0x3a
 1335 00c3 0B       		.uleb128 0xb
 1336 00c4 3B       		.uleb128 0x3b
 1337 00c5 0B       		.uleb128 0xb
 1338 00c6 01       		.uleb128 0x1
 1339 00c7 13       		.uleb128 0x13
 1340 00c8 00       		.byte	0
 1341 00c9 00       		.byte	0
 1342 00ca 11       		.uleb128 0x11
 1343 00cb 0D       		.uleb128 0xd
 1344 00cc 00       		.byte	0
 1345 00cd 03       		.uleb128 0x3
 1346 00ce 0E       		.uleb128 0xe
 1347 00cf 3A       		.uleb128 0x3a
 1348 00d0 0B       		.uleb128 0xb
 1349 00d1 3B       		.uleb128 0x3b
 1350 00d2 0B       		.uleb128 0xb
 1351 00d3 49       		.uleb128 0x49
 1352 00d4 13       		.uleb128 0x13
 1353 00d5 00       		.byte	0
 1354 00d6 00       		.byte	0
 1355 00d7 12       		.uleb128 0x12
 1356 00d8 0D       		.uleb128 0xd
 1357 00d9 00       		.byte	0
 1358 00da 03       		.uleb128 0x3
 1359 00db 0E       		.uleb128 0xe
 1360 00dc 3A       		.uleb128 0x3a
 1361 00dd 0B       		.uleb128 0xb
ARM GAS  /tmp/ccwrZMs0.s 			page 32


 1362 00de 3B       		.uleb128 0x3b
 1363 00df 05       		.uleb128 0x5
 1364 00e0 49       		.uleb128 0x49
 1365 00e1 13       		.uleb128 0x13
 1366 00e2 00       		.byte	0
 1367 00e3 00       		.byte	0
 1368 00e4 13       		.uleb128 0x13
 1369 00e5 26       		.uleb128 0x26
 1370 00e6 00       		.byte	0
 1371 00e7 49       		.uleb128 0x49
 1372 00e8 13       		.uleb128 0x13
 1373 00e9 00       		.byte	0
 1374 00ea 00       		.byte	0
 1375 00eb 14       		.uleb128 0x14
 1376 00ec 35       		.uleb128 0x35
 1377 00ed 00       		.byte	0
 1378 00ee 49       		.uleb128 0x49
 1379 00ef 13       		.uleb128 0x13
 1380 00f0 00       		.byte	0
 1381 00f1 00       		.byte	0
 1382 00f2 15       		.uleb128 0x15
 1383 00f3 16       		.uleb128 0x16
 1384 00f4 00       		.byte	0
 1385 00f5 03       		.uleb128 0x3
 1386 00f6 0E       		.uleb128 0xe
 1387 00f7 3A       		.uleb128 0x3a
 1388 00f8 0B       		.uleb128 0xb
 1389 00f9 3B       		.uleb128 0x3b
 1390 00fa 05       		.uleb128 0x5
 1391 00fb 49       		.uleb128 0x49
 1392 00fc 13       		.uleb128 0x13
 1393 00fd 00       		.byte	0
 1394 00fe 00       		.byte	0
 1395 00ff 16       		.uleb128 0x16
 1396 0100 13       		.uleb128 0x13
 1397 0101 01       		.byte	0x1
 1398 0102 0B       		.uleb128 0xb
 1399 0103 0B       		.uleb128 0xb
 1400 0104 3A       		.uleb128 0x3a
 1401 0105 0B       		.uleb128 0xb
 1402 0106 3B       		.uleb128 0x3b
 1403 0107 05       		.uleb128 0x5
 1404 0108 01       		.uleb128 0x1
 1405 0109 13       		.uleb128 0x13
 1406 010a 00       		.byte	0
 1407 010b 00       		.byte	0
 1408 010c 17       		.uleb128 0x17
 1409 010d 2E       		.uleb128 0x2e
 1410 010e 01       		.byte	0x1
 1411 010f 3F       		.uleb128 0x3f
 1412 0110 19       		.uleb128 0x19
 1413 0111 03       		.uleb128 0x3
 1414 0112 0E       		.uleb128 0xe
 1415 0113 3A       		.uleb128 0x3a
 1416 0114 0B       		.uleb128 0xb
 1417 0115 3B       		.uleb128 0x3b
 1418 0116 0B       		.uleb128 0xb
ARM GAS  /tmp/ccwrZMs0.s 			page 33


 1419 0117 27       		.uleb128 0x27
 1420 0118 19       		.uleb128 0x19
 1421 0119 11       		.uleb128 0x11
 1422 011a 01       		.uleb128 0x1
 1423 011b 12       		.uleb128 0x12
 1424 011c 06       		.uleb128 0x6
 1425 011d 40       		.uleb128 0x40
 1426 011e 18       		.uleb128 0x18
 1427 011f 9742     		.uleb128 0x2117
 1428 0121 19       		.uleb128 0x19
 1429 0122 01       		.uleb128 0x1
 1430 0123 13       		.uleb128 0x13
 1431 0124 00       		.byte	0
 1432 0125 00       		.byte	0
 1433 0126 18       		.uleb128 0x18
 1434 0127 898201   		.uleb128 0x4109
 1435 012a 00       		.byte	0
 1436 012b 11       		.uleb128 0x11
 1437 012c 01       		.uleb128 0x1
 1438 012d 9542     		.uleb128 0x2115
 1439 012f 19       		.uleb128 0x19
 1440 0130 31       		.uleb128 0x31
 1441 0131 13       		.uleb128 0x13
 1442 0132 00       		.byte	0
 1443 0133 00       		.byte	0
 1444 0134 19       		.uleb128 0x19
 1445 0135 2E       		.uleb128 0x2e
 1446 0136 00       		.byte	0
 1447 0137 3F       		.uleb128 0x3f
 1448 0138 19       		.uleb128 0x19
 1449 0139 03       		.uleb128 0x3
 1450 013a 0E       		.uleb128 0xe
 1451 013b 3A       		.uleb128 0x3a
 1452 013c 0B       		.uleb128 0xb
 1453 013d 3B       		.uleb128 0x3b
 1454 013e 0B       		.uleb128 0xb
 1455 013f 27       		.uleb128 0x27
 1456 0140 19       		.uleb128 0x19
 1457 0141 11       		.uleb128 0x11
 1458 0142 01       		.uleb128 0x1
 1459 0143 12       		.uleb128 0x12
 1460 0144 06       		.uleb128 0x6
 1461 0145 40       		.uleb128 0x40
 1462 0146 18       		.uleb128 0x18
 1463 0147 9742     		.uleb128 0x2117
 1464 0149 19       		.uleb128 0x19
 1465 014a 00       		.byte	0
 1466 014b 00       		.byte	0
 1467 014c 1A       		.uleb128 0x1a
 1468 014d 34       		.uleb128 0x34
 1469 014e 00       		.byte	0
 1470 014f 03       		.uleb128 0x3
 1471 0150 0E       		.uleb128 0xe
 1472 0151 3A       		.uleb128 0x3a
 1473 0152 0B       		.uleb128 0xb
 1474 0153 3B       		.uleb128 0x3b
 1475 0154 05       		.uleb128 0x5
ARM GAS  /tmp/ccwrZMs0.s 			page 34


 1476 0155 49       		.uleb128 0x49
 1477 0156 13       		.uleb128 0x13
 1478 0157 3F       		.uleb128 0x3f
 1479 0158 19       		.uleb128 0x19
 1480 0159 3C       		.uleb128 0x3c
 1481 015a 19       		.uleb128 0x19
 1482 015b 00       		.byte	0
 1483 015c 00       		.byte	0
 1484 015d 1B       		.uleb128 0x1b
 1485 015e 34       		.uleb128 0x34
 1486 015f 00       		.byte	0
 1487 0160 03       		.uleb128 0x3
 1488 0161 08       		.uleb128 0x8
 1489 0162 3A       		.uleb128 0x3a
 1490 0163 0B       		.uleb128 0xb
 1491 0164 3B       		.uleb128 0x3b
 1492 0165 05       		.uleb128 0x5
 1493 0166 49       		.uleb128 0x49
 1494 0167 13       		.uleb128 0x13
 1495 0168 3F       		.uleb128 0x3f
 1496 0169 19       		.uleb128 0x19
 1497 016a 3C       		.uleb128 0x3c
 1498 016b 19       		.uleb128 0x19
 1499 016c 00       		.byte	0
 1500 016d 00       		.byte	0
 1501 016e 1C       		.uleb128 0x1c
 1502 016f 34       		.uleb128 0x34
 1503 0170 00       		.byte	0
 1504 0171 03       		.uleb128 0x3
 1505 0172 0E       		.uleb128 0xe
 1506 0173 3A       		.uleb128 0x3a
 1507 0174 0B       		.uleb128 0xb
 1508 0175 3B       		.uleb128 0x3b
 1509 0176 0B       		.uleb128 0xb
 1510 0177 49       		.uleb128 0x49
 1511 0178 13       		.uleb128 0x13
 1512 0179 3F       		.uleb128 0x3f
 1513 017a 19       		.uleb128 0x19
 1514 017b 02       		.uleb128 0x2
 1515 017c 18       		.uleb128 0x18
 1516 017d 00       		.byte	0
 1517 017e 00       		.byte	0
 1518 017f 1D       		.uleb128 0x1d
 1519 0180 2E       		.uleb128 0x2e
 1520 0181 00       		.byte	0
 1521 0182 3F       		.uleb128 0x3f
 1522 0183 19       		.uleb128 0x19
 1523 0184 03       		.uleb128 0x3
 1524 0185 0E       		.uleb128 0xe
 1525 0186 3A       		.uleb128 0x3a
 1526 0187 0B       		.uleb128 0xb
 1527 0188 3B       		.uleb128 0x3b
 1528 0189 05       		.uleb128 0x5
 1529 018a 27       		.uleb128 0x27
 1530 018b 19       		.uleb128 0x19
 1531 018c 3C       		.uleb128 0x3c
 1532 018d 19       		.uleb128 0x19
ARM GAS  /tmp/ccwrZMs0.s 			page 35


 1533 018e 00       		.byte	0
 1534 018f 00       		.byte	0
 1535 0190 00       		.byte	0
 1536              		.section	.debug_aranges,"",%progbits
 1537 0000 24000000 		.4byte	0x24
 1538 0004 0200     		.2byte	0x2
 1539 0006 00000000 		.4byte	.Ldebug_info0
 1540 000a 04       		.byte	0x4
 1541 000b 00       		.byte	0
 1542 000c 0000     		.2byte	0
 1543 000e 0000     		.2byte	0
 1544 0010 00000000 		.4byte	.LFB270
 1545 0014 04000000 		.4byte	.LFE270-.LFB270
 1546 0018 00000000 		.4byte	.LFB271
 1547 001c 02000000 		.4byte	.LFE271-.LFB271
 1548 0020 00000000 		.4byte	0
 1549 0024 00000000 		.4byte	0
 1550              		.section	.debug_ranges,"",%progbits
 1551              	.Ldebug_ranges0:
 1552 0000 00000000 		.4byte	.LFB270
 1553 0004 04000000 		.4byte	.LFE270
 1554 0008 00000000 		.4byte	.LFB271
 1555 000c 02000000 		.4byte	.LFE271
 1556 0010 00000000 		.4byte	0
 1557 0014 00000000 		.4byte	0
 1558              		.section	.debug_line,"",%progbits
 1559              	.Ldebug_line0:
 1560 0000 E3020000 		.section	.debug_str,"MS",%progbits,1
 1560      0200BC02 
 1560      00000201 
 1560      FB0E0D00 
 1560      01010101 
 1561              	.LASF96:
 1562 0000 73746D33 		.ascii	"stm32_gpio_setup_t\000"
 1562      325F6770 
 1562      696F5F73 
 1562      65747570 
 1562      5F7400
 1563              	.LASF50:
 1564 0013 72656164 		.ascii	"ready_list_t\000"
 1564      795F6C69 
 1564      73745F74 
 1564      00
 1565              	.LASF79:
 1566 0020 77747472 		.ascii	"wttrp\000"
 1566      7000
 1567              	.LASF56:
 1568 0026 64656C74 		.ascii	"delta\000"
 1568      6100
 1569              	.LASF76:
 1570 002c 7264796D 		.ascii	"rdymsg\000"
 1570      736700
 1571              	.LASF16:
 1572 0033 75696E74 		.ascii	"uint64_t\000"
 1572      36345F74 
 1572      00
 1573              	.LASF5:
ARM GAS  /tmp/ccwrZMs0.s 			page 36


 1574 003c 5F5F7569 		.ascii	"__uint8_t\000"
 1574      6E74385F 
 1574      7400
 1575              	.LASF49:
 1576 0046 70726576 		.ascii	"prev\000"
 1576      00
 1577              	.LASF73:
 1578 004b 706F7274 		.ascii	"port_intctx\000"
 1578      5F696E74 
 1578      63747800 
 1579              	.LASF61:
 1580 0057 73797374 		.ascii	"system_debug_t\000"
 1580      656D5F64 
 1580      65627567 
 1580      5F7400
 1581              	.LASF12:
 1582 0066 6C6F6E67 		.ascii	"long long unsigned int\000"
 1582      206C6F6E 
 1582      6720756E 
 1582      7369676E 
 1582      65642069 
 1583              	.LASF93:
 1584 007d 70757064 		.ascii	"pupdr\000"
 1584      7200
 1585              	.LASF77:
 1586 0083 65786974 		.ascii	"exitcode\000"
 1586      636F6465 
 1586      00
 1587              	.LASF68:
 1588 008c 6D61696E 		.ascii	"mainthread\000"
 1588      74687265 
 1588      616400
 1589              	.LASF80:
 1590 0097 73656E74 		.ascii	"sentmsg\000"
 1590      6D736700 
 1591              	.LASF58:
 1592 009f 76697274 		.ascii	"virtual_timers_list_t\000"
 1592      75616C5F 
 1592      74696D65 
 1592      72735F6C 
 1592      6973745F 
 1593              	.LASF104:
 1594 00b5 49544D5F 		.ascii	"ITM_RxBuffer\000"
 1594      52784275 
 1594      66666572 
 1594      00
 1595              	.LASF46:
 1596 00c2 6E657874 		.ascii	"next\000"
 1596      00
 1597              	.LASF48:
 1598 00c7 63685F74 		.ascii	"ch_threads_queue\000"
 1598      68726561 
 1598      64735F71 
 1598      75657565 
 1598      00
 1599              	.LASF10:
 1600 00d8 6C6F6E67 		.ascii	"long long int\000"
ARM GAS  /tmp/ccwrZMs0.s 			page 37


 1600      206C6F6E 
 1600      6720696E 
 1600      7400
 1601              	.LASF1:
 1602 00e6 7369676E 		.ascii	"signed char\000"
 1602      65642063 
 1602      68617200 
 1603              	.LASF90:
 1604 00f2 6D6F6465 		.ascii	"moder\000"
 1604      7200
 1605              	.LASF37:
 1606 00f8 6D736771 		.ascii	"msgqueue\000"
 1606      75657565 
 1606      00
 1607              	.LASF33:
 1608 0101 73746174 		.ascii	"state\000"
 1608      6500
 1609              	.LASF7:
 1610 0107 6C6F6E67 		.ascii	"long int\000"
 1610      20696E74 
 1610      00
 1611              	.LASF101:
 1612 0110 50454461 		.ascii	"PEData\000"
 1612      746100
 1613              	.LASF19:
 1614 0117 74737461 		.ascii	"tstate_t\000"
 1614      74655F74 
 1614      00
 1615              	.LASF57:
 1616 0120 66756E63 		.ascii	"func\000"
 1616      00
 1617              	.LASF27:
 1618 0125 71756575 		.ascii	"queue\000"
 1618      6500
 1619              	.LASF8:
 1620 012b 5F5F7569 		.ascii	"__uint32_t\000"
 1620      6E743332 
 1620      5F7400
 1621              	.LASF70:
 1622 0136 72656761 		.ascii	"regarm_t\000"
 1622      726D5F74 
 1622      00
 1623              	.LASF67:
 1624 013f 76746C69 		.ascii	"vtlist\000"
 1624      737400
 1625              	.LASF36:
 1626 0146 77616974 		.ascii	"waiting\000"
 1626      696E6700 
 1627              	.LASF111:
 1628 014e 73746D33 		.ascii	"stm32_clock_init\000"
 1628      325F636C 
 1628      6F636B5F 
 1628      696E6974 
 1628      00
 1629              	.LASF88:
 1630 015f 6D757465 		.ascii	"mutex_t\000"
 1630      785F7400 
ARM GAS  /tmp/ccwrZMs0.s 			page 38


 1631              	.LASF98:
 1632 0167 50424461 		.ascii	"PBData\000"
 1632      746100
 1633              	.LASF24:
 1634 016e 636E745F 		.ascii	"cnt_t\000"
 1634      7400
 1635              	.LASF0:
 1636 0174 756E7369 		.ascii	"unsigned int\000"
 1636      676E6564 
 1636      20696E74 
 1636      00
 1637              	.LASF81:
 1638 0181 77747365 		.ascii	"wtsemp\000"
 1638      6D7000
 1639              	.LASF9:
 1640 0188 6C6F6E67 		.ascii	"long unsigned int\000"
 1640      20756E73 
 1640      69676E65 
 1640      6420696E 
 1640      7400
 1641              	.LASF92:
 1642 019a 6F737065 		.ascii	"ospeedr\000"
 1642      65647200 
 1643              	.LASF31:
 1644 01a2 6E616D65 		.ascii	"name\000"
 1644      00
 1645              	.LASF91:
 1646 01a7 6F747970 		.ascii	"otyper\000"
 1646      657200
 1647              	.LASF41:
 1648 01ae 6D706F6F 		.ascii	"mpool\000"
 1648      6C00
 1649              	.LASF109:
 1650 01b4 5F5F6561 		.ascii	"__early_init\000"
 1650      726C795F 
 1650      696E6974 
 1650      00
 1651              	.LASF4:
 1652 01c1 73686F72 		.ascii	"short unsigned int\000"
 1652      7420756E 
 1652      7369676E 
 1652      65642069 
 1652      6E7400
 1653              	.LASF44:
 1654 01d4 63685F74 		.ascii	"ch_thread\000"
 1654      68726561 
 1654      6400
 1655              	.LASF22:
 1656 01de 6D73675F 		.ascii	"msg_t\000"
 1656      7400
 1657              	.LASF38:
 1658 01e4 6570656E 		.ascii	"epending\000"
 1658      64696E67 
 1658      00
 1659              	.LASF107:
 1660 01ed 2E2E2F43 		.ascii	"../ChibiOS/os/hal/boards/ST_STM32F3_DISCOVERY/board"
 1660      68696269 
ARM GAS  /tmp/ccwrZMs0.s 			page 39


 1660      4F532F6F 
 1660      732F6861 
 1660      6C2F626F 
 1661 0220 2E6300   		.ascii	".c\000"
 1662              	.LASF64:
 1663 0223 63685F73 		.ascii	"ch_system_t\000"
 1663      79737465 
 1663      6D5F7400 
 1664              	.LASF18:
 1665 022f 746D6F64 		.ascii	"tmode_t\000"
 1665      655F7400 
 1666              	.LASF51:
 1667 0237 63685F72 		.ascii	"ch_ready_list\000"
 1667      65616479 
 1667      5F6C6973 
 1667      7400
 1668              	.LASF23:
 1669 0245 6576656E 		.ascii	"eventmask_t\000"
 1669      746D6173 
 1669      6B5F7400 
 1670              	.LASF6:
 1671 0251 5F5F696E 		.ascii	"__int32_t\000"
 1671      7433325F 
 1671      7400
 1672              	.LASF71:
 1673 025b 73746B61 		.ascii	"stkalign_t\000"
 1673      6C69676E 
 1673      5F7400
 1674              	.LASF29:
 1675 0266 6E657765 		.ascii	"newer\000"
 1675      7200
 1676              	.LASF40:
 1677 026c 7265616C 		.ascii	"realprio\000"
 1677      7072696F 
 1677      00
 1678              	.LASF69:
 1679 0275 73697A65 		.ascii	"sizetype\000"
 1679      74797065 
 1679      00
 1680              	.LASF42:
 1681 027e 74687265 		.ascii	"thread_reference_t\000"
 1681      61645F72 
 1681      65666572 
 1681      656E6365 
 1681      5F7400
 1682              	.LASF59:
 1683 0291 63685F76 		.ascii	"ch_virtual_timers_list\000"
 1683      69727475 
 1683      616C5F74 
 1683      696D6572 
 1683      735F6C69 
 1684              	.LASF72:
 1685 02a8 706F7274 		.ascii	"port_context\000"
 1685      5F636F6E 
 1685      74657874 
 1685      00
 1686              	.LASF75:
ARM GAS  /tmp/ccwrZMs0.s 			page 40


 1687 02b5 746D5F63 		.ascii	"tm_calibration_t\000"
 1687      616C6962 
 1687      72617469 
 1687      6F6E5F74 
 1687      00
 1688              	.LASF95:
 1689 02c6 61667268 		.ascii	"afrh\000"
 1689      00
 1690              	.LASF100:
 1691 02cb 50444461 		.ascii	"PDData\000"
 1691      746100
 1692              	.LASF28:
 1693 02d2 7072696F 		.ascii	"prio\000"
 1693      00
 1694              	.LASF52:
 1695 02d7 63757272 		.ascii	"current\000"
 1695      656E7400 
 1696              	.LASF11:
 1697 02df 5F5F7569 		.ascii	"__uint64_t\000"
 1697      6E743634 
 1697      5F7400
 1698              	.LASF20:
 1699 02ea 74726566 		.ascii	"trefs_t\000"
 1699      735F7400 
 1700              	.LASF35:
 1701 02f2 72656673 		.ascii	"refs\000"
 1701      00
 1702              	.LASF54:
 1703 02f7 76697274 		.ascii	"virtual_timer_t\000"
 1703      75616C5F 
 1703      74696D65 
 1703      725F7400 
 1704              	.LASF21:
 1705 0307 74707269 		.ascii	"tprio_t\000"
 1705      6F5F7400 
 1706              	.LASF108:
 1707 030f 2F6E6673 		.ascii	"/nfs/nfs7/home/npalumbo/p442-submissions/lab4\000"
 1707      2F6E6673 
 1707      372F686F 
 1707      6D652F6E 
 1707      70616C75 
 1708              	.LASF62:
 1709 033d 63685F73 		.ascii	"ch_system_debug\000"
 1709      79737465 
 1709      6D5F6465 
 1709      62756700 
 1710              	.LASF89:
 1711 034d 5F426F6F 		.ascii	"_Bool\000"
 1711      6C00
 1712              	.LASF14:
 1713 0353 696E7433 		.ascii	"int32_t\000"
 1713      325F7400 
 1714              	.LASF2:
 1715 035b 756E7369 		.ascii	"unsigned char\000"
 1715      676E6564 
 1715      20636861 
 1715      7200
ARM GAS  /tmp/ccwrZMs0.s 			page 41


 1716              	.LASF94:
 1717 0369 6166726C 		.ascii	"afrl\000"
 1717      00
 1718              	.LASF3:
 1719 036e 73686F72 		.ascii	"short int\000"
 1719      7420696E 
 1719      7400
 1720              	.LASF60:
 1721 0378 6C617374 		.ascii	"lasttime\000"
 1721      74696D65 
 1721      00
 1722              	.LASF110:
 1723 0381 626F6172 		.ascii	"boardInit\000"
 1723      64496E69 
 1723      7400
 1724              	.LASF97:
 1725 038b 50414461 		.ascii	"PAData\000"
 1725      746100
 1726              	.LASF83:
 1727 0392 65776D61 		.ascii	"ewmask\000"
 1727      736B00
 1728              	.LASF65:
 1729 0399 63685F73 		.ascii	"ch_system\000"
 1729      79737465 
 1729      6D00
 1730              	.LASF55:
 1731 03a3 63685F76 		.ascii	"ch_virtual_timer\000"
 1731      69727475 
 1731      616C5F74 
 1731      696D6572 
 1731      00
 1732              	.LASF84:
 1733 03b4 63685F73 		.ascii	"ch_semaphore\000"
 1733      656D6170 
 1733      686F7265 
 1733      00
 1734              	.LASF15:
 1735 03c1 75696E74 		.ascii	"uint32_t\000"
 1735      33325F74 
 1735      00
 1736              	.LASF82:
 1737 03ca 77746D74 		.ascii	"wtmtxp\000"
 1737      787000
 1738              	.LASF45:
 1739 03d1 63685F74 		.ascii	"ch_threads_list\000"
 1739      68726561 
 1739      64735F6C 
 1739      69737400 
 1740              	.LASF86:
 1741 03e1 6F776E65 		.ascii	"owner\000"
 1741      7200
 1742              	.LASF32:
 1743 03e7 77616261 		.ascii	"wabase\000"
 1743      736500
 1744              	.LASF87:
 1745 03ee 63686172 		.ascii	"char\000"
 1745      00
ARM GAS  /tmp/ccwrZMs0.s 			page 42


 1746              	.LASF30:
 1747 03f3 6F6C6465 		.ascii	"older\000"
 1747      7200
 1748              	.LASF26:
 1749 03f9 74687265 		.ascii	"thread_t\000"
 1749      61645F74 
 1749      00
 1750              	.LASF25:
 1751 0402 73797374 		.ascii	"systime_t\000"
 1751      696D655F 
 1751      7400
 1752              	.LASF53:
 1753 040c 76746675 		.ascii	"vtfunc_t\000"
 1753      6E635F74 
 1753      00
 1754              	.LASF63:
 1755 0415 70616E69 		.ascii	"panic_msg\000"
 1755      635F6D73 
 1755      6700
 1756              	.LASF74:
 1757 041f 6F666673 		.ascii	"offset\000"
 1757      657400
 1758              	.LASF102:
 1759 0426 50464461 		.ascii	"PFData\000"
 1759      746100
 1760              	.LASF17:
 1761 042d 7274636E 		.ascii	"rtcnt_t\000"
 1761      745F7400 
 1762              	.LASF47:
 1763 0435 74687265 		.ascii	"threads_queue_t\000"
 1763      6164735F 
 1763      71756575 
 1763      655F7400 
 1764              	.LASF85:
 1765 0445 63685F6D 		.ascii	"ch_mutex\000"
 1765      75746578 
 1765      00
 1766              	.LASF66:
 1767 044e 726C6973 		.ascii	"rlist\000"
 1767      7400
 1768              	.LASF13:
 1769 0454 75696E74 		.ascii	"uint8_t\000"
 1769      385F7400 
 1770              	.LASF34:
 1771 045c 666C6167 		.ascii	"flags\000"
 1771      7300
 1772              	.LASF106:
 1773 0462 474E5520 		.ascii	"GNU C 4.8.4 20140526 (release) [ARM/embedded-4_8-br"
 1773      4320342E 
 1773      382E3420 
 1773      32303134 
 1773      30353236 
 1774 0495 616E6368 		.ascii	"anch revision 211358] -mcpu=cortex-m4 -mno-thumb-in"
 1774      20726576 
 1774      6973696F 
 1774      6E203231 
 1774      31333538 
ARM GAS  /tmp/ccwrZMs0.s 			page 43


 1775 04c8 74657277 		.ascii	"terwork -mthumb -ggdb -O2 -fomit-frame-pointer -fal"
 1775      6F726B20 
 1775      2D6D7468 
 1775      756D6220 
 1775      2D676764 
 1776 04fb 69676E2D 		.ascii	"ign-functions=16 -ffunction-sections -fdata-section"
 1776      66756E63 
 1776      74696F6E 
 1776      733D3136 
 1776      202D6666 
 1777 052e 73202D66 		.ascii	"s -fno-common -flto\000"
 1777      6E6F2D63 
 1777      6F6D6D6F 
 1777      6E202D66 
 1777      6C746F00 
 1778              	.LASF78:
 1779 0542 77746F62 		.ascii	"wtobjp\000"
 1779      6A7000
 1780              	.LASF99:
 1781 0549 50434461 		.ascii	"PCData\000"
 1781      746100
 1782              	.LASF43:
 1783 0550 74687265 		.ascii	"threads_list_t\000"
 1783      6164735F 
 1783      6C697374 
 1783      5F7400
 1784              	.LASF39:
 1785 055f 6D74786C 		.ascii	"mtxlist\000"
 1785      69737400 
 1786              	.LASF103:
 1787 0567 50414C43 		.ascii	"PALConfig\000"
 1787      6F6E6669 
 1787      6700
 1788              	.LASF105:
 1789 0571 70616C5F 		.ascii	"pal_default_config\000"
 1789      64656661 
 1789      756C745F 
 1789      636F6E66 
 1789      696700
 1790              		.comm	__gnu_lto_v1,1,1
 1791              		.ident	"GCC: (GNU Tools for ARM Embedded Processors) 4.8.4 20140526 (release) [ARM/embedded-4_8-br
ARM GAS  /tmp/ccwrZMs0.s 			page 44


DEFINED SYMBOLS
                            *ABS*:00000000 board.c
     /tmp/ccwrZMs0.s:149    .text.__early_init:00000000 $t
     /tmp/ccwrZMs0.s:155    .text.__early_init:00000000 __early_init
     /tmp/ccwrZMs0.s:170    .text.boardInit:00000000 $t
     /tmp/ccwrZMs0.s:176    .text.boardInit:00000000 boardInit
     /tmp/ccwrZMs0.s:192    .rodata.pal_default_config:00000000 pal_default_config
     /tmp/ccwrZMs0.s:189    .rodata.pal_default_config:00000000 $d
                            *COM*:00000001 __gnu_lto_v1
                     .debug_frame:00000010 $d

UNDEFINED SYMBOLS
stm32_clock_init
